<?xml version="1.0" encoding="UTF-8"?>
<testsuite xmlns:xsi="http://www.w3.org/2001/XMLSchema-instance" xsi:noNamespaceSchemaLocation="https://maven.apache.org/surefire/maven-failsafe-plugin/xsd/failsafe-test-report-3.0.xsd" version="3.0" name="starter.CucumberTestSuite" time="18.105" tests="1" errors="0" skipped="0" failures="0">
  <properties>
    <property name="java.specification.version" value="17"/>
    <property name="sun.cpu.isalist" value="amd64"/>
    <property name="sun.jnu.encoding" value="Cp1252"/>
    <property name="java.class.path" value="C:\Users\Santiago\Desktop\NTT-DATA\Challenge\target\test-classes;C:\Users\Santiago\.m2\repository\net\serenity-bdd\serenity-core\3.3.4\serenity-core-3.3.4.jar;C:\Users\Santiago\.m2\repository\net\serenity-bdd\serenity-model\3.3.4\serenity-model-3.3.4.jar;C:\Users\Santiago\.m2\repository\org\apache\commons\commons-text\1.9\commons-text-1.9.jar;C:\Users\Santiago\.m2\repository\commons-net\commons-net\3.8.0\commons-net-3.8.0.jar;C:\Users\Santiago\.m2\repository\com\google\guava\guava\31.1-jre\guava-31.1-jre.jar;C:\Users\Santiago\.m2\repository\com\google\guava\failureaccess\1.0.1\failureaccess-1.0.1.jar;C:\Users\Santiago\.m2\repository\com\google\guava\listenablefuture\9999.0-empty-to-avoid-conflict-with-guava\listenablefuture-9999.0-empty-to-avoid-conflict-with-guava.jar;C:\Users\Santiago\.m2\repository\com\google\code\findbugs\jsr305\3.0.2\jsr305-3.0.2.jar;C:\Users\Santiago\.m2\repository\org\checkerframework\checker-qual\3.12.0\checker-qual-3.12.0.jar;C:\Users\Santiago\.m2\repository\com\google\errorprone\error_prone_annotations\2.11.0\error_prone_annotations-2.11.0.jar;C:\Users\Santiago\.m2\repository\com\google\j2objc\j2objc-annotations\1.3\j2objc-annotations-1.3.jar;C:\Users\Santiago\.m2\repository\com\google\inject\guice\5.1.0\guice-5.1.0.jar;C:\Users\Santiago\.m2\repository\javax\inject\javax.inject\1\javax.inject-1.jar;C:\Users\Santiago\.m2\repository\aopalliance\aopalliance\1.0\aopalliance-1.0.jar;C:\Users\Santiago\.m2\repository\org\jsoup\jsoup\1.14.3\jsoup-1.14.3.jar;C:\Users\Santiago\.m2\repository\com\thoughtworks\xstream\xstream\1.4.19\xstream-1.4.19.jar;C:\Users\Santiago\.m2\repository\io\github\x-stream\mxparser\1.2.2\mxparser-1.2.2.jar;C:\Users\Santiago\.m2\repository\xmlpull\xmlpull\1.1.3.1\xmlpull-1.1.3.1.jar;C:\Users\Santiago\.m2\repository\com\typesafe\config\1.4.2\config-1.4.2.jar;C:\Users\Santiago\.m2\repository\org\imgscalr\imgscalr-lib\4.2\imgscalr-lib-4.2.jar;C:\Users\Santiago\.m2\repository\org\awaitility\awaitility\4.2.0\awaitility-4.2.0.jar;C:\Users\Santiago\.m2\repository\org\freemarker\freemarker\2.3.31\freemarker-2.3.31.jar;C:\Users\Santiago\.m2\repository\io\github\classgraph\classgraph\4.8.138\classgraph-4.8.138.jar;C:\Users\Santiago\.m2\repository\net\sourceforge\jexcelapi\jxl\2.6.12\jxl-2.6.12.jar;C:\Users\Santiago\.m2\repository\net\bytebuddy\byte-buddy-agent\1.12.12\byte-buddy-agent-1.12.12.jar;C:\Users\Santiago\.m2\repository\org\objenesis\objenesis\3.1\objenesis-3.1.jar;C:\Users\Santiago\.m2\repository\net\serenity-bdd\serenity-reports\3.3.4\serenity-reports-3.3.4.jar;C:\Users\Santiago\.m2\repository\net\serenity-bdd\serenity-stats\3.3.4\serenity-stats-3.3.4.jar;C:\Users\Santiago\.m2\repository\net\serenity-bdd\serenity-reports-configuration\3.3.4\serenity-reports-configuration-3.3.4.jar;C:\Users\Santiago\.m2\repository\com\vladsch\flexmark\flexmark-all\0.34.30\flexmark-all-0.34.30.jar;C:\Users\Santiago\.m2\repository\com\vladsch\flexmark\flexmark\0.34.30\flexmark-0.34.30.jar;C:\Users\Santiago\.m2\repository\com\vladsch\flexmark\flexmark-ext-abbreviation\0.34.30\flexmark-ext-abbreviation-0.34.30.jar;C:\Users\Santiago\.m2\repository\com\vladsch\flexmark\flexmark-ext-admonition\0.34.30\flexmark-ext-admonition-0.34.30.jar;C:\Users\Santiago\.m2\repository\com\vladsch\flexmark\flexmark-ext-anchorlink\0.34.30\flexmark-ext-anchorlink-0.34.30.jar;C:\Users\Santiago\.m2\repository\com\vladsch\flexmark\flexmark-ext-aside\0.34.30\flexmark-ext-aside-0.34.30.jar;C:\Users\Santiago\.m2\repository\com\vladsch\flexmark\flexmark-ext-attributes\0.34.30\flexmark-ext-attributes-0.34.30.jar;C:\Users\Santiago\.m2\repository\com\vladsch\flexmark\flexmark-ext-autolink\0.34.30\flexmark-ext-autolink-0.34.30.jar;C:\Users\Santiago\.m2\repository\org\nibor\autolink\autolink\0.6.0\autolink-0.6.0.jar;C:\Users\Santiago\.m2\repository\com\vladsch\flexmark\flexmark-ext-definition\0.34.30\flexmark-ext-definition-0.34.30.jar;C:\Users\Santiago\.m2\repository\com\vladsch\flexmark\flexmark-ext-emoji\0.34.30\flexmark-ext-emoji-0.34.30.jar;C:\Users\Santiago\.m2\repository\com\vladsch\flexmark\flexmark-ext-enumerated-reference\0.34.30\flexmark-ext-enumerated-reference-0.34.30.jar;C:\Users\Santiago\.m2\repository\com\vladsch\flexmark\flexmark-ext-escaped-character\0.34.30\flexmark-ext-escaped-character-0.34.30.jar;C:\Users\Santiago\.m2\repository\com\vladsch\flexmark\flexmark-ext-footnotes\0.34.30\flexmark-ext-footnotes-0.34.30.jar;C:\Users\Santiago\.m2\repository\com\vladsch\flexmark\flexmark-ext-gfm-issues\0.34.30\flexmark-ext-gfm-issues-0.34.30.jar;C:\Users\Santiago\.m2\repository\com\vladsch\flexmark\flexmark-ext-gfm-strikethrough\0.34.30\flexmark-ext-gfm-strikethrough-0.34.30.jar;C:\Users\Santiago\.m2\repository\com\vladsch\flexmark\flexmark-ext-gfm-tables\0.34.30\flexmark-ext-gfm-tables-0.34.30.jar;C:\Users\Santiago\.m2\repository\com\vladsch\flexmark\flexmark-ext-gfm-tasklist\0.34.30\flexmark-ext-gfm-tasklist-0.34.30.jar;C:\Users\Santiago\.m2\repository\com\vladsch\flexmark\flexmark-ext-gfm-users\0.34.30\flexmark-ext-gfm-users-0.34.30.jar;C:\Users\Santiago\.m2\repository\com\vladsch\flexmark\flexmark-ext-gitlab\0.34.30\flexmark-ext-gitlab-0.34.30.jar;C:\Users\Santiago\.m2\repository\com\vladsch\flexmark\flexmark-ext-jekyll-front-matter\0.34.30\flexmark-ext-jekyll-front-matter-0.34.30.jar;C:\Users\Santiago\.m2\repository\com\vladsch\flexmark\flexmark-ext-jekyll-tag\0.34.30\flexmark-ext-jekyll-tag-0.34.30.jar;C:\Users\Santiago\.m2\repository\com\vladsch\flexmark\flexmark-ext-media-tags\0.34.30\flexmark-ext-media-tags-0.34.30.jar;C:\Users\Santiago\.m2\repository\com\vladsch\flexmark\flexmark-test-util\0.34.30\flexmark-test-util-0.34.30.jar;C:\Users\Santiago\.m2\repository\com\vladsch\flexmark\flexmark-ext-ins\0.34.30\flexmark-ext-ins-0.34.30.jar;C:\Users\Santiago\.m2\repository\com\vladsch\flexmark\flexmark-ext-xwiki-macros\0.34.30\flexmark-ext-xwiki-macros-0.34.30.jar;C:\Users\Santiago\.m2\repository\com\vladsch\flexmark\flexmark-ext-superscript\0.34.30\flexmark-ext-superscript-0.34.30.jar;C:\Users\Santiago\.m2\repository\com\vladsch\flexmark\flexmark-ext-tables\0.34.30\flexmark-ext-tables-0.34.30.jar;C:\Users\Santiago\.m2\repository\com\vladsch\flexmark\flexmark-ext-toc\0.34.30\flexmark-ext-toc-0.34.30.jar;C:\Users\Santiago\.m2\repository\com\vladsch\flexmark\flexmark-ext-typographic\0.34.30\flexmark-ext-typographic-0.34.30.jar;C:\Users\Santiago\.m2\repository\com\vladsch\flexmark\flexmark-ext-wikilink\0.34.30\flexmark-ext-wikilink-0.34.30.jar;C:\Users\Santiago\.m2\repository\com\vladsch\flexmark\flexmark-ext-yaml-front-matter\0.34.30\flexmark-ext-yaml-front-matter-0.34.30.jar;C:\Users\Santiago\.m2\repository\com\vladsch\flexmark\flexmark-ext-youtube-embedded\0.34.30\flexmark-ext-youtube-embedded-0.34.30.jar;C:\Users\Santiago\.m2\repository\com\vladsch\flexmark\flexmark-formatter\0.34.30\flexmark-formatter-0.34.30.jar;C:\Users\Santiago\.m2\repository\com\vladsch\flexmark\flexmark-html-parser\0.34.30\flexmark-html-parser-0.34.30.jar;C:\Users\Santiago\.m2\repository\com\vladsch\flexmark\flexmark-jira-converter\0.34.30\flexmark-jira-converter-0.34.30.jar;C:\Users\Santiago\.m2\repository\com\vladsch\flexmark\flexmark-pdf-converter\0.34.30\flexmark-pdf-converter-0.34.30.jar;C:\Users\Santiago\.m2\repository\com\openhtmltopdf\openhtmltopdf-core\0.0.1-RC13\openhtmltopdf-core-0.0.1-RC13.jar;C:\Users\Santiago\.m2\repository\com\openhtmltopdf\openhtmltopdf-pdfbox\0.0.1-RC13\openhtmltopdf-pdfbox-0.0.1-RC13.jar;C:\Users\Santiago\.m2\repository\org\apache\pdfbox\pdfbox\2.0.8\pdfbox-2.0.8.jar;C:\Users\Santiago\.m2\repository\org\apache\pdfbox\fontbox\2.0.8\fontbox-2.0.8.jar;C:\Users\Santiago\.m2\repository\org\apache\pdfbox\xmpbox\2.0.8\xmpbox-2.0.8.jar;C:\Users\Santiago\.m2\repository\de\rototor\pdfbox\graphics2d\0.12\graphics2d-0.12.jar;C:\Users\Santiago\.m2\repository\com\openhtmltopdf\openhtmltopdf-rtl-support\0.0.1-RC13\openhtmltopdf-rtl-support-0.0.1-RC13.jar;C:\Users\Santiago\.m2\repository\com\ibm\icu\icu4j\59.1\icu4j-59.1.jar;C:\Users\Santiago\.m2\repository\com\openhtmltopdf\openhtmltopdf-jsoup-dom-converter\0.0.1-RC13\openhtmltopdf-jsoup-dom-converter-0.0.1-RC13.jar;C:\Users\Santiago\.m2\repository\com\vladsch\flexmark\flexmark-profile-pegdown\0.34.30\flexmark-profile-pegdown-0.34.30.jar;C:\Users\Santiago\.m2\repository\com\vladsch\flexmark\flexmark-util\0.34.30\flexmark-util-0.34.30.jar;C:\Users\Santiago\.m2\repository\com\vladsch\flexmark\flexmark-youtrack-converter\0.34.30\flexmark-youtrack-converter-0.34.30.jar;C:\Users\Santiago\.m2\repository\es\nitaur\markdown\txtmark\0.16\txtmark-0.16.jar;C:\Users\Santiago\.m2\repository\net\serenity-bdd\serenity-report-resources\3.3.4\serenity-report-resources-3.3.4.jar;C:\Users\Santiago\.m2\repository\com\google\code\gson\gson\2.9.0\gson-2.9.0.jar;C:\Users\Santiago\.m2\repository\com\fasterxml\jackson\core\jackson-core\2.13.3\jackson-core-2.13.3.jar;C:\Users\Santiago\.m2\repository\com\fasterxml\jackson\core\jackson-databind\2.13.3\jackson-databind-2.13.3.jar;C:\Users\Santiago\.m2\repository\com\fasterxml\jackson\core\jackson-annotations\2.13.3\jackson-annotations-2.13.3.jar;C:\Users\Santiago\.m2\repository\commons-codec\commons-codec\1.15\commons-codec-1.15.jar;C:\Users\Santiago\.m2\repository\commons-io\commons-io\2.11.0\commons-io-2.11.0.jar;C:\Users\Santiago\.m2\repository\org\apache\httpcomponents\httpclient\4.5.13\httpclient-4.5.13.jar;C:\Users\Santiago\.m2\repository\org\apache\httpcomponents\httpcore\4.4.13\httpcore-4.4.13.jar;C:\Users\Santiago\.m2\repository\commons-logging\commons-logging\1.2\commons-logging-1.2.jar;C:\Users\Santiago\.m2\repository\org\seleniumhq\selenium\selenium-java\4.4.0\selenium-java-4.4.0.jar;C:\Users\Santiago\.m2\repository\org\seleniumhq\selenium\selenium-devtools-v102\4.4.0\selenium-devtools-v102-4.4.0.jar;C:\Users\Santiago\.m2\repository\org\seleniumhq\selenium\selenium-devtools-v103\4.4.0\selenium-devtools-v103-4.4.0.jar;C:\Users\Santiago\.m2\repository\org\seleniumhq\selenium\selenium-devtools-v104\4.4.0\selenium-devtools-v104-4.4.0.jar;C:\Users\Santiago\.m2\repository\org\seleniumhq\selenium\selenium-devtools-v85\4.4.0\selenium-devtools-v85-4.4.0.jar;C:\Users\Santiago\.m2\repository\org\seleniumhq\selenium\selenium-opera-driver\4.4.0\selenium-opera-driver-4.4.0.jar;C:\Users\Santiago\.m2\repository\org\seleniumhq\selenium\selenium-remote-driver\4.4.0\selenium-remote-driver-4.4.0.jar;C:\Users\Santiago\.m2\repository\com\beust\jcommander\1.82\jcommander-1.82.jar;C:\Users\Santiago\.m2\repository\io\netty\netty-buffer\4.1.78.Final\netty-buffer-4.1.78.Final.jar;C:\Users\Santiago\.m2\repository\io\netty\netty-codec-http\4.1.78.Final\netty-codec-http-4.1.78.Final.jar;C:\Users\Santiago\.m2\repository\io\netty\netty-codec\4.1.78.Final\netty-codec-4.1.78.Final.jar;C:\Users\Santiago\.m2\repository\io\netty\netty-handler\4.1.78.Final\netty-handler-4.1.78.Final.jar;C:\Users\Santiago\.m2\repository\io\netty\netty-common\4.1.78.Final\netty-common-4.1.78.Final.jar;C:\Users\Santiago\.m2\repository\io\netty\netty-transport-classes-epoll\4.1.78.Final\netty-transport-classes-epoll-4.1.78.Final.jar;C:\Users\Santiago\.m2\repository\io\netty\netty-transport-classes-kqueue\4.1.78.Final\netty-transport-classes-kqueue-4.1.78.Final.jar;C:\Users\Santiago\.m2\repository\io\netty\netty-transport-native-epoll\4.1.78.Final\netty-transport-native-epoll-4.1.78.Final.jar;C:\Users\Santiago\.m2\repository\io\netty\netty-transport-native-kqueue\4.1.78.Final\netty-transport-native-kqueue-4.1.78.Final.jar;C:\Users\Santiago\.m2\repository\io\netty\netty-transport-native-unix-common\4.1.78.Final\netty-transport-native-unix-common-4.1.78.Final.jar;C:\Users\Santiago\.m2\repository\io\netty\netty-transport\4.1.78.Final\netty-transport-4.1.78.Final.jar;C:\Users\Santiago\.m2\repository\io\netty\netty-resolver\4.1.78.Final\netty-resolver-4.1.78.Final.jar;C:\Users\Santiago\.m2\repository\io\opentelemetry\opentelemetry-api\1.16.0\opentelemetry-api-1.16.0.jar;C:\Users\Santiago\.m2\repository\io\opentelemetry\opentelemetry-context\1.16.0\opentelemetry-context-1.16.0.jar;C:\Users\Santiago\.m2\repository\io\opentelemetry\opentelemetry-exporter-logging\1.16.0\opentelemetry-exporter-logging-1.16.0.jar;C:\Users\Santiago\.m2\repository\io\opentelemetry\opentelemetry-sdk-metrics\1.16.0\opentelemetry-sdk-metrics-1.16.0.jar;C:\Users\Santiago\.m2\repository\io\opentelemetry\opentelemetry-sdk-logs\1.16.0-alpha\opentelemetry-sdk-logs-1.16.0-alpha.jar;C:\Users\Santiago\.m2\repository\io\opentelemetry\opentelemetry-sdk-common\1.16.0\opentelemetry-sdk-common-1.16.0.jar;C:\Users\Santiago\.m2\repository\io\opentelemetry\opentelemetry-sdk-extension-autoconfigure-spi\1.16.0\opentelemetry-sdk-extension-autoconfigure-spi-1.16.0.jar;C:\Users\Santiago\.m2\repository\io\opentelemetry\opentelemetry-sdk-extension-autoconfigure\1.16.0-alpha\opentelemetry-sdk-extension-autoconfigure-1.16.0-alpha.jar;C:\Users\Santiago\.m2\repository\io\opentelemetry\opentelemetry-sdk-trace\1.16.0\opentelemetry-sdk-trace-1.16.0.jar;C:\Users\Santiago\.m2\repository\io\opentelemetry\opentelemetry-sdk\1.16.0\opentelemetry-sdk-1.16.0.jar;C:\Users\Santiago\.m2\repository\io\opentelemetry\opentelemetry-semconv\1.16.0-alpha\opentelemetry-semconv-1.16.0-alpha.jar;C:\Users\Santiago\.m2\repository\io\ous\jtoml\2.0.0\jtoml-2.0.0.jar;C:\Users\Santiago\.m2\repository\org\apache\commons\commons-exec\1.3\commons-exec-1.3.jar;C:\Users\Santiago\.m2\repository\org\asynchttpclient\async-http-client\2.12.3\async-http-client-2.12.3.jar;C:\Users\Santiago\.m2\repository\org\asynchttpclient\async-http-client-netty-utils\2.12.3\async-http-client-netty-utils-2.12.3.jar;C:\Users\Santiago\.m2\repository\io\netty\netty-codec-socks\4.1.60.Final\netty-codec-socks-4.1.60.Final.jar;C:\Users\Santiago\.m2\repository\io\netty\netty-handler-proxy\4.1.60.Final\netty-handler-proxy-4.1.60.Final.jar;C:\Users\Santiago\.m2\repository\io\netty\netty-transport-native-epoll\4.1.60.Final\netty-transport-native-epoll-4.1.60.Final-linux-x86_64.jar;C:\Users\Santiago\.m2\repository\io\netty\netty-transport-native-kqueue\4.1.60.Final\netty-transport-native-kqueue-4.1.60.Final-osx-x86_64.jar;C:\Users\Santiago\.m2\repository\org\reactivestreams\reactive-streams\1.0.3\reactive-streams-1.0.3.jar;C:\Users\Santiago\.m2\repository\com\typesafe\netty\netty-reactive-streams\2.0.4\netty-reactive-streams-2.0.4.jar;C:\Users\Santiago\.m2\repository\org\seleniumhq\selenium\selenium-http\4.4.0\selenium-http-4.4.0.jar;C:\Users\Santiago\.m2\repository\dev\failsafe\failsafe\3.2.4\failsafe-3.2.4.jar;C:\Users\Santiago\.m2\repository\org\seleniumhq\selenium\selenium-safari-driver\4.4.0\selenium-safari-driver-4.4.0.jar;C:\Users\Santiago\.m2\repository\org\seleniumhq\selenium\selenium-api\4.4.0\selenium-api-4.4.0.jar;C:\Users\Santiago\.m2\repository\org\seleniumhq\selenium\selenium-support\4.4.0\selenium-support-4.4.0.jar;C:\Users\Santiago\.m2\repository\com\google\auto\service\auto-service-annotations\1.0.1\auto-service-annotations-1.0.1.jar;C:\Users\Santiago\.m2\repository\com\google\auto\service\auto-service\1.0.1\auto-service-1.0.1.jar;C:\Users\Santiago\.m2\repository\com\google\auto\auto-common\1.2\auto-common-1.2.jar;C:\Users\Santiago\.m2\repository\org\seleniumhq\selenium\selenium-json\4.4.0\selenium-json-4.4.0.jar;C:\Users\Santiago\.m2\repository\org\seleniumhq\selenium\selenium-chrome-driver\4.4.0\selenium-chrome-driver-4.4.0.jar;C:\Users\Santiago\.m2\repository\org\seleniumhq\selenium\selenium-chromium-driver\4.4.0\selenium-chromium-driver-4.4.0.jar;C:\Users\Santiago\.m2\repository\org\seleniumhq\selenium\selenium-firefox-driver\4.4.0\selenium-firefox-driver-4.4.0.jar;C:\Users\Santiago\.m2\repository\org\seleniumhq\selenium\selenium-edge-driver\4.4.0\selenium-edge-driver-4.4.0.jar;C:\Users\Santiago\.m2\repository\org\seleniumhq\selenium\selenium-ie-driver\4.4.0\selenium-ie-driver-4.4.0.jar;C:\Users\Santiago\.m2\repository\org\projectlombok\lombok\1.18.20\lombok-1.18.20.jar;C:\Users\Santiago\.m2\repository\io\appium\java-client\8.1.1\java-client-8.1.1.jar;C:\Users\Santiago\.m2\repository\commons-validator\commons-validator\1.7\commons-validator-1.7.jar;C:\Users\Santiago\.m2\repository\commons-digester\commons-digester\2.1\commons-digester-2.1.jar;C:\Users\Santiago\.m2\repository\org\apache\groovy\groovy\4.0.1\groovy-4.0.1.jar;C:\Users\Santiago\.m2\repository\net\sf\opencsv\opencsv\2.0\opencsv-2.0.jar;C:\Users\Santiago\.m2\repository\commons-beanutils\commons-beanutils\1.9.4\commons-beanutils-1.9.4.jar;C:\Users\Santiago\.m2\repository\org\apache\commons\commons-lang3\3.12.0\commons-lang3-3.12.0.jar;C:\Users\Santiago\.m2\repository\commons-collections\commons-collections\3.2.2\commons-collections-3.2.2.jar;C:\Users\Santiago\.m2\repository\org\fluentlenium\fluentlenium-core\0.10.2\fluentlenium-core-0.10.2.jar;C:\Users\Santiago\.m2\repository\io\github\bonigarcia\webdrivermanager\5.2.1\webdrivermanager-5.2.1.jar;C:\Users\Santiago\.m2\repository\com\github\docker-java\docker-java\3.2.13\docker-java-3.2.13.jar;C:\Users\Santiago\.m2\repository\com\github\docker-java\docker-java-core\3.2.13\docker-java-core-3.2.13.jar;C:\Users\Santiago\.m2\repository\com\github\docker-java\docker-java-api\3.2.13\docker-java-api-3.2.13.jar;C:\Users\Santiago\.m2\repository\org\apache\commons\commons-compress\1.21\commons-compress-1.21.jar;C:\Users\Santiago\.m2\repository\org\bouncycastle\bcpkix-jdk15on\1.64\bcpkix-jdk15on-1.64.jar;C:\Users\Santiago\.m2\repository\org\bouncycastle\bcprov-jdk15on\1.64\bcprov-jdk15on-1.64.jar;C:\Users\Santiago\.m2\repository\org\slf4j\jcl-over-slf4j\1.7.30\jcl-over-slf4j-1.7.30.jar;C:\Users\Santiago\.m2\repository\com\github\docker-java\docker-java-transport-httpclient5\3.2.13\docker-java-transport-httpclient5-3.2.13.jar;C:\Users\Santiago\.m2\repository\com\github\docker-java\docker-java-transport\3.2.13\docker-java-transport-3.2.13.jar;C:\Users\Santiago\.m2\repository\net\java\dev\jna\jna\5.8.0\jna-5.8.0.jar;C:\Users\Santiago\.m2\repository\org\brotli\dec\0.1.2\dec-0.1.2.jar;C:\Users\Santiago\.m2\repository\org\apache\httpcomponents\client5\httpclient5\5.1.3\httpclient5-5.1.3.jar;C:\Users\Santiago\.m2\repository\org\apache\httpcomponents\core5\httpcore5\5.1.3\httpcore5-5.1.3.jar;C:\Users\Santiago\.m2\repository\org\apache\httpcomponents\core5\httpcore5-h2\5.1.3\httpcore5-h2-5.1.3.jar;C:\Users\Santiago\.m2\repository\com\jhlabs\filters\2.0.235\filters-2.0.235.jar;C:\Users\Santiago\.m2\repository\com\paulhammant\ngwebdriver\1.1.6\ngwebdriver-1.1.6.jar;C:\Users\Santiago\.m2\repository\joda-time\joda-time\2.8.2\joda-time-2.8.2.jar;C:\Users\Santiago\.m2\repository\org\hamcrest\hamcrest\2.2\hamcrest-2.2.jar;C:\Users\Santiago\.m2\repository\com\google\jimfs\jimfs\1.2\jimfs-1.2.jar;C:\Users\Santiago\.m2\repository\org\mockito\mockito-core\3.3.3\mockito-core-3.3.3.jar;C:\Users\Santiago\.m2\repository\javax\xml\bind\jaxb-api\2.3.1\jaxb-api-2.3.1.jar;C:\Users\Santiago\.m2\repository\javax\activation\javax.activation-api\1.2.0\javax.activation-api-1.2.0.jar;C:\Users\Santiago\.m2\repository\com\sun\xml\bind\jaxb-core\2.3.0.1\jaxb-core-2.3.0.1.jar;C:\Users\Santiago\.m2\repository\com\sun\xml\bind\jaxb-impl\2.3.3\jaxb-impl-2.3.3.jar;C:\Users\Santiago\.m2\repository\jakarta\xml\bind\jakarta.xml.bind-api\2.3.3\jakarta.xml.bind-api-2.3.3.jar;C:\Users\Santiago\.m2\repository\com\sun\activation\jakarta.activation\1.2.2\jakarta.activation-1.2.2.jar;C:\Users\Santiago\.m2\repository\javax\activation\activation\1.1.1\activation-1.1.1.jar;C:\Users\Santiago\.m2\repository\net\serenity-bdd\serenity-cucumber\3.3.4\serenity-cucumber-3.3.4.jar;C:\Users\Santiago\.m2\repository\io\cucumber\cucumber-core\7.4.1\cucumber-core-7.4.1.jar;C:\Users\Santiago\.m2\repository\io\cucumber\cucumber-gherkin\7.4.1\cucumber-gherkin-7.4.1.jar;C:\Users\Santiago\.m2\repository\io\cucumber\cucumber-gherkin-messages\7.4.1\cucumber-gherkin-messages-7.4.1.jar;C:\Users\Santiago\.m2\repository\io\cucumber\gherkin\23.0.1\gherkin-23.0.1.jar;C:\Users\Santiago\.m2\repository\io\cucumber\messages\18.0.0\messages-18.0.0.jar;C:\Users\Santiago\.m2\repository\io\cucumber\tag-expressions\4.1.0\tag-expressions-4.1.0.jar;C:\Users\Santiago\.m2\repository\io\cucumber\cucumber-expressions\16.0.0\cucumber-expressions-16.0.0.jar;C:\Users\Santiago\.m2\repository\io\cucumber\datatable\7.4.1\datatable-7.4.1.jar;C:\Users\Santiago\.m2\repository\io\cucumber\cucumber-plugin\7.4.1\cucumber-plugin-7.4.1.jar;C:\Users\Santiago\.m2\repository\io\cucumber\docstring\7.4.1\docstring-7.4.1.jar;C:\Users\Santiago\.m2\repository\io\cucumber\html-formatter\19.2.0\html-formatter-19.2.0.jar;C:\Users\Santiago\.m2\repository\io\cucumber\ci-environment\9.0.4\ci-environment-9.0.4.jar;C:\Users\Santiago\.m2\repository\io\cucumber\cucumber-java\7.4.1\cucumber-java-7.4.1.jar;C:\Users\Santiago\.m2\repository\io\cucumber\cucumber-junit\7.4.1\cucumber-junit-7.4.1.jar;C:\Users\Santiago\.m2\repository\org\apache\commons\commons-csv\1.5\commons-csv-1.5.jar;C:\Users\Santiago\.m2\repository\net\serenity-bdd\serenity-screenplay\3.3.4\serenity-screenplay-3.3.4.jar;C:\Users\Santiago\.m2\repository\net\serenity-bdd\serenity-screenplay-webdriver\3.3.4\serenity-screenplay-webdriver-3.3.4.jar;C:\Users\Santiago\.m2\repository\net\serenity-bdd\serenity-ensure\3.3.4\serenity-ensure-3.3.4.jar;C:\Users\Santiago\.m2\repository\net\serenity-bdd\serenity-junit\3.3.4\serenity-junit-3.3.4.jar;C:\Users\Santiago\.m2\repository\org\jetbrains\kotlin\kotlin-stdlib\1.7.10\kotlin-stdlib-1.7.10.jar;C:\Users\Santiago\.m2\repository\org\jetbrains\kotlin\kotlin-stdlib-common\1.7.10\kotlin-stdlib-common-1.7.10.jar;C:\Users\Santiago\.m2\repository\org\jetbrains\annotations\13.0\annotations-13.0.jar;C:\Users\Santiago\.m2\repository\org\junit\platform\junit-platform-launcher\1.8.2\junit-platform-launcher-1.8.2.jar;C:\Users\Santiago\.m2\repository\org\junit\platform\junit-platform-engine\1.8.2\junit-platform-engine-1.8.2.jar;C:\Users\Santiago\.m2\repository\org\opentest4j\opentest4j\1.2.0\opentest4j-1.2.0.jar;C:\Users\Santiago\.m2\repository\org\junit\platform\junit-platform-commons\1.8.2\junit-platform-commons-1.8.2.jar;C:\Users\Santiago\.m2\repository\org\apiguardian\apiguardian-api\1.1.2\apiguardian-api-1.1.2.jar;C:\Users\Santiago\.m2\repository\org\junit\jupiter\junit-jupiter-engine\5.8.2\junit-jupiter-engine-5.8.2.jar;C:\Users\Santiago\.m2\repository\org\junit\jupiter\junit-jupiter-api\5.8.2\junit-jupiter-api-5.8.2.jar;C:\Users\Santiago\.m2\repository\org\junit\vintage\junit-vintage-engine\5.8.2\junit-vintage-engine-5.8.2.jar;C:\Users\Santiago\.m2\repository\junit\junit\4.13.2\junit-4.13.2.jar;C:\Users\Santiago\.m2\repository\org\hamcrest\hamcrest-core\1.3\hamcrest-core-1.3.jar;C:\Users\Santiago\.m2\repository\ch\qos\logback\logback-classic\1.2.10\logback-classic-1.2.10.jar;C:\Users\Santiago\.m2\repository\ch\qos\logback\logback-core\1.2.10\logback-core-1.2.10.jar;C:\Users\Santiago\.m2\repository\org\slf4j\slf4j-api\1.7.32\slf4j-api-1.7.32.jar;C:\Users\Santiago\.m2\repository\org\assertj\assertj-core\3.23.1\assertj-core-3.23.1.jar;C:\Users\Santiago\.m2\repository\net\bytebuddy\byte-buddy\1.12.10\byte-buddy-1.12.10.jar;"/>
    <property name="java.vm.vendor" value="Oracle Corporation"/>
    <property name="sun.arch.data.model" value="64"/>
    <property name="user.variant" value=""/>
    <property name="java.vendor.url" value="https://java.oracle.com/"/>
    <property name="user.timezone" value="America/Bogota"/>
    <property name="log4j2.formatMsgNoLookups" value="true"/>
    <property name="os.name" value="Windows 11"/>
    <property name="java.vm.specification.version" value="17"/>
    <property name="sun.java.launcher" value="SUN_STANDARD"/>
    <property name="user.country" value="EC"/>
    <property name="sun.boot.library.path" value="C:\Program Files\Java\jdk-17\bin"/>
    <property name="sun.java.command" value="org.apache.maven.surefire.booter.ForkedBooter C:\Users\Santiago\AppData\Local\Temp\surefire13691614226425952494 2024-10-05T20-21-07_610-jvmRun1 surefire13298456659321716348tmp surefire_015390473448885367528tmp"/>
    <property name="jdk.debug" value="release"/>
    <property name="surefire.test.class.path" value="C:\Users\Santiago\Desktop\NTT-DATA\Challenge\target\test-classes;C:\Users\Santiago\.m2\repository\net\serenity-bdd\serenity-core\3.3.4\serenity-core-3.3.4.jar;C:\Users\Santiago\.m2\repository\net\serenity-bdd\serenity-model\3.3.4\serenity-model-3.3.4.jar;C:\Users\Santiago\.m2\repository\org\apache\commons\commons-text\1.9\commons-text-1.9.jar;C:\Users\Santiago\.m2\repository\commons-net\commons-net\3.8.0\commons-net-3.8.0.jar;C:\Users\Santiago\.m2\repository\com\google\guava\guava\31.1-jre\guava-31.1-jre.jar;C:\Users\Santiago\.m2\repository\com\google\guava\failureaccess\1.0.1\failureaccess-1.0.1.jar;C:\Users\Santiago\.m2\repository\com\google\guava\listenablefuture\9999.0-empty-to-avoid-conflict-with-guava\listenablefuture-9999.0-empty-to-avoid-conflict-with-guava.jar;C:\Users\Santiago\.m2\repository\com\google\code\findbugs\jsr305\3.0.2\jsr305-3.0.2.jar;C:\Users\Santiago\.m2\repository\org\checkerframework\checker-qual\3.12.0\checker-qual-3.12.0.jar;C:\Users\Santiago\.m2\repository\com\google\errorprone\error_prone_annotations\2.11.0\error_prone_annotations-2.11.0.jar;C:\Users\Santiago\.m2\repository\com\google\j2objc\j2objc-annotations\1.3\j2objc-annotations-1.3.jar;C:\Users\Santiago\.m2\repository\com\google\inject\guice\5.1.0\guice-5.1.0.jar;C:\Users\Santiago\.m2\repository\javax\inject\javax.inject\1\javax.inject-1.jar;C:\Users\Santiago\.m2\repository\aopalliance\aopalliance\1.0\aopalliance-1.0.jar;C:\Users\Santiago\.m2\repository\org\jsoup\jsoup\1.14.3\jsoup-1.14.3.jar;C:\Users\Santiago\.m2\repository\com\thoughtworks\xstream\xstream\1.4.19\xstream-1.4.19.jar;C:\Users\Santiago\.m2\repository\io\github\x-stream\mxparser\1.2.2\mxparser-1.2.2.jar;C:\Users\Santiago\.m2\repository\xmlpull\xmlpull\1.1.3.1\xmlpull-1.1.3.1.jar;C:\Users\Santiago\.m2\repository\com\typesafe\config\1.4.2\config-1.4.2.jar;C:\Users\Santiago\.m2\repository\org\imgscalr\imgscalr-lib\4.2\imgscalr-lib-4.2.jar;C:\Users\Santiago\.m2\repository\org\awaitility\awaitility\4.2.0\awaitility-4.2.0.jar;C:\Users\Santiago\.m2\repository\org\freemarker\freemarker\2.3.31\freemarker-2.3.31.jar;C:\Users\Santiago\.m2\repository\io\github\classgraph\classgraph\4.8.138\classgraph-4.8.138.jar;C:\Users\Santiago\.m2\repository\net\sourceforge\jexcelapi\jxl\2.6.12\jxl-2.6.12.jar;C:\Users\Santiago\.m2\repository\net\bytebuddy\byte-buddy-agent\1.12.12\byte-buddy-agent-1.12.12.jar;C:\Users\Santiago\.m2\repository\org\objenesis\objenesis\3.1\objenesis-3.1.jar;C:\Users\Santiago\.m2\repository\net\serenity-bdd\serenity-reports\3.3.4\serenity-reports-3.3.4.jar;C:\Users\Santiago\.m2\repository\net\serenity-bdd\serenity-stats\3.3.4\serenity-stats-3.3.4.jar;C:\Users\Santiago\.m2\repository\net\serenity-bdd\serenity-reports-configuration\3.3.4\serenity-reports-configuration-3.3.4.jar;C:\Users\Santiago\.m2\repository\com\vladsch\flexmark\flexmark-all\0.34.30\flexmark-all-0.34.30.jar;C:\Users\Santiago\.m2\repository\com\vladsch\flexmark\flexmark\0.34.30\flexmark-0.34.30.jar;C:\Users\Santiago\.m2\repository\com\vladsch\flexmark\flexmark-ext-abbreviation\0.34.30\flexmark-ext-abbreviation-0.34.30.jar;C:\Users\Santiago\.m2\repository\com\vladsch\flexmark\flexmark-ext-admonition\0.34.30\flexmark-ext-admonition-0.34.30.jar;C:\Users\Santiago\.m2\repository\com\vladsch\flexmark\flexmark-ext-anchorlink\0.34.30\flexmark-ext-anchorlink-0.34.30.jar;C:\Users\Santiago\.m2\repository\com\vladsch\flexmark\flexmark-ext-aside\0.34.30\flexmark-ext-aside-0.34.30.jar;C:\Users\Santiago\.m2\repository\com\vladsch\flexmark\flexmark-ext-attributes\0.34.30\flexmark-ext-attributes-0.34.30.jar;C:\Users\Santiago\.m2\repository\com\vladsch\flexmark\flexmark-ext-autolink\0.34.30\flexmark-ext-autolink-0.34.30.jar;C:\Users\Santiago\.m2\repository\org\nibor\autolink\autolink\0.6.0\autolink-0.6.0.jar;C:\Users\Santiago\.m2\repository\com\vladsch\flexmark\flexmark-ext-definition\0.34.30\flexmark-ext-definition-0.34.30.jar;C:\Users\Santiago\.m2\repository\com\vladsch\flexmark\flexmark-ext-emoji\0.34.30\flexmark-ext-emoji-0.34.30.jar;C:\Users\Santiago\.m2\repository\com\vladsch\flexmark\flexmark-ext-enumerated-reference\0.34.30\flexmark-ext-enumerated-reference-0.34.30.jar;C:\Users\Santiago\.m2\repository\com\vladsch\flexmark\flexmark-ext-escaped-character\0.34.30\flexmark-ext-escaped-character-0.34.30.jar;C:\Users\Santiago\.m2\repository\com\vladsch\flexmark\flexmark-ext-footnotes\0.34.30\flexmark-ext-footnotes-0.34.30.jar;C:\Users\Santiago\.m2\repository\com\vladsch\flexmark\flexmark-ext-gfm-issues\0.34.30\flexmark-ext-gfm-issues-0.34.30.jar;C:\Users\Santiago\.m2\repository\com\vladsch\flexmark\flexmark-ext-gfm-strikethrough\0.34.30\flexmark-ext-gfm-strikethrough-0.34.30.jar;C:\Users\Santiago\.m2\repository\com\vladsch\flexmark\flexmark-ext-gfm-tables\0.34.30\flexmark-ext-gfm-tables-0.34.30.jar;C:\Users\Santiago\.m2\repository\com\vladsch\flexmark\flexmark-ext-gfm-tasklist\0.34.30\flexmark-ext-gfm-tasklist-0.34.30.jar;C:\Users\Santiago\.m2\repository\com\vladsch\flexmark\flexmark-ext-gfm-users\0.34.30\flexmark-ext-gfm-users-0.34.30.jar;C:\Users\Santiago\.m2\repository\com\vladsch\flexmark\flexmark-ext-gitlab\0.34.30\flexmark-ext-gitlab-0.34.30.jar;C:\Users\Santiago\.m2\repository\com\vladsch\flexmark\flexmark-ext-jekyll-front-matter\0.34.30\flexmark-ext-jekyll-front-matter-0.34.30.jar;C:\Users\Santiago\.m2\repository\com\vladsch\flexmark\flexmark-ext-jekyll-tag\0.34.30\flexmark-ext-jekyll-tag-0.34.30.jar;C:\Users\Santiago\.m2\repository\com\vladsch\flexmark\flexmark-ext-media-tags\0.34.30\flexmark-ext-media-tags-0.34.30.jar;C:\Users\Santiago\.m2\repository\com\vladsch\flexmark\flexmark-test-util\0.34.30\flexmark-test-util-0.34.30.jar;C:\Users\Santiago\.m2\repository\com\vladsch\flexmark\flexmark-ext-ins\0.34.30\flexmark-ext-ins-0.34.30.jar;C:\Users\Santiago\.m2\repository\com\vladsch\flexmark\flexmark-ext-xwiki-macros\0.34.30\flexmark-ext-xwiki-macros-0.34.30.jar;C:\Users\Santiago\.m2\repository\com\vladsch\flexmark\flexmark-ext-superscript\0.34.30\flexmark-ext-superscript-0.34.30.jar;C:\Users\Santiago\.m2\repository\com\vladsch\flexmark\flexmark-ext-tables\0.34.30\flexmark-ext-tables-0.34.30.jar;C:\Users\Santiago\.m2\repository\com\vladsch\flexmark\flexmark-ext-toc\0.34.30\flexmark-ext-toc-0.34.30.jar;C:\Users\Santiago\.m2\repository\com\vladsch\flexmark\flexmark-ext-typographic\0.34.30\flexmark-ext-typographic-0.34.30.jar;C:\Users\Santiago\.m2\repository\com\vladsch\flexmark\flexmark-ext-wikilink\0.34.30\flexmark-ext-wikilink-0.34.30.jar;C:\Users\Santiago\.m2\repository\com\vladsch\flexmark\flexmark-ext-yaml-front-matter\0.34.30\flexmark-ext-yaml-front-matter-0.34.30.jar;C:\Users\Santiago\.m2\repository\com\vladsch\flexmark\flexmark-ext-youtube-embedded\0.34.30\flexmark-ext-youtube-embedded-0.34.30.jar;C:\Users\Santiago\.m2\repository\com\vladsch\flexmark\flexmark-formatter\0.34.30\flexmark-formatter-0.34.30.jar;C:\Users\Santiago\.m2\repository\com\vladsch\flexmark\flexmark-html-parser\0.34.30\flexmark-html-parser-0.34.30.jar;C:\Users\Santiago\.m2\repository\com\vladsch\flexmark\flexmark-jira-converter\0.34.30\flexmark-jira-converter-0.34.30.jar;C:\Users\Santiago\.m2\repository\com\vladsch\flexmark\flexmark-pdf-converter\0.34.30\flexmark-pdf-converter-0.34.30.jar;C:\Users\Santiago\.m2\repository\com\openhtmltopdf\openhtmltopdf-core\0.0.1-RC13\openhtmltopdf-core-0.0.1-RC13.jar;C:\Users\Santiago\.m2\repository\com\openhtmltopdf\openhtmltopdf-pdfbox\0.0.1-RC13\openhtmltopdf-pdfbox-0.0.1-RC13.jar;C:\Users\Santiago\.m2\repository\org\apache\pdfbox\pdfbox\2.0.8\pdfbox-2.0.8.jar;C:\Users\Santiago\.m2\repository\org\apache\pdfbox\fontbox\2.0.8\fontbox-2.0.8.jar;C:\Users\Santiago\.m2\repository\org\apache\pdfbox\xmpbox\2.0.8\xmpbox-2.0.8.jar;C:\Users\Santiago\.m2\repository\de\rototor\pdfbox\graphics2d\0.12\graphics2d-0.12.jar;C:\Users\Santiago\.m2\repository\com\openhtmltopdf\openhtmltopdf-rtl-support\0.0.1-RC13\openhtmltopdf-rtl-support-0.0.1-RC13.jar;C:\Users\Santiago\.m2\repository\com\ibm\icu\icu4j\59.1\icu4j-59.1.jar;C:\Users\Santiago\.m2\repository\com\openhtmltopdf\openhtmltopdf-jsoup-dom-converter\0.0.1-RC13\openhtmltopdf-jsoup-dom-converter-0.0.1-RC13.jar;C:\Users\Santiago\.m2\repository\com\vladsch\flexmark\flexmark-profile-pegdown\0.34.30\flexmark-profile-pegdown-0.34.30.jar;C:\Users\Santiago\.m2\repository\com\vladsch\flexmark\flexmark-util\0.34.30\flexmark-util-0.34.30.jar;C:\Users\Santiago\.m2\repository\com\vladsch\flexmark\flexmark-youtrack-converter\0.34.30\flexmark-youtrack-converter-0.34.30.jar;C:\Users\Santiago\.m2\repository\es\nitaur\markdown\txtmark\0.16\txtmark-0.16.jar;C:\Users\Santiago\.m2\repository\net\serenity-bdd\serenity-report-resources\3.3.4\serenity-report-resources-3.3.4.jar;C:\Users\Santiago\.m2\repository\com\google\code\gson\gson\2.9.0\gson-2.9.0.jar;C:\Users\Santiago\.m2\repository\com\fasterxml\jackson\core\jackson-core\2.13.3\jackson-core-2.13.3.jar;C:\Users\Santiago\.m2\repository\com\fasterxml\jackson\core\jackson-databind\2.13.3\jackson-databind-2.13.3.jar;C:\Users\Santiago\.m2\repository\com\fasterxml\jackson\core\jackson-annotations\2.13.3\jackson-annotations-2.13.3.jar;C:\Users\Santiago\.m2\repository\commons-codec\commons-codec\1.15\commons-codec-1.15.jar;C:\Users\Santiago\.m2\repository\commons-io\commons-io\2.11.0\commons-io-2.11.0.jar;C:\Users\Santiago\.m2\repository\org\apache\httpcomponents\httpclient\4.5.13\httpclient-4.5.13.jar;C:\Users\Santiago\.m2\repository\org\apache\httpcomponents\httpcore\4.4.13\httpcore-4.4.13.jar;C:\Users\Santiago\.m2\repository\commons-logging\commons-logging\1.2\commons-logging-1.2.jar;C:\Users\Santiago\.m2\repository\org\seleniumhq\selenium\selenium-java\4.4.0\selenium-java-4.4.0.jar;C:\Users\Santiago\.m2\repository\org\seleniumhq\selenium\selenium-devtools-v102\4.4.0\selenium-devtools-v102-4.4.0.jar;C:\Users\Santiago\.m2\repository\org\seleniumhq\selenium\selenium-devtools-v103\4.4.0\selenium-devtools-v103-4.4.0.jar;C:\Users\Santiago\.m2\repository\org\seleniumhq\selenium\selenium-devtools-v104\4.4.0\selenium-devtools-v104-4.4.0.jar;C:\Users\Santiago\.m2\repository\org\seleniumhq\selenium\selenium-devtools-v85\4.4.0\selenium-devtools-v85-4.4.0.jar;C:\Users\Santiago\.m2\repository\org\seleniumhq\selenium\selenium-opera-driver\4.4.0\selenium-opera-driver-4.4.0.jar;C:\Users\Santiago\.m2\repository\org\seleniumhq\selenium\selenium-remote-driver\4.4.0\selenium-remote-driver-4.4.0.jar;C:\Users\Santiago\.m2\repository\com\beust\jcommander\1.82\jcommander-1.82.jar;C:\Users\Santiago\.m2\repository\io\netty\netty-buffer\4.1.78.Final\netty-buffer-4.1.78.Final.jar;C:\Users\Santiago\.m2\repository\io\netty\netty-codec-http\4.1.78.Final\netty-codec-http-4.1.78.Final.jar;C:\Users\Santiago\.m2\repository\io\netty\netty-codec\4.1.78.Final\netty-codec-4.1.78.Final.jar;C:\Users\Santiago\.m2\repository\io\netty\netty-handler\4.1.78.Final\netty-handler-4.1.78.Final.jar;C:\Users\Santiago\.m2\repository\io\netty\netty-common\4.1.78.Final\netty-common-4.1.78.Final.jar;C:\Users\Santiago\.m2\repository\io\netty\netty-transport-classes-epoll\4.1.78.Final\netty-transport-classes-epoll-4.1.78.Final.jar;C:\Users\Santiago\.m2\repository\io\netty\netty-transport-classes-kqueue\4.1.78.Final\netty-transport-classes-kqueue-4.1.78.Final.jar;C:\Users\Santiago\.m2\repository\io\netty\netty-transport-native-epoll\4.1.78.Final\netty-transport-native-epoll-4.1.78.Final.jar;C:\Users\Santiago\.m2\repository\io\netty\netty-transport-native-kqueue\4.1.78.Final\netty-transport-native-kqueue-4.1.78.Final.jar;C:\Users\Santiago\.m2\repository\io\netty\netty-transport-native-unix-common\4.1.78.Final\netty-transport-native-unix-common-4.1.78.Final.jar;C:\Users\Santiago\.m2\repository\io\netty\netty-transport\4.1.78.Final\netty-transport-4.1.78.Final.jar;C:\Users\Santiago\.m2\repository\io\netty\netty-resolver\4.1.78.Final\netty-resolver-4.1.78.Final.jar;C:\Users\Santiago\.m2\repository\io\opentelemetry\opentelemetry-api\1.16.0\opentelemetry-api-1.16.0.jar;C:\Users\Santiago\.m2\repository\io\opentelemetry\opentelemetry-context\1.16.0\opentelemetry-context-1.16.0.jar;C:\Users\Santiago\.m2\repository\io\opentelemetry\opentelemetry-exporter-logging\1.16.0\opentelemetry-exporter-logging-1.16.0.jar;C:\Users\Santiago\.m2\repository\io\opentelemetry\opentelemetry-sdk-metrics\1.16.0\opentelemetry-sdk-metrics-1.16.0.jar;C:\Users\Santiago\.m2\repository\io\opentelemetry\opentelemetry-sdk-logs\1.16.0-alpha\opentelemetry-sdk-logs-1.16.0-alpha.jar;C:\Users\Santiago\.m2\repository\io\opentelemetry\opentelemetry-sdk-common\1.16.0\opentelemetry-sdk-common-1.16.0.jar;C:\Users\Santiago\.m2\repository\io\opentelemetry\opentelemetry-sdk-extension-autoconfigure-spi\1.16.0\opentelemetry-sdk-extension-autoconfigure-spi-1.16.0.jar;C:\Users\Santiago\.m2\repository\io\opentelemetry\opentelemetry-sdk-extension-autoconfigure\1.16.0-alpha\opentelemetry-sdk-extension-autoconfigure-1.16.0-alpha.jar;C:\Users\Santiago\.m2\repository\io\opentelemetry\opentelemetry-sdk-trace\1.16.0\opentelemetry-sdk-trace-1.16.0.jar;C:\Users\Santiago\.m2\repository\io\opentelemetry\opentelemetry-sdk\1.16.0\opentelemetry-sdk-1.16.0.jar;C:\Users\Santiago\.m2\repository\io\opentelemetry\opentelemetry-semconv\1.16.0-alpha\opentelemetry-semconv-1.16.0-alpha.jar;C:\Users\Santiago\.m2\repository\io\ous\jtoml\2.0.0\jtoml-2.0.0.jar;C:\Users\Santiago\.m2\repository\org\apache\commons\commons-exec\1.3\commons-exec-1.3.jar;C:\Users\Santiago\.m2\repository\org\asynchttpclient\async-http-client\2.12.3\async-http-client-2.12.3.jar;C:\Users\Santiago\.m2\repository\org\asynchttpclient\async-http-client-netty-utils\2.12.3\async-http-client-netty-utils-2.12.3.jar;C:\Users\Santiago\.m2\repository\io\netty\netty-codec-socks\4.1.60.Final\netty-codec-socks-4.1.60.Final.jar;C:\Users\Santiago\.m2\repository\io\netty\netty-handler-proxy\4.1.60.Final\netty-handler-proxy-4.1.60.Final.jar;C:\Users\Santiago\.m2\repository\io\netty\netty-transport-native-epoll\4.1.60.Final\netty-transport-native-epoll-4.1.60.Final-linux-x86_64.jar;C:\Users\Santiago\.m2\repository\io\netty\netty-transport-native-kqueue\4.1.60.Final\netty-transport-native-kqueue-4.1.60.Final-osx-x86_64.jar;C:\Users\Santiago\.m2\repository\org\reactivestreams\reactive-streams\1.0.3\reactive-streams-1.0.3.jar;C:\Users\Santiago\.m2\repository\com\typesafe\netty\netty-reactive-streams\2.0.4\netty-reactive-streams-2.0.4.jar;C:\Users\Santiago\.m2\repository\org\seleniumhq\selenium\selenium-http\4.4.0\selenium-http-4.4.0.jar;C:\Users\Santiago\.m2\repository\dev\failsafe\failsafe\3.2.4\failsafe-3.2.4.jar;C:\Users\Santiago\.m2\repository\org\seleniumhq\selenium\selenium-safari-driver\4.4.0\selenium-safari-driver-4.4.0.jar;C:\Users\Santiago\.m2\repository\org\seleniumhq\selenium\selenium-api\4.4.0\selenium-api-4.4.0.jar;C:\Users\Santiago\.m2\repository\org\seleniumhq\selenium\selenium-support\4.4.0\selenium-support-4.4.0.jar;C:\Users\Santiago\.m2\repository\com\google\auto\service\auto-service-annotations\1.0.1\auto-service-annotations-1.0.1.jar;C:\Users\Santiago\.m2\repository\com\google\auto\service\auto-service\1.0.1\auto-service-1.0.1.jar;C:\Users\Santiago\.m2\repository\com\google\auto\auto-common\1.2\auto-common-1.2.jar;C:\Users\Santiago\.m2\repository\org\seleniumhq\selenium\selenium-json\4.4.0\selenium-json-4.4.0.jar;C:\Users\Santiago\.m2\repository\org\seleniumhq\selenium\selenium-chrome-driver\4.4.0\selenium-chrome-driver-4.4.0.jar;C:\Users\Santiago\.m2\repository\org\seleniumhq\selenium\selenium-chromium-driver\4.4.0\selenium-chromium-driver-4.4.0.jar;C:\Users\Santiago\.m2\repository\org\seleniumhq\selenium\selenium-firefox-driver\4.4.0\selenium-firefox-driver-4.4.0.jar;C:\Users\Santiago\.m2\repository\org\seleniumhq\selenium\selenium-edge-driver\4.4.0\selenium-edge-driver-4.4.0.jar;C:\Users\Santiago\.m2\repository\org\seleniumhq\selenium\selenium-ie-driver\4.4.0\selenium-ie-driver-4.4.0.jar;C:\Users\Santiago\.m2\repository\org\projectlombok\lombok\1.18.20\lombok-1.18.20.jar;C:\Users\Santiago\.m2\repository\io\appium\java-client\8.1.1\java-client-8.1.1.jar;C:\Users\Santiago\.m2\repository\commons-validator\commons-validator\1.7\commons-validator-1.7.jar;C:\Users\Santiago\.m2\repository\commons-digester\commons-digester\2.1\commons-digester-2.1.jar;C:\Users\Santiago\.m2\repository\org\apache\groovy\groovy\4.0.1\groovy-4.0.1.jar;C:\Users\Santiago\.m2\repository\net\sf\opencsv\opencsv\2.0\opencsv-2.0.jar;C:\Users\Santiago\.m2\repository\commons-beanutils\commons-beanutils\1.9.4\commons-beanutils-1.9.4.jar;C:\Users\Santiago\.m2\repository\org\apache\commons\commons-lang3\3.12.0\commons-lang3-3.12.0.jar;C:\Users\Santiago\.m2\repository\commons-collections\commons-collections\3.2.2\commons-collections-3.2.2.jar;C:\Users\Santiago\.m2\repository\org\fluentlenium\fluentlenium-core\0.10.2\fluentlenium-core-0.10.2.jar;C:\Users\Santiago\.m2\repository\io\github\bonigarcia\webdrivermanager\5.2.1\webdrivermanager-5.2.1.jar;C:\Users\Santiago\.m2\repository\com\github\docker-java\docker-java\3.2.13\docker-java-3.2.13.jar;C:\Users\Santiago\.m2\repository\com\github\docker-java\docker-java-core\3.2.13\docker-java-core-3.2.13.jar;C:\Users\Santiago\.m2\repository\com\github\docker-java\docker-java-api\3.2.13\docker-java-api-3.2.13.jar;C:\Users\Santiago\.m2\repository\org\apache\commons\commons-compress\1.21\commons-compress-1.21.jar;C:\Users\Santiago\.m2\repository\org\bouncycastle\bcpkix-jdk15on\1.64\bcpkix-jdk15on-1.64.jar;C:\Users\Santiago\.m2\repository\org\bouncycastle\bcprov-jdk15on\1.64\bcprov-jdk15on-1.64.jar;C:\Users\Santiago\.m2\repository\org\slf4j\jcl-over-slf4j\1.7.30\jcl-over-slf4j-1.7.30.jar;C:\Users\Santiago\.m2\repository\com\github\docker-java\docker-java-transport-httpclient5\3.2.13\docker-java-transport-httpclient5-3.2.13.jar;C:\Users\Santiago\.m2\repository\com\github\docker-java\docker-java-transport\3.2.13\docker-java-transport-3.2.13.jar;C:\Users\Santiago\.m2\repository\net\java\dev\jna\jna\5.8.0\jna-5.8.0.jar;C:\Users\Santiago\.m2\repository\org\brotli\dec\0.1.2\dec-0.1.2.jar;C:\Users\Santiago\.m2\repository\org\apache\httpcomponents\client5\httpclient5\5.1.3\httpclient5-5.1.3.jar;C:\Users\Santiago\.m2\repository\org\apache\httpcomponents\core5\httpcore5\5.1.3\httpcore5-5.1.3.jar;C:\Users\Santiago\.m2\repository\org\apache\httpcomponents\core5\httpcore5-h2\5.1.3\httpcore5-h2-5.1.3.jar;C:\Users\Santiago\.m2\repository\com\jhlabs\filters\2.0.235\filters-2.0.235.jar;C:\Users\Santiago\.m2\repository\com\paulhammant\ngwebdriver\1.1.6\ngwebdriver-1.1.6.jar;C:\Users\Santiago\.m2\repository\joda-time\joda-time\2.8.2\joda-time-2.8.2.jar;C:\Users\Santiago\.m2\repository\org\hamcrest\hamcrest\2.2\hamcrest-2.2.jar;C:\Users\Santiago\.m2\repository\com\google\jimfs\jimfs\1.2\jimfs-1.2.jar;C:\Users\Santiago\.m2\repository\org\mockito\mockito-core\3.3.3\mockito-core-3.3.3.jar;C:\Users\Santiago\.m2\repository\javax\xml\bind\jaxb-api\2.3.1\jaxb-api-2.3.1.jar;C:\Users\Santiago\.m2\repository\javax\activation\javax.activation-api\1.2.0\javax.activation-api-1.2.0.jar;C:\Users\Santiago\.m2\repository\com\sun\xml\bind\jaxb-core\2.3.0.1\jaxb-core-2.3.0.1.jar;C:\Users\Santiago\.m2\repository\com\sun\xml\bind\jaxb-impl\2.3.3\jaxb-impl-2.3.3.jar;C:\Users\Santiago\.m2\repository\jakarta\xml\bind\jakarta.xml.bind-api\2.3.3\jakarta.xml.bind-api-2.3.3.jar;C:\Users\Santiago\.m2\repository\com\sun\activation\jakarta.activation\1.2.2\jakarta.activation-1.2.2.jar;C:\Users\Santiago\.m2\repository\javax\activation\activation\1.1.1\activation-1.1.1.jar;C:\Users\Santiago\.m2\repository\net\serenity-bdd\serenity-cucumber\3.3.4\serenity-cucumber-3.3.4.jar;C:\Users\Santiago\.m2\repository\io\cucumber\cucumber-core\7.4.1\cucumber-core-7.4.1.jar;C:\Users\Santiago\.m2\repository\io\cucumber\cucumber-gherkin\7.4.1\cucumber-gherkin-7.4.1.jar;C:\Users\Santiago\.m2\repository\io\cucumber\cucumber-gherkin-messages\7.4.1\cucumber-gherkin-messages-7.4.1.jar;C:\Users\Santiago\.m2\repository\io\cucumber\gherkin\23.0.1\gherkin-23.0.1.jar;C:\Users\Santiago\.m2\repository\io\cucumber\messages\18.0.0\messages-18.0.0.jar;C:\Users\Santiago\.m2\repository\io\cucumber\tag-expressions\4.1.0\tag-expressions-4.1.0.jar;C:\Users\Santiago\.m2\repository\io\cucumber\cucumber-expressions\16.0.0\cucumber-expressions-16.0.0.jar;C:\Users\Santiago\.m2\repository\io\cucumber\datatable\7.4.1\datatable-7.4.1.jar;C:\Users\Santiago\.m2\repository\io\cucumber\cucumber-plugin\7.4.1\cucumber-plugin-7.4.1.jar;C:\Users\Santiago\.m2\repository\io\cucumber\docstring\7.4.1\docstring-7.4.1.jar;C:\Users\Santiago\.m2\repository\io\cucumber\html-formatter\19.2.0\html-formatter-19.2.0.jar;C:\Users\Santiago\.m2\repository\io\cucumber\ci-environment\9.0.4\ci-environment-9.0.4.jar;C:\Users\Santiago\.m2\repository\io\cucumber\cucumber-java\7.4.1\cucumber-java-7.4.1.jar;C:\Users\Santiago\.m2\repository\io\cucumber\cucumber-junit\7.4.1\cucumber-junit-7.4.1.jar;C:\Users\Santiago\.m2\repository\org\apache\commons\commons-csv\1.5\commons-csv-1.5.jar;C:\Users\Santiago\.m2\repository\net\serenity-bdd\serenity-screenplay\3.3.4\serenity-screenplay-3.3.4.jar;C:\Users\Santiago\.m2\repository\net\serenity-bdd\serenity-screenplay-webdriver\3.3.4\serenity-screenplay-webdriver-3.3.4.jar;C:\Users\Santiago\.m2\repository\net\serenity-bdd\serenity-ensure\3.3.4\serenity-ensure-3.3.4.jar;C:\Users\Santiago\.m2\repository\net\serenity-bdd\serenity-junit\3.3.4\serenity-junit-3.3.4.jar;C:\Users\Santiago\.m2\repository\org\jetbrains\kotlin\kotlin-stdlib\1.7.10\kotlin-stdlib-1.7.10.jar;C:\Users\Santiago\.m2\repository\org\jetbrains\kotlin\kotlin-stdlib-common\1.7.10\kotlin-stdlib-common-1.7.10.jar;C:\Users\Santiago\.m2\repository\org\jetbrains\annotations\13.0\annotations-13.0.jar;C:\Users\Santiago\.m2\repository\org\junit\platform\junit-platform-launcher\1.8.2\junit-platform-launcher-1.8.2.jar;C:\Users\Santiago\.m2\repository\org\junit\platform\junit-platform-engine\1.8.2\junit-platform-engine-1.8.2.jar;C:\Users\Santiago\.m2\repository\org\opentest4j\opentest4j\1.2.0\opentest4j-1.2.0.jar;C:\Users\Santiago\.m2\repository\org\junit\platform\junit-platform-commons\1.8.2\junit-platform-commons-1.8.2.jar;C:\Users\Santiago\.m2\repository\org\apiguardian\apiguardian-api\1.1.2\apiguardian-api-1.1.2.jar;C:\Users\Santiago\.m2\repository\org\junit\jupiter\junit-jupiter-engine\5.8.2\junit-jupiter-engine-5.8.2.jar;C:\Users\Santiago\.m2\repository\org\junit\jupiter\junit-jupiter-api\5.8.2\junit-jupiter-api-5.8.2.jar;C:\Users\Santiago\.m2\repository\org\junit\vintage\junit-vintage-engine\5.8.2\junit-vintage-engine-5.8.2.jar;C:\Users\Santiago\.m2\repository\junit\junit\4.13.2\junit-4.13.2.jar;C:\Users\Santiago\.m2\repository\org\hamcrest\hamcrest-core\1.3\hamcrest-core-1.3.jar;C:\Users\Santiago\.m2\repository\ch\qos\logback\logback-classic\1.2.10\logback-classic-1.2.10.jar;C:\Users\Santiago\.m2\repository\ch\qos\logback\logback-core\1.2.10\logback-core-1.2.10.jar;C:\Users\Santiago\.m2\repository\org\slf4j\slf4j-api\1.7.32\slf4j-api-1.7.32.jar;C:\Users\Santiago\.m2\repository\org\assertj\assertj-core\3.23.1\assertj-core-3.23.1.jar;C:\Users\Santiago\.m2\repository\net\bytebuddy\byte-buddy\1.12.10\byte-buddy-1.12.10.jar;"/>
    <property name="sun.cpu.endian" value="little"/>
    <property name="user.home" value="C:\Users\Santiago"/>
    <property name="user.language" value="es"/>
    <property name="java.specification.vendor" value="Oracle Corporation"/>
    <property name="jdk.module.path" value="C:\Users\Santiago\Desktop\NTT-DATA\Challenge\target\challenge-1.0.0-SNAPSHOT.jar"/>
    <property name="java.version.date" value="2024-04-16"/>
    <property name="java.home" value="C:\Program Files\Java\jdk-17"/>
    <property name="file.separator" value="\"/>
    <property name="basedir" value="C:\Users\Santiago\Desktop\NTT-DATA\Challenge"/>
    <property name="java.vm.compressedOopsMode" value="Zero based"/>
    <property name="line.separator" value="&#10;"/>
    <property name="java.vm.specification.vendor" value="Oracle Corporation"/>
    <property name="java.specification.name" value="Java Platform API Specification"/>
    <property name="driver" value="firefox"/>
    <property name="surefire.real.class.path" value="C:\Users\Santiago\.m2\repository\org\apache\maven\surefire\surefire-booter\3.0.0-M5\surefire-booter-3.0.0-M5.jar;C:\Users\Santiago\.m2\repository\org\apache\maven\surefire\surefire-api\3.0.0-M5\surefire-api-3.0.0-M5.jar;C:\Users\Santiago\.m2\repository\org\apache\maven\surefire\surefire-logger-api\3.0.0-M5\surefire-logger-api-3.0.0-M5.jar;C:\Users\Santiago\.m2\repository\org\apache\maven\surefire\surefire-shared-utils\3.0.0-M4\surefire-shared-utils-3.0.0-M4.jar;C:\Users\Santiago\.m2\repository\org\apache\maven\surefire\surefire-extensions-spi\3.0.0-M5\surefire-extensions-spi-3.0.0-M5.jar;C:\Users\Santiago\Desktop\NTT-DATA\Challenge\target\test-classes;C:\Users\Santiago\.m2\repository\net\serenity-bdd\serenity-core\3.3.4\serenity-core-3.3.4.jar;C:\Users\Santiago\.m2\repository\net\serenity-bdd\serenity-model\3.3.4\serenity-model-3.3.4.jar;C:\Users\Santiago\.m2\repository\org\apache\commons\commons-text\1.9\commons-text-1.9.jar;C:\Users\Santiago\.m2\repository\commons-net\commons-net\3.8.0\commons-net-3.8.0.jar;C:\Users\Santiago\.m2\repository\com\google\guava\guava\31.1-jre\guava-31.1-jre.jar;C:\Users\Santiago\.m2\repository\com\google\guava\failureaccess\1.0.1\failureaccess-1.0.1.jar;C:\Users\Santiago\.m2\repository\com\google\guava\listenablefuture\9999.0-empty-to-avoid-conflict-with-guava\listenablefuture-9999.0-empty-to-avoid-conflict-with-guava.jar;C:\Users\Santiago\.m2\repository\com\google\code\findbugs\jsr305\3.0.2\jsr305-3.0.2.jar;C:\Users\Santiago\.m2\repository\org\checkerframework\checker-qual\3.12.0\checker-qual-3.12.0.jar;C:\Users\Santiago\.m2\repository\com\google\errorprone\error_prone_annotations\2.11.0\error_prone_annotations-2.11.0.jar;C:\Users\Santiago\.m2\repository\com\google\j2objc\j2objc-annotations\1.3\j2objc-annotations-1.3.jar;C:\Users\Santiago\.m2\repository\com\google\inject\guice\5.1.0\guice-5.1.0.jar;C:\Users\Santiago\.m2\repository\javax\inject\javax.inject\1\javax.inject-1.jar;C:\Users\Santiago\.m2\repository\aopalliance\aopalliance\1.0\aopalliance-1.0.jar;C:\Users\Santiago\.m2\repository\org\jsoup\jsoup\1.14.3\jsoup-1.14.3.jar;C:\Users\Santiago\.m2\repository\com\thoughtworks\xstream\xstream\1.4.19\xstream-1.4.19.jar;C:\Users\Santiago\.m2\repository\io\github\x-stream\mxparser\1.2.2\mxparser-1.2.2.jar;C:\Users\Santiago\.m2\repository\xmlpull\xmlpull\1.1.3.1\xmlpull-1.1.3.1.jar;C:\Users\Santiago\.m2\repository\com\typesafe\config\1.4.2\config-1.4.2.jar;C:\Users\Santiago\.m2\repository\org\imgscalr\imgscalr-lib\4.2\imgscalr-lib-4.2.jar;C:\Users\Santiago\.m2\repository\org\awaitility\awaitility\4.2.0\awaitility-4.2.0.jar;C:\Users\Santiago\.m2\repository\org\freemarker\freemarker\2.3.31\freemarker-2.3.31.jar;C:\Users\Santiago\.m2\repository\io\github\classgraph\classgraph\4.8.138\classgraph-4.8.138.jar;C:\Users\Santiago\.m2\repository\net\sourceforge\jexcelapi\jxl\2.6.12\jxl-2.6.12.jar;C:\Users\Santiago\.m2\repository\net\bytebuddy\byte-buddy-agent\1.12.12\byte-buddy-agent-1.12.12.jar;C:\Users\Santiago\.m2\repository\org\objenesis\objenesis\3.1\objenesis-3.1.jar;C:\Users\Santiago\.m2\repository\net\serenity-bdd\serenity-reports\3.3.4\serenity-reports-3.3.4.jar;C:\Users\Santiago\.m2\repository\net\serenity-bdd\serenity-stats\3.3.4\serenity-stats-3.3.4.jar;C:\Users\Santiago\.m2\repository\net\serenity-bdd\serenity-reports-configuration\3.3.4\serenity-reports-configuration-3.3.4.jar;C:\Users\Santiago\.m2\repository\com\vladsch\flexmark\flexmark-all\0.34.30\flexmark-all-0.34.30.jar;C:\Users\Santiago\.m2\repository\com\vladsch\flexmark\flexmark\0.34.30\flexmark-0.34.30.jar;C:\Users\Santiago\.m2\repository\com\vladsch\flexmark\flexmark-ext-abbreviation\0.34.30\flexmark-ext-abbreviation-0.34.30.jar;C:\Users\Santiago\.m2\repository\com\vladsch\flexmark\flexmark-ext-admonition\0.34.30\flexmark-ext-admonition-0.34.30.jar;C:\Users\Santiago\.m2\repository\com\vladsch\flexmark\flexmark-ext-anchorlink\0.34.30\flexmark-ext-anchorlink-0.34.30.jar;C:\Users\Santiago\.m2\repository\com\vladsch\flexmark\flexmark-ext-aside\0.34.30\flexmark-ext-aside-0.34.30.jar;C:\Users\Santiago\.m2\repository\com\vladsch\flexmark\flexmark-ext-attributes\0.34.30\flexmark-ext-attributes-0.34.30.jar;C:\Users\Santiago\.m2\repository\com\vladsch\flexmark\flexmark-ext-autolink\0.34.30\flexmark-ext-autolink-0.34.30.jar;C:\Users\Santiago\.m2\repository\org\nibor\autolink\autolink\0.6.0\autolink-0.6.0.jar;C:\Users\Santiago\.m2\repository\com\vladsch\flexmark\flexmark-ext-definition\0.34.30\flexmark-ext-definition-0.34.30.jar;C:\Users\Santiago\.m2\repository\com\vladsch\flexmark\flexmark-ext-emoji\0.34.30\flexmark-ext-emoji-0.34.30.jar;C:\Users\Santiago\.m2\repository\com\vladsch\flexmark\flexmark-ext-enumerated-reference\0.34.30\flexmark-ext-enumerated-reference-0.34.30.jar;C:\Users\Santiago\.m2\repository\com\vladsch\flexmark\flexmark-ext-escaped-character\0.34.30\flexmark-ext-escaped-character-0.34.30.jar;C:\Users\Santiago\.m2\repository\com\vladsch\flexmark\flexmark-ext-footnotes\0.34.30\flexmark-ext-footnotes-0.34.30.jar;C:\Users\Santiago\.m2\repository\com\vladsch\flexmark\flexmark-ext-gfm-issues\0.34.30\flexmark-ext-gfm-issues-0.34.30.jar;C:\Users\Santiago\.m2\repository\com\vladsch\flexmark\flexmark-ext-gfm-strikethrough\0.34.30\flexmark-ext-gfm-strikethrough-0.34.30.jar;C:\Users\Santiago\.m2\repository\com\vladsch\flexmark\flexmark-ext-gfm-tables\0.34.30\flexmark-ext-gfm-tables-0.34.30.jar;C:\Users\Santiago\.m2\repository\com\vladsch\flexmark\flexmark-ext-gfm-tasklist\0.34.30\flexmark-ext-gfm-tasklist-0.34.30.jar;C:\Users\Santiago\.m2\repository\com\vladsch\flexmark\flexmark-ext-gfm-users\0.34.30\flexmark-ext-gfm-users-0.34.30.jar;C:\Users\Santiago\.m2\repository\com\vladsch\flexmark\flexmark-ext-gitlab\0.34.30\flexmark-ext-gitlab-0.34.30.jar;C:\Users\Santiago\.m2\repository\com\vladsch\flexmark\flexmark-ext-jekyll-front-matter\0.34.30\flexmark-ext-jekyll-front-matter-0.34.30.jar;C:\Users\Santiago\.m2\repository\com\vladsch\flexmark\flexmark-ext-jekyll-tag\0.34.30\flexmark-ext-jekyll-tag-0.34.30.jar;C:\Users\Santiago\.m2\repository\com\vladsch\flexmark\flexmark-ext-media-tags\0.34.30\flexmark-ext-media-tags-0.34.30.jar;C:\Users\Santiago\.m2\repository\com\vladsch\flexmark\flexmark-test-util\0.34.30\flexmark-test-util-0.34.30.jar;C:\Users\Santiago\.m2\repository\com\vladsch\flexmark\flexmark-ext-ins\0.34.30\flexmark-ext-ins-0.34.30.jar;C:\Users\Santiago\.m2\repository\com\vladsch\flexmark\flexmark-ext-xwiki-macros\0.34.30\flexmark-ext-xwiki-macros-0.34.30.jar;C:\Users\Santiago\.m2\repository\com\vladsch\flexmark\flexmark-ext-superscript\0.34.30\flexmark-ext-superscript-0.34.30.jar;C:\Users\Santiago\.m2\repository\com\vladsch\flexmark\flexmark-ext-tables\0.34.30\flexmark-ext-tables-0.34.30.jar;C:\Users\Santiago\.m2\repository\com\vladsch\flexmark\flexmark-ext-toc\0.34.30\flexmark-ext-toc-0.34.30.jar;C:\Users\Santiago\.m2\repository\com\vladsch\flexmark\flexmark-ext-typographic\0.34.30\flexmark-ext-typographic-0.34.30.jar;C:\Users\Santiago\.m2\repository\com\vladsch\flexmark\flexmark-ext-wikilink\0.34.30\flexmark-ext-wikilink-0.34.30.jar;C:\Users\Santiago\.m2\repository\com\vladsch\flexmark\flexmark-ext-yaml-front-matter\0.34.30\flexmark-ext-yaml-front-matter-0.34.30.jar;C:\Users\Santiago\.m2\repository\com\vladsch\flexmark\flexmark-ext-youtube-embedded\0.34.30\flexmark-ext-youtube-embedded-0.34.30.jar;C:\Users\Santiago\.m2\repository\com\vladsch\flexmark\flexmark-formatter\0.34.30\flexmark-formatter-0.34.30.jar;C:\Users\Santiago\.m2\repository\com\vladsch\flexmark\flexmark-html-parser\0.34.30\flexmark-html-parser-0.34.30.jar;C:\Users\Santiago\.m2\repository\com\vladsch\flexmark\flexmark-jira-converter\0.34.30\flexmark-jira-converter-0.34.30.jar;C:\Users\Santiago\.m2\repository\com\vladsch\flexmark\flexmark-pdf-converter\0.34.30\flexmark-pdf-converter-0.34.30.jar;C:\Users\Santiago\.m2\repository\com\openhtmltopdf\openhtmltopdf-core\0.0.1-RC13\openhtmltopdf-core-0.0.1-RC13.jar;C:\Users\Santiago\.m2\repository\com\openhtmltopdf\openhtmltopdf-pdfbox\0.0.1-RC13\openhtmltopdf-pdfbox-0.0.1-RC13.jar;C:\Users\Santiago\.m2\repository\org\apache\pdfbox\pdfbox\2.0.8\pdfbox-2.0.8.jar;C:\Users\Santiago\.m2\repository\org\apache\pdfbox\fontbox\2.0.8\fontbox-2.0.8.jar;C:\Users\Santiago\.m2\repository\org\apache\pdfbox\xmpbox\2.0.8\xmpbox-2.0.8.jar;C:\Users\Santiago\.m2\repository\de\rototor\pdfbox\graphics2d\0.12\graphics2d-0.12.jar;C:\Users\Santiago\.m2\repository\com\openhtmltopdf\openhtmltopdf-rtl-support\0.0.1-RC13\openhtmltopdf-rtl-support-0.0.1-RC13.jar;C:\Users\Santiago\.m2\repository\com\ibm\icu\icu4j\59.1\icu4j-59.1.jar;C:\Users\Santiago\.m2\repository\com\openhtmltopdf\openhtmltopdf-jsoup-dom-converter\0.0.1-RC13\openhtmltopdf-jsoup-dom-converter-0.0.1-RC13.jar;C:\Users\Santiago\.m2\repository\com\vladsch\flexmark\flexmark-profile-pegdown\0.34.30\flexmark-profile-pegdown-0.34.30.jar;C:\Users\Santiago\.m2\repository\com\vladsch\flexmark\flexmark-util\0.34.30\flexmark-util-0.34.30.jar;C:\Users\Santiago\.m2\repository\com\vladsch\flexmark\flexmark-youtrack-converter\0.34.30\flexmark-youtrack-converter-0.34.30.jar;C:\Users\Santiago\.m2\repository\es\nitaur\markdown\txtmark\0.16\txtmark-0.16.jar;C:\Users\Santiago\.m2\repository\net\serenity-bdd\serenity-report-resources\3.3.4\serenity-report-resources-3.3.4.jar;C:\Users\Santiago\.m2\repository\com\google\code\gson\gson\2.9.0\gson-2.9.0.jar;C:\Users\Santiago\.m2\repository\com\fasterxml\jackson\core\jackson-core\2.13.3\jackson-core-2.13.3.jar;C:\Users\Santiago\.m2\repository\com\fasterxml\jackson\core\jackson-databind\2.13.3\jackson-databind-2.13.3.jar;C:\Users\Santiago\.m2\repository\com\fasterxml\jackson\core\jackson-annotations\2.13.3\jackson-annotations-2.13.3.jar;C:\Users\Santiago\.m2\repository\commons-codec\commons-codec\1.15\commons-codec-1.15.jar;C:\Users\Santiago\.m2\repository\commons-io\commons-io\2.11.0\commons-io-2.11.0.jar;C:\Users\Santiago\.m2\repository\org\apache\httpcomponents\httpclient\4.5.13\httpclient-4.5.13.jar;C:\Users\Santiago\.m2\repository\org\apache\httpcomponents\httpcore\4.4.13\httpcore-4.4.13.jar;C:\Users\Santiago\.m2\repository\commons-logging\commons-logging\1.2\commons-logging-1.2.jar;C:\Users\Santiago\.m2\repository\org\seleniumhq\selenium\selenium-java\4.4.0\selenium-java-4.4.0.jar;C:\Users\Santiago\.m2\repository\org\seleniumhq\selenium\selenium-devtools-v102\4.4.0\selenium-devtools-v102-4.4.0.jar;C:\Users\Santiago\.m2\repository\org\seleniumhq\selenium\selenium-devtools-v103\4.4.0\selenium-devtools-v103-4.4.0.jar;C:\Users\Santiago\.m2\repository\org\seleniumhq\selenium\selenium-devtools-v104\4.4.0\selenium-devtools-v104-4.4.0.jar;C:\Users\Santiago\.m2\repository\org\seleniumhq\selenium\selenium-devtools-v85\4.4.0\selenium-devtools-v85-4.4.0.jar;C:\Users\Santiago\.m2\repository\org\seleniumhq\selenium\selenium-opera-driver\4.4.0\selenium-opera-driver-4.4.0.jar;C:\Users\Santiago\.m2\repository\org\seleniumhq\selenium\selenium-remote-driver\4.4.0\selenium-remote-driver-4.4.0.jar;C:\Users\Santiago\.m2\repository\com\beust\jcommander\1.82\jcommander-1.82.jar;C:\Users\Santiago\.m2\repository\io\netty\netty-buffer\4.1.78.Final\netty-buffer-4.1.78.Final.jar;C:\Users\Santiago\.m2\repository\io\netty\netty-codec-http\4.1.78.Final\netty-codec-http-4.1.78.Final.jar;C:\Users\Santiago\.m2\repository\io\netty\netty-codec\4.1.78.Final\netty-codec-4.1.78.Final.jar;C:\Users\Santiago\.m2\repository\io\netty\netty-handler\4.1.78.Final\netty-handler-4.1.78.Final.jar;C:\Users\Santiago\.m2\repository\io\netty\netty-common\4.1.78.Final\netty-common-4.1.78.Final.jar;C:\Users\Santiago\.m2\repository\io\netty\netty-transport-classes-epoll\4.1.78.Final\netty-transport-classes-epoll-4.1.78.Final.jar;C:\Users\Santiago\.m2\repository\io\netty\netty-transport-classes-kqueue\4.1.78.Final\netty-transport-classes-kqueue-4.1.78.Final.jar;C:\Users\Santiago\.m2\repository\io\netty\netty-transport-native-epoll\4.1.78.Final\netty-transport-native-epoll-4.1.78.Final.jar;C:\Users\Santiago\.m2\repository\io\netty\netty-transport-native-kqueue\4.1.78.Final\netty-transport-native-kqueue-4.1.78.Final.jar;C:\Users\Santiago\.m2\repository\io\netty\netty-transport-native-unix-common\4.1.78.Final\netty-transport-native-unix-common-4.1.78.Final.jar;C:\Users\Santiago\.m2\repository\io\netty\netty-transport\4.1.78.Final\netty-transport-4.1.78.Final.jar;C:\Users\Santiago\.m2\repository\io\netty\netty-resolver\4.1.78.Final\netty-resolver-4.1.78.Final.jar;C:\Users\Santiago\.m2\repository\io\opentelemetry\opentelemetry-api\1.16.0\opentelemetry-api-1.16.0.jar;C:\Users\Santiago\.m2\repository\io\opentelemetry\opentelemetry-context\1.16.0\opentelemetry-context-1.16.0.jar;C:\Users\Santiago\.m2\repository\io\opentelemetry\opentelemetry-exporter-logging\1.16.0\opentelemetry-exporter-logging-1.16.0.jar;C:\Users\Santiago\.m2\repository\io\opentelemetry\opentelemetry-sdk-metrics\1.16.0\opentelemetry-sdk-metrics-1.16.0.jar;C:\Users\Santiago\.m2\repository\io\opentelemetry\opentelemetry-sdk-logs\1.16.0-alpha\opentelemetry-sdk-logs-1.16.0-alpha.jar;C:\Users\Santiago\.m2\repository\io\opentelemetry\opentelemetry-sdk-common\1.16.0\opentelemetry-sdk-common-1.16.0.jar;C:\Users\Santiago\.m2\repository\io\opentelemetry\opentelemetry-sdk-extension-autoconfigure-spi\1.16.0\opentelemetry-sdk-extension-autoconfigure-spi-1.16.0.jar;C:\Users\Santiago\.m2\repository\io\opentelemetry\opentelemetry-sdk-extension-autoconfigure\1.16.0-alpha\opentelemetry-sdk-extension-autoconfigure-1.16.0-alpha.jar;C:\Users\Santiago\.m2\repository\io\opentelemetry\opentelemetry-sdk-trace\1.16.0\opentelemetry-sdk-trace-1.16.0.jar;C:\Users\Santiago\.m2\repository\io\opentelemetry\opentelemetry-sdk\1.16.0\opentelemetry-sdk-1.16.0.jar;C:\Users\Santiago\.m2\repository\io\opentelemetry\opentelemetry-semconv\1.16.0-alpha\opentelemetry-semconv-1.16.0-alpha.jar;C:\Users\Santiago\.m2\repository\io\ous\jtoml\2.0.0\jtoml-2.0.0.jar;C:\Users\Santiago\.m2\repository\org\apache\commons\commons-exec\1.3\commons-exec-1.3.jar;C:\Users\Santiago\.m2\repository\org\asynchttpclient\async-http-client\2.12.3\async-http-client-2.12.3.jar;C:\Users\Santiago\.m2\repository\org\asynchttpclient\async-http-client-netty-utils\2.12.3\async-http-client-netty-utils-2.12.3.jar;C:\Users\Santiago\.m2\repository\io\netty\netty-codec-socks\4.1.60.Final\netty-codec-socks-4.1.60.Final.jar;C:\Users\Santiago\.m2\repository\io\netty\netty-handler-proxy\4.1.60.Final\netty-handler-proxy-4.1.60.Final.jar;C:\Users\Santiago\.m2\repository\io\netty\netty-transport-native-epoll\4.1.60.Final\netty-transport-native-epoll-4.1.60.Final-linux-x86_64.jar;C:\Users\Santiago\.m2\repository\io\netty\netty-transport-native-kqueue\4.1.60.Final\netty-transport-native-kqueue-4.1.60.Final-osx-x86_64.jar;C:\Users\Santiago\.m2\repository\org\reactivestreams\reactive-streams\1.0.3\reactive-streams-1.0.3.jar;C:\Users\Santiago\.m2\repository\com\typesafe\netty\netty-reactive-streams\2.0.4\netty-reactive-streams-2.0.4.jar;C:\Users\Santiago\.m2\repository\org\seleniumhq\selenium\selenium-http\4.4.0\selenium-http-4.4.0.jar;C:\Users\Santiago\.m2\repository\dev\failsafe\failsafe\3.2.4\failsafe-3.2.4.jar;C:\Users\Santiago\.m2\repository\org\seleniumhq\selenium\selenium-safari-driver\4.4.0\selenium-safari-driver-4.4.0.jar;C:\Users\Santiago\.m2\repository\org\seleniumhq\selenium\selenium-api\4.4.0\selenium-api-4.4.0.jar;C:\Users\Santiago\.m2\repository\org\seleniumhq\selenium\selenium-support\4.4.0\selenium-support-4.4.0.jar;C:\Users\Santiago\.m2\repository\com\google\auto\service\auto-service-annotations\1.0.1\auto-service-annotations-1.0.1.jar;C:\Users\Santiago\.m2\repository\com\google\auto\service\auto-service\1.0.1\auto-service-1.0.1.jar;C:\Users\Santiago\.m2\repository\com\google\auto\auto-common\1.2\auto-common-1.2.jar;C:\Users\Santiago\.m2\repository\org\seleniumhq\selenium\selenium-json\4.4.0\selenium-json-4.4.0.jar;C:\Users\Santiago\.m2\repository\org\seleniumhq\selenium\selenium-chrome-driver\4.4.0\selenium-chrome-driver-4.4.0.jar;C:\Users\Santiago\.m2\repository\org\seleniumhq\selenium\selenium-chromium-driver\4.4.0\selenium-chromium-driver-4.4.0.jar;C:\Users\Santiago\.m2\repository\org\seleniumhq\selenium\selenium-firefox-driver\4.4.0\selenium-firefox-driver-4.4.0.jar;C:\Users\Santiago\.m2\repository\org\seleniumhq\selenium\selenium-edge-driver\4.4.0\selenium-edge-driver-4.4.0.jar;C:\Users\Santiago\.m2\repository\org\seleniumhq\selenium\selenium-ie-driver\4.4.0\selenium-ie-driver-4.4.0.jar;C:\Users\Santiago\.m2\repository\org\projectlombok\lombok\1.18.20\lombok-1.18.20.jar;C:\Users\Santiago\.m2\repository\io\appium\java-client\8.1.1\java-client-8.1.1.jar;C:\Users\Santiago\.m2\repository\commons-validator\commons-validator\1.7\commons-validator-1.7.jar;C:\Users\Santiago\.m2\repository\commons-digester\commons-digester\2.1\commons-digester-2.1.jar;C:\Users\Santiago\.m2\repository\org\apache\groovy\groovy\4.0.1\groovy-4.0.1.jar;C:\Users\Santiago\.m2\repository\net\sf\opencsv\opencsv\2.0\opencsv-2.0.jar;C:\Users\Santiago\.m2\repository\commons-beanutils\commons-beanutils\1.9.4\commons-beanutils-1.9.4.jar;C:\Users\Santiago\.m2\repository\org\apache\commons\commons-lang3\3.12.0\commons-lang3-3.12.0.jar;C:\Users\Santiago\.m2\repository\commons-collections\commons-collections\3.2.2\commons-collections-3.2.2.jar;C:\Users\Santiago\.m2\repository\org\fluentlenium\fluentlenium-core\0.10.2\fluentlenium-core-0.10.2.jar;C:\Users\Santiago\.m2\repository\io\github\bonigarcia\webdrivermanager\5.2.1\webdrivermanager-5.2.1.jar;C:\Users\Santiago\.m2\repository\com\github\docker-java\docker-java\3.2.13\docker-java-3.2.13.jar;C:\Users\Santiago\.m2\repository\com\github\docker-java\docker-java-core\3.2.13\docker-java-core-3.2.13.jar;C:\Users\Santiago\.m2\repository\com\github\docker-java\docker-java-api\3.2.13\docker-java-api-3.2.13.jar;C:\Users\Santiago\.m2\repository\org\apache\commons\commons-compress\1.21\commons-compress-1.21.jar;C:\Users\Santiago\.m2\repository\org\bouncycastle\bcpkix-jdk15on\1.64\bcpkix-jdk15on-1.64.jar;C:\Users\Santiago\.m2\repository\org\bouncycastle\bcprov-jdk15on\1.64\bcprov-jdk15on-1.64.jar;C:\Users\Santiago\.m2\repository\org\slf4j\jcl-over-slf4j\1.7.30\jcl-over-slf4j-1.7.30.jar;C:\Users\Santiago\.m2\repository\com\github\docker-java\docker-java-transport-httpclient5\3.2.13\docker-java-transport-httpclient5-3.2.13.jar;C:\Users\Santiago\.m2\repository\com\github\docker-java\docker-java-transport\3.2.13\docker-java-transport-3.2.13.jar;C:\Users\Santiago\.m2\repository\net\java\dev\jna\jna\5.8.0\jna-5.8.0.jar;C:\Users\Santiago\.m2\repository\org\brotli\dec\0.1.2\dec-0.1.2.jar;C:\Users\Santiago\.m2\repository\org\apache\httpcomponents\client5\httpclient5\5.1.3\httpclient5-5.1.3.jar;C:\Users\Santiago\.m2\repository\org\apache\httpcomponents\core5\httpcore5\5.1.3\httpcore5-5.1.3.jar;C:\Users\Santiago\.m2\repository\org\apache\httpcomponents\core5\httpcore5-h2\5.1.3\httpcore5-h2-5.1.3.jar;C:\Users\Santiago\.m2\repository\com\jhlabs\filters\2.0.235\filters-2.0.235.jar;C:\Users\Santiago\.m2\repository\com\paulhammant\ngwebdriver\1.1.6\ngwebdriver-1.1.6.jar;C:\Users\Santiago\.m2\repository\joda-time\joda-time\2.8.2\joda-time-2.8.2.jar;C:\Users\Santiago\.m2\repository\org\hamcrest\hamcrest\2.2\hamcrest-2.2.jar;C:\Users\Santiago\.m2\repository\com\google\jimfs\jimfs\1.2\jimfs-1.2.jar;C:\Users\Santiago\.m2\repository\org\mockito\mockito-core\3.3.3\mockito-core-3.3.3.jar;C:\Users\Santiago\.m2\repository\javax\xml\bind\jaxb-api\2.3.1\jaxb-api-2.3.1.jar;C:\Users\Santiago\.m2\repository\javax\activation\javax.activation-api\1.2.0\javax.activation-api-1.2.0.jar;C:\Users\Santiago\.m2\repository\com\sun\xml\bind\jaxb-core\2.3.0.1\jaxb-core-2.3.0.1.jar;C:\Users\Santiago\.m2\repository\com\sun\xml\bind\jaxb-impl\2.3.3\jaxb-impl-2.3.3.jar;C:\Users\Santiago\.m2\repository\jakarta\xml\bind\jakarta.xml.bind-api\2.3.3\jakarta.xml.bind-api-2.3.3.jar;C:\Users\Santiago\.m2\repository\com\sun\activation\jakarta.activation\1.2.2\jakarta.activation-1.2.2.jar;C:\Users\Santiago\.m2\repository\javax\activation\activation\1.1.1\activation-1.1.1.jar;C:\Users\Santiago\.m2\repository\net\serenity-bdd\serenity-cucumber\3.3.4\serenity-cucumber-3.3.4.jar;C:\Users\Santiago\.m2\repository\io\cucumber\cucumber-core\7.4.1\cucumber-core-7.4.1.jar;C:\Users\Santiago\.m2\repository\io\cucumber\cucumber-gherkin\7.4.1\cucumber-gherkin-7.4.1.jar;C:\Users\Santiago\.m2\repository\io\cucumber\cucumber-gherkin-messages\7.4.1\cucumber-gherkin-messages-7.4.1.jar;C:\Users\Santiago\.m2\repository\io\cucumber\gherkin\23.0.1\gherkin-23.0.1.jar;C:\Users\Santiago\.m2\repository\io\cucumber\messages\18.0.0\messages-18.0.0.jar;C:\Users\Santiago\.m2\repository\io\cucumber\tag-expressions\4.1.0\tag-expressions-4.1.0.jar;C:\Users\Santiago\.m2\repository\io\cucumber\cucumber-expressions\16.0.0\cucumber-expressions-16.0.0.jar;C:\Users\Santiago\.m2\repository\io\cucumber\datatable\7.4.1\datatable-7.4.1.jar;C:\Users\Santiago\.m2\repository\io\cucumber\cucumber-plugin\7.4.1\cucumber-plugin-7.4.1.jar;C:\Users\Santiago\.m2\repository\io\cucumber\docstring\7.4.1\docstring-7.4.1.jar;C:\Users\Santiago\.m2\repository\io\cucumber\html-formatter\19.2.0\html-formatter-19.2.0.jar;C:\Users\Santiago\.m2\repository\io\cucumber\ci-environment\9.0.4\ci-environment-9.0.4.jar;C:\Users\Santiago\.m2\repository\io\cucumber\cucumber-java\7.4.1\cucumber-java-7.4.1.jar;C:\Users\Santiago\.m2\repository\io\cucumber\cucumber-junit\7.4.1\cucumber-junit-7.4.1.jar;C:\Users\Santiago\.m2\repository\org\apache\commons\commons-csv\1.5\commons-csv-1.5.jar;C:\Users\Santiago\.m2\repository\net\serenity-bdd\serenity-screenplay\3.3.4\serenity-screenplay-3.3.4.jar;C:\Users\Santiago\.m2\repository\net\serenity-bdd\serenity-screenplay-webdriver\3.3.4\serenity-screenplay-webdriver-3.3.4.jar;C:\Users\Santiago\.m2\repository\net\serenity-bdd\serenity-ensure\3.3.4\serenity-ensure-3.3.4.jar;C:\Users\Santiago\.m2\repository\net\serenity-bdd\serenity-junit\3.3.4\serenity-junit-3.3.4.jar;C:\Users\Santiago\.m2\repository\org\jetbrains\kotlin\kotlin-stdlib\1.7.10\kotlin-stdlib-1.7.10.jar;C:\Users\Santiago\.m2\repository\org\jetbrains\kotlin\kotlin-stdlib-common\1.7.10\kotlin-stdlib-common-1.7.10.jar;C:\Users\Santiago\.m2\repository\org\jetbrains\annotations\13.0\annotations-13.0.jar;C:\Users\Santiago\.m2\repository\org\junit\platform\junit-platform-launcher\1.8.2\junit-platform-launcher-1.8.2.jar;C:\Users\Santiago\.m2\repository\org\junit\platform\junit-platform-engine\1.8.2\junit-platform-engine-1.8.2.jar;C:\Users\Santiago\.m2\repository\org\opentest4j\opentest4j\1.2.0\opentest4j-1.2.0.jar;C:\Users\Santiago\.m2\repository\org\junit\platform\junit-platform-commons\1.8.2\junit-platform-commons-1.8.2.jar;C:\Users\Santiago\.m2\repository\org\apiguardian\apiguardian-api\1.1.2\apiguardian-api-1.1.2.jar;C:\Users\Santiago\.m2\repository\org\junit\jupiter\junit-jupiter-engine\5.8.2\junit-jupiter-engine-5.8.2.jar;C:\Users\Santiago\.m2\repository\org\junit\jupiter\junit-jupiter-api\5.8.2\junit-jupiter-api-5.8.2.jar;C:\Users\Santiago\.m2\repository\org\junit\vintage\junit-vintage-engine\5.8.2\junit-vintage-engine-5.8.2.jar;C:\Users\Santiago\.m2\repository\junit\junit\4.13.2\junit-4.13.2.jar;C:\Users\Santiago\.m2\repository\org\hamcrest\hamcrest-core\1.3\hamcrest-core-1.3.jar;C:\Users\Santiago\.m2\repository\ch\qos\logback\logback-classic\1.2.10\logback-classic-1.2.10.jar;C:\Users\Santiago\.m2\repository\ch\qos\logback\logback-core\1.2.10\logback-core-1.2.10.jar;C:\Users\Santiago\.m2\repository\org\slf4j\slf4j-api\1.7.32\slf4j-api-1.7.32.jar;C:\Users\Santiago\.m2\repository\org\assertj\assertj-core\3.23.1\assertj-core-3.23.1.jar;C:\Users\Santiago\.m2\repository\net\bytebuddy\byte-buddy\1.12.10\byte-buddy-1.12.10.jar;C:\Users\Santiago\.m2\repository\org\apache\maven\surefire\surefire-junit-platform\3.0.0-M5\surefire-junit-platform-3.0.0-M5.jar;C:\Users\Santiago\.m2\repository\org\apache\maven\surefire\common-java5\3.0.0-M5\common-java5-3.0.0-M5.jar"/>
    <property name="user.script" value=""/>
    <property name="java.protocol.handler.pkgs" value="com.google.common"/>
    <property name="sun.management.compiler" value="HotSpot 64-Bit Tiered Compilers"/>
    <property name="java.runtime.version" value="17.0.11+7-LTS-207"/>
    <property name="user.name" value="Santiago"/>
    <property name="path.separator" value=";"/>
    <property name="os.version" value="10.0"/>
    <property name="java.runtime.name" value="Java(TM) SE Runtime Environment"/>
    <property name="file.encoding" value="Cp1252"/>
    <property name="webdriver.base.url" value=""/>
    <property name="java.vm.name" value="Java HotSpot(TM) 64-Bit Server VM"/>
    <property name="localRepository" value="C:\Users\Santiago\.m2\repository"/>
    <property name="java.vendor.url.bug" value="https://bugreport.java.com/bugreport/"/>
    <property name="java.io.tmpdir" value="C:\Users\Santiago\AppData\Local\Temp\"/>
    <property name="java.version" value="17.0.11"/>
    <property name="user.dir" value="C:\Users\Santiago\Desktop\NTT-DATA\Challenge"/>
    <property name="os.arch" value="amd64"/>
    <property name="webdriver.gecko.driver" value="C:\Users\Santiago\.cache\selenium\geckodriver\win64\0.35.0-win\geckodriver.exe"/>
    <property name="java.vm.specification.name" value="Java Virtual Machine Specification"/>
    <property name="sun.os.patch.level" value=""/>
    <property name="native.encoding" value="Cp1252"/>
    <property name="java.library.path" value="C:\Program Files\Java\jdk-17\bin;C:\WINDOWS\Sun\Java\bin;C:\WINDOWS\system32;C:\WINDOWS;C:\Program Files\Eclipse Adoptium\jdk-8.0.352.8-hotspot\bin;C:\Program Files\Common Files\Oracle\Java\javapath;C:\Windows\system32;C:\Windows;C:\Windows\System32\Wbem;C:\Windows\System32\WindowsPowerShell\v1.0\;C:\Windows\System32\OpenSSH\;C:\Program Files (x86)\NVIDIA Corporation\PhysX\Common;C:\Program Files\NVIDIA Corporation\NVIDIA NvDLISR;C:\WINDOWS\system32;C:\WINDOWS;C:\WINDOWS\System32\Wbem;C:\WINDOWS\System32\WindowsPowerShell\v1.0\;C:\WINDOWS\System32\OpenSSH\;C:\Program Files\dotnet\;C:\Program Files\php-7.2.5;C:\WINDOWS\system32;C:\WINDOWS;C:\WINDOWS\System32\Wbem;C:\WINDOWS\System32\WindowsPowerShell\v1.0\;C:\WINDOWS\System32\OpenSSH\;C:\Program Files (x86)\dotnet\;C:\Program Files\Microsoft SQL Server\Client SDK\ODBC\130\Tools\Binn\;C:\Program Files (x86)\Microsoft SQL Server\140\Tools\Binn\;C:\Program Files\Microsoft SQL Server\140\Tools\Binn\;C:\Program Files\Microsoft SQL Server\140\DTS\Binn\;C:\Program Files\Git\cmd;E:\Program Files\nodejs\;C:\ProgramData\ComposerSetup\bin;C:\Users\Santiago\Downloads\apache-maven-3.9.9-bin\apache-maven-3.9.9\bin;C:\Users\Santiago\scoop\shims;C:\Users\Santiago\AppData\Local\Microsoft\WindowsApps;C:\Users\Santiago\AppData\Local\Programs\Microsoft VS Code\bin;C:\Users\Santiago\.dotnet\tools;E:\Programas\xampp\php;C:\Users\Santiago\AppData\Roaming\npm;C:\Users\Santiago\AppData\Roaming\Composer\vendor\bin;C:\Program Files\JetBrains\IntelliJ IDEA 2024.2.3\bin;;C:\Users\Santiago\Downloads\apache-maven-3.9.1\bin;C:\Program Files\Java\jdk-17\bin;;."/>
    <property name="java.vm.info" value="mixed mode"/>
    <property name="java.vendor" value="Oracle Corporation"/>
    <property name="java.vm.version" value="17.0.11+7-LTS-207"/>
    <property name="sun.io.unicode.encoding" value="UnicodeLittle"/>
    <property name="java.class.version" value="61.0"/>
  </properties>
  <testcase name="Successful purchase" classname="Sauce Demo purchase" time="14.485">
    <system-out><![CDATA[20:21:09.803 [main] DEBUG net.thucydides.core.guice.Injectors - Created injector for module net.thucydides.core.guice.ThucydidesModule
20:21:10.009 [main] INFO io.cucumber.core.plugin.SerenityReporter - Running feature from file:///C:/Users/Santiago/Desktop/NTT-DATA/Challenge/src/test/resources/features/login/login.feature
20:21:10.142 [main] DEBUG net.thucydides.core.guice.Injectors - Created injector for module net.thucydides.core.guice.webdriver.WebDriverModule
20:21:10.167 [main] INFO  - 

-------------------------------------------------------------------------------------
     _______. _______ .______       _______ .__   __.  __  .___________.____    ____ 
    /       ||   ____||   _  \     |   ____||  \ |  | |  | |           |\   \  /   / 
   |   (----`|  |__   |  |_)  |    |  |__   |   \|  | |  | `---|  |----` \   \/   /  
    \   \    |   __|  |      /     |   __|  |  . `  | |  |     |  |       \_    _/   
.----)   |   |  |____ |  |\  \----.|  |____ |  |\   | |  |     |  |         |  |     
|_______/    |_______|| _| `._____||_______||__| \__| |__|     |__|         |__|    
                                                                                     
 News and tutorials at http://www.serenity-bdd.info                                  
 Documentation at https://wakaleo.gitbooks.io/the-serenity-book/content/             
 Join the Serenity Community on Gitter: https://gitter.im/serenity-bdd/serenity-core 
 Serenity BDD Support and Training at http://serenity-bdd.info/#/trainingandsupport  
-------------------------------------------------------------------------------------

20:21:10.169 [main] DEBUG net.thucydides.core.steps.StepEventBus - Test suite started for story net.thucydides.core.model.Story@bf3ec4c4
20:21:10.171 [main] INFO  - Test Suite Started: Sauce Demo purchase
20:21:10.185 [main] INFO io.cucumber.core.plugin.SerenityReporter - Running feature from file:///C:/Users/Santiago/Desktop/NTT-DATA/Challenge/src/test/resources/features/login/login.feature
20:21:10.188 [main] DEBUG net.thucydides.core.steps.StepEventBus - Test suite started for story net.thucydides.core.model.Story@bf3ec4c4
20:21:10.189 [main] INFO  - Test Suite Started: Sauce Demo purchase
20:21:10.256 [main] INFO io.cucumber.core.plugin.SerenityReporter - Running feature from file:///C:/Users/Santiago/Desktop/NTT-DATA/Challenge/src/test/resources/features/login/login.feature
20:21:10.338 [main] INFO  - 
  _____   ___   ___   _____     ___   _____     _     ___   _____   ___   ___  
 |_   _| | __| / __| |_   _|   / __| |_   _|   /_\   | _ \ |_   _| | __| |   \ 
   | |   | _|  \__ \   | |     \__ \   | |    / _ \  |   /   | |   | _|  | |) |
   |_|   |___| |___/   |_|     |___/   |_|   /_/ \_\ |_|_\   |_|   |___| |___/ 

Successful purchase(sauce-demo-purchase;successful-purchase)
--------------------------------------------------------------------------------
standard_user has an active account
20:21:10.795 [main] DEBUG net.thucydides.core.steps.StepInterceptor - STARTING STEP: LoginStepDefinitions.sendsTheirValidCredentials - !#title
20:21:10.811 [main] DEBUG net.thucydides.core.steps.StepInterceptor - STARTING STEP: LoginStepDefinitions.sendsTheirValidCredentials - {0} opens the #targetPageName
20:21:10.833 [main] INFO net.serenitybdd.core.webdriver.driverproviders.DriverProvider - Using WebDriverManager configuration for firefox
20:21:11.092 [main] DEBUG org.apache.hc.client5.http.impl.classic.InternalHttpClient - ex-0000000001 preparing request execution
20:21:11.096 [main] DEBUG org.apache.hc.client5.http.protocol.RequestAddCookies - ex-0000000001 Cookie spec selected: strict
20:21:11.100 [main] DEBUG org.apache.hc.client5.http.protocol.RequestAuthCache - ex-0000000001 Auth cache not set in the context
20:21:11.100 [main] DEBUG org.apache.hc.client5.http.impl.classic.ProtocolExec - ex-0000000001 target auth state: UNCHALLENGED
20:21:11.100 [main] DEBUG org.apache.hc.client5.http.impl.classic.ProtocolExec - ex-0000000001 proxy auth state: UNCHALLENGED
20:21:11.100 [main] DEBUG org.apache.hc.client5.http.impl.classic.ConnectExec - ex-0000000001 acquiring connection with route {s}->https://raw.githubusercontent.com:443
20:21:11.100 [main] DEBUG org.apache.hc.client5.http.impl.classic.InternalHttpClient - ex-0000000001 acquiring endpoint (3 MINUTES)
20:21:11.102 [main] DEBUG org.apache.hc.client5.http.impl.io.PoolingHttpClientConnectionManager - ex-0000000001 endpoint lease request (3 MINUTES) [route: {s}->https://raw.githubusercontent.com:443][total available: 0; route allocated: 0 of 5; total allocated: 0 of 25]
20:21:11.104 [main] DEBUG org.apache.hc.client5.http.impl.io.PoolingHttpClientConnectionManager - ex-0000000001 endpoint leased [route: {s}->https://raw.githubusercontent.com:443][total available: 0; route allocated: 1 of 5; total allocated: 1 of 25]
20:21:11.110 [main] DEBUG org.apache.hc.client5.http.impl.io.PoolingHttpClientConnectionManager - ex-0000000001 acquired ep-0000000000
20:21:11.110 [main] DEBUG org.apache.hc.client5.http.impl.classic.InternalHttpClient - ex-0000000001 acquired endpoint ep-0000000000
20:21:11.110 [main] DEBUG org.apache.hc.client5.http.impl.classic.ConnectExec - ex-0000000001 opening connection {s}->https://raw.githubusercontent.com:443
20:21:11.110 [main] DEBUG org.apache.hc.client5.http.impl.classic.InternalHttpClient - ep-0000000000 connecting endpoint (30 SECONDS)
20:21:11.110 [main] DEBUG org.apache.hc.client5.http.impl.io.PoolingHttpClientConnectionManager - ep-0000000000 connecting endpoint to https://raw.githubusercontent.com:443 (30 SECONDS)
20:21:11.121 [main] DEBUG org.apache.hc.client5.http.impl.io.DefaultHttpClientConnectionOperator - http-outgoing-0 connecting to raw.githubusercontent.com/185.199.109.133:443
20:21:11.121 [main] DEBUG org.apache.hc.client5.http.ssl.SSLConnectionSocketFactory - Connecting socket to raw.githubusercontent.com/185.199.109.133:443 with timeout 30 SECONDS
20:21:11.195 [main] DEBUG org.apache.hc.client5.http.ssl.SSLConnectionSocketFactory - Enabled protocols: [TLSv1.3, TLSv1.2]
20:21:11.195 [main] DEBUG org.apache.hc.client5.http.ssl.SSLConnectionSocketFactory - Enabled cipher suites: [TLS_AES_256_GCM_SHA384, TLS_AES_128_GCM_SHA256, TLS_CHACHA20_POLY1305_SHA256, TLS_ECDHE_ECDSA_WITH_AES_256_GCM_SHA384, TLS_ECDHE_ECDSA_WITH_AES_128_GCM_SHA256, TLS_ECDHE_ECDSA_WITH_CHACHA20_POLY1305_SHA256, TLS_ECDHE_RSA_WITH_AES_256_GCM_SHA384, TLS_ECDHE_RSA_WITH_CHACHA20_POLY1305_SHA256, TLS_ECDHE_RSA_WITH_AES_128_GCM_SHA256, TLS_DHE_RSA_WITH_AES_256_GCM_SHA384, TLS_DHE_RSA_WITH_CHACHA20_POLY1305_SHA256, TLS_DHE_DSS_WITH_AES_256_GCM_SHA384, TLS_DHE_RSA_WITH_AES_128_GCM_SHA256, TLS_DHE_DSS_WITH_AES_128_GCM_SHA256, TLS_ECDHE_ECDSA_WITH_AES_256_CBC_SHA384, TLS_ECDHE_RSA_WITH_AES_256_CBC_SHA384, TLS_ECDHE_ECDSA_WITH_AES_128_CBC_SHA256, TLS_ECDHE_RSA_WITH_AES_128_CBC_SHA256, TLS_DHE_RSA_WITH_AES_256_CBC_SHA256, TLS_DHE_DSS_WITH_AES_256_CBC_SHA256, TLS_DHE_RSA_WITH_AES_128_CBC_SHA256, TLS_DHE_DSS_WITH_AES_128_CBC_SHA256, TLS_ECDH_ECDSA_WITH_AES_256_GCM_SHA384, TLS_ECDH_RSA_WITH_AES_256_GCM_SHA384, TLS_ECDH_ECDSA_WITH_AES_128_GCM_SHA256, TLS_ECDH_RSA_WITH_AES_128_GCM_SHA256, TLS_ECDH_ECDSA_WITH_AES_256_CBC_SHA384, TLS_ECDH_RSA_WITH_AES_256_CBC_SHA384, TLS_ECDH_ECDSA_WITH_AES_128_CBC_SHA256, TLS_ECDH_RSA_WITH_AES_128_CBC_SHA256, TLS_ECDHE_ECDSA_WITH_AES_256_CBC_SHA, TLS_ECDHE_RSA_WITH_AES_256_CBC_SHA, TLS_ECDHE_ECDSA_WITH_AES_128_CBC_SHA, TLS_ECDHE_RSA_WITH_AES_128_CBC_SHA, TLS_DHE_RSA_WITH_AES_256_CBC_SHA, TLS_DHE_DSS_WITH_AES_256_CBC_SHA, TLS_DHE_RSA_WITH_AES_128_CBC_SHA, TLS_DHE_DSS_WITH_AES_128_CBC_SHA, TLS_ECDH_ECDSA_WITH_AES_256_CBC_SHA, TLS_ECDH_RSA_WITH_AES_256_CBC_SHA, TLS_ECDH_ECDSA_WITH_AES_128_CBC_SHA, TLS_ECDH_RSA_WITH_AES_128_CBC_SHA, TLS_RSA_WITH_AES_256_GCM_SHA384, TLS_RSA_WITH_AES_128_GCM_SHA256, TLS_RSA_WITH_AES_256_CBC_SHA256, TLS_RSA_WITH_AES_128_CBC_SHA256, TLS_RSA_WITH_AES_256_CBC_SHA, TLS_RSA_WITH_AES_128_CBC_SHA, TLS_EMPTY_RENEGOTIATION_INFO_SCSV]
20:21:11.195 [main] DEBUG org.apache.hc.client5.http.ssl.SSLConnectionSocketFactory - Starting handshake
20:21:11.297 [main] DEBUG org.apache.hc.client5.http.ssl.SSLConnectionSocketFactory - Secure session established
20:21:11.297 [main] DEBUG org.apache.hc.client5.http.ssl.SSLConnectionSocketFactory -  negotiated protocol: TLSv1.3
20:21:11.297 [main] DEBUG org.apache.hc.client5.http.ssl.SSLConnectionSocketFactory -  negotiated cipher suite: TLS_AES_128_GCM_SHA256
20:21:11.297 [main] DEBUG org.apache.hc.client5.http.ssl.SSLConnectionSocketFactory -  peer principal: CN=*.github.io, O="GitHub, Inc.", L=San Francisco, ST=California, C=US
20:21:11.298 [main] DEBUG org.apache.hc.client5.http.ssl.SSLConnectionSocketFactory -  peer alternative names: [*.github.io, github.io, githubusercontent.com, www.github.com, *.github.com, *.githubusercontent.com, github.com]
20:21:11.298 [main] DEBUG org.apache.hc.client5.http.ssl.SSLConnectionSocketFactory -  issuer principal: CN=DigiCert Global G2 TLS RSA SHA256 2020 CA1, O=DigiCert Inc, C=US
20:21:11.299 [main] DEBUG org.apache.hc.client5.http.impl.io.DefaultHttpClientConnectionOperator - http-outgoing-0 connection established 192.168.0.108:56148<->185.199.109.133:443
20:21:11.299 [main] DEBUG org.apache.hc.client5.http.impl.io.PoolingHttpClientConnectionManager - ep-0000000000 connected http-outgoing-0
20:21:11.299 [main] DEBUG org.apache.hc.client5.http.impl.classic.InternalHttpClient - ep-0000000000 endpoint connected
20:21:11.299 [main] DEBUG org.apache.hc.client5.http.impl.classic.MainClientExec - ex-0000000001 executing GET /bonigarcia/webdrivermanager/master/src/main/resources/commands.properties HTTP/1.1
20:21:11.300 [main] DEBUG org.apache.hc.client5.http.impl.classic.InternalHttpClient - ep-0000000000 start execution ex-0000000001
20:21:11.300 [main] DEBUG org.apache.hc.client5.http.impl.io.PoolingHttpClientConnectionManager - ep-0000000000 executing exchange ex-0000000001 over http-outgoing-0
20:21:11.300 [main] DEBUG org.apache.hc.client5.http.headers - http-outgoing-0 >> GET /bonigarcia/webdrivermanager/master/src/main/resources/commands.properties HTTP/1.1
20:21:11.300 [main] DEBUG org.apache.hc.client5.http.headers - http-outgoing-0 >> user-agent: Apache-HttpClient/5.0
20:21:11.300 [main] DEBUG org.apache.hc.client5.http.headers - http-outgoing-0 >> accept-encoding: gzip, deflate, br
20:21:11.300 [main] DEBUG org.apache.hc.client5.http.headers - http-outgoing-0 >> cache-control: max-age=0
20:21:11.300 [main] DEBUG org.apache.hc.client5.http.headers - http-outgoing-0 >> connection: keep-alive
20:21:11.300 [main] DEBUG org.apache.hc.client5.http.headers - http-outgoing-0 >> Host: raw.githubusercontent.com
20:21:11.300 [main] DEBUG org.apache.hc.client5.http.wire - http-outgoing-0 >> "GET /bonigarcia/webdrivermanager/master/src/main/resources/commands.properties HTTP/1.1[\r][\n]"
20:21:11.300 [main] DEBUG org.apache.hc.client5.http.wire - http-outgoing-0 >> "user-agent: Apache-HttpClient/5.0[\r][\n]"
20:21:11.300 [main] DEBUG org.apache.hc.client5.http.wire - http-outgoing-0 >> "accept-encoding: gzip, deflate, br[\r][\n]"
20:21:11.300 [main] DEBUG org.apache.hc.client5.http.wire - http-outgoing-0 >> "cache-control: max-age=0[\r][\n]"
20:21:11.300 [main] DEBUG org.apache.hc.client5.http.wire - http-outgoing-0 >> "connection: keep-alive[\r][\n]"
20:21:11.300 [main] DEBUG org.apache.hc.client5.http.wire - http-outgoing-0 >> "Host: raw.githubusercontent.com[\r][\n]"
20:21:11.300 [main] DEBUG org.apache.hc.client5.http.wire - http-outgoing-0 >> "[\r][\n]"
20:21:11.405 [main] DEBUG org.apache.hc.client5.http.wire - http-outgoing-0 << "HTTP/1.1 200 OK[\r][\n]"
20:21:11.405 [main] DEBUG org.apache.hc.client5.http.wire - http-outgoing-0 << "Connection: keep-alive[\r][\n]"
20:21:11.405 [main] DEBUG org.apache.hc.client5.http.wire - http-outgoing-0 << "Content-Length: 745[\r][\n]"
20:21:11.405 [main] DEBUG org.apache.hc.client5.http.wire - http-outgoing-0 << "Cache-Control: max-age=300[\r][\n]"
20:21:11.405 [main] DEBUG org.apache.hc.client5.http.wire - http-outgoing-0 << "Content-Security-Policy: default-src 'none'; style-src 'unsafe-inline'; sandbox[\r][\n]"
20:21:11.405 [main] DEBUG org.apache.hc.client5.http.wire - http-outgoing-0 << "Content-Type: text/plain; charset=utf-8[\r][\n]"
20:21:11.405 [main] DEBUG org.apache.hc.client5.http.wire - http-outgoing-0 << "ETag: W/"dd41edff335272162022217759820159dac501cff56850e2510f504462cd9b5f"[\r][\n]"
20:21:11.406 [main] DEBUG org.apache.hc.client5.http.wire - http-outgoing-0 << "Strict-Transport-Security: max-age=31536000[\r][\n]"
20:21:11.406 [main] DEBUG org.apache.hc.client5.http.wire - http-outgoing-0 << "X-Content-Type-Options: nosniff[\r][\n]"
20:21:11.406 [main] DEBUG org.apache.hc.client5.http.wire - http-outgoing-0 << "X-Frame-Options: deny[\r][\n]"
20:21:11.406 [main] DEBUG org.apache.hc.client5.http.wire - http-outgoing-0 << "X-XSS-Protection: 1; mode=block[\r][\n]"
20:21:11.406 [main] DEBUG org.apache.hc.client5.http.wire - http-outgoing-0 << "X-GitHub-Request-Id: 88DC:1843F4:A0915B:ADF4A9:66FFCB50[\r][\n]"
20:21:11.406 [main] DEBUG org.apache.hc.client5.http.wire - http-outgoing-0 << "Content-Encoding: gzip[\r][\n]"
20:21:11.406 [main] DEBUG org.apache.hc.client5.http.wire - http-outgoing-0 << "Accept-Ranges: bytes[\r][\n]"
20:21:11.406 [main] DEBUG org.apache.hc.client5.http.wire - http-outgoing-0 << "Date: Sun, 06 Oct 2024 01:21:14 GMT[\r][\n]"
20:21:11.406 [main] DEBUG org.apache.hc.client5.http.wire - http-outgoing-0 << "Via: 1.1 varnish[\r][\n]"
20:21:11.406 [main] DEBUG org.apache.hc.client5.http.wire - http-outgoing-0 << "X-Served-By: cache-bog2260029-BOG[\r][\n]"
20:21:11.406 [main] DEBUG org.apache.hc.client5.http.wire - http-outgoing-0 << "X-Cache: HIT[\r][\n]"
20:21:11.407 [main] DEBUG org.apache.hc.client5.http.wire - http-outgoing-0 << "X-Cache-Hits: 0[\r][\n]"
20:21:11.407 [main] DEBUG org.apache.hc.client5.http.wire - http-outgoing-0 << "X-Timer: S1728177675.667482,VS0,VE80[\r][\n]"
20:21:11.407 [main] DEBUG org.apache.hc.client5.http.wire - http-outgoing-0 << "Vary: Authorization,Accept-Encoding,Origin[\r][\n]"
20:21:11.407 [main] DEBUG org.apache.hc.client5.http.wire - http-outgoing-0 << "Access-Control-Allow-Origin: *[\r][\n]"
20:21:11.407 [main] DEBUG org.apache.hc.client5.http.wire - http-outgoing-0 << "Cross-Origin-Resource-Policy: cross-origin[\r][\n]"
20:21:11.407 [main] DEBUG org.apache.hc.client5.http.wire - http-outgoing-0 << "X-Fastly-Request-ID: ce11478ea47b3e091aca4984b9974999703c8afa[\r][\n]"
20:21:11.407 [main] DEBUG org.apache.hc.client5.http.wire - http-outgoing-0 << "Expires: Sun, 06 Oct 2024 01:26:14 GMT[\r][\n]"
20:21:11.407 [main] DEBUG org.apache.hc.client5.http.wire - http-outgoing-0 << "Source-Age: 0[\r][\n]"
20:21:11.407 [main] DEBUG org.apache.hc.client5.http.wire - http-outgoing-0 << "[\r][\n]"
20:21:11.409 [main] DEBUG org.apache.hc.client5.http.headers - http-outgoing-0 << HTTP/1.1 200 OK
20:21:11.409 [main] DEBUG org.apache.hc.client5.http.headers - http-outgoing-0 << Connection: keep-alive
20:21:11.409 [main] DEBUG org.apache.hc.client5.http.headers - http-outgoing-0 << Content-Length: 745
20:21:11.409 [main] DEBUG org.apache.hc.client5.http.headers - http-outgoing-0 << Cache-Control: max-age=300
20:21:11.409 [main] DEBUG org.apache.hc.client5.http.headers - http-outgoing-0 << Content-Security-Policy: default-src 'none'; style-src 'unsafe-inline'; sandbox
20:21:11.409 [main] DEBUG org.apache.hc.client5.http.headers - http-outgoing-0 << Content-Type: text/plain; charset=utf-8
20:21:11.410 [main] DEBUG org.apache.hc.client5.http.headers - http-outgoing-0 << ETag: W/"dd41edff335272162022217759820159dac501cff56850e2510f504462cd9b5f"
20:21:11.410 [main] DEBUG org.apache.hc.client5.http.headers - http-outgoing-0 << Strict-Transport-Security: max-age=31536000
20:21:11.410 [main] DEBUG org.apache.hc.client5.http.headers - http-outgoing-0 << X-Content-Type-Options: nosniff
20:21:11.410 [main] DEBUG org.apache.hc.client5.http.headers - http-outgoing-0 << X-Frame-Options: deny
20:21:11.410 [main] DEBUG org.apache.hc.client5.http.headers - http-outgoing-0 << X-XSS-Protection: 1; mode=block
20:21:11.410 [main] DEBUG org.apache.hc.client5.http.headers - http-outgoing-0 << X-GitHub-Request-Id: 88DC:1843F4:A0915B:ADF4A9:66FFCB50
20:21:11.410 [main] DEBUG org.apache.hc.client5.http.headers - http-outgoing-0 << Content-Encoding: gzip
20:21:11.410 [main] DEBUG org.apache.hc.client5.http.headers - http-outgoing-0 << Accept-Ranges: bytes
20:21:11.410 [main] DEBUG org.apache.hc.client5.http.headers - http-outgoing-0 << Date: Sun, 06 Oct 2024 01:21:14 GMT
20:21:11.410 [main] DEBUG org.apache.hc.client5.http.headers - http-outgoing-0 << Via: 1.1 varnish
20:21:11.410 [main] DEBUG org.apache.hc.client5.http.headers - http-outgoing-0 << X-Served-By: cache-bog2260029-BOG
20:21:11.410 [main] DEBUG org.apache.hc.client5.http.headers - http-outgoing-0 << X-Cache: HIT
20:21:11.410 [main] DEBUG org.apache.hc.client5.http.headers - http-outgoing-0 << X-Cache-Hits: 0
20:21:11.410 [main] DEBUG org.apache.hc.client5.http.headers - http-outgoing-0 << X-Timer: S1728177675.667482,VS0,VE80
20:21:11.410 [main] DEBUG org.apache.hc.client5.http.headers - http-outgoing-0 << Vary: Authorization,Accept-Encoding,Origin
20:21:11.410 [main] DEBUG org.apache.hc.client5.http.headers - http-outgoing-0 << Access-Control-Allow-Origin: *
20:21:11.410 [main] DEBUG org.apache.hc.client5.http.headers - http-outgoing-0 << Cross-Origin-Resource-Policy: cross-origin
20:21:11.410 [main] DEBUG org.apache.hc.client5.http.headers - http-outgoing-0 << X-Fastly-Request-ID: ce11478ea47b3e091aca4984b9974999703c8afa
20:21:11.410 [main] DEBUG org.apache.hc.client5.http.headers - http-outgoing-0 << Expires: Sun, 06 Oct 2024 01:26:14 GMT
20:21:11.410 [main] DEBUG org.apache.hc.client5.http.headers - http-outgoing-0 << Source-Age: 0
20:21:11.413 [main] DEBUG org.apache.hc.client5.http.impl.classic.MainClientExec - ex-0000000001 connection can be kept alive for 3 MINUTES
20:21:11.416 [main] DEBUG org.apache.hc.client5.http.wire - http-outgoing-0 << "[0x1f][0xffffff8b][0x8][0x0][0x0][0x0][0x0][0x0][0x0][0x3][0xffffffb5]W]o[0xffffffda]0[0x14]}[0xffffffe7]W\QUj% [0x1b][0xffffffad][0xffffffa6]i[0x12][0xf]4c[0xffffffdd]4*[0x18][0xffffffb4][0xffffffdd]&[0xfffffff9][0xffffffc5]$N[0xffffffb0][0xffffff94][0xffffffd8][0xffffffc8]NJ[0xffffffb7]_?[0xffffffdb][0xfffffff9]X[0xffffff92]:[0xffffffa3]k[0xffffffe8][0x1b][0xffffffb6][0xffffffef]=[0xffffffe7][0xffffffd8][0xfffffff7][0xffffffe4][0xffffffda][0xffffff9c][0xffffff80][0xffffffcb][0xffffffe3][0x18]3_[0xffffff82][0xffffff8f][0x13][0xffffffbc][0xffffffc1][0xffffff92][0xfffffff4]N[0xffffffe0]vK%[0x4]4"[0xffffffe0]q[0xffffff96]`[0xffffffca]$$[=[0xffffffc8]C[0x13][0xe][0x1b][0x2][0xffffffe4][0xffffff91]xiB|[0xffffffa0][0xffffffcc],[0xffffffcb]-[0xffffff89]"=[0xffffffe0][0xffffffc2]'B[0x7][0xfffffff9]$!^b[0x16][0x1f][0xffffff88][0xffffff90][0xffffff94][0xffffffab][0xffffffb5][0x0][0xffffff88][0xfffffffa][0x1d][\n]"
20:21:11.416 [main] DEBUG org.apache.hc.client5.http.wire - http-outgoing-0 << "B[0x18]l[0x4][0xffffffdf]K[0xffffffb5][0xffffffa0]([0xffffffcf][0xffffffdc][0xffffffad][0xffffffe0]1[0x19][0xffffffc0]'*H[0xffffffc0][0x1f][0x7][0xffffffb0][0xffffffd8][0x11][0xffffff81][0x7]0[0xfffffff3]C5kVi[0x1a][0xffffff9f]k|[0xffffff9f][0x6][0x1][0x11][0xffffff84]%[0xffffffc0]uLBY[0x8][0xfffffff2][0xffffff97]LH,[0xffffffe1][0xffffffec];e[0xffffffbe]B[0x1d][0xffffffc0][0xffffff9c][0xffffffb2]T[0xffffffc1][0xffffffdc]`[0xf][0x16][0xffffffeb][0xfffffff3][0xffffff9e][0xffffffe2][0xffffffc8](z[0xfffffff9]6F[0xffffff9e][0x19][0xffffff8e][0xfffffff6]Y[0xffffffc2][0xffffffe8][0xffffffcd][0xffffffdb][0xffffff89][0x17][0xfffffffb]#[0xffffffb5]+p\[0xffffffd8][0xffffffc7][0xffffffd4]3Gb[0xffffff8e]a[0xffffffbf]U|[0xffffffc0]pL&[0xfffffffd][0xffffffd3][0xffffffe5]jq[0xffffffbd][0xffffff9a][0xffffffde]|[0xfffffffa]2[0xffffff9f][0xffffffad]?[0xffffffa0][0x9]B[0xffffffa7][0x8]]s[0x1e]F[0x4][0xffffffa1][0xffffff8c][0x2][0xffffffa1][0xffffffe9]n[0x17]QOI[0xffffffe3][0xc][0xffffffa1][0xffffff9c]H![0xfffffff7]!$[0x9][0xffffffdc][0xffffffe7]g[0xffffffe1]<[0xffffffe0](m[0xffffffd7]3~[0xffffff81][0xffffff9e][0xffffffb3][0x1f][0xffffffef][0xffffffdf][0xffffff9d][0xffffffbf][0xffffffa6][0xffffffa8][0xffffff8b]g[0xffffff8a][0xffffff9a]/[0xffffffdc][0xffffffe9]|[0xffffffba]\~[0xffffff9c][0xffffffde]N_S[0xffffffcf][0xffffffe5]d5[0xffffffbb][0xffffff86]ow[0xffffffb3][0xffffffd5]O[0xfffffff8][0xfffffffc][0xffffffd5][0xffffffbd]Ck[0x1e]${,H[0xffffffc1][0xffffff96][0xffffff93]][0xffffffcd][0xffffffaf][0x8][0xfffffff6][0xc]^[0xffffffe1][0xffffffc5]^[0x13]4[0xffffffd2][0xffffff8e][0xffffffd1]>pR)[0xffffff9c][\r]eNh0[0xffffff86][0xffffffd9]:[0xc][0xffffff87]E[0xffffffa6]=q<i[0xffffff8b]o&[0xffffffc4][0xffffffd8]3<[0xffffff95][0x13][0xffffff90]N&8w[0xffffffe9][0x8][0xffffffef]v[0xffffff8e][0xffffffab][0xffffffbe]>es[0xffffffe9]([0x13]/[0xffffffd6][0xfffffff5][0xffffff80]*[0xffffffba][0xfffffff2]v[0xfffffffe][0xffffffd9][0xffffff94]DA6>[0xffffff8e][0xffffffbb]o[0xfffffff8]o[0x1a]E[0xffffffb8] A[0xffffffa8]@?T[0xffffffad]'*:{[0xfffffffa]xR.*[0xffffffce][0xffffffe9][0xffffffd7][0xffffffad][0xffffff93][0xffffff93]4[0xffffffc9][0xfffffffa][0xffffffda]<n*t[0xffffffeb][0xffffffb9]oV[0xffffffb6][0xffffffc0]/M[0xffffff94]O[0xffffffc0][0xfffffff0][0xffffffe1]i[0xffffff90][0xffffffb5][0xfffffffe]9[0xffffff8b][0xffffffad][0xfffffff2]U,Ul[0xffffffdd][0x13]KL[0xffffffa2][0x6][0xffffffdd][0xffffffca]\?`[0xffffffea][0x9].[0xffffffd5]I [0xffffffa4]i[0x1a]_i,[\r][0xffffffdd][0xffffffa1][0xffffffc3][0xffffffae]kzI[0xffffffd1]_Q[0xffffffce]Ek[0xffffffcb][0xfffffff8]Kf[0xffffffb8][0xfffffffe][0xffffffd9]3[0xc][0xffffffe6][0xffffffd3][0xffffff8e][0x11][0x17][0x10]C[0x1d]`i[0x19][0xffffffd5][0xffffffbc][0xfffffff1][0xffffffa4]5[0xffffffbc][0x1e]o[0xfffffff5]K[0xffffffa9][0xffffffd6][0xfffffff8][0xffffffc1]f[0xffffff9b]z[0x4][0xffffffd4][0x1a][0xffffff86][0xffffffb9]^K[0x16]s[0xffffff91][0xfffffffe][0xffffffbf][0xffffff8b]l]~)x(p,[0x11]2[0x14][0x8]E8e[0xffffff9e][0xffffffca]:X[0xffffffa6][0xffffff86][0xffffff88].[0xffffffb6]9[0xffffff9a][0xffffff88].[0xfffffff7]]G[0xffffffea][0xffffffcb][0xe][0xfffffffb][0x7f].u[0xffffff83][0xffffffbb][0xfffffff4][0xffffffb3][0x19][0xffffffda][0xffffffec][0xffffff98][0xffffffc5]Y[0xfffffffd]h8m6\4[0xffffffc1][0xffffff8a][0xffffffb7][0xffffff98]z[0xffffffd0][0xffffffd5]oF5q[0x1c][0x13][0x16][0xfffffff0][0x1d][0x1e][0x19]5-[0xffffff9d][0xffffffef][0xffffffad]c[0xb]z[0xffffffae]/m[0xffffffe6]8[0xffffffb6][0xffffff96][0xfffffff6]7X[0xffffffc9]t[0xfffffff8][0xfffffff9][0xffffffa5][0x11]K[0xfffffffb][0x15]3[0xffffffc3][0xfffffffc][0x1f]B[0xffffffdb][0xffffffd3][0xffffffab][0xffffff92]4.[0xffffff93]Z[0xffffffdf]]:[0xffffffda][0xffffffea][0xffffffdc]B[0xffffffa6][0xffffffcd][0xffffffbc][0xffffffae][0x5][0xfffffff5][0x4][0xffffffd6]8[0xffffffc0][0xffffff82][0xffffff96][0xfffffff0][0xffffffd2][0xc][0xffffffed][0xffffffe0]Y[0xffffffa8][\r]:[[0xffffffa9][0x0][0xffffffff][0x1][0xfffffff8][0x15][0xffffffb4][0xffffffee][0xffffff8e][\r][0x0][0x0]"
20:21:11.417 [main] DEBUG org.apache.hc.client5.http.impl.classic.InternalHttpClient - ep-0000000000 releasing valid endpoint
20:21:11.417 [main] DEBUG org.apache.hc.client5.http.impl.io.PoolingHttpClientConnectionManager - ep-0000000000 releasing endpoint
20:21:11.417 [main] DEBUG org.apache.hc.client5.http.impl.io.PoolingHttpClientConnectionManager - ep-0000000000 connection http-outgoing-0 can be kept alive for 3 MINUTES
20:21:11.418 [main] DEBUG org.apache.hc.client5.http.impl.io.PoolingHttpClientConnectionManager - ep-0000000000 connection released [route: {s}->https://raw.githubusercontent.com:443][total available: 1; route allocated: 1 of 5; total allocated: 1 of 25]
20:21:11.418 [main] DEBUG io.github.bonigarcia.wdm.versions.VersionDetector - Detecting firefox version using online commands.properties
20:21:11.419 [main] DEBUG io.github.bonigarcia.wdm.versions.Shell - Running command on the shell: [cmd.exe, /C, wmic, datafile, where, name="%PROGRAMFILES:\=\\%\\Mozilla, Firefox\\firefox.exe", get, Version, /value]
20:21:11.549 [main] DEBUG io.github.bonigarcia.wdm.versions.Shell - Result: Version=130.0.1.967
20:21:11.550 [main] DEBUG io.github.bonigarcia.wdm.versions.VersionDetector - Getting driver version for firefox130 from online versions.properties
20:21:11.551 [main] DEBUG org.apache.hc.client5.http.impl.classic.InternalHttpClient - ex-0000000002 preparing request execution
20:21:11.551 [main] DEBUG org.apache.hc.client5.http.protocol.RequestAddCookies - ex-0000000002 Cookie spec selected: strict
20:21:11.551 [main] DEBUG org.apache.hc.client5.http.protocol.RequestAuthCache - ex-0000000002 Auth cache not set in the context
20:21:11.551 [main] DEBUG org.apache.hc.client5.http.impl.classic.ProtocolExec - ex-0000000002 target auth state: UNCHALLENGED
20:21:11.551 [main] DEBUG org.apache.hc.client5.http.impl.classic.ProtocolExec - ex-0000000002 proxy auth state: UNCHALLENGED
20:21:11.551 [main] DEBUG org.apache.hc.client5.http.impl.classic.ConnectExec - ex-0000000002 acquiring connection with route {s}->https://raw.githubusercontent.com:443
20:21:11.551 [main] DEBUG org.apache.hc.client5.http.impl.classic.InternalHttpClient - ex-0000000002 acquiring endpoint (3 MINUTES)
20:21:11.551 [main] DEBUG org.apache.hc.client5.http.impl.io.PoolingHttpClientConnectionManager - ex-0000000002 endpoint lease request (3 MINUTES) [route: {s}->https://raw.githubusercontent.com:443][total available: 1; route allocated: 1 of 5; total allocated: 1 of 25]
20:21:11.551 [main] DEBUG org.apache.hc.client5.http.impl.io.PoolingHttpClientConnectionManager - ex-0000000002 endpoint leased [route: {s}->https://raw.githubusercontent.com:443][total available: 0; route allocated: 1 of 5; total allocated: 1 of 25]
20:21:11.551 [main] DEBUG org.apache.hc.client5.http.impl.io.PoolingHttpClientConnectionManager - ex-0000000002 acquired ep-0000000001
20:21:11.551 [main] DEBUG org.apache.hc.client5.http.impl.classic.InternalHttpClient - ex-0000000002 acquired endpoint ep-0000000001
20:21:11.551 [main] DEBUG org.apache.hc.client5.http.impl.classic.MainClientExec - ex-0000000002 executing GET /bonigarcia/webdrivermanager/master/src/main/resources/versions.properties HTTP/1.1
20:21:11.551 [main] DEBUG org.apache.hc.client5.http.impl.classic.InternalHttpClient - ep-0000000001 start execution ex-0000000002
20:21:11.551 [main] DEBUG org.apache.hc.client5.http.impl.io.PoolingHttpClientConnectionManager - ep-0000000001 executing exchange ex-0000000002 over http-outgoing-0
20:21:11.552 [main] DEBUG org.apache.hc.client5.http.headers - http-outgoing-0 >> GET /bonigarcia/webdrivermanager/master/src/main/resources/versions.properties HTTP/1.1
20:21:11.552 [main] DEBUG org.apache.hc.client5.http.headers - http-outgoing-0 >> user-agent: Apache-HttpClient/5.0
20:21:11.552 [main] DEBUG org.apache.hc.client5.http.headers - http-outgoing-0 >> accept-encoding: gzip, deflate, br
20:21:11.552 [main] DEBUG org.apache.hc.client5.http.headers - http-outgoing-0 >> cache-control: max-age=0
20:21:11.552 [main] DEBUG org.apache.hc.client5.http.headers - http-outgoing-0 >> connection: keep-alive
20:21:11.552 [main] DEBUG org.apache.hc.client5.http.headers - http-outgoing-0 >> Host: raw.githubusercontent.com
20:21:11.552 [main] DEBUG org.apache.hc.client5.http.wire - http-outgoing-0 >> "GET /bonigarcia/webdrivermanager/master/src/main/resources/versions.properties HTTP/1.1[\r][\n]"
20:21:11.552 [main] DEBUG org.apache.hc.client5.http.wire - http-outgoing-0 >> "user-agent: Apache-HttpClient/5.0[\r][\n]"
20:21:11.552 [main] DEBUG org.apache.hc.client5.http.wire - http-outgoing-0 >> "accept-encoding: gzip, deflate, br[\r][\n]"
20:21:11.552 [main] DEBUG org.apache.hc.client5.http.wire - http-outgoing-0 >> "cache-control: max-age=0[\r][\n]"
20:21:11.552 [main] DEBUG org.apache.hc.client5.http.wire - http-outgoing-0 >> "connection: keep-alive[\r][\n]"
20:21:11.552 [main] DEBUG org.apache.hc.client5.http.wire - http-outgoing-0 >> "Host: raw.githubusercontent.com[\r][\n]"
20:21:11.552 [main] DEBUG org.apache.hc.client5.http.wire - http-outgoing-0 >> "[\r][\n]"
20:21:11.655 [main] DEBUG org.apache.hc.client5.http.wire - http-outgoing-0 << "HTTP/1.1 200 OK[\r][\n]"
20:21:11.655 [main] DEBUG org.apache.hc.client5.http.wire - http-outgoing-0 << "Connection: keep-alive[\r][\n]"
20:21:11.655 [main] DEBUG org.apache.hc.client5.http.wire - http-outgoing-0 << "Content-Length: 2026[\r][\n]"
20:21:11.655 [main] DEBUG org.apache.hc.client5.http.wire - http-outgoing-0 << "Cache-Control: max-age=300[\r][\n]"
20:21:11.655 [main] DEBUG org.apache.hc.client5.http.wire - http-outgoing-0 << "Content-Security-Policy: default-src 'none'; style-src 'unsafe-inline'; sandbox[\r][\n]"
20:21:11.656 [main] DEBUG org.apache.hc.client5.http.wire - http-outgoing-0 << "Content-Type: text/plain; charset=utf-8[\r][\n]"
20:21:11.656 [main] DEBUG org.apache.hc.client5.http.wire - http-outgoing-0 << "ETag: W/"158b12be0d90e618af614dffeb94f06b915e7bb96fe9c2a07aa822ccf33242a6"[\r][\n]"
20:21:11.656 [main] DEBUG org.apache.hc.client5.http.wire - http-outgoing-0 << "Strict-Transport-Security: max-age=31536000[\r][\n]"
20:21:11.656 [main] DEBUG org.apache.hc.client5.http.wire - http-outgoing-0 << "X-Content-Type-Options: nosniff[\r][\n]"
20:21:11.656 [main] DEBUG org.apache.hc.client5.http.wire - http-outgoing-0 << "X-Frame-Options: deny[\r][\n]"
20:21:11.656 [main] DEBUG org.apache.hc.client5.http.wire - http-outgoing-0 << "X-XSS-Protection: 1; mode=block[\r][\n]"
20:21:11.656 [main] DEBUG org.apache.hc.client5.http.wire - http-outgoing-0 << "X-GitHub-Request-Id: 9CFE:109C2C:3B19B7:41C225:6701C70D[\r][\n]"
20:21:11.657 [main] DEBUG org.apache.hc.client5.http.wire - http-outgoing-0 << "Content-Encoding: gzip[\r][\n]"
20:21:11.657 [main] DEBUG org.apache.hc.client5.http.wire - http-outgoing-0 << "Accept-Ranges: bytes[\r][\n]"
20:21:11.657 [main] DEBUG org.apache.hc.client5.http.wire - http-outgoing-0 << "Date: Sun, 06 Oct 2024 01:21:14 GMT[\r][\n]"
20:21:11.657 [main] DEBUG org.apache.hc.client5.http.wire - http-outgoing-0 << "Via: 1.1 varnish[\r][\n]"
20:21:11.657 [main] DEBUG org.apache.hc.client5.http.wire - http-outgoing-0 << "X-Served-By: cache-bog2260029-BOG[\r][\n]"
20:21:11.657 [main] DEBUG org.apache.hc.client5.http.wire - http-outgoing-0 << "X-Cache: HIT[\r][\n]"
20:21:11.657 [main] DEBUG org.apache.hc.client5.http.wire - http-outgoing-0 << "X-Cache-Hits: 0[\r][\n]"
20:21:11.657 [main] DEBUG org.apache.hc.client5.http.wire - http-outgoing-0 << "X-Timer: S1728177675.918471,VS0,VE80[\r][\n]"
20:21:11.657 [main] DEBUG org.apache.hc.client5.http.wire - http-outgoing-0 << "Vary: Authorization,Accept-Encoding,Origin[\r][\n]"
20:21:11.657 [main] DEBUG org.apache.hc.client5.http.wire - http-outgoing-0 << "Access-Control-Allow-Origin: *[\r][\n]"
20:21:11.657 [main] DEBUG org.apache.hc.client5.http.wire - http-outgoing-0 << "Cross-Origin-Resource-Policy: cross-origin[\r][\n]"
20:21:11.658 [main] DEBUG org.apache.hc.client5.http.wire - http-outgoing-0 << "X-Fastly-Request-ID: 1f17872edc2a4c648c70aa9ff22424edc4814c5b[\r][\n]"
20:21:11.658 [main] DEBUG org.apache.hc.client5.http.wire - http-outgoing-0 << "Expires: Sun, 06 Oct 2024 01:26:14 GMT[\r][\n]"
20:21:11.658 [main] DEBUG org.apache.hc.client5.http.wire - http-outgoing-0 << "Source-Age: 0[\r][\n]"
20:21:11.658 [main] DEBUG org.apache.hc.client5.http.wire - http-outgoing-0 << "[\r][\n]"
20:21:11.659 [main] DEBUG org.apache.hc.client5.http.headers - http-outgoing-0 << HTTP/1.1 200 OK
20:21:11.659 [main] DEBUG org.apache.hc.client5.http.headers - http-outgoing-0 << Connection: keep-alive
20:21:11.659 [main] DEBUG org.apache.hc.client5.http.headers - http-outgoing-0 << Content-Length: 2026
20:21:11.659 [main] DEBUG org.apache.hc.client5.http.headers - http-outgoing-0 << Cache-Control: max-age=300
20:21:11.659 [main] DEBUG org.apache.hc.client5.http.headers - http-outgoing-0 << Content-Security-Policy: default-src 'none'; style-src 'unsafe-inline'; sandbox
20:21:11.659 [main] DEBUG org.apache.hc.client5.http.headers - http-outgoing-0 << Content-Type: text/plain; charset=utf-8
20:21:11.659 [main] DEBUG org.apache.hc.client5.http.headers - http-outgoing-0 << ETag: W/"158b12be0d90e618af614dffeb94f06b915e7bb96fe9c2a07aa822ccf33242a6"
20:21:11.659 [main] DEBUG org.apache.hc.client5.http.headers - http-outgoing-0 << Strict-Transport-Security: max-age=31536000
20:21:11.659 [main] DEBUG org.apache.hc.client5.http.headers - http-outgoing-0 << X-Content-Type-Options: nosniff
20:21:11.659 [main] DEBUG org.apache.hc.client5.http.headers - http-outgoing-0 << X-Frame-Options: deny
20:21:11.659 [main] DEBUG org.apache.hc.client5.http.headers - http-outgoing-0 << X-XSS-Protection: 1; mode=block
20:21:11.659 [main] DEBUG org.apache.hc.client5.http.headers - http-outgoing-0 << X-GitHub-Request-Id: 9CFE:109C2C:3B19B7:41C225:6701C70D
20:21:11.660 [main] DEBUG org.apache.hc.client5.http.headers - http-outgoing-0 << Content-Encoding: gzip
20:21:11.660 [main] DEBUG org.apache.hc.client5.http.headers - http-outgoing-0 << Accept-Ranges: bytes
20:21:11.660 [main] DEBUG org.apache.hc.client5.http.headers - http-outgoing-0 << Date: Sun, 06 Oct 2024 01:21:14 GMT
20:21:11.660 [main] DEBUG org.apache.hc.client5.http.headers - http-outgoing-0 << Via: 1.1 varnish
20:21:11.660 [main] DEBUG org.apache.hc.client5.http.headers - http-outgoing-0 << X-Served-By: cache-bog2260029-BOG
20:21:11.660 [main] DEBUG org.apache.hc.client5.http.headers - http-outgoing-0 << X-Cache: HIT
20:21:11.660 [main] DEBUG org.apache.hc.client5.http.headers - http-outgoing-0 << X-Cache-Hits: 0
20:21:11.660 [main] DEBUG org.apache.hc.client5.http.headers - http-outgoing-0 << X-Timer: S1728177675.918471,VS0,VE80
20:21:11.660 [main] DEBUG org.apache.hc.client5.http.headers - http-outgoing-0 << Vary: Authorization,Accept-Encoding,Origin
20:21:11.660 [main] DEBUG org.apache.hc.client5.http.headers - http-outgoing-0 << Access-Control-Allow-Origin: *
20:21:11.660 [main] DEBUG org.apache.hc.client5.http.headers - http-outgoing-0 << Cross-Origin-Resource-Policy: cross-origin
20:21:11.660 [main] DEBUG org.apache.hc.client5.http.headers - http-outgoing-0 << X-Fastly-Request-ID: 1f17872edc2a4c648c70aa9ff22424edc4814c5b
20:21:11.660 [main] DEBUG org.apache.hc.client5.http.headers - http-outgoing-0 << Expires: Sun, 06 Oct 2024 01:26:14 GMT
20:21:11.660 [main] DEBUG org.apache.hc.client5.http.headers - http-outgoing-0 << Source-Age: 0
20:21:11.661 [main] DEBUG org.apache.hc.client5.http.impl.classic.MainClientExec - ex-0000000002 connection can be kept alive for 3 MINUTES
20:21:11.661 [main] DEBUG org.apache.hc.client5.http.wire - http-outgoing-0 << "[0x1f][0xffffff8b][0x8][0x0][0x0][0x0][0x0][0x0][0x0][0x3][0xffffff9d][0xffffff97]M[0xffffff8f][0xfffffff3][0xffffffb6][0x11][0xffffffc7][0xffffffef][0xfffffffb])[0x4][0xffffffe4][0xffffff92][0xffffffa0][0xffffffb1][0xffffffcc][0xfffffff7][0xffffff97][0x5]th[0xffffffd3]6[0xffffffcd]!)[0xffffff9a][0x4][0xffffffc8]Ykk[0xffffffbd][0xffffffca]cK[0xffffff86][0xffffffa4][0xffffffcd][0xffffffa6][0xfffffff9][0xfffffff4][0xffffff99]!9[0x12]M[0x5]E[0xffffffd0][0xffffffc3]b[0xffffffcd][0xffffff9f]e[0xffffffce][0xb]G[0xffffffc3][0xffffffff]|V[0xfffffffd][0xfffffff8][0xffffffd6][0xffffffcf][0xffffffd5]k[0x7f][0xffffffed][0xffffffaa][0xffffffd3]8,m?[0xffffffcc][0xffffffd5][0xfffffff2][0xffffffd6]U[0xffffff9f][0xffffff86][0xfffffff1]c[0xffffffa8][0xffffffce]S[0xffffffff]K7U[0xfffffff0]7[0xfffffff7]#|s[0x1a]o[0xfffffff7]v[0xffffffe9]_[0xffffffe0][0xffffffe9][0xffffff8f]~y[0xb]O[0xffffff9e][0xffffffc6]i[0xffffffea][0xffffffe6][0xfffffffb]8[0xffffff9c][0xfffffffb][0xffffffe1]R[0xffffffbd]L[0xffffffe3][0xffffffc7][0xffffffbc][0xfffffffd][0xffffffe4][0xffffffe9][0xffffffe9][0xffffffb3][0xffffffea][0xffffffa7][0xffffffbf]~[0xffffffff][0xffffffdd]7[0xffffffdf]}[0xfffffffd][0x1c]M[0xfffffff5][0xffffffc3][0xffffffeb]X[0xfffffff5]q[0xffffffab]k[0xffffffb7]t[0xffffffd7][0xffffffff]V[0xffffffe7][0xffffffee]>u[0xffffffa7]v[0xffffffe9][0xffffffce]U;W[0xffffffe3]k[0xfffffff5]S[0xfffffff7][0xfffffff2][0xfffffff7]`[0xfffffff9][0xffffffdb]vh/[0xffffffb0][0xffffff9b][0xffffffae]m[0xffffffcd][0xffffffea][0xffffffea][0xffffff9b]a^[0xffffffba][0xfffffff6][0xfffffffc][0xffffffe5][0xfffffffe][0xffffff81][0xfffffff7][0xffffffb9][0xffffff83]_[0xe][0xffffffd7]~[0xffffffe8][0xffffffaa][[0xffffffb7][0xffffffb4][0xffffffe7]vi[0xffffffab]e[0xffffffac][0xffffffce][0xfffffffd]|[0x1a]1[0x4][0xfffffff4][0xfffffff4]>[0xffffff8d]w[0xfffffff8]X[0x6][0xfffffff5]:N[0xffffffd5][0x5][0xffffffd0]P[0xffffffdd][0xffffffda][0xffffff9f][0xffffffe1]s[0x11][0xffffffc2][0xfffffffc]e5[0xffffffb4]7[0xfffffff0][0xfffffff3][0x19]b9T_[0xffffffbd]M[0xffffffe3][0xffffffad]{[0xffffffae][0xffffffbe]z[0xfffffffd][0xffffffb1][0xffffffea][0xffffff86][0xfffffff3]}[0xffffffec][0xffffff87]e[0xffffffae]>[0x7f][[0xffffff96][0xfffffffb][0xfffffffc]|<^[0xffffffc6][0xfffffff1]r[0xffffffed]N[0xffffffe1][0xffffffa1]k[0xfffffffb]2[0xffffffd7][0x17][0xffffffc8][0xffffffd3][0xfffffffb]K[0xffffffdd][0xffffff8f][0xffffffc7][0x8][0xf]`[0xffffffee][0xffffffb0]t[0xfffffff3][0x2][0xffffffd9]:[0xffffff86],[0x1f][0xffffffe0]7[0xffffffe7][0x3]Y;`b[0xf]g[0xffffffe0][0xffffffd7][0xffffffb1]=[0xffffffcf][0xfffffff5][0xffffffcf][0xfffffff3]8T[0xffffffed]p[0xffffffae][0xfffffffe]?[0xb][0xffffffd7]v^[0xe][0x7f][0xffffffd2][0xffffffcc][0x17]![0xffffffc0][0x7f][0xfffffff6]S[0xfffffff7]:[0xfffffffe][0xfffffffa][0xffffffbc][0x1a][0xffffff9c][0xffffffda][0xffffff8f]d[0x3][0xffffffb2]<a[0xffffff95]t[0xffffffc3]R[0xffffffc3][0xfffffff9][0x1d][0x7f][0xffffffe8][0xffffffae][0xffffffdd][0xffffffd0][0xffffffbf][0xffffffdf][0xfffffffe][0xfffffff5][0xffffff9f][0xffffffe3][0xffffff9c]>[0x1e][0xffffff97][0xffffffe9]}[0xfffffff8]t[0xffffff84]oo[0xffffffe3]p[0xffffffbc]t[0xffffffa7]Oc[0xffffffcc]w[0xfffffffe][0xfffffff9]0[0xffffffbf][0xffffffdf][0xffffffef][0xffffffe3][0xffffffb4][0x4][0xffffffab][0xffffffc1][0xffffffe8]?[0xffffffce][0xffffff97]n[0xffffffb3]x[0xffffff9b];X[0xffffffc7]g[0xffffffeb][0xfffffff6][0xffffffb7][0xfffffff7][0xffffffa9][0xffffffc3]u=t[0xffffffcb]1<[0xfffffffd]o8[0xffffffc6][0xfffffff6][0xffffffcf]8[0xfffffff8]2[0xe][0xfffffffd][0xffffffa5][0xffffff9d]N}{[0xfffffffc][0xffffffe8]^[0xffffffe2][0xffffff86][0xffffffb7]X2[0xffffffc7][0x1b]d[0x6][0xfffffffe][0xffffff9d][0xffffffc7][0xffffffd3]|[0xffffffbc][0xfffffff5][0xffffffd3]4NG,[0xffffff8f]6[0xffffff95][0xffffffc7][0xffffffe7][0xffffffb1][0x18]r[0xffffff94]rW5[0xffffffa9]P[0xffffff82][0x1b]+[0xfffffffd]K[0xffffffc5][0xffffffd5][0x17]X[0xffffffef][0x7f][0xffffff8b][0xfffffff5][0xfffffff3]\}[0x1d]N*UL8[0xffffffc3][0xfffffff0][0x11][0xffffffb2][0x4]1[0xffffffc4][0xfffffffa]}[0xffffffae][0xffffffe2][0xffffff99]E[0xb][0xfffffff0][0xffffffe3][0x1f][0xffffffc6][0xfffffff7][0xffffffe9][0xffffff94]R[0x1][0xffffffa1][0xffffffe5][0xffffffdf][0xffffffd6][0xffffffa7][0xfffffff4][0xffffffeb]z[0xffffff9c].[0xffffffc7][0xfffffff5][0xffffffe8][0xffffff9e][0xffffffe2]3[0xffffff9c][0xffffffab][0x6][0xfffffffe][0xffffffe0]5[0xffffffd1]V[0xffffffea][0xffffffda][0xffffffb3][0xffffff95]K[0xffffffe0][0x12][0xffffffb9][0xffffffb1][0xffffffa2]6r[0xffffffe5][0x2][0xffffffb8][0x8][0xffffff9c][0xffffffeb]Z[0xfffffff9][0xffffff95]s[0xffffffe0][0x1c][0xffffffb9]6[0xffffffb2]6j[0xffffffe5][0xc]8C[0xffffffae][0x1c][0xffffffaf][0xffffffad]%[0xffffffce]|[0x3][0x7f][0xffffff81][0xffffff83]y[0xffffffbb]>[0xffffffcf][0x1c]p[0xffffff87]\j_[[0xffffffbe]r[0xb][0xffffffdc][0x6][0xffffffce]Tm[0xffffffc4][0xffffffca][\r]p[0xffffff83]\(_[0xffffff9b][0xffffffed]y[\r]\#[0xffffffe7]^[0xffffffc3][0xffffff97]+[0xffffff87]xY[0xffffff88][0x17][0xffffffc3][0xffffffb0][0xffffffab][0xffffffff][0xc][0xffffffe2]e!^fX[0xffffffcd][0xffffffe5][0xffffffe6][0x10][0x4][0xffffffcc]B[0xffffffc0][0xc][0xfffffff6][0xffffffcb][0xc]@[0xffffffc0][0xc][0x3]V^[0xfffffff3]Zm[0x1c][0x2]f[0x18][0xffffffb0]r[0xffffffde][0xffffffd4][0xffffff86][0x12][0xffffffea]}[0xffffffe3]}[0xffffffa0]J[0xffffff81]m[0xffffffa2][0xffffffae][0xfffffff1][0x18][0xffffffac][0xffffffb2][0xffffffda][0xffffffd5]`[0xffffff86][0xffffffb0]m<[0xffffffc6][0xffffffaa][0xffffff8c][0x17][[0xe][0xffffffbc]i[0xffffffbc][0x9][0xffffffd4][0xffffffa8]Zi[0xffffffa2][0xffffffba][0xfffffff1]:P[0xffffffe9]jC[0xfffffff1]x[0xffffffd5]x[0x15]($[0x7][0xe][0xffffff92][0xffffffb0]l<[0x6][0xffffffa9][0xffffffb4][0xffffffb5][0xffffffdb][0xffffffa1]z[0xffffffd1]x[0x11]([0x1c])d[0xffffff99]0o|[0x8]PA[0x5]@[0xffffffac][0xffffff84]Y[0xffffffe3]C|J[0xffffffb2]ZP[0xffffff9e][0xffffff9c]o\[0xffffff88]O[0xffffffc2]?A;;[0xffffffd7][0xffffffb8][0x10][0xffffff9f][0x14][0xffffffaa][0xfffffff6][0xffffff86][0xffffffa8]m\[0x8]O8V;G[0xffffffd4]4.[0xffffff84]'[0x14][0xffffffec]K[0xffffffa9]p[0xffffffba]q!<[0xffffffee]d[0xffffffed][0xffffffc8]5[0xffffffa7][0x1a][0x17][0xffffffc2][0xffffffe3][0xffffffca][0xffffffd6][0xffffff92]r[0xffffffec]d[0xffffffe3]Btx[0xffffff92][0xffffff92]R[0xffffffe1]x[0xffffffe3]B[0x18][0xc]2[0xffffffcf][0xffffffe5]j[0xffffff8e]5[0xe][0xffffffc3][0xffffff90][0x1e]|[0xffffff81][0x12]J[0xffffffd8][0xfffffffa][0xffffffc6][0xfffffffa][0xffffff80][0xffffff95][0xffffffae][0xffffffe5]J]c][0xffffffa0]P;PW[0xffffff84]mc1[0x10][0xffffffe9][0xc][0xffffffbc][0xb][0xffffffe4][0xffffff86]5[0xffffff8d]5[0xffffff81]B[0xffffff81]s[0xffffffb1][0xffffffee][0xffffffa1][0x1b][0xffffff8b][0xffffff91]Hk[0xffffffa1][0xffffffc0][0xffffffb6][0xffffffa7]UcU[0xffffffc0][0x2][0xffffffea][0xffffff97][0xffffffa0]l,F"[\r][0x4]d[0xffffffc8]e+[0x1a][0x1]'J+[0xfffffffe][0xffffffb0]b[0xffffffb8]"[0xffffffc7][0xffffff8c][0xffffffc7][0x15][0xffffff9d][0xffffff8d]q[0xffffffb8][0xffffffa2][0xffffff8c][0x1a][0xffffff8b]+:McpE[0xffffffce][0x18][\r][0xffffffab]5EF[0xffffffe1][0xffffff8a]rn$[0xffffffae][0xffffffc8][0xffffff9e]A_[0xffffffe4]j[0xf]}Y[0xffffffdf][0x19][0xffffff83][0xffffffbe]H[0xfffffff9][0xffffffd0][0xffffffd5][0xffffffbe][0x1d][0x7f][0xffffffeb][0xffffffaf][0xffffffd7][0xffffff96][0xffffffee][0xffffff89][0xffffffac][0xffffff95]e[0x1d][0xffffffbe][0xffffffe8]d[0xffffffe1][0xffffffde][0xffffff8a][0xffffffd7][0x14][0xffffffb6][0xffffffe5][[0xffffffdc][0xffffffe2][0xffffffe1]z[0xffffff98][0xffffffe0][0x2]i[0xffffffe1][0x16][0x7f]z[0xffffff8d][0xfffffffb]r![0x1a]H[0x1b]$t#|G[0x18][0x12][0xffffff99][0x11][0xffffffee]w[0xffffffc4][0xffffffed][0xffffff88][0xffffffdd][0x11][0xffffffb3]#zG[0xffffffd4][0xffffff8e][0xffffffc8][0x1d][0x11];[0xffffffc2]w$[0xfffffff8],j[0xffffffb1][0x12][0xffffffe6]#[0xffffffd9][0xffffff9e]anG[0xffffffec][0xffffff8e][0xffffff98][0x1d][0xffffffd1];[0x12]|[0xffffffe6]9[0xffffff91];"v[0xffffff84][0xffffffef][0x8]+[0xffffff88][0xfffffff7]%p%[0xffffffb0]%0%[0xffffffd0]%([0xffffffbd][0xfffffff5][0xffffffa5][0xffffffb3][0xffffffbe][0xfffffff4][0xffffffd5][0xffffff97][0xffffffae]z[0xfffffff4][0x14][0xffffffde][0xffffffbf][0xc][0xffffffd4][0xffffffa0][\n]"
20:21:11.661 [main] DEBUG org.apache.hc.client5.http.wire - http-outgoing-0 << "[0xffffffdf][0x7f][0xffffff8d][0xffffff98][0x13]v[0xffffffbe]x[0xffffffce][0xffffffb9][0x12][0xffffffd8][0x12][0xffffff98][0x12][0xffffffe8][0x12][0xffffffa8][0x12]`[0x0][0xffffffc2]e@[0xffffff94][0x0][0x3][0x10]6[0x3][0xffffffac][0x0][0xffffffd6][0xffffff97] xj2`K`J[0xffffffa0]K[0xffffffa0]J K J[0xffffffc0]K[0xffffffc0][\n]"
20:21:11.661 [main] DEBUG org.apache.hc.client5.http.wire - http-outgoing-0 << "`|[0x9][0xffffff82][0xffffffa7]:[0x3][0xffffffc1][0xffffffd3][0xffffffec][\r]6[0xffffffa6][0x4][0xffffffba][0x4][0xffffffc1][0xffffffd3][0xffffffec][0x5]2[0xffffffb2][0x4][0xffffffc1][0xffffffd3][0xffffffac][0xffffffec]M[0xfffffff0]4+[\n]"
20:21:11.661 [main] DEBUG org.apache.hc.client5.http.wire - http-outgoing-0 << "[0xffffffc3][\n]"
20:21:11.662 [main] DEBUG org.apache.hc.client5.http.wire - http-outgoing-0 << "[0xffffffa0]}[0x9]\[0x9]l[0x9][0xffffff82][0xffffffa7],[0x3][0xffffff9a]@[0xffffffde][0x1d][0xffffffa3]&[0xffffffdc]zb[0xffffffa6][0x1f][0xffffffff]wO[0xc][0xf][0xffffffce][0xffffffe3][0xffffffeb][0xfffffff2][0xffffffd1]N]\[0xffffff91][0xffffffde]+;d[0xfffffff8]2[0xffffffe8](t[0x10][0xffffff94][0xffffff8c][0xffffffb1][0xffffffe1][0x1a]J[0x1c]t[0x14][0xffffffba][0x5][0xffffff8a][0x5]t[0xffffff8a]`+[0x7][0x1d][0xffffffc5]}[0xffffffe0]p!r[0xffffffb8][0xffffffef][0x13]G[0xffffffdd][0x18]t[0xffffff9a][0x7]E[0xffffffe1]<a[0xffffff94][0xffffff8d]A[0xffffffa6]y[0xffffff90]#\[\n]"
20:21:11.662 [main] DEBUG org.apache.hc.client5.http.wire - http-outgoing-0 << "[0xffffffe2]([0x1b][0xffffff83]Ls[0xffffffb0][0xffffff8d][0xffffffb7][0xffffff84]Q5[0x6][0xffffff95]f[0xffffffe1][0xffffff8d][0xffffffe3] u[0x12]g[0xffffffb9]*[0xffffff85][0xffffffe6][0x17]9[0xfffffff4][0xffffff8f]L[0xffffff94]r[0xffffff91][0xffffffb6][0xffffff81].[0xffffff92]iRG[0xffffffd4]>(R[0xffffff9d][0xffffffa8][0xffffffc9][0xfffffff5]([0xffffffa7]8[0xffffffbd][0xffffffce][0xffffffe5](d"a[0xffffff95][0xffffffab]Q[0xffffff9f][0xffffffa2][0xfffffff4]"
20:21:11.663 [main] DEBUG org.apache.hc.client5.http.wire - http-outgoing-0 << "2[0xffffffd7][0xffffffa2] `"[0x15][0xffffffb9][0x12][0xffffff85][0xffffffa4]%[0xffffffcc]s![0xffffff8a][0x1a]/b[0xffffff96][0xffffffeb]P[0xffffff97][0x2]w>W[0xffffffa1][0xffffffc6]$[0xffffffea][\n]"
20:21:11.663 [main] DEBUG org.apache.hc.client5.http.wire - http-outgoing-0 << "[0x9][0x1a][0xffffffa9][0xffffffcd][0x5][0xffffffa8]I[0x7][0xffffffe3]L.?[0xffffffd7][0x14]A[0xffffffd3]y[0xffffff90][0xffffff9f][0x11][0xffffffaa]L}[0xffffffba][0xffffffe4][0x18]4[0xffffff9f][0x7][0xffffffed][0x19][0xffffffa1]x[0xffffff94][0xffffff9e][0x11][0xfffffff2]Lyj[0xffffffb2][0xffffffcf]2[0xffffffe1]I[0xffffffae]B3z[0xffffff90][0xffffff9d][0x11][0xffffffba]BuFj3[0xffffffd1]i[0x9][0xffffff9a]Lr[0xffffffba]d[0x1e][0xffffffba][0xffffffd3][0xffffffa6]8[0xffffffc9]{[0xffffffe8]P[0xffffff9b][0xffffffe0][0xffffff84][0x4]'*3[0xffffffc1]ihS[0xffffff91][0xffffffe9]M[0xffffff97][0xe][0x1c][0xffffffda][0xffffffd5]&7[0xffffffd7][0xffffffc3][0xffffff82][0xffffff9e][0xffffffb5][0xffffffc9]M[0xffffffaa]u[0xffffffe8][[0xffffff9b][0xffffffda][0xffffffa4][0xffffff8a][0xffffff86][0xffffffde][0xffffff95][0xffffff89]M[0xffffff9e]B[0xffffff85][0x6][0xffffff96]k[0xffffffcd]d[0xb][0xffffffba][0xffffffd8]&5-[0xffffffed][0xffffffaa]3[0xffffffa5]I[0xffffffa5][0xc][0xffffffdd]l[0xffffffd3][0xffffff99]kqBK[0xffffffcb]t&[0xffffffbd]j[0xffffffd0][0xffffffd7]2[0xffffff99][0xffffffb9][0xffffffda]J[0xfffffff2]0,[0xffffffb4][0xffffffcf][0x17]I[0x1c][0xffffffc6]E[0xffffffd2][0xffffff86]q[0xffffff91][0xffffffa4]a\$e[0x18][0x17]I[0x18][0xffffffc6]E[0xffffffd2][0xffffff85]q[0xffffff91]da\[0xfffffff0][0xffffffa8][0x3][0xffffffe3][0xffffff82]e[0xb][0xffffff85][0x1e][0xffffff90][0xffffffc7][\n]"
20:21:11.663 [main] DEBUG org.apache.hc.client5.http.wire - http-outgoing-0 << "=[0xffffff90][0xffffffc9][0xffffff8e]B[0xf]DJ[0xffffff86]2q[0xfffffff1] $[0xfffffffb][0xffffffd3]4b[0xffffffc7][0xb][0xffffffd3][0x7f][0xffffffd6]3[0xfffffff3][0xfffffff1][0xffffffff][0xf][0xffffff9a][0xffffffe6][0xffffffb9][0xfffffffb][0xffffffa5][0xffffffbb][0xffffffe2][0xffffffae][0xfffffff5][0xffffff8d]v[0x8][0x1d][0xffffffb4][0x1b][0xe][0xffffffef]8[0xffffffca]'v[0xffffffc0]M[0xffffff8e][0xffffffcb]8^[0xffffffe7]m[0xfffffff8]?>![0xffffffdd]fe[0xffffffee][0xffffffe0]&[0xffffffe1].Q[0xffffff9a][0xffffff94][0xffffffb9][0x5]![0xf][0xffffff99][0xffffff8c][0xffffff94][0xffffffe6]dnE([0xffffffe4]HiJ[0xffffffe6][0xffffffc6]p[0xffffff9c]b#[0xffffffa5][0x19][0xffffff99]k[0xffffffa8][0xf][0xffffffc8]^[0xffffffa0][0xffffffeb][0xffffff84][0xffffffcc]54Z[0xffffff9b][0xffffffac][0xffffffad][0xfffffff3]1W[0x6][0xfffffff6]5[0xffffff89][0xffffffd2]t[0xc][\r][0x1d][0xffffffef][0xfffffffc][0x8]i4[0xffffffe6][0xffffffd2][0xffffffe2][\r][0xffffff9b]([\r][0xffffffc6]0[0xffffffe3]J[0xffffffe8]`[0xffffff89][0xffffffd2]X[0xffffffcc][0x5][0xffffffbc][0xffffffa9][0xffffff96]v[0xffffffa0][0xffffffa1][0x18][0xffffffa6][0x18][0xffffffb5][0x6][0xffffffb1]N[0xffffffc4]p[0x1b]h[0xffffff9c]2"[0xffffffa5]y[0x18][0xffffffae][0x17][0xffffffb6][0xffffffed]K[0xffffffd3]0\[0x16][0x1a]g2[0xffffffa4]4[0xb]C[0xffffffeb][0xffffffc7]F[0x11]Y[0xffffff9a][0xffffff84]9F[0xffffff97][0x12]Cc0[0xffffff84]&V[0xffffff96][0xffffff86]`[0xffffff88]A[0xffffffad],[0xffffff8d][0xffffffc0][0xffffffe0][0xffffffd5]j[0xffffff99][0x6]`[0xf]=F[0xfffffff2][0xffffff88][0xffffffd2][0xfffffff0][0xffffffeb]![0xfffffff5]2=[0xffffff95]&_[0xffffffcf]6[0x3]i[0xffffffea]u[0xffffffd8][0xffffffe9][0xffffffd2][0xf][0xffffffd3][0xffffffc4][0xffffffeb] [0xffffffb0]Hh[0xffffffda][0xffffffc5][0x13][0xffffff8f][0x7]C[0xffffff93][0xffffffae][0xffffff85][0xffffffdc][0xffffffa6][0xffffff9f][0xffffffd1][0xffffff98]k[0xffffff8c]OGB#[0xffffffae][0xffffff81][0xffffff92]01[0x17]4[0xffffffdf]jLpz*[\r][0xffffffb7]:[0x8][0xffffff9a]@h[0xffffffb0][0xffffff85][0xffffffd6][0xffffffa0][0xffffff93]=[0xffffffe8]^[0xffffffb1]{z[0xfffffff2][0xffffff89][0xffffffe6]\[0xffffffb8]g[0xffffffd3]Q[0xffffffad]3.D[0xc]u[0x17][0xffffffd8]:[0xffffffe0]b[0xffffffcd]F[0xffffff92][0xffffff86][a[0xffffffa9]th[0xffffffae][0x15]r%i[0xffffffa6][0xffffffc5][0xffffffb6][0xffffff98]H[0x1a]g[0xffffffb9]D[0xffffffb9][0x10][0xffffff90]R[0xffffffcd]}[0xffffffea][0xe][0xfffffffd]0/[0xffffffed][0xfffffff5][0xffffffda][0xffffff9d]#[0x14][0xffffff8d][0xffffffc1][0xffffff9b]][0xffffffc6]:Q[0xffffffbc][0xffffff81][0x16]f[0xffffff84][0xffffff8f][0xffffffe1]+[0xffffffd6]@[0xffffff9f][0xffffff84][0xffffffdb].[0xffffff9e][0xffffff87]t[\r][0xffffffbc]XJ[0xfffffffa][0xffffffb8][0x14][0xffffffd8]t[0xffffffe0][0xffffffa4]][0xffffffac][0x11][0xffffff98][0xffffffdb][0xfffffff0][0xffffffca][0xffffff86]~[0xfffffffd][0xfffffff4];2[0x18][0xfffffffe][0xffffff94][0xffffff82][0x16][0x0][0x0]"
20:21:11.664 [main] DEBUG org.apache.hc.client5.http.impl.classic.InternalHttpClient - ep-0000000001 releasing valid endpoint
20:21:11.664 [main] DEBUG org.apache.hc.client5.http.impl.io.PoolingHttpClientConnectionManager - ep-0000000001 releasing endpoint
20:21:11.664 [main] DEBUG org.apache.hc.client5.http.impl.io.PoolingHttpClientConnectionManager - ep-0000000001 connection http-outgoing-0 can be kept alive for 3 MINUTES
20:21:11.664 [main] DEBUG org.apache.hc.client5.http.impl.io.PoolingHttpClientConnectionManager - ep-0000000001 connection released [route: {s}->https://raw.githubusercontent.com:443][total available: 1; route allocated: 1 of 5; total allocated: 1 of 25]
20:21:11.664 [main] DEBUG io.github.bonigarcia.wdm.versions.VersionDetector - Driver for firefox130 not found in online properties (using local versions.properties)
20:21:11.665 [main] DEBUG io.github.bonigarcia.wdm.WebDriverManager - The driver version for FIREFOX 130 is unknown ... trying with latest
20:21:11.666 [main] INFO io.github.bonigarcia.wdm.WebDriverManager - Reading https://api.github.com/repos/mozilla/geckodriver/releases to seek geckodriver
20:21:11.670 [main] DEBUG org.apache.hc.client5.http.impl.classic.InternalHttpClient - ex-0000000003 preparing request execution
20:21:11.670 [main] DEBUG org.apache.hc.client5.http.protocol.RequestAddCookies - ex-0000000003 Cookie spec selected: strict
20:21:11.670 [main] DEBUG org.apache.hc.client5.http.protocol.RequestAuthCache - ex-0000000003 Auth cache not set in the context
20:21:11.670 [main] DEBUG org.apache.hc.client5.http.impl.classic.ProtocolExec - ex-0000000003 target auth state: UNCHALLENGED
20:21:11.670 [main] DEBUG org.apache.hc.client5.http.impl.classic.ProtocolExec - ex-0000000003 proxy auth state: UNCHALLENGED
20:21:11.670 [main] DEBUG org.apache.hc.client5.http.impl.classic.ConnectExec - ex-0000000003 acquiring connection with route {s}->https://api.github.com:443
20:21:11.670 [main] DEBUG org.apache.hc.client5.http.impl.classic.InternalHttpClient - ex-0000000003 acquiring endpoint (3 MINUTES)
20:21:11.670 [main] DEBUG org.apache.hc.client5.http.impl.io.PoolingHttpClientConnectionManager - ex-0000000003 endpoint lease request (3 MINUTES) [route: {s}->https://api.github.com:443][total available: 1; route allocated: 0 of 5; total allocated: 1 of 25]
20:21:11.671 [main] DEBUG org.apache.hc.client5.http.impl.io.PoolingHttpClientConnectionManager - ex-0000000003 endpoint leased [route: {s}->https://api.github.com:443][total available: 1; route allocated: 1 of 5; total allocated: 2 of 25]
20:21:11.671 [main] DEBUG org.apache.hc.client5.http.impl.io.PoolingHttpClientConnectionManager - ex-0000000003 acquired ep-0000000002
20:21:11.671 [main] DEBUG org.apache.hc.client5.http.impl.classic.InternalHttpClient - ex-0000000003 acquired endpoint ep-0000000002
20:21:11.671 [main] DEBUG org.apache.hc.client5.http.impl.classic.ConnectExec - ex-0000000003 opening connection {s}->https://api.github.com:443
20:21:11.671 [main] DEBUG org.apache.hc.client5.http.impl.classic.InternalHttpClient - ep-0000000002 connecting endpoint (30 SECONDS)
20:21:11.671 [main] DEBUG org.apache.hc.client5.http.impl.io.PoolingHttpClientConnectionManager - ep-0000000002 connecting endpoint to https://api.github.com:443 (30 SECONDS)
20:21:11.755 [main] DEBUG org.apache.hc.client5.http.impl.io.DefaultHttpClientConnectionOperator - http-outgoing-1 connecting to api.github.com/140.82.113.6:443
20:21:11.755 [main] DEBUG org.apache.hc.client5.http.ssl.SSLConnectionSocketFactory - Connecting socket to api.github.com/140.82.113.6:443 with timeout 30 SECONDS
20:21:11.842 [main] DEBUG org.apache.hc.client5.http.ssl.SSLConnectionSocketFactory - Enabled protocols: [TLSv1.3, TLSv1.2]
20:21:11.842 [main] DEBUG org.apache.hc.client5.http.ssl.SSLConnectionSocketFactory - Enabled cipher suites: [TLS_AES_256_GCM_SHA384, TLS_AES_128_GCM_SHA256, TLS_CHACHA20_POLY1305_SHA256, TLS_ECDHE_ECDSA_WITH_AES_256_GCM_SHA384, TLS_ECDHE_ECDSA_WITH_AES_128_GCM_SHA256, TLS_ECDHE_ECDSA_WITH_CHACHA20_POLY1305_SHA256, TLS_ECDHE_RSA_WITH_AES_256_GCM_SHA384, TLS_ECDHE_RSA_WITH_CHACHA20_POLY1305_SHA256, TLS_ECDHE_RSA_WITH_AES_128_GCM_SHA256, TLS_DHE_RSA_WITH_AES_256_GCM_SHA384, TLS_DHE_RSA_WITH_CHACHA20_POLY1305_SHA256, TLS_DHE_DSS_WITH_AES_256_GCM_SHA384, TLS_DHE_RSA_WITH_AES_128_GCM_SHA256, TLS_DHE_DSS_WITH_AES_128_GCM_SHA256, TLS_ECDHE_ECDSA_WITH_AES_256_CBC_SHA384, TLS_ECDHE_RSA_WITH_AES_256_CBC_SHA384, TLS_ECDHE_ECDSA_WITH_AES_128_CBC_SHA256, TLS_ECDHE_RSA_WITH_AES_128_CBC_SHA256, TLS_DHE_RSA_WITH_AES_256_CBC_SHA256, TLS_DHE_DSS_WITH_AES_256_CBC_SHA256, TLS_DHE_RSA_WITH_AES_128_CBC_SHA256, TLS_DHE_DSS_WITH_AES_128_CBC_SHA256, TLS_ECDH_ECDSA_WITH_AES_256_GCM_SHA384, TLS_ECDH_RSA_WITH_AES_256_GCM_SHA384, TLS_ECDH_ECDSA_WITH_AES_128_GCM_SHA256, TLS_ECDH_RSA_WITH_AES_128_GCM_SHA256, TLS_ECDH_ECDSA_WITH_AES_256_CBC_SHA384, TLS_ECDH_RSA_WITH_AES_256_CBC_SHA384, TLS_ECDH_ECDSA_WITH_AES_128_CBC_SHA256, TLS_ECDH_RSA_WITH_AES_128_CBC_SHA256, TLS_ECDHE_ECDSA_WITH_AES_256_CBC_SHA, TLS_ECDHE_RSA_WITH_AES_256_CBC_SHA, TLS_ECDHE_ECDSA_WITH_AES_128_CBC_SHA, TLS_ECDHE_RSA_WITH_AES_128_CBC_SHA, TLS_DHE_RSA_WITH_AES_256_CBC_SHA, TLS_DHE_DSS_WITH_AES_256_CBC_SHA, TLS_DHE_RSA_WITH_AES_128_CBC_SHA, TLS_DHE_DSS_WITH_AES_128_CBC_SHA, TLS_ECDH_ECDSA_WITH_AES_256_CBC_SHA, TLS_ECDH_RSA_WITH_AES_256_CBC_SHA, TLS_ECDH_ECDSA_WITH_AES_128_CBC_SHA, TLS_ECDH_RSA_WITH_AES_128_CBC_SHA, TLS_RSA_WITH_AES_256_GCM_SHA384, TLS_RSA_WITH_AES_128_GCM_SHA256, TLS_RSA_WITH_AES_256_CBC_SHA256, TLS_RSA_WITH_AES_128_CBC_SHA256, TLS_RSA_WITH_AES_256_CBC_SHA, TLS_RSA_WITH_AES_128_CBC_SHA, TLS_EMPTY_RENEGOTIATION_INFO_SCSV]
20:21:11.843 [main] DEBUG org.apache.hc.client5.http.ssl.SSLConnectionSocketFactory - Starting handshake
20:21:11.950 [main] DEBUG org.apache.hc.client5.http.ssl.SSLConnectionSocketFactory - Secure session established
20:21:11.950 [main] DEBUG org.apache.hc.client5.http.ssl.SSLConnectionSocketFactory -  negotiated protocol: TLSv1.3
20:21:11.950 [main] DEBUG org.apache.hc.client5.http.ssl.SSLConnectionSocketFactory -  negotiated cipher suite: TLS_AES_128_GCM_SHA256
20:21:11.950 [main] DEBUG org.apache.hc.client5.http.ssl.SSLConnectionSocketFactory -  peer principal: CN=*.github.com
20:21:11.950 [main] DEBUG org.apache.hc.client5.http.ssl.SSLConnectionSocketFactory -  peer alternative names: [*.github.com, github.com]
20:21:11.950 [main] DEBUG org.apache.hc.client5.http.ssl.SSLConnectionSocketFactory -  issuer principal: CN=Sectigo ECC Domain Validation Secure Server CA, O=Sectigo Limited, L=Salford, ST=Greater Manchester, C=GB
20:21:11.950 [main] DEBUG org.apache.hc.client5.http.impl.io.DefaultHttpClientConnectionOperator - http-outgoing-1 connection established 192.168.0.108:56149<->140.82.113.6:443
20:21:11.950 [main] DEBUG org.apache.hc.client5.http.impl.io.PoolingHttpClientConnectionManager - ep-0000000002 connected http-outgoing-1
20:21:11.950 [main] DEBUG org.apache.hc.client5.http.impl.classic.InternalHttpClient - ep-0000000002 endpoint connected
20:21:11.950 [main] DEBUG org.apache.hc.client5.http.impl.classic.MainClientExec - ex-0000000003 executing GET /repos/mozilla/geckodriver/releases HTTP/1.1
20:21:11.951 [main] DEBUG org.apache.hc.client5.http.impl.classic.InternalHttpClient - ep-0000000002 start execution ex-0000000003
20:21:11.951 [main] DEBUG org.apache.hc.client5.http.impl.io.PoolingHttpClientConnectionManager - ep-0000000002 executing exchange ex-0000000003 over http-outgoing-1
20:21:11.951 [main] DEBUG org.apache.hc.client5.http.headers - http-outgoing-1 >> GET /repos/mozilla/geckodriver/releases HTTP/1.1
20:21:11.951 [main] DEBUG org.apache.hc.client5.http.headers - http-outgoing-1 >> user-agent: Apache-HttpClient/5.0
20:21:11.951 [main] DEBUG org.apache.hc.client5.http.headers - http-outgoing-1 >> accept-encoding: gzip, deflate, br
20:21:11.951 [main] DEBUG org.apache.hc.client5.http.headers - http-outgoing-1 >> cache-control: max-age=0
20:21:11.951 [main] DEBUG org.apache.hc.client5.http.headers - http-outgoing-1 >> connection: keep-alive
20:21:11.951 [main] DEBUG org.apache.hc.client5.http.headers - http-outgoing-1 >> Host: api.github.com
20:21:11.951 [main] DEBUG org.apache.hc.client5.http.wire - http-outgoing-1 >> "GET /repos/mozilla/geckodriver/releases HTTP/1.1[\r][\n]"
20:21:11.951 [main] DEBUG org.apache.hc.client5.http.wire - http-outgoing-1 >> "user-agent: Apache-HttpClient/5.0[\r][\n]"
20:21:11.951 [main] DEBUG org.apache.hc.client5.http.wire - http-outgoing-1 >> "accept-encoding: gzip, deflate, br[\r][\n]"
20:21:11.951 [main] DEBUG org.apache.hc.client5.http.wire - http-outgoing-1 >> "cache-control: max-age=0[\r][\n]"
20:21:11.951 [main] DEBUG org.apache.hc.client5.http.wire - http-outgoing-1 >> "connection: keep-alive[\r][\n]"
20:21:11.951 [main] DEBUG org.apache.hc.client5.http.wire - http-outgoing-1 >> "Host: api.github.com[\r][\n]"
20:21:11.951 [main] DEBUG org.apache.hc.client5.http.wire - http-outgoing-1 >> "[\r][\n]"
20:21:12.247 [main] DEBUG org.apache.hc.client5.http.wire - http-outgoing-1 << "HTTP/1.1 200 OK[\r][\n]"
20:21:12.247 [main] DEBUG org.apache.hc.client5.http.wire - http-outgoing-1 << "Date: Sun, 06 Oct 2024 01:21:15 GMT[\r][\n]"
20:21:12.247 [main] DEBUG org.apache.hc.client5.http.wire - http-outgoing-1 << "Content-Type: application/json; charset=utf-8[\r][\n]"
20:21:12.247 [main] DEBUG org.apache.hc.client5.http.wire - http-outgoing-1 << "Cache-Control: public, max-age=60, s-maxage=60[\r][\n]"
20:21:12.247 [main] DEBUG org.apache.hc.client5.http.wire - http-outgoing-1 << "Vary: Accept,Accept-Encoding, Accept, X-Requested-With[\r][\n]"
20:21:12.247 [main] DEBUG org.apache.hc.client5.http.wire - http-outgoing-1 << "ETag: W/"9632a5bbc48d2d95045a834dce1cdf3a25560ad18a800fc5826741a659be23ad"[\r][\n]"
20:21:12.247 [main] DEBUG org.apache.hc.client5.http.wire - http-outgoing-1 << "X-GitHub-Media-Type: github.v3; format=json[\r][\n]"
20:21:12.247 [main] DEBUG org.apache.hc.client5.http.wire - http-outgoing-1 << "Link: <https://api.github.com/repositories/25354393/releases?page=2>; rel="next", <https://api.github.com/repositories/25354393/releases?page=2>; rel="last"[\r][\n]"
20:21:12.247 [main] DEBUG org.apache.hc.client5.http.wire - http-outgoing-1 << "x-github-api-version-selected: 2022-11-28[\r][\n]"
20:21:12.247 [main] DEBUG org.apache.hc.client5.http.wire - http-outgoing-1 << "Access-Control-Expose-Headers: ETag, Link, Location, Retry-After, X-GitHub-OTP, X-RateLimit-Limit, X-RateLimit-Remaining, X-RateLimit-Used, X-RateLimit-Resource, X-RateLimit-Reset, X-OAuth-Scopes, X-Accepted-OAuth-Scopes, X-Poll-Interval, X-GitHub-Media-Type, X-GitHub-SSO, X-GitHub-Request-Id, Deprecation, Sunset[\r][\n]"
20:21:12.247 [main] DEBUG org.apache.hc.client5.http.wire - http-outgoing-1 << "Access-Control-Allow-Origin: *[\r][\n]"
20:21:12.247 [main] DEBUG org.apache.hc.client5.http.wire - http-outgoing-1 << "Strict-Transport-Security: max-age=31536000; includeSubdomains; preload[\r][\n]"
20:21:12.247 [main] DEBUG org.apache.hc.client5.http.wire - http-outgoing-1 << "X-Frame-Options: deny[\r][\n]"
20:21:12.247 [main] DEBUG org.apache.hc.client5.http.wire - http-outgoing-1 << "X-Content-Type-Options: nosniff[\r][\n]"
20:21:12.247 [main] DEBUG org.apache.hc.client5.http.wire - http-outgoing-1 << "X-XSS-Protection: 0[\r][\n]"
20:21:12.247 [main] DEBUG org.apache.hc.client5.http.wire - http-outgoing-1 << "Referrer-Policy: origin-when-cross-origin, strict-origin-when-cross-origin[\r][\n]"
20:21:12.247 [main] DEBUG org.apache.hc.client5.http.wire - http-outgoing-1 << "Content-Security-Policy: default-src 'none'[\r][\n]"
20:21:12.247 [main] DEBUG org.apache.hc.client5.http.wire - http-outgoing-1 << "Content-Encoding: gzip[\r][\n]"
20:21:12.248 [main] DEBUG org.apache.hc.client5.http.wire - http-outgoing-1 << "Server: github.com[\r][\n]"
20:21:12.248 [main] DEBUG org.apache.hc.client5.http.wire - http-outgoing-1 << "X-RateLimit-Limit: 60[\r][\n]"
20:21:12.248 [main] DEBUG org.apache.hc.client5.http.wire - http-outgoing-1 << "X-RateLimit-Remaining: 59[\r][\n]"
20:21:12.248 [main] DEBUG org.apache.hc.client5.http.wire - http-outgoing-1 << "X-RateLimit-Reset: 1728181275[\r][\n]"
20:21:12.248 [main] DEBUG org.apache.hc.client5.http.wire - http-outgoing-1 << "X-RateLimit-Resource: core[\r][\n]"
20:21:12.248 [main] DEBUG org.apache.hc.client5.http.wire - http-outgoing-1 << "X-RateLimit-Used: 1[\r][\n]"
20:21:12.248 [main] DEBUG org.apache.hc.client5.http.wire - http-outgoing-1 << "Accept-Ranges: bytes[\r][\n]"
20:21:12.248 [main] DEBUG org.apache.hc.client5.http.wire - http-outgoing-1 << "Transfer-Encoding: chunked[\r][\n]"
20:21:12.248 [main] DEBUG org.apache.hc.client5.http.wire - http-outgoing-1 << "X-GitHub-Request-Id: DB55:23B8F3:8947D:FD774:6701E60B[\r][\n]"
20:21:12.248 [main] DEBUG org.apache.hc.client5.http.wire - http-outgoing-1 << "[\r][\n]"
20:21:12.248 [main] DEBUG org.apache.hc.client5.http.wire - http-outgoing-1 << "3F1A[\r][\n]"
20:21:12.248 [main] DEBUG org.apache.hc.client5.http.wire - http-outgoing-1 << "[0x1f][0xffffff8b][0x8][0x0][0x0][0x0][0x0][0x0][0x0][0x3][0xffffffec][0xffffffbd][0xffffffed]v[0xffffffdb]H[0xffffff96][0xffffffa6]{+[0x18][0xffffffb9][0xfffffffb][0xffffff94]=m[0xffffff92][0x0][0xfffffff8][0xffffffcd]S[0xffffffd9][0xffffffb5][0xffffff9c][0xffffff96][0xffffff9d][0xffffffe5][0xffffffaa][0xffffff94][0xffffffec][0xffffffb4][0xffffffe4][0xffffffcc][0xffffffca]v[0xffffffe6][0x12]A[0x10]$a[0xffffff81][0x4][0xb][0x0]%[0xffffffcb]^yV[0xffffffff][0xffffff9d][0xffffffff][0xffffffe7][0xffffffcf]\[0xffffffc0][0xffffffdc]X_[0xffffffc9][0xffffffbc];>[0xfffffff0]E[0x10]$%B[0xffffffb6][0xffffffd5][0xffffffd1]S[0xffffff9e][0x14]% [0x10][0x8][0x4]^l[0x6][0xfffffff6][0xfffffffb][0xffffffec][0xfffffff7][0xffffff9f][0xffffff8f]V[0xffffff81]w48[0xffffff9a]E[0xffffffd1]2[0x1c]4[0x1a][0xffffffd6][0xffffffd2][0xffffffad]O[0xffffffdd]h[0xffffffb6][0x1a][0xffffffd5]m[0x7f][0xffffffde][0x8][0xffffff9c][0xffffffa5][0x1f]6[0xffffffe6][0xfffffffe]'[0xffffffd7][0xfffffff3][0xffffffac][0xffffffc6][0xffffffd4][0xffffffb1]/[0xfffffffd]q[0xffffffe0]^9[0x1][0xfffffffe][0xffffffe2]9V[0xffffffe8][0xffffff84][\r][0xffffffa3][0xffffffd3][0xffffffeb][0xfffffff5][\r][0xffffffa3][0xffffffd9]<zzd[0xffffff85][0xffffffa1][0x13][0xffffff85][0x17][0x7]k[0xffffffb2][0xffffffc1][0x1b]D[0xffffffcb][0xffffffab][0xffffffa5][0xffffffe7][[0xffffffe3]\[0xffffffcb][0xfffffffc][0xffffff97][0xffffffe1]m;,Z[0xffffffff][0xfffffffc][0xffffff97][0xffffff85]5w[0xffffff9e]z[0xffffffd6][0xffffffc8][0xfffffff1][0xfffffffe][0xffffffc0][0xffffffa1]f[0xffffffd1][0xffffffdc][0xffffffcb][0x1d](5"[0xffffffa5]c[0x11]Y[0xffffffd3][0xffffffc6][0xffffff95]^o[0xffffffb6][0xffffffeb]:[0x1a]r[0xffffffc7]G[0xffffff83]xt08[0xffffffab]h[0xffffffe6][0x7]G[0xffffff83][0xffffffcf]G[0xffffff9e]?u[0x17][0x18][0xfffffff4][0xffffffeb][0xffffff99];[0x1f][0xfffffff9][0xffffffbe][0xffffffdc][0xffffffd4][0xffffffec]w[0xfffffff4][0xffffffe6][0xffffffd3][0xffffffa3][0xffffff85]?v.h[0xffffffdf][0xffffffa3][0xffffff93][0xffffffe3][0xffffff9f]:?[0xffffffff][0xffffffe3][0xffffffd4][0xffffffb3]?[0xffffffbc][0xffffffb8]y}[0xfffffffe][0xffffffeb][0xfffffff5][0xffffffc9][0xfffffff5]w[0xffffffdf][0xffffffd1](_Y[0xffffff91][0x15][0xffffffe4]G[0xffffff99][0xfffffffd]R[0xffffff8e][0xffffffc5]*t[0x2][0xffffffdb]_D[0xffffffce]"b[0xffffffd7]q[0xffffffd5]0X[0xffffffeb][0x7f][0xffffffb9][0xfffffffa][0xffffffae][0xffffff85][0x16][0xffffffa6][0xffffff81]h[0xffffff83][0x1d][0xffffff86][0xffffff86][0xffffffb7]l[0x12]Pca#[0xffffffe9]l[0xfffffff9][0x0]%[0xffffffdb]M|[0xffffffcf][0xfffffff3][0xffffffaf][0xffffffb1]o[0xffffffbe][0xffffffab][0xffffffd9]9[0xffffff96]i[0xffffffbe][0x11][0xffffffef][0xffffff84]^[0xfffffff1][0xffffff9f][0xffffffdd][0xffffffc5]t[0xffffffff][0x6][0xffffffb0][0xffffffd3][0xffffffe7][0xffffff86][0x1f][0xffffffcd][0x1c][0xffffff8c][0x13][0xffffffba]O[0xffffffd7]u[0xffffffea][0xffffff86][0xffffffdb][0xffffffe6]f[0xffffffb6]+l[0xffffff87][0xffffffcf][\r][0xfffffffa][0xf][0xffffffae][0x7]5[0x11]b[0xffffff88][0x3]'?[\r]s[0xfffffff7]L[0xffffffb6][0x11][0xffffffb1][0xb]:s[0xffffffbd]@?>[0xffffffb3][[0xffffff8a][0xffffffb5][0xffffffb5][0x1a][0xffffff85]v[0xffffffe0].#[0xffffffd7]_[0xffffffec]5B[0xffffff99][0x1d][0xffffffd1][0xffffff90][0x1f]L[0xffffffad][0xffffff85][0xfffffffb][0xffffffc9][0xffffffda][0xffffffbb]![0xffffffec][0x18]b[0x7f]v[0xffffff8f][0xffffffef]3[0xffffffc2]l[0x7][0xffffffec][0xffffffe8]\az[0xffffffed][0xffffffb5]'[0xffffffdf][0xffffffe3]sc[0x9][\r][0xffffffb1][0xffffffec][0x1b][0x1a][0xffffff86][0xffffffc0][0xffffffb1][0x1d][0x8][0xffffffca][0xfffffff8]b[0xffffffff][0xffffffd6]r[0xffffffbb][0xffffffa2][0xffffffb1][0xffffffe8]f[0xffffffe9]`B[0xffffffbf][0xffffffc3][0x15][0xffffffa7][0x11]v#[0xffffffe7][0xffffffc2][0x1a][0xffffffcf][0xffffffe9]^[0xffffff9b]X^[0xffffffe8][0xfffffffc][0xffffff91][0xffffffbe][0xffffffb9][0xffffffde][0xffffffbe][0xffffffb8][0xffffffb8][0xffffffbc]>~[0xfffffffd][0xffffffec][0xffffffd7][0x1f][0xffffffa7]s[0xffffffbb][0xfffffff5][0xfffffff7][0x17]o[0x7f][0xffffffec]S[0xb][0xffffffd6][0xfffffff4][0xffffff82][0xffffffe4][0x0][0xffffffad]$72[0xffffffae][0xfffffffa][0xffffffd4][0xffffff89].p#[0xffffffcd][0xffffffdd][0xffffffc8][\r]g[0xfffffff8][0xffffffa3][0xffffff90]?[0xffffffec]![0xffffffb6][0xffffff8e][0xffffffef][0xfffffffa]q`M"q[0xffffffc0][0xffffffa7]G[0xffffffcb][0xffffffc0][0xffffff91][0xffffff9b][0xfffffff2]><=[0xffffffb2][0x3][0xffffffc7][0xffffff8a]p[0xffffffc2][0x16][0xffffffb6]:2u[0xffffffb3]U[0xffffffd3]{5[0xffffffbd]sn[0x18][0xffffff83]v[0x7f]`[0xfffffff6][0xffffffff][0x3][0xffffff8d].W#[0xf][0x7]*[0xffffffda][0xffffffca][0xffffff84][0xffffffa6][0xc][0xffffffda]][0xffffffda]J[0xffffffa8][0xffffffe3][0xffffffe0][0xfffffffd][0xffffffdd]U[0xffffff9c]7[0xffffffd5]0z-Sou[0xffffffcd].Zg[0xfffffff2]%?gF[0xffffffee]Yf[0xffffffe4]j[0xffffff81]I[0xffffffda]/[0xffffffc6]![0xfffffff5][0xffffff8c][0xffffffa8][0xffffff89][0x11][0xffffffac]y[0xffffffee]b[0xfffffff5][0xffffffb1]fY[0xffffff81]=[0xffffffeb][0xffffffb4][0xffffffea][0x18][0xffffffcd][0xfffffffa][0xfffffff4][0x13][0xfffffff6]`[0xffffff8a]{4X[0xffffffac]<O[\n]"
20:21:12.249 [main] DEBUG org.apache.hc.client5.http.wire - http-outgoing-1 << "<[0xffffffae][0xffffff9b][0xffffffd2][0xffffffc7]R=Q[0xfffffffa][0xffffffb8][0x1e][0xffffffa5][0xffffffe4][0x14]7-[0xffffffac][0xffffff98]fJ[0x1f][0xffffffb9][0xffffffb4][0xffffff92][0xffffffba]m[0xffffffd5]G[0x11]4\[0xffffff88]-[0xffffffad][0xffffffe5][0xffffffd2]sm[0xfffffff6]hi|[0xffffffac]M?[0xffffffb9]K[0xffffffb4][0xffffff82]GZD[0x2][0xffffffc9][0xffffffc3]/gL[0xffffffbf]r?[0xffffffe1]7[0xffffffa6][0xffffffd1]l[0x1b]&B[0xffffff98]1[0x1e]v,^[0xffffffb3][0xfffffffd][0xffffffd5][0x2]2[0xffffffd7][0xffffffd5][0xffffff9b][0xffffffdd]V[0xffffff89][0xfffffff2]A[0xffffffd3]Z[0xffffff83]f[0xffffff8b]4m[0xffffffb5][0x1c][0x17][0xffffffab]#[0xffffffdf][0xffffff86][0xffffffa9][0xffffffe3]([0xfffffff0][0xffffffaf]![0xfffffff1][0x17][0xfffffff1]a[0xffffffb2][0xffffffe1][0xffffffcb][0xffffffae][0xffffffd1][0xffffff9a][0xffffffdc]][0xffffff86]l[0xffffffe9][0xfffffff8][0xffffffb6]\[0xffffffbb][0xfffffffe]xzh[0xffffffc5]m[0xffffffc6][0x1]#W[0xffffffdc][0xffffffa6]^[0xffffffae][0xffffffb8][0xffffff9d][0xfffffffd][0x15][0xffffffb7]n[0xffffff85][0xffffffb6]R][0x11]T[0xffffffaa][0xffffffa8][0xffffff94][0x2]Y[0x15][0xffffff95][0xffffffe2][0xffffffeb]W[0xffffffe3][0xffffffcb]G[0xffffffa5]9[0xffffffd5][0xffffff8d][0xffffff9c][0xffffff8f]Qc[0xffffffe9]Y[0x8]\K[0xffffffd4][0xffffffb6][0xffffffd7],P[0xffffffda]NK[0xffffffef]n[0x15]Z&[0xffffffa2][0xffffffdf][0xffffff82][0xffffffd0]2[0xffffffc9][0xffffffaa]@l[\r][0xffffff9c][0x7f]*[0xffffffbc]m[0x1a][0xffffffe5]bK[0xffffffd1][0xfffffff0][0xffffffb6][0xfffffff0][0xffffffb6]i[0xffffffaa][0xffffffc0]V[0xffffffae]f[0xffffffa8]/[0xfffffffe]P[0x15][0xfffffff5][0xffffffc5]?Y4[0xfffffffa][0xfffffffa]$v[0xffffffdf][0xffffffc0][0xffffffb6][0xffffffdf]Al[0xffffffbb][0x1e][0xffffffd8][0xfffffff6][0xfffffff5][0xfffffffe][0xffffffd6][0xffffffb8][0xffffffb6][0xffffffa5]o[0xffffff97][0xffffffdb][0x16][0xffffff8b]}[0xffffffef]=[0xffffffae]MD[0xffffffeb][0xfffffff0]"[0xffffffdb][0xffffffca][0xffffff89]l[0xffffffab]\d[0xffffff9b]/[0xfffffff7][0x11]Y[0x15][0xffffffcb][0xffffffb2]ec%[0xffffffb4]Jh[0xffffffb3][0xffffff8b][0x1f][0xf]*[0xffffff96]5Ms[,[0xffffffcb][0xffffff85][0xffffffb3]<[0xffffff96][0xfffffffd][0xffffffd2][0xffffffe2]ZQ[0x14][0xffffffdb]2[0xffffffb3]Ql[0xb][0xffffff83][0xffffff95][0xffffffbc];z[0xffffff9b]_[0xffffffa4]m[0xfffffffe][0xffffffb0][0xffffff83][0xffffffc0][0xffffffaa][0xffffffe5]Y[0xfffffff5][0xfffffffa]*[0xfffffffd][0xffffffb6]OE[0xffffffb1][0xffffffa9]W[0xffffff9f][0xffffffdf]|[0x14]k[0xffffffb6][0xfffffffa][0xffffffed]Ng=[0xffffff8a]5[0xffffff9b][0xffffffed]V[0xffffffbb][0xffffff83][0x15][0xffffffc7][0xffffff8d][0xffffffaf][0xffffffa6][0xffffffd8][0xffffffe2][0xffffffeb]NZ[0xffffffdb][0xfffffff9]"[0xffffff81]l[0xffffffa2][[0xffffff87][0xf]d[0xffffffdb][0xffffffb9]@[0xffffffb6][0xffffffbd]%[0xffffff90]}[0xffffffb3][0xffffff8f][0xffffffce][0xffffffaa]@V[0x5][0xffffffb2][0xffffffe2][0xffffff91][0xffffffa3][0xffffffb4][0xfffffff6][0xffffffab][0xffffffd6][0xffffffda];,[0xffffffca][0x1a]f[0xffffffaf][0xffffff8d][0xffffffb5][0xffffffda]-[0xffffffea][0xffffffca][0xffffff94]sK$[0xffffffcb]^[0xfffffffb][0xffffffdf][0xfffffffb]2A[0xffffffac][0xffffffae][0x15]E[0xffffffb2]m[0xffffffca][0x1f]H[0xffffffad][0xffffffc7][0xffffffd2]`[0xffffff95]E[0xffffffb2]o[0xffffffcb][0x15]vn[0xffffffd9]~[0xffffffa8][0xffffffd2][\r]x[0x6][0xffffff9f][0xffffff8a]gU<[0xffffff9b][0xffffffe4]s~[0xffffffe5][0xffffff8b][0x5][0xfffffffb][0xffffffad][0xffffffca][0x1a][0xfffffffd]~[0xffffffaf]m[0x16][0xffffffac][0xffffffca][0x1a]F[0xffffffa7][0xffffffdd][0xffffffef]o[0x15]\&[0xffffffa6][[0x4][0xfffffff7][0xffffffde][0xfffffff3][\r][\n]"
20:21:12.249 [main] DEBUG org.apache.hc.client5.http.wire - http-outgoing-1 << "[0xffffffc5][0xffffffab][0xffffff82][0xffffffa0][0xffffffb6][0xffffff97][0xffffff93][0xffffffdc]^[0xffffffb9][0xffffffe4][0xfffffffe][0xffffffb2][0xffffff83][0xffffffe4][0xffffffaa][0x17]`[0xffffffea][0x5]X[0xffffffea][0xffffff9d][0xffffff8f]z[0x1][0xfffffff6][0xffffff80]^[0xffffff80]![0xffffffb5]K[0xffffffd7][0xffffffb1]B[0xffffff90][0xffffffcf][0xffffffec]2LS7[0xffffffa0][0x1d][b[0xffffffdb][0x1d]2[0xe][0xffffffda][0xffffffe6]}[0xffffffc7][0xffffffb6]Lj[0xffffffa5]h[0x1d]^b;[0xffffffb9][0xffffff94].Z`)[0xffffff8b]j[0x7f]-[0xffffff97][0xffffffd8]kw[0x11][0xffffffc7][0xffffffb4]<[0xf]O[0xffffffe5][0xffffffcf]*[0x7f][0xffffff81]Z4[0xfffffff8][0xffffffaa][0x17][\r][0xffffffd2][0x1][0xffffffed][0xffffff96][0xffffffe4]Y[0xffffffa3]c[0xfffffff4][}[0xffffffbc][0xffffffc3][0xffffffc9]KlK7[0xffffffe9][0xffffffd7][0xffffffe5][\n]"
20:21:12.249 [main] DEBUG org.apache.hc.client5.http.wire - http-outgoing-1 << "[0xffffffcb][0xffffffd5]"
20:21:12.249 [main] DEBUG org.apache.hc.client5.http.headers - http-outgoing-1 << HTTP/1.1 200 OK
20:21:12.249 [main] DEBUG org.apache.hc.client5.http.headers - http-outgoing-1 << Date: Sun, 06 Oct 2024 01:21:15 GMT
20:21:12.249 [main] DEBUG org.apache.hc.client5.http.headers - http-outgoing-1 << Content-Type: application/json; charset=utf-8
20:21:12.249 [main] DEBUG org.apache.hc.client5.http.headers - http-outgoing-1 << Cache-Control: public, max-age=60, s-maxage=60
20:21:12.249 [main] DEBUG org.apache.hc.client5.http.headers - http-outgoing-1 << Vary: Accept,Accept-Encoding, Accept, X-Requested-With
20:21:12.249 [main] DEBUG org.apache.hc.client5.http.headers - http-outgoing-1 << ETag: W/"9632a5bbc48d2d95045a834dce1cdf3a25560ad18a800fc5826741a659be23ad"
20:21:12.249 [main] DEBUG org.apache.hc.client5.http.headers - http-outgoing-1 << X-GitHub-Media-Type: github.v3; format=json
20:21:12.249 [main] DEBUG org.apache.hc.client5.http.headers - http-outgoing-1 << Link: <https://api.github.com/repositories/25354393/releases?page=2>; rel="next", <https://api.github.com/repositories/25354393/releases?page=2>; rel="last"
20:21:12.250 [main] DEBUG org.apache.hc.client5.http.headers - http-outgoing-1 << x-github-api-version-selected: 2022-11-28
20:21:12.250 [main] DEBUG org.apache.hc.client5.http.headers - http-outgoing-1 << Access-Control-Expose-Headers: ETag, Link, Location, Retry-After, X-GitHub-OTP, X-RateLimit-Limit, X-RateLimit-Remaining, X-RateLimit-Used, X-RateLimit-Resource, X-RateLimit-Reset, X-OAuth-Scopes, X-Accepted-OAuth-Scopes, X-Poll-Interval, X-GitHub-Media-Type, X-GitHub-SSO, X-GitHub-Request-Id, Deprecation, Sunset
20:21:12.250 [main] DEBUG org.apache.hc.client5.http.headers - http-outgoing-1 << Access-Control-Allow-Origin: *
20:21:12.250 [main] DEBUG org.apache.hc.client5.http.headers - http-outgoing-1 << Strict-Transport-Security: max-age=31536000; includeSubdomains; preload
20:21:12.250 [main] DEBUG org.apache.hc.client5.http.headers - http-outgoing-1 << X-Frame-Options: deny
20:21:12.250 [main] DEBUG org.apache.hc.client5.http.headers - http-outgoing-1 << X-Content-Type-Options: nosniff
20:21:12.250 [main] DEBUG org.apache.hc.client5.http.headers - http-outgoing-1 << X-XSS-Protection: 0
20:21:12.250 [main] DEBUG org.apache.hc.client5.http.headers - http-outgoing-1 << Referrer-Policy: origin-when-cross-origin, strict-origin-when-cross-origin
20:21:12.250 [main] DEBUG org.apache.hc.client5.http.headers - http-outgoing-1 << Content-Security-Policy: default-src 'none'
20:21:12.250 [main] DEBUG org.apache.hc.client5.http.headers - http-outgoing-1 << Content-Encoding: gzip
20:21:12.250 [main] DEBUG org.apache.hc.client5.http.headers - http-outgoing-1 << Server: github.com
20:21:12.250 [main] DEBUG org.apache.hc.client5.http.headers - http-outgoing-1 << X-RateLimit-Limit: 60
20:21:12.250 [main] DEBUG org.apache.hc.client5.http.headers - http-outgoing-1 << X-RateLimit-Remaining: 59
20:21:12.250 [main] DEBUG org.apache.hc.client5.http.headers - http-outgoing-1 << X-RateLimit-Reset: 1728181275
20:21:12.250 [main] DEBUG org.apache.hc.client5.http.headers - http-outgoing-1 << X-RateLimit-Resource: core
20:21:12.250 [main] DEBUG org.apache.hc.client5.http.headers - http-outgoing-1 << X-RateLimit-Used: 1
20:21:12.250 [main] DEBUG org.apache.hc.client5.http.headers - http-outgoing-1 << Accept-Ranges: bytes
20:21:12.250 [main] DEBUG org.apache.hc.client5.http.headers - http-outgoing-1 << Transfer-Encoding: chunked
20:21:12.250 [main] DEBUG org.apache.hc.client5.http.headers - http-outgoing-1 << X-GitHub-Request-Id: DB55:23B8F3:8947D:FD774:6701E60B
20:21:12.251 [main] DEBUG org.apache.hc.client5.http.impl.classic.MainClientExec - ex-0000000003 connection can be kept alive for 3 MINUTES
20:21:12.264 [main] DEBUG org.apache.hc.client5.http.wire - http-outgoing-1 << "[0xffffffb3]<[0xffffff98]m[0xffffffdf]{[0xffffff92]A^[0xffffffb3]*[0x10][0xffffffd9][0xffffffdc]K[0xffffffb0][0xffffffce][0xffffff96][0xffffff97]`[0xffffffd6]V[0xffffff91]EN[0xffffff84][0xffffff92]W[0xffffff95]\[0xffffffc0][0xffffffad]yJ^[0x1f][0xffffff8e][0xffffffbc][0xfffffff6][0xffffffdb][0xffffffdd]f[0xffffff81][0xffffffbc][0xfffffff6][0xfffffffa][0xffffffad][0xffffffce][0xffffffd6][0x0][0xffffff96]K[0xffffffe7][0x16]y[0xffffffbd][0xfffffff7][0xffffffc5]Y[0xffffffc8][0xffffffab]P[0xffffffab][\n]"
20:21:12.264 [main] DEBUG org.apache.hc.client5.http.wire - http-outgoing-1 << "[0xffffff84][0xffffff95]|[0xffffffa2][0xffffffa9]5[0xffffffd9][0xe][0xfffffff2][0xffffffdc][0xffffffca][0xffffffa2]W[0xffffffb2][0x16][0xffffff94][0xffffffe4][0xffffffc8][0xffffffa2][0xffffffab]XEV[0xffffffc2][0xffffffaa][0xffffff84]U[0x9]+3dgV[0xffffffa5][0xffffffbf][0xffffffba][0xffffffac][0xffffffad]}[0xffffffe2][0xffffffd6]n[0xffffffa7][0xffffffdd][0xffffffec][0xffffffc0]t[0xffffff90][0xffffff8f][{][0xffffffbd]g[0xffffffe0]][0xfffffff9][0xffffff96][0xffffffc0]u[0xffffffeb]*l{[0xffffffa0][0xffffffb3][0xc][0xffffffda][0xfffffffb]|[0xffffffed][0xffffff95][0xffffffc8][0xffffffd5][0x1f][0xffffffbf][0xffffff93])8[0x18]Y^[0x1e][\n]"
20:21:12.264 [main] DEBUG org.apache.hc.client5.http.wire - http-outgoing-1 << "[0xffffffb0]3*A[0xffffffec][0xffffff9e]"[0x3]@[0x7][0xffffffef][0xffffffd2][0xffffffa0][0xffffffd8]=[0xffffffd5][0xffffffe0][0xffffffc8][0x1f][0xffffffdf][0xffffffc0][0xffffff91][0xfffffff7][0xffffffe8][0xffffff91][0xffffffc6]}[0xffffffc8][0xffffffda][0xffffffe3][0xffffffc4]X[0xfffffffc]T[0x1b][0xfffffff6]'[0xffffffba][0xffffffa5][0xffffffeb][0xffffffcd][0xffffffce][0xffffffc8][0xffffffb1]Z[0xffffffc3]'[0xffffffbf][0x5][0xffffffbf]-[0xffffffe8][0xffffffdf]#l[0xfffffffe][0xfffffff7][0x5][0xffffffac]z[0xffffffda]2[0xfffffff0]G[0xffffff9e]3[0xf][0xffffffe5]_j[0xffffffda][0xffffffc5][0x19]z[0x1d][0xffffffad][0xffffff96][0xffffffda][0xffffffcc]ZL[0xffffffb5]k[0xffffffbc]A[0xffffffd0]^[0xffffffba][0xffffff81]3[0xfffffff1]?j[0xffffffc1]j[0xffffffb1][0xffffff80][0xffffffbd]^s[0x17][0xffffff9a][0xffffffa5][0xffffff91]s[0x5]>[0x15]'[0xffffffd0][0x1e];[0xfffffff5]i][0xb][0x17][0xffffffd6][0xfffffff2][0xffffffa9]6[0xfffffff1][0xffffffac]hi]>[0x19]\[0xffffffc8][0x16]5[0xffffffed][0xffffff97][0xffffff99][0xffffffb3][0xffffff88][0xffffffdb]pCmi[0xffffffd9][0xffffff97][0xffffffd6][0xffffffd4][0x19][0xffffffa3][0xffffff9d][0xffffffd0][0x1d];[0xffffffd9][0xffffffb6]<[0xfffffff7][0xffffffd2][0xffffffd1][0xffffffe0][0xffffffde][0xffffffd7][0xffffffc6][0xffffffce][0xffffffc4]ZyQ[0xffffffbc][0xffffffa3][0xffffff98][0x4][0xffffffd4][0xffffffac][0xffffffa6][0xffffff85]3w[0xffffffb9]D[0xb][0xffffffac]{[0xffffffef]F[0xffffffb0][0x1a][0xffffffae]4[0xffffffd3][0xffffffac][0xffffffeb][0xffffffad]'O57[0xffffffd2][0xffffffe6][0xffffffd6][0xffffff8d][0x16]:[0xffffffd4][0xfffffff2][0xffffffd8][0xffffff9d]L[0xffffffe0][0xffffffc3]^D[0xffffffda][0xffffffc4][0xfffffff5][0xffffff9c][0xfffffff0]&[0xffffff8c][0xffffff9c][0xffffffb9][0x16][0xfffffff9][0xffffffec][0x8]3?[0xffffff8c][0xffffffea][0xffffffbc][0xffffffbd][0xfffffff3][0x19][0xfffffffa]e[8/lnG[0xffffff9a]e[0xffffffdb]N[0x18][0xffffffca][\r][0xffffffa7][0xe]N[0xffffff93][0xffffffbc][0xffffff89]4\[0xffffffd4][0xe][0xffffff9a][0xffffff85][0x5]=[0xfffffff2][0xffffff83][0xffffff9b][0xffffffa7][0x1a]^[0xffffffb3][0xffffffd9]3v[0xffffffc4][0xffffffc0][0x9][0xffffffd1]a[0xffffffde] [0x1b]">[0xffffff82]t[0xfffffff6][0xffffffb4]"[0x1a][0xffffffd1][0xffffffd0][0xffffff89][0xffffffa1][0xffffffac]k[0xffffffbf][0xfffffff8][0xffffffc1][0xffffffa5][0x15][0xffffffc0]$9[0xe]5+p4[0xffffff98][0xffffffbe][0xffffffe9][0x0][0xffffffd8][0xffffff8f][0xffffffba][0xffffff96][0xfffffff2]R[0xfffffff3][0xfffffff6][0xffffffde][0xffffffaf]B[0xc][0xffffff99]6[0xfffffff6][0xffffffed][0xffffffd5][0x1c]g[0xffffffc3]|[0xffffff99][0xffffffbf]?[0xffffff96][0xffffffec][0xffffff8e][0x9][0xffffffbf]@[0xffffffb5][0xffffffd0]_[0x5][0xffffffb6]S[0xffffffc3]Va][0xffffffe0]*[0xffffffea]0[0xffffffc1]6"'[0xffffffa4][0xffffffa3]g0[0x1e][0xffffffef][0xffffffa8][0xffffffc1]:[0x11][0x1d][0x1e][0xffffffbd][0xffffffe5][0xffffffd7][0xffffffb5]&:W[0xffffffa3][0xfffffff5][0xffffffa6]E-[0xffffffbe][0xffffffc0][0xffffffb5][0x11]p[0x1f][0xffffffe3][0xffffff9a][0xffffffb8]lO[0xffffffd8][0xffffff90][0xffffffc9]Y[0xfffffff4]l<v[0xffffffc6][0xffffffc9][0xffffffe4]9[-[0xffffff97]~[0xffffff80][0xffffffc1][0xfffffff6][0x3][0xffffffed][0xfffffffd][0x1b]'[0xffffff98][0xffffffbb]aH[0xffffff94][0xffffff83][0xffffffa4][0xffffffab][0xffffffd7][0xffffffd7][0xffffffd7][0xfffffff5][0xffffffeb]&[0xffffffeb][0xffffffd5][0xfffffff9][0xffffffdb][0xffffffc6]2[0xffffffd9][0xffffffa4][0xfffffff1]h[0xffffffe4][0xffffff8e]j[0xffffffd7][0xffffffce][0xffffff88]cF[0xffffff9e]`[0x1c],\[0x8]Z[0xffffffe8]as-[0x0]S[0xffffff82]F0[0xffffffd9][0xffffff85][0xffffffae][0xffffffc6]|[0x19][0xffffffb1][0xffffffb9][0xffffffab][0xffffffb1][0xffffffa9] FOL[0xffffff95][0xffffffba][0xffffffc6].[0xffffffab][0xffffffb3][0xffffffb0]0[0xffffffc5]1[0xffffffca][0xffffffab][0xffffffc8][0xffffff9f][0xffffffb3][0xffffffab]H[0xffffffc3][0xffffffc1]...[0xffffffd0][0x18]W3[0xffffffb4][0xffffffb1]M[0xffffffe0][0xfffffffa][0xffffffa2]%wq[0xffffffe5]{W[0xffffffd9]c[0xffffff85][0xffffffb8]@[0xffffff98][0xffffff98][0xffffffc3][0xffffffa9][0xffffffe3]{>[0xffffffb7][0xffffffc5][0xe]q{-[0xfffffffc][0xffffffc8][0xffffff9d][0x8][0xffffff9b]l[0xffffff88]_[0xffffffa0]=m[0xffffffee][0x7]N<F5[0xfffffff4][0xffffffc1]A[0xffffffff][0xffffffe7]s[0xfffffffa][0x13]N[0xffffffc0][0xffffffa1][d[0xffffffaa][\r]k5[0xffffffde][0xffffffaf][0xffffff9a][0x1d]X[0xffffffe1][0xffffffac]Fd[0xffffff85] r[0xffffff82]![0xfffffffa][0x14]j#[0x7]s[0xffffffc6][0xffffffa2][0xffffffa1]}J[0xffffffdd]d[0xffffff83][0xffffffc0][0xffffffcf][0xffffff92]&[0x7][0xffffffdb][0x3][0xffffffb3][0xffffff8d][0xffffffef]ASF[0xffffffde][0xffffffa0][0xffffffb4]-?K[0xfffffff4][0xffffffc9][0xfffffff3]p[0x13][0xffffffac]F[0x0][0x17]d[0xfffffff6][0xffffffa0][0x13][0xffffffe7]m[0xffffff9d]p[0xffffffb8][0xffffffcb][0xffffff9f]0[0xfffffff3]S-[0xffffffd2]y[0xffffff8b][0xfffffffb][0xffffffc4][0xffffff9d]`[0x12]G[0xffffffd6]H[0xffffffc3][0xffffffd5][0xffffffa4][0x3][0xffffff8b]q[0xffffffc5][0x1d][0x16]:[0xffffffde][0xffffff84][0xffffffef][0xffffffe5][0xffffff84][0xfffffff1][0xffffffb9]j[0xffffffda][0xffffffa9][0x1f][0xffffffd1][0xffffffcd][0xffffff8b][0xffffffeb][0xffffff86]k[0x11]j[0x13][0xffffffe0][0xe]V[0xffffff98][0xffffffdb][0xfffffff8]q[0xffffffec][0xffffff86]t[0x15][0xffffffc6][0xffffffda][0xffffffe8]&[0xffffffbe][0xffffffb3]iD[0xffffffc2][0xffffff99][0xffffffbf][0xfffffff2][0xffffffc6][0xffffff9a][0xffffffbf]@gG[0xffffff8e][0xffffff86][0xffffff87]#nj[0xffffffba]c,[0xffffffde]G[0xffffffde]3[0xfffffff0][0x1c]Vl[0xffffffca]k[0xb][0xffffffc7][0xffffffc1][\r][0xffffff83][0xfffffff3][0xffffffc4][0xffffffc6][0xffffffb8]N4[0xffffffaf][0xffffffa7]tM[0xffffffeb][0xffffffda][0x19][0xffffffee]wL[0xffffffff][0xffffffec]-B[0x13]Q[0xffffffdc]@[0xffffffe9]sL[0xffffffcd][0xffffffc7][0xffffffdb][0xffffffdc]:[0xffffffcf]i[0xffffffb8][0xffffffde][0xffffffb2][0xfffffff1][0xf][0xffffffd9][0x1d][0xfffffff4][0xffffff84].[0xffffffc2][0xc][0x13][0x15][0x1d][0xb]gt;c[0xffffffb8]B[0xffffff87][0xffffffcb][0xffffffd3]*=B[0xffffffaf][0xffffffe6]K[0xffffffc8]-[0xffffffee]`>[0x14][0xffffffef][0xffffffdf]Z[0xffffff9f][0xffffffae] ;[0xffffffcf][0xfffffffd][0xf][0xffffff98]U[0xffffffc1][0xffffffea][0xfffffff7][0xffffffcc][0xffffffcd][0xfffffff5][0xffffff9c][0x4]$}{[0xffffffd1]\[0xffffffba][0xffffffb2]<[0x17]Fi[0x1a][0xc][0x7f][0xffffffc2].[0xffffffcb]p[0xffffffb5][0xffffffe0][0x13]y[0xfffffffc][0xffffff86][0xffffffdd][0x10][0xffffffdf];3[0xffffffeb][0xffffffca][0xfffffff5]1[0xffffff97]lki[0xffffff8d]\[0xffffffcf][0xffffff8d]n[0xffffff92]i[0xffffffe5][0xffffffd0][0xffffffc6]6oUc[0x1d][0xffffff96][0xfffffff7],[0x13]s[0xffffffdc]j[0x13]w[0xffffffba][0xffffff82][0xffffffdc][0xffffffb1]#pH[0x9][0xffffffbb][0xffffff9f][0xffffffe9]P[0xffffffef][0x9][0xffffffb0][0xffffffa1][0xfffffff1][0xffffffc3]h[0x7f]ewO[0xffffff90][0xffffffba][0xffffffb7][0xffffff9b][0xffffffb6]$[0xfffffff2][0xffffffb8]~#[0xffffffbe][0xffffff95][0x1b][0xffffff8f]([0xffffffe6][0xffffffa9][0xfffffff1][0xffffffbb][0xffffffb5][0xffffffc6][0xffffffbb][0x1a]<[0xffffffe1][0xffffffc2][0xffffffc9]/[0xe][0xffffff8d][0xffffffd8][0xffffff92][0x14][0xffffffd2]^yV[0xffffff80][0xffffffa9][0xffffffc0][0xffffffe6][0x1][0xffffffa6][0xffffffca][0xfffffffb]_[0xffffff9c][0xffffffd1]1[0xffffffc3][0xe]i[0xffffffdf][0xffffffbb][0xffffffc7][0xffffffee][0xffffffd6]C[0xffffffd5]F[0xffffffee][0xffffffd8]md%[0xffffffea][0xffffffa5][0xfffffffb]1?[0xffffff86][0xffffffef][0xffffffcf][0xffffffa0][0x16]P[0xffffffed]s_{[0x19][0xffffff80][0xfffffff9][0xffffffb1][0xffffffb5][0xffffffdd][0xffffffc6][0xffffffa3][0xfffffff1]dQ[0xb][0xffffffd9]^[0xffffffb5][0xffffffc8][0xffffffaf]Mh[0xffffffaf]'[0xfffffff1]}[0xffffff8d]G)~[0xffffff86][0xffffffaf][0xffffffd6][0xffffff8e][0xffffffd0][0xfffffff9][0xffffffc0]r[0xffffff81]G[0xffffff82][0x16]h[0xffffffbf][0x1d]a[0xffffff8e][0xffffffd2][0xfffffff5][0xffffff82][0xffffffc4]O[0xffffff99]p[0xffffffff]v[0xffffffc4][0xffffffcf][0xffffffd8][0x9][0x2][0xc])[0xffffff9b][0xffffffe9][0xffffffec][0x12][0xffffffba][0xffffffe3]![0xffffff8d][0x0]Z[0xffffff85][0x8][0xffffffd0][\r][0xffffffc3][0xffffff94]s1M[0xffffffdd]\[0xfffffff9][0xffffffa9][0xfffffff3]7l[0x1c]j[0x7f]u[0x16][0xffffffe3][0xffffffe0]&;o[0xffffffde]:s[0x1f]`[0xffffff95]D[0xffffff96][0xffffffc5]/[0xffffff92]K[0xffffff8d]c[0xffffffa3][0xffffff8b]$[0xffffffcd][0xffffffb8][0xffffffa3][0xffffffa6][0x10]1~[0xffffffb9]WtH[0xffffffd6][0xffffffa1][0xffffffb1][0x3]~[0x9]tN[0xffffffce][0xffffff93][0xffffffe1][0xffffffd8][0x9][0xfffffff1][0xffffff90][0x19]?[0xffffff97]3[0xffffffca]u[0xffffffc2]![0xffffff93][0xffffffbb]a[0xffffffe0][0xfffffffc]s[0xffffffb5][0xfffffff6][0xffffffa7][0xffffffbd][0xfffffffa]][0xffffffd3][0xffffff8a]:[0xffffffc8][0xffffffc6][0x5]O[0xffffffb1][0x1]&[0xffffffc3][0xffffffa9][0xffffffbf]8[:[0xfffffff6]sLo[0xffffffcf][0xffffffb5][0x16][0xffffffd1][0x1b][0xffffffdf][0xffffffc5]-[0x14][0xffffffbc][0xe]\[0xfffffff0][0xffffff94][0xffffffd2][0xfffffff3][0xfffffffc][0xffffffa9]x[0x18][0xffffffb0][0xffffff87]2I)[0x14][0xffffff9a][0xffffffe4]T[0xffffff9e]:[0xffffffa6][0x15][0xffffffce][0xffffffd1]vb[0xffffffc9]D[0xffffffc6]@[0xffffffdc][0xffffffd7][0xfffffff7][0xffffff99]![0x1d]h[0xfffffff2][0xfffffff1]:Z[0xffffff81]"
20:21:12.266 [main] DEBUG org.apache.hc.client5.http.wire - http-outgoing-1 << "[0x7f][0x0][0xc]V[0xffffffe6][0xffffff99]Js[0xfffffffa]B[0xffffffc4][0x3][0x7f]a[0x1f][0xffffffdc][0xfffffff1]w][\n]"
20:21:12.266 [main] DEBUG org.apache.hc.client5.http.wire - http-outgoing-1 << "[0xffffffbe][0xfffffffa][0xffffffd4][0xffffff87][0xffffffb5];[0xfffffffb]6[0xffffffcd][0xffffffb5][0xffffffda][0xffffffbd]N[0xffffffdf][0xffffffa0][0xffffffe6][0x10][0x5][0x3][0x1e]c3[0xffffffd2][0xf][0xffffff81]RJ[0xffffffb1]M[0xfffffffb][0xffffffb0][0xffffffbb]@%[0xffffff92][0xffffffcd]"[0xffffffdc][0xfffffff5]#[0xffffffcb][0xffffff93][0xffffffe8][0xffffff86][0xe][0xfffffff2]+[0xfffffffe][0xffffffcd]8[0x1a][0xffffff90][0xfffffffb][0xffffffad][0xffffff86][0xffffffff][0xffffffe2]%[0xffffff96]g[0xffffffad][0xffffffa6]`[0xffffffe0][0xffffffe0][0xffffffa7][0xffffff99][0xffffffef][0x7][0x16][0x2]O[0xffffff83][0xffffffb2][0xffffffdb] [0x19]t[0xffffffc3][0xfffffff2]?8[0xffffffb8][0xffffff8f][0xffffff8f][0x6][0xffffffc8][0xffffffc1][0x8]|[0xfffffffb][0xffffffd2][0xffffffc1][0xffffff8f]Xbqn[0x1c][0xfffffff4]Z[0xffffffff][0xffffffe3][0x10][0xffffff8b][0x15]p[0xffffffe3]u[0xffffffda]F[0xffffffbb]G[0xffffffcc][0xffffff9e]CQ[0xffffffc7]d[0xffffff93][0xffffffd5]P[0xffffffc7]r[0xffffffad]W@[0x1d]k%[0xffffffd4]1y0E[0x1d][0xffffffdb]D[0xffffffb6][0xffffffa3]{5[0xffffff86][0xffffff9a])[0xffffffea]X[0x1][0xfffffffb]/;B[0xffffff8a]:&[0x16][0xffffffae][0xe]I[0x1d]{[0xfffffff5][0xffffffd2]yA[0xffffffbe][0xffffffd7][0x1c]u[0xffffff8c][0xffffffdf][0xffffffc8];R[0xffffffc7][0xfffffff8][0xffffffc6][0xffffffb7][0xffffffa1][0xffffff8e][0x19]5[0xffffffbd]y[0xffffffae][0xfffffff7][0x7][0xffffffed][0xfffffff6][0xffffffc0]d[0xffffffc9][0xffffffc7][0xffffff85][0xffffffd4]1[0xffffffb9]U[0xffffffcb][0x14][0x6][0xffffff90][\n]"
20:21:12.266 [main] DEBUG org.apache.hc.client5.http.wire - http-outgoing-1 << "[0xffffffa8]c-[0x18]P[0xfffffff0][0xffffff8c][0xffffff8b][0xffffffd3][0xffffff80][0xffffffe5][0xffffffe7][0xffffffcd]K[0xffffffce][0xffffffaf]>[0xffffffcc]_[0xfffffffc][0xffffffbc]y[0xffffffc9][0x19][0xffffff83][0xffffffa2][0xffffffa8]c [0x17][0xffffffc6] O[0xffffff95][0x6][0xffffffac][0xffffffd2][0xffffff80][0x1f]h[0x1a]p[0xffffffd3][0xffffffec] [0x11][0x18][0xffffffa1]f~[0x1][0xffffffda][0xffffffec][0xffffffb6][0xfffffffb]f1[\r]'%j[0xffffffba][0xffffffb1]![\r]8[0xffffffbd]M[0xffffffbb][0xffffffaa][0x5]h[0x8][0xffffffd5][0x1a]vl[0xffffffa3]x[0x1d]"p[0xffffff96][0xffffffa0]G&[0xffffffb1]][0xffffff9d]8b[0xffffffec]-[0xffffff9f][0xfffffffc]\.[0xffffffb9][0xffffffee][0xfffffffe][0xffffff92][0xffffffab][0x1c]n[0xffffffca][0xffffffe1][0xffffffa6][0x1c]n[0xffffff9c][0xffffffc2][0xfffffffc]u[0xffffffbf][0xfffffff4][0xffffffbb][0xffffff8b][0xffffffc3][0xffffffad][0xffffffd5][0xffffffd9][0x0]x\S[0xffffffd1][0xffffff82]$[0xffffff8a][0xffffffb5]m[0xffffffaa]x[0xffffffd5][0xffffffb7][0xffffff8f][0xffffffd2][0x1e][0xffffffdc][0xffffffe7]&[0xffffffd4]56][0xffffffc8][0xffffffcf][0xffffffe5]j{[0xffffffb9][0xffffff83][0xffffffda]*[0xffffffee][0xffffff98][\n]"
20:21:12.266 [main] DEBUG org.apache.hc.client5.http.wire - http-outgoing-1 << "mUh[0xfffffffb]PC[0xffffffdb]&[0xffffff92][0xffffff82][0xffffffcd][0x2]bC[0xffffffb3][0xffffffd5]'[0xffffff9e]VAj[0xffffffc5][0xffffff9a][0xffffff96]n[0xffffffd1][0xffffffdb][0xffffffca][0xc]n[0xffffffa5]z[[\r]x[0xffffff8c][0xffffffab][0xffffffaa][0xffffffd9][0xffffffce][0xffffffc6][0xffffffb4][0xffffffe4][0x10][0xffffffdc][0xffffff94][0xffffffb9]F[0xffffffcb][0x8][0xffffff84]w[0xffffffd8][0xffffff90][0xffffffb9][0x16]G[0xffffffe2]q[0x7f]U4[0xffffffab][0xffffffa2]Y[0x15][0xffffffcd]>[0xfffffff4]h[0xffffffb6][0xffffffd9]i[0x17];.[0xffffffd2][0xffffffea][0xffffffba][0xffffffc9][0xffffffd3][0xffffff96][0xffffffda][0xffffffc6][0xffffffa8],qm7u[0xffffffad]([0xffffff8e]5s[0xffffffab][0x6][0xfffffff4][0xffffff84]*SX[0xfffffff2]hlSXE[0x1e]Sq[0xffffffac][0xffffff8a]c[0x1f]j[0x1c][0xffffff8b]t[0x8][0xffffff83][0x1c][0x4][0xfffffff9]%[0xffffffda]^[0xffffffcf][0xffffffec][0xffffffe9][0xffffffad]b[0xfffffff2][0xffffffd8][0xffffff9a][0xffffff8e][0xffffff96]G[0xffffffb2]F[0xfffffff3][0xffffff8b][0xffffffac][0xffffffd1]VC[0x1e][0xffffffe3][0xffffff91]l;6[0xffffffb7][0xffffffc9][0xffffffcf][0xffffffa5]:[0xfffffffb][0xfffffff2][0xffffffa7]}tVE[0xffffffb2]*[0xffffff92]U[0xffffff91][0xffffffec][0x3][0xffffff8f]d[0xffffffcd][0xffffffb6][0xffffffb9][0xffffff81][0xffffffce][0xffffff90]VW[0xffffffa6][0xffffff9c][[0xffffffd4][0xffffffb5]2[0xffffffef]pi$[[0x1d]yL(jn[0xffffffad][0xffffffa0]][0xffffffbe]V[0xfffffff0][0xfffffff2][0xffffffbc]\a[0xb][0xffffffe1]=[0xffffffaa][0xffffffd0][0xffffff99][0xffffffc2][0xffffff94]+Ly6[0xffffff9b][0xffffffec][0xffffffab]6[0xffffffbc][0xffffffed]P[0xffffffe8]L[0xffffffc7][0xffffffeb][0xffffffae]VA[0xffffffca]A[0xffffffab][0xffffffd5][0xffffffed][0xfffffff4][0xffffffb6].[0x1d][0x18][0xffffff9b]*[0xffffff9d][0xffffffa5]E[0xffffffb9]27[0xfffffff1]&[0xffffffc1]-[0x14][0xffffffaf][0xffffffc3][0xffffffa7][0x1c]t[0xffffffe2][0xffffffda][0xffffff92]\[0xffffff82][0xffffffc9]:X[0xffffffb2]x[0xfffffff0]r[0xffffffb2][0xffffff83][0xffffffe4]*[0xfffffff2][0xffffff98]"[0xffffff8f])[0xfffffff2][0xffffff98],[0xffffffda][0xfffffffd][0xffffffb0][0xffffffa4][0xffffffd6][0xffffffec][0xffffffe3]%X[0xffffff81][0xffffffbd][0xffffffb8]c[0xfffffff6]{[0xffffffcc]w[0xffffffb0]^NwMF[0xffffffcb]c[[0xfffffff3][0xffffffde]Wi+#[0xffffff8f]qI[0xffffffed][0xffffffc5][0xffffffec][0x6][0xfffffff9][0xffffffb9]\b[0xffffffaf][0xffffffcb]%6O[0xfffffff1]Q[0x1][0xffffffad][\n]"
20:21:12.266 [main] DEBUG org.apache.hc.client5.http.wire - http-outgoing-1 << "hU@[0xfffffffb][\r][0xffffffa9][0xffffffec]6[0xfffffff2]X[0xffffffd7][0xffffffe8][0x1b][0xffffffcd][0xffffff82],[0x3][0xffffffc3][0xffffffec][0xfffffff7];[%[0xffffff96][0xffffffcb][0xffffffe7][0x16][0xffffff89][0xffffffad][0xc][0xffffffee][0xffffffb8])[0xffffff9a][0xffffffcd][0xffffff8b][0xffffffd6][0xffffffe1][0x3][0xffffffd9][0xffffff9c]][0xffffffa1][0xffffffdb]/[0xffffffa1][0xffffff96]#[0xffffffcf][0xffffffe0]%-5[0xffffff94][0xffffffbc][0x5]K`>J_[0xffffff95][0xffffffbe]*}}H[0xfffffffa][0xffffffda]ivZ[0x5]!l[0xffffffd3][0xffffffe8]v[0xfffffff5][0xffffffad]i\&[0xffffffd3][0xffffffce]-[0xfffffffa]z[0xffffffef][0x6][0xffffff85]j[0xffffffd8]c,^[0xffffffed][0xffffffe9]Y#[0x18]>[0xffffff97][0xffffffc6][0xffffffaf]?[0x1c]oUV[0xffffffc5][0x1e][0xffffff9b][0xffffffa3][0xffffffd2]5[0xffffff86]I)[0xffffffab]R[0xffffffd6][0x7][0xffffffa4][0xffffffac][0xffffffbd]f[0xffffffb7]G[0xffffffef]l[0xfffffff2]y[0x5]M$[0x15]t[0xffffffa9]PW[0xfffffff9][0xffffffea][0xffffff80][0xffffffc9]ds[0xffffff8b][0xffffffb4][0xfffffff6][0xffffffee];[0xffffffaf][0xffffffa0]2[0xfffffff8][0x18]be[0xffffff9c][0xffffffee][0x1][0xffffffe1]c[0xffffffbc][0xffffffc1][0xc]|[0xc][0xffffffbf][0xffffff92][0xfffffff0]1Z[0xffffff86][0x1][0x1d][0xffffffc9]n[0xffffffb5]&[0xfffffffa]X[0xffffffc7]7[0x9][0xffffffdd]R[0xfffffff0][0xffffffb1][0x7][0x6][0x1f][0xffffffdb][0x19][0x3][0xfffffff6][0xffffffb3][0xb][0xffffff9c][0xffffff9c][0xffffffe5]i[0xffffffcf]V [0xffffffba],[0xffffffc0][0xfffffff8][0xffffffb1][0x0]N[0xb][0x7f][0xffffff97]t[0x1a]M{[0xffffffbf]a[0xb] j[0xffffff82]+@[0xffffffdc][0xffffff80][0xffffffd2][0xffffffd1][0x12][0xe][0xffffffd0][0xffffff8b][0xffffff8f][0xffffff91][0x3]n[0x1c][0xffffffc8]5[0xffffff84][0xffffffa4][0xffffff99].[0xffffff88][0xffffffe7][0x5][0xffffff88][0xffffff91];[0x7]:[0x8][0xfffffff4])[0xffffff92]8[0xffffff82]`[0xffffffc9]C[0xffffffd1][0xffffff86][0xffffff8f][0xffffffb1]7[0x1d]}[0xfffffff1][0x4][0xffffffa0])[\r]\"-E9[0x4][0xffffff9b]j[0x15][0x10][0xfffffff6]&[0xffffffcb][0x7]#[0xfffffff6][0xe][0xffffffe7][0xffffff87]MV[0xb][0xffffffc6]][0x1][0xffffffc7][0x7][0x1c]%g[0x1][0xffffff98][0xffffffd7][0xffffff92][0xffffffbc][0xffffff94][0xffffffd4][0xffffffad][0xffffff80][0x0]M[0xffffffc4]a[0x2][0xffffffb7]g[0xffffffe6][0xffffff8f]C[0xffffffd0][0xffffffe7][0x16][0xffffffb6][0xffffffb7][0x1a]3x[0x18]6[0xffffffba][0xfffffff6][0x3][0xfffffffc][0xffffff92]3iF[0xffffffae][0xffffff8f][0xffffffad][0x2][0xffffffd7][0xffffffc6]V[0xc]}[0xffffffe5][0xffffffd8]80[0xffffff9a][0xffffffbc]tn[0xffffffd2][0xffffff88][0xffffffa8][0x1f][0x1c][0xfffffffb][0xffffffd2][0xffffffe7][0x10]4I[0xffffffad][0xffffffc1][0xffffffa1]<O[0xffffffb3][0xffffffae],[0x17][0xffffffe4][0x7f][0x0][0xffffffcb][0x4]O,[0x1c]$[0xffffff83]X[0xffffffd3][0xffffffde][0xffffff83][0xffffffc5][0xffffffa6][0x15][0xe]%[0x1b]kM[0xffffffc3]&[0xffffff9c][0xffffffb3][0xffffffb3]m+j[0xffffffe8]9`?t[0xffffffb5],/[0xffffffd9][0xfffffffb][0x7]'J[0xfffffffd][0xffffff9e]_[0xffffffc2]t[0xffffffb3]E[0xfffffffb][0xffffff88]#>C[0xffffffff][0xffffff93]?[0xffffffa7]v=C[0xffffff9b][0xffffffef][0xffffffe8][0xffffff9a][0xfffffffd][0xffffffec][0x4]@[0xffffffa9]9[0xffffffe3]xb[0xffffffd4][0xffffffb4]4M[0xffffff8e][0xffffffa3][0xffffff89],[0xffffff8c]*[0x6][0xffffff9c][0xf];&[0x6]Q[0xffffff80][0xffffffa6][0xffffffd8]9[0xffffffe6]S[0xffffffbd][0xffffffc1][0xffffffa5][0xffffff8c]~[0xffffff97][0x3]TB!:qA[0xffffff81][0xffffff9b]i?[0xffffffac]<[0xffffffc7][0xffffff9e]Y;p[0xffffffb7]8[0xffffffb1][0xffffff89][0xffffffd1][0xffffffab][0xffffffe8][0xffffffea][0x12][[0x8][0xfffffff0]>'[0xffffff98][0xfffffffa]`[0xffffffba][0xffffff81][0xffffff8f][0x8][0xffffff8a][0xffffff8e]O[0xfffffff3][0xffffffe8])[0xffffff90]C[0xffffffd7][0xffffffda]*[0x2]v[0xffffffeb][0xffffff93][0xffffffa4])[0xffffffbd][0xffffffb7][0x16]7[0xffffffc0][0xffffff83]%[0xffffff98])F[0xffffffe8][0xffffffc3]{[0xb][0xfffffffe][0xfffffffb]'l>[0xffffffbc]'f[0x1a];[0xffffffca][0xfffffffa]v[0xfffffff1][0xffffff9f][0xffffffc0][0xffffff9c]"[0x12]a[0x19]R[0xffffffac][0xffffff98][0xb][0xffffff85][0xffffffd1][0x4]@[0xffffffc9][0xffffff9d][0xffffffdc]P[0xffffff9f]@[0xffffff9f]#x[0xffffffd9]w:[0x10]N[0xc]T%[0xfffffff1]T[0x1c]5[0x17][0xffffffa6][0xfffffff9][0xffffff83]tw[0xffffff8d]o[0xffffffb0]|![0xffffff90]r[0x13][0x17]}[0xffffffa5][0xfffffffe][0xffffffe2]Nc[0xffffffbb][0xffffffc6][0xffffffb3]r[0x12][0xffffff80][0xffffffb3][0xffffffc4][0xfffffff0][0x7f][0xffffffb8][0xffffffcb][0xffffff88][0xffffffde][0xffffffc4][0x15]/[0xffffffc5][0xffffffc2]{[0xffffffb7][0x4][0xffffffb9][0xc]7,"
20:21:12.268 [main] DEBUG org.apache.hc.client5.http.wire - http-outgoing-1 << "[0xffffffe8]R[0xffffffc0]V[0xffffffe1]V[0x2]EJ{LxA[0xffffffa4][0x8]j[0xffffffb6]G[0x4][0xffffffc9]`[0x15]F5[0xffffffe0][0xffffff8d]2[0xffffffb0][0xffffffca][0x1c][0xffffffc3][0xffffffeb][0xffffff97][0x19]A[0x18]C[0xffffffa0][0xffffff86]l0[0xffffffff][0xffffffa6][0xffffffec][0xfffffff2][0xffffff83][0xfffffff5][0xffffff98]#F[0x2]/[0x9][0xffffff9c][0x11]T[0xffffff81][0xffffff91][0xffffffcc][0xffffffd2]]z[0xffffff9a]9A[0xffffff9c][0x8]4[0xffffff84]hS[0xffffffcf][0xffffffc1][0x19][0xffffffc4][0xffffffa4][0xf][0x1b]'[0xffffff96][0xfffffffd][0xfffffffa][0xffffffac]![0xffffffd9]p#bL9[0x1f]q[0xffffffbf][0x2][0xffffff86][0xffffff87][0x3]S[0xffffffc3][0xffffff8e][0x5]j[0x1d][0xffffffe7][0xffffffaf][0xffffffe1][0xffffffcf]V[0x0][0xffffffd6][0x1e][0x1b]_[0xffffffcc]`[0x9]q[0xffffff84][0xffffffc8]h@S[0xffffff82][0xffffff91][0x6][0xffffffc4][0xffffffde][0xffffffd0]]L[0xfffffffc]:[0xffffffe8]Ua4d,J[0xffffffa1].#[0x1]k[0x13][0xfffffff4]H[0xffffffbe][0xffffffb7][0x5][0xffffff9e][0xffffffa4]'u[0x7][0xfffffffa][0x4][0xffffff9e][0x1c][0xffffffc8]~[0xffffffd8]d[\n]"
20:21:12.268 [main] DEBUG org.apache.hc.client5.http.wire - http-outgoing-1 << "[0xffffffc6]$[0xffffffd3][0xffffffbe][0x4][0xfffffffa][0xfffffff7]4KN[0xffffffe3][0x0]K9[0xfffffff1]$[0x18][0xffffffd0]0[\r][0xffffffec][0xffffffed]9[0x18][0xffffffe9][0xffffffd4][0xffffffe5]8[0xffffffc7]9[0xffffffcb]-[0xffffff80]Xc[\r][0xffffffdb]3[0xffffffc8]O[0xffffff8a][0x16]Gj[0xb][0xe]!u[0xffffff80][0x3][0xb][0xffffffd9]H[0xfffffff1][0xffffffc1]`[0xffffffe3]:![0xffffffb6][0x1f]dm[0xffffff84])[0xf]8[0x15]g[0xffffffde][0xffffffd9][0xffffffb8][0xffffff88][0xfffffffe][0x1c][0xffffff80]Fg[0x2][0xfffffffa][0x1a]H[0xffffff80][0xffffff82][0x1f][0xffffff97][0xffffffd2]][0xffffff8d]V[0xffffffc4]Jn[0xffffffd0]R2[0xffffffde]F[0xffffffc2][0x19][0xffffffbb][0xffffff8c][0xffffffab][0xffffffc5]%[0xffffff87][0xffffff9b]Z[0xffffffd1][0xc][0x17]N[0xffffffa0][0xffffffd6][0xffffff88][0x8][0x6][0xffffffb0][0x1a][0x1][0xffffffc1][0xffffff88]5'[0xffffffaf]^[0xfffffff2]d[0x11][0x17][0xffffff90][0xffffffd3][0x1d]KzV|[0xffffff83][0x15][0x12]:[0x7][0xffffffda][0xffffff9f][0xffffffbf][0x4][0xffffffa3][0xfffffff3][0xffffffdf][0x19][0xffffff81][0xffffff8c]ka[0xffffffc2][0x1d][0xffffffbb][0xffffffde][0xffffff80][0xffffffe7][0xffffff8b]A}5[0x1a][0x1][0xffffff8e][0x4]][0xffffff92][0xffffff8e][0xffffffca][0xffffffa7][0xffffffcb][0xffffffa6][0x7]t[0xffffffaa][0xffffffe9][0xc][0xffffffd5][0x13][\r][0xffffffd2][0x13]xQ3[0x1b][0xffffff8f]B;[0x2]MT@)[0xfffffffd][0x5][0xffffffeb]X[0xffffffee][0xfffffff9][0xffffffb2]K3[0xffffff80]a[0xffffff82][0xffffff94])[0x1f]Iq+[0xffffffc5][0xffffff8f][0xffffffbb]][0x1b][0xffffffbc][0xffffffe2][0xffffff91][0x9]u/[0xffffff89]LX[0xffffffdb][0xfffffff9]'[0xffffffdd].-N[0xffffff9d]([0xffffffd5]E[0xffffffc6][0x12][0xffffff95][0xffffffcf][0xffffffdb][0xfffffffc][0xffffffd3]o[0xffffff97][0xffffffe6][0x2][0x6][0xfffffff1][0xffffffab]A[0xffffffc0]6[0xffffffb5][0xffffff9a]z[0xffffffdc][0xffffffee][0xffffffd1]`n[0x14]K#[0xffffff82]=[0xffffff9a][0xffffffdd]<[0xffffff96][0xffffffeb]O[0xfffffff8]][0xffffff9a][\r]1[0xffffff9a][0x14][0xffffffcb][0xffffffd5] LLU[0xffffffe3][0xffffffc9]xHH_.[\n]"
20:21:12.268 [main] DEBUG org.apache.hc.client5.http.wire - http-outgoing-1 << "H:[0xffffff96][0x2][0xffffffe8][0xffffffe0][0xffffffc1]wy3[0xffffffd5][0xffffff9b][0xfffffffc][0xffffff82][0xffffffe6]x[0xffffff9d][0xffffff85]{[0x4][0xffffff9f][0xffffffae][0x16][0xfffffff6][0x7][0xffffffda][0x1e]_[0xffffffba][0xe][0xffffff8b][0xffffffed][0xffffff8b]Yr[0x1b][0xffffffb1]}F[0x13][0xffffffd9][0xfffffff6][0xffffffc4][0xffffffed]#0J[0xffffff96][0xffffffdb][0xffffff87][0x17]=1[0xffffffb7][0xffffff8f]2[0xffffffef][0xb][0xffffffb8]}[0xffffffc8]`[0xffffff92][0xffffffdc]>[0x13][0xffffffed]pp_[0xfffffff3] [0xffffffe0][0xffffffbe]~[0xffffffb7][0xffffffd7][0xffffffc4]w[0xfffffff3][0x3]r[0xfffffffb]d[0xffffff8b][0xffffff95]`[0xfffffffb]r[0xffffff8d]W@[0xffffffed]k[0xffffffc6][0xffffffd4]>y,[0x5][0xffffffed]S[0xffffffd0]>'[0xfffffff8][0xffffffe3]3[0xffffffa0][0xffffff9c]K[0xffffffff][0xf][0xffffff88]G[0xffffff86][0xffffffbd]wQ[\n]"
20:21:12.268 [main] DEBUG org.apache.hc.client5.http.wire - http-outgoing-1 << "[0xfffffffd][0xffffffcc][0xffffffae][0xffffffed])h_[0x5][0xffffffd0][0xffffffbe][0xffffff97][0xffffffc6][0xffffffe9][JJ[0xffffffcc]A[0xfffffffb][0xfffffff8]}[0xffffffbc]#[0xffffffb4][0xffffff8f]o[0xffffffbc]7[0xffffffb4][0xffffffaf]Y[0xffffffd3][[0x4][0xffffffed]3[0xffffff8c][0xffffff81]n[0xc]LF[0xffffffae]Z[0xffffff87][0xfffffff6][0xffffffa5][0xffffffb6]2[0xffffffba][0x3][0xffffff93]e[0xfffffff7]W[0x0][0xffffffed][0xffffffd3]MC[0xffffffef][0xfffffff7]Zq:[0xffffffa7][0xfffffffc][0xffffffbc][0xfffffff9]][0xffffffcd][0xf]/g[0x7f][0xffffffff][0x7]:[0xffffffb3][0xffffffe1]-8[0x6]EA[0xfffffffb][0x14][0xffffffb4]/[0x15]t[0xffffffe5][0xffffffd4][0xc]7[0x17][0xffffff82][0xffffffff][0xffffffcf][\r][0xffffff94][0xffffffac]P[0xfffffffa]xEK[0x14][0xffffff9f][0x1b][0xfffffff8][0xffffff8a]ve[0xffffffd9]7[0xfffffff4][0xffffff98][0xffffffc8][0xffffff91]I[0xfffffff7]yP[0xffffffdc][0x6]jJ[0xffffffe5][0x18][0xffffffd0][0xffffff87][0xffffff8b][0xffffffe8]f[0xffffffe9][0xffffffa0][0xfffffff6][0xffffffc8]~[0xffffffb5][0xffffffbb][0xffffff9b]:[0xffffffde]|[0xfffffff7][\n]"
20:21:12.268 [main] DEBUG org.apache.hc.client5.http.wire - http-outgoing-1 << "[0xffffffde][0xffffffdc][0xffffffb4][0xfffffff4][0xffffff96]Q[0xffffff84]6I[0xffffff8b]Zk[0xffffffd0]*[0xffffff84][0xfffffff6][0xffffffe5][0xffffffb6][0xffffffa9][0xffffffec][0xffffff9d]8[0xffffff84]j[\r][0xffffffda][0xffffffb7]Q[0xffffffbc][0xe][0xffffff99]x[0xffffffc4]%[0xffffffb6]M[0xffffffc1]3[0xffffff83][0xfffffff6][0xffffffc9][0xffffffcf][0xffffffe5][0xffffff92][0xfffffffb]a[0x7][0xffffffc9]U[0x18])e[0xffffffbf]W[0xfffffff6][0xfffffffb][0xffffff87]j[0xffffffbf]7:[0xffffffcd][0xffffffb6]^[0xffffff90][0xffffffe0][0xffffffd9]G[0xffffff86]g[0xffffff81][)[0xffffffa7][0xffffffa3][0xffffff8c][\r][0xffffff9d][0x7f]I[0xffffff9e][0xffffffdd][0xffffffa6]]Y[\n]"
20:21:12.268 [main] DEBUG org.apache.hc.client5.http.wire - http-outgoing-1 << "}[0xffffffa9][0xffffffd6]V[0xffffff83][0xffffff91][0xffffffe2][0xffffffaa][0xffffffda][0xffffff89]a}[0xfffffff2]s[0xffffffb9][0xffffffca][0xffffff86][0xfffffffb][0xffffffa8][0xffffffac]2[0xffffffdf][0xffffffab]l$e[0xffffffbe][0x7f][0xffffffe0][0xffffffe6]{[0xffffffa8].e}[0xffffffe6]S[0xffffff90][0xffffff8a][0xffffff94]s[0xffffff8b][0xffffffba][0xffffffb2]h[0xffffffb7][\n]"
20:21:12.269 [main] DEBUG org.apache.hc.client5.http.wire - http-outgoing-1 << "([0xffffffea]n[0xffffffea]zp[0xffffff8c][0xffffff94]P[0xffffffd4]\[0x1c][0xffffffdb][0xffffffc1]R[0xfffffff5]&'(-[0x1d]D;([0xffffffac][0xffffffc2]H[0xffffffa9]8V[0xffffffc5][0xffffffb1][0xf]5[0xffffff8e][0xffffffd5][0xffffffbb]-[0x0][0xffffffa3][0xffffffd6][0xffffffd3]=[0xffffffbb]F[0xffffffab][0xffffffd5]n[0x16]`[0xffffffa4]rZ[0xffffffbb][0xffffffc3][0xffffffaa][0x1][0xffffffaf][0xfffffff4]}[0xffffffef]Z[[\r]F[0xffffff8a][0xffffffeb]l7[0xffffffb7]D[0xffffffdb]-q[0xffffffdc][0xffffff93][0xffffffce][0xffffff96][0x0]Q[0xffffffe3]U[0xffffff8e],[0xffffff98]E9[0xffffff96]T^[0xffffffbd][0xffffffca][0xffffffab][0xffffffff][0xffffffca][0xfffffff3][0xffffffea][0xffffffef][0xffffff80][0xfffffff7]7[0xffffffbb][0xffffffad][0xffffffa2]d[0xfffffffa][0xffffff9c][0xffffffba][0x16]RMr[0xffffffdb]|[0xffffff99]5[0xffffffd9][0xffffffea]0RBas[0xffffff91]lwK$K[0xfffffffe][0xffffffa6][0xffffff92][0xffffff97]`[0xffffff85]$[0x16][0xffffffa5][0xffffffb1]Jc[0xffffff95][0xffffffc6]~[0xffffffe5][0x1a][0xffffffbb][0xffffffdf]K0[0x3][0x10][0x7f][0xffffffdd](x[0x9][0xffffffd6][0xffffffee][0xfffffff6][0xffffffba]=$^mY:(t/[0xffffffe5][0x4][0xffffffb7]2[0xffffff8c][0xffffffd4][0xffffffa6][0xffffffa5][0xffffff83]B[0xfffffff1]:[0xfffffffc]K[0xffffffb0]^[0xffffffcc]F[0xffffffe5][0x12]L[0xffffffd4][0xffffffad][0xffffffb2][0xffffffc5][0x3]BVo[0xffffff93]\[0xffffff85][0xffffff91]R[0x18])[0xffffff85][0xffffff91]z[0xffffff98][0x18])[0xffffffa3][0x5]E[0xffffff85]!4[0xffffffef][0x14]5[0xc][0xffffff84][0xffffffb6][0xffffffb4][0xfffffff2][0xffffffb8]Ek[0xffffff99][0xffffff8e][0xffffff96]-[0xffffffd3][0xffffffb6][0x7][0xfffffffa][0xffffffbd][0x7][0xffffffb7][0xffffff95]q[0xffffffa4][0xffffffb8][0xffffffa6][0xfffffff6]sam[0xffffffbf]<[0xffffffac][0xfffffffd][0xfffffff1][0xffffffc7]r[0xffffff8d][0xffffffcd]#YTD[0xffffffab]"Z[0x15][0xffffffd1]~C[0x11][0xffffffed]6[0xffffff8e]T[0x1b][0xfffffff8]S[0x1d][0xffffffab][0xffffffb0]k[0x1a]kb[0xffffffe1]v[0xffffffcb][0xffffff9b]0)[0xffffff9f][$[0xfffffff6][0xffffffde][0xffffffc3][0xffffffd9][0xffffffbc]h[0x1d]<[0xffffff92][0xffffffed][0xffffffeb][0xffffffb4][0xffffffde][0xffffff9a][0xffffffa4]s[0xffffffe1]si$[0xfffffffb][0xffffffe3][0xffffffe9]V[0xffffff95]EZ[0x4][0xffffffbf]T[0xfffffff0][0x9];[0xffffffde][0xffffffd1]`[0xffffffb1][0xfffffff2]<zxy[0xffffffbe][0x5][0xffffffab][0xffffffea][0xffffffd1][0xffffffe0][0xfffffff3][0xffffff91][0xffffffe7]O[0xffffffdd][0x5][0xffffff92][0xfffffff6][0xffffff92][0xffffff97]E[0xffffffac][0x3]f[0xffffffbf][0xffffff93]e[0xffffffad][0xffffff9c][0x1c][0xffffffff][0xffffffd4][0xfffffff9][0xfffffff9][0x1f][0xffffffa7][0xffffff9e][0xfffffffd][0xffffffe1][0xffffffc5][0xffffffcd][0xffffffeb][0xfffffff3]_[0xffffffaf]O[0xffffffae][0xffffffbf][0xfffffffb][0xe][0xffffff87][0xffffff87][0xffffffdb][0x13][0xffffffb9][0xffffff98][0xfffffff9][0x4]C[0xfffffff6][0xffffffcb][0xffffffb0][0xffffffce][0xfffffff3]7iZ[0xffffff8b][0xc]A[0xfffffffe][0xffffff9a][0xffffffb7][0xffffffc1][[0xffffffff][0xffffffcb][0xffffffd5]wD'[0xffffff9c][0x6][0xffffffa2][\r]:[0xffffffee][0x11]=Z[0x3]tt[0xffffffa7][0xffffffbc][0x7f]l<[0xffffff8b][0xffffffe6]^[0xffffffee][0xffffffe8][0xffffffaa][0xffffffd6][0xfffffff5][0xffffffa6][0xffffff97]>[0xffffffb0][0xffffffbf][0xffffffaa][0xffffffb4]Y[0xffffff99]l[0xfffffff1]U[0xffffff83][0xffffffa7][0xffffffb7][0xffffffe9]+8[0xffffffa8]z[0xffffffb3][0xffffff90]:[\r][0xffffffc0][0x14][0xffffffd2][0xffffffbb][0xffffffca]BX[0xffffffe8][0xffffffeb].!le[0xffffffe5][0x0]7-[0x17]T[0xffffffc3][0xffffff91]b[0xfffffff1]k_[0xffffffcf][0xffffffbe][0xfffffff8][0xffffffc2][0xffffffe7]re-[0xffffffa1][0xfffffffb][0xffffffd3][0xffffff8b][0xffffffaf][0xffffff84][0xffffffcb][0xffffffa2]"W[0x15][0xffffffb9][0xffffffaa][0xffffffc8]"
20:21:12.270 [main] DEBUG org.apache.hc.client5.http.wire - http-outgoing-1 << "[0xfffffff5][0x1]E[0xffffffae][0xffffff9d][0xffffffae]^[0xffffffc8][0xfffffff3]G[0xffffff9d][0xffffffd5].@R[[0xffffffa5][0xffffffb5][0xffffffb0][0x16]`z%[0xffffffb6]=0[0xffffffee]=[0xffffff89][0xffffffab]2[0xffffff8e][0x14][0xffffffc4][0x10]A[0xffffffd8][0x1]9R[0xffffffbc][0xffffffc1][0xc]G[\n]"
20:21:12.270 [main] DEBUG org.apache.hc.client5.http.wire - http-outgoing-1 << "[0xffffffbf][0xffffffd2][0x18]HJ[0xffffff8c]"@RVOw[0xffffffda][0xffffff93]q[0xffffffc7][0xffffffd0][0xffffffbb][0x1d][0x5][0xffffff92]z` [0xffffffa9][0xffffffc7]_[0xffffff82][0xffffff90][0xfffffff1]$[0xffffff85]A[0xffffffb9]x[0xffffffe3][0xffffff93][0xffffff9d][0x9][0xffffffa8]#pO@[0xffffff93][0xffffffb9]F<[0xffffffad][\r][0xffffffe7][0xfffffffe][0xffffffa7][0xffffffc1][0xffffffd8][0x19][0xffffffad][0xffffffa6][0xffffffe0][0xb][0x1]XA[0xffffffe0][0xffffff95][0xffffffa1]f[Kk[0x4][0xffffffb2][0xf][0xffffffa8]M[0x0][0x14][0x10][0x14]e[0x18][0x5]+g8[0xffffffb8][0xffffff90]x[0x2]M{6[0xffffff89]@$b[0xffffffb0][0x14][0xffffff89]a[0x9][0x1][0x1b][0xffffffaa][0xffffffb9][0xffffffa1]/X4[0x13][0xffffffc7][0xffffff8a]V[0x1]qdb[0xfffffffc][\n]"
20:21:12.270 [main] DEBUG org.apache.hc.client5.http.wire - http-outgoing-1 << ";[0xffffffe6]4E~[0xffffffd2][0xffffffeb][0xfffffff8].gP[0xffffffab][0xffffff9a][0x16][0x2][0x1c][0xffffff95]"`[0xffffffd9][0xffffff9e]K[0xe]0[0xffffffcd]s/[0x1d][0xffffffed][0xc]T[0xffffff97][0xffffff85][0xffffffbb][0xffffff9a][0x3][0xffffffcb]bE[0xffffff8c][0xffffffc9]C[0x8][0xffffff94][0xffffffe7][0xffffffb3][0xffffff80][0xfffffff6]9v[0xffffffae][0xffffffce]}[0xffffffdf][0xb][0xffffffb5]7[0xffffff81][0x1f][0xfffffff9][0xffffffb6][0xffffffef]i[0xffffff8f][0xffffff9f][0x1f][0xffffffbf]ad[0x1d]M[0x1b][0xffffffdd][0xffffffc4][0xffffffc4][0x1c][0xffffffc2][0xffffffb3][0xffffffe0][0xffffff8b]![0xffffffbe][0x19]N5[0x1e]'[0xffffff83][0xffffffa0][0xffffffb4][0xfffffff2]@}[0x9]\:[0x7f][0xffffffb0]g[0xffffffd8][0xffffffc8]$[0x1d][0x6][0xffffffd1][0xffffffc6][0xfffffff9][0xffffffb8][0x4][0xffffff9a]a[0xffffff8e][0xffffffae]`[0xffffffe0][0xffffffd0],o[0xffffffd5][0xffffff9d]/=[0xffffff87][0xfffffffd][0xffffff92]p0[0x4][0xffffffb9]q[0xffffff80][0xffffffbb][0xfffffff9]([0x8]0[0xffffffe0][0xffffffaf],[0x3][0x1f][0xc][0xffffff9d]9F[0x19]H[0xffffffa8][0x11](>3w[0xffffffb9][0x4]`[0xffffff86][0xffffff8d]@[0xffffffcc][0xffffffab]1Lv[0xffffff81]4[0xffffffed][0x1d].[0xffffff8c]G[0xffffffe7][0xffffffc4][0xfffffff9]=<[0xfffffffa][0xffffffa0]~[0xffffffca]M[0xffffff89]1[0xffffffe3][0x4]`[0x9][0x1]3[0x13][0xffffffce]X[0xffffffaf][0xffffffa9]U'[0xffffffca][0xffffffc0][0xffffffb1][0xffffff86][0x13][0xffffff97][0xffffff81]s[0xffffffea][0xffffffa3][0xffffff89]m[0xffffff81]q[0xfffffff3]j[0xfffffff1][0xffffffc6][0xffffffc2]N[0xffffffd1]@[0xffffff9b]X^[0xffffffe8][0xc][0xfffffff9][0xffffffc1]jZ[0xffffffbc][0x1d][0x18]&[0xffffff82][0x6][0xfffffff4]J^[0xffffffb7][0xffffffb3][0xffffff88][0xffffffd0]K[0xffffffd3][0xffffff9b][0xffffff81][0xffffffa6][0xffffffb3][0xffffffed][0xffffffe9][0xffffffdf][0xffffffa3]G[0xffffff8f]4[0xffffffcc][0xffffff8e][0x4]O[0xffffff91][0xffffffa5]Vq[0xffffff90][0x8][0xffffff80]a+[0xffffffc2][0x1e][0xfffffffd]H_[0xffffffca][0x13][0xffffffb8][0xffffffd3]&[0x1e][0xffffffcb]#F[0x12][0x11];[0xffffffd5][0xffffffd8]7yA[0xffffff88]bX[0x12][0xffffffd9][0xffffffda][[0xffffffdf]s[0xfffffff6]m,[0xffffffc0]>1XIc[0x17]G[0xffffffb0][0xffffffc4][0xffffffb4]a[0xffffffa6]q[0xffffffd6][0xffffffd5]![0xffffff98]A[0xffffff98][0xffffffa8][0xffffff80][0xfffffffa][0xffffffd0][0xffffff9c][0xffffffb2]l[0xc]q[0xffffffe8][0xffffff8a][0xffffffe9][0xffffffcf][0xffffffba][0xffffffa5]=[0xffffffa6][0xffffffa9][0x19]a[0x12]0[0xffffffdc][0xffffff89][0x6]|T[0xffffffe8][0x13][0xc][0xb][0xffffffcc][0x1d][0xffffffce][0xc][0x2]^[0xffffffea][0xffffff99][0xffffffd8][0xf][0xffffffe0][0xffffffa4]S [0x7f][0xffffff9e]<[0xffffffd5][0xfffffff0][0xffffff95][0xffffff8c][0xffffffb3]x,[0xffffffba]b@[0xfffffff1][0x10]?[0x8][0xffffff97][0xffffff94]Ma[0xffffffd6]0;"o2[0xffffffc6] [0x9][0xffffffda][0x12]--[0xffffffe0]4[0xffffffb4][0xffffffc7]N[0x1d][0xffffff84]6[0xffffffea][0xffffff98][0xffffffd8][0xfffffffb][0xffffffb7]#[0xc][\r][0xffffffcd][0xffffffbc][0xffffffdf][0xffffff8e]4[0xffffffcc][0xffffffe7][0xffffffdf][0xffffff8e][0xffffffce]@[0xffffff87][0xffffffd3]^-[0xffffffe8]#0U@1E[0xffffff91][0xffffffbf]Hn[0xfffffffc][0xffffffb2][0xffffffd3][0xffffffa7][0xffffffb1][0xffffffcd][0xffffff9e]=[0xffffffee][0x7f][0xffffffa2][0xffffffd1][0x11][0x8][0xffffffe9][0x12]s[0xfffffff1][0xffffffca][0xfffffff2]@ez[0xffffff8c][0x1b][0xffffffe2][0xffffffd9][0xffffffdb]W[0xffffffcf]$[0xffffffe1][0xffffff8d][0x1d][0xffffffe1][0xffffffa9]6[0x3][0x1c][\n]"
20:21:12.270 [main] DEBUG org.apache.hc.client5.http.wire - http-outgoing-1 << "[0xffffffe7][0xfffffff3]Ts"[0xffffffbb][0xfffffffe][0xffffff84][0xffffff9f][0x16]`u6 I[0xffffff98][0xffffffa4][0xffffffd4]erN[0x12][0xffffff80]H[0xffffff9e][0xc][0xfffffffa]+[0xffffff96]L[0x4]<[0xffffff8a][0xffffff9f];[0xffffffee]m:[0xffffffa1][0x14][0xffffff8b][0xffffffe8][0x14]R[0xffffffc5][0x1b][0xffffffa4]f[0xffffffe6][0xffffffee][0x2][0xffffffdc][0xffffffbb]9F[0xfffffffc][0xffffff9f]+[0xffffff97]F<Os[0xffffffc2][0xfffffffd]f[0x18]x[0xffffffa0][0xffffffa6][0xffffffd4].[\r]U{[0xffffffff][0xffffff92]`^/[0xfffffff8]Q[0xffffffb4][0xffffff97][0xffffffd0][0xc][0xffffffed]lfa[0x11]O{[0xffffffeb][0xfffffffb][0xffffffd1][0xe][0xffffff93]k<Y[0xffffffd4][0x8][0x8]V[0x13]=[0xffffffad]M[0xffffffd0]F-dm[0xffffffd4][0x2][0xffffffb4]!&n[0xfffffffa]8[0xffffffe1]![0xe][0x14][0xffffffae][0x1f]I[0xffffffde][0xffffff92][0xffffff99][0xffffffeb][0xffffffca][0xffffffc8]y8[0x1f][0xb][0xfffffffa][0xffffffe6]_[0xffffffae][0xffffff96]4[0xffffffe8][0xffffffe8][0xffffffaf]{[0xffffffe5][0xffffff8e][0xffffff89]I([0xffffffba][0x1d][0xffffffd2][0xffffff84][0xffffff81]<[0xffffff82][0x5][0xffffffc7]!V[0xffffffd8]J[0xfffffffe][0xffffff89]_[0x9]R'\l[0xfffffff0][0xffffffce]|[0xffffffa0][0xffffffcb][0xffffffd8][0xffffffe6][0xffffff9e]O[0xffffffdc]01^[0xffffffc7][0xffffffaf]O[0xffffffea][0x1a]a~<[0xffffff9f][0xfffffff3][0xffffffa3]hV[0xffffff92]Z[0x10][0xffffffe1][0xffffffcc][0xfffffff9]h;[0xffffffcb]H[0x1b][0xffffff9e][SF[0xffffffbd][0x2]um[0xffffffc1]x6[0xffffff9a]6[0xfffffffc][0xffffffc7][0x1b]@[0xffffffaa] Wth?[0xffffffc0]_[0xfffffff0]\[0x0][0x17][0xffffff90][0xffffffb4][0xffffffc9][0xffffffc3]Cf[0xffffffb5]$[0xffffffa0][0xffffff9a]3>[0xffffffe0][0x14] [0xffffffc9]zNr[0xffffff9e][0x16]-R[0xffffff82][0x13][0xffffffff][0x13]4[0x19][0xfffffff7]$[0x7][0xffffff99][0xffffffd9][0xffffffe9][0xffffffa7][0x1d]{[0x1c][0xffffffe2][0xffffffe9]r[0xffffffea]/[0xffffff88]#G"[0xffffffe4][0xffffffb9][0xffffffd6]"z[0xffffffe3][0x13][0xffffff82]/x[0xffffff8d][0xffffffe7][0x4]A[0xffffffd2][0xffffff88][0xffffff8a]7r[0x1c]&[0xffffff8d][0x1a] f[0xffffffc1]%[0xffffff86][0x8][0xffffffbf][0x3][0xfffffff0][\r]Fcb[0xffffffbf][0xffffffd5][0xffffffb5]Wxt1[0xffffffb8][0x11][0xffffffc6][0xffffff9f][0xffffff9e][0x7][0xffffff9e][0xffffffb5] [0xffffff88][0xffffffa3]D[0xffffff84]%[0xffffff8f][0xffffff80][0xe][0x2][0xffffffc1]4[0xffffffb4][0xc][0xffffff91][0xffffffe7]Aa:1[0xffffffe1]e#K[0xffffffc7][0xffffffa4]5mb[0xffffffe9][0x18]:r[0xffffff8f][0xffffffb3]0[0x1d][0xffffffac]([0xffffffc4]0[0x1d][0xffffffc2][0xffffffcd][0x16][0xffffffc0]t[0xffffffa8][0xffffffb2]BL[0xffffffd3][0xffffffc1]W[0x9]N[0xffffffd3]1[0xe][0xffffff84][0xffffffd3]1[0xffffffba][0xffffffcd]f[0xffffffbb]M[0xffffffd9][\r][0x1c][0xfffffff1][0xffffff90]_[0xffffff94]][0xffffffba]bA[0xffffff96][0xffffffad][0xffffffc2][0x12]Q$l[0xffffffe0]*[0xffffffd2]%N{[0xffffff98][0xfffffff1][0x17][0xffffffc6][0xffffff85][0xb][0x1b]}[0xffffffd1]b58[0xffffff9d]l[0xffffffe3][0x15][0xffffffe0]t[0xffffffcc][0xffffffba]L[0xc][0xffffff91]'[0xffffffa2]p:;-[0xffffffab]7[0xffffffe2]%[0x1d][0xffffffcc][0xffffffa5]8[0xffffffc0]*[0xffffff9f]N[0xffffffd9][0x15][0xffffff80]x'[0x10][0x1a][0xfffffff0]\[0xffffffc2][0xfffffffb][0x1]<,[0x9]L0[0x5][0x1a]0[0xffffffdc][0xffffffa7]%[0xffffffb6][0xffffffc3]g[0xffffffa0]0[0xffffffc2][0xffffffe8][0xffffffc2][0x1d]3[0x4][0xe]_[0xffffffc4][0xffffffde][0xffffffa7][0x11][0xffffffb5][0xffffffee][0xffffff9d][0xffffffca]e[0xfffffff9][0xfffffff2][0xffffffeb][0xffffffde][0xffffffa9][0xffffffe4][0xffffffac][0x17][0x17][0xffffff97][0xffffffd7][0xffffffc7][0xffffffaf][0xffffff9f][0xfffffffd][0xfffffffa][0xffffffe3]tn[0xffffffb7]^[0xffffff8e][0xffffffbb]-ZN[0xffffffc8][0xffffffe1]t[0xfffffff8]}[0xffffffbc]#N[0xffffff87]o|[0x1b][0xffffff9c][0xffffff8e]Y[0xffffffd3]{[0xffffff84][0xffffffd3]i[0xffffffe9][0xffffff83]&[[0x1f]/[0xffffffc4][0xffffffe9][0xffffffc8][0xffffffad][0xffffffda][0x1d][0xffffff91][0xffffffe4]qx[0xffffff9c]N[0xffffffbf][0xffffffd5]E[0x11][0xffffff9e][0xffffff9e][0xffffffac]G+?n^[0xffffffb0]~[0xffffffb9][0xffffff9c][0xffffff8f][0xffffffa8][0xffffffc3][0x1b][0xffffff92][0xffffffda]0$[\n]"
20:21:12.271 [main] DEBUG org.apache.hc.client5.http.wire - http-outgoing-1 << "[0xffffffa6][0xffffffa3]`:[\n]"
20:21:12.271 [main] DEBUG org.apache.hc.client5.http.wire - http-outgoing-1 << "[0xffffffa6][0x13]E[0xffffffcb]p[0xffffffd0]hX[0xffffffd9]@[0xffffffe8][0x1b]Z[0xffffffbb][0xffffffde]^[0xffffff8e][0xffffffb6][0xffffffa9][0xffffffb7][M[0xffffffb3][0xffffffa8][0xffffffc0]L[0xffffffb7][0xffffffd3]D[0xffffffc8]Z[0xfffffff0]^0V[0xffffffb4][0xffffff92][0xffffffbc][0xffffff8b][0xffffffd4]6Fe|[0x7][0xffffffe8][0xffffffd4][0x1a]Kg[0xffffffa3]v[0x1d]0[0xfffffff9][0xffffff82][0xb]l_VJ[0xffffff94][0x1f][0xffffffcb][0xfffffff5][0xffffffd6][0xffffffdd]_o[0x15][0xffffffe9]A[0xffffff91][0x1e][0x14][0xffffffe9][0xffffffe1][0xffffff81][0xffffff93][0x1e][0xffffffda][0xffffffed]V[0xffffffb1][0xfffffff9]xMB[0xb][0xffffffd2][0xffffffdb][0xffffffd6][0xffffff82][0xffffffcb]*[0xffffffcc][0xffffffc7][0xfffffffb][0xffffffc8][0xffffffec][0xffffffa1]q[0xf]B[[0xffffffb3][0xffffffa1]m[0x1f]+![0xffffff9b][0xfffffffc][0x1a]"
20:21:12.271 [main] DEBUG org.apache.hc.client5.http.wire - http-outgoing-1 << "[0x14][0xffffffda][0xffffff96]@[0xffffffcb][0xffffffe2][0xffffffc7][0xffffff83][0xffffff82][0xffffff96])[0xffffffd8][0xffffff83][0xffffff82]=l[0xffffffca][0xfffffffb][0xfffffffb][0xfffffff2]_[0xfffffff9][0xffffffef]F[0xffffff88][0x4][0xffffffd3][0xffffff81][0xffffff91] [0xffffffd7][0xffffffb2][0xffffff89][0xfffffff5]N[0xffffffab][0xffffffd8][0xffffffaf][0xffffff91]V[0xffffffdb]M[0xffffffa8][0xffffff87][0xfffffff4]6[0xffffff95][0xfffffff9]5J[0xffffffd5][0xffffffb6][0x12]h[0x19][0xffffffd3]X[0xffffffb0]3[0x11][0xffffffa0]RF[0xffffffad][0xfffffffc]X[0xffffffae][0xffffffb1]%[0xffffffc8][0xffffffb2]u[0xffffff8d]U[0xffffff81][0xffffffac][\n]"
20:21:12.271 [main] DEBUG org.apache.hc.client5.http.wire - http-outgoing-1 << "dU [0xfffffffb][0xffffffd0][0x3]YV7[0xffffffa2]|[0xffffffbd][0xffffffc0][0xffffffd8]d;[0xfffffffe][0xffffff8a][0xffffffa4][0xffffffb5][0xffffff92][0x10][0xffffffb6][0xffffffa5]gBX|,[0xffffff97][0xffffffd7][0x12]^Y,[0xffffffaf][0xffffff8a]W[0xffffffa6]BX[0x15][0xffffffc2]>[0xffffffd4][0x10]Vo[0xfffffff7][0xffffffcc]6[0x4]u=[0xffffff84][0xffffffd5][0xffffffcd]Ng[0xfffffffb][0xffffff92][0xffffffc1][0xe]Jk~[0xffffff99][0xffffff95][0xffffffd9]Jxe<j5d[0xfffffff5]o[0xfffffff9][0xffffffb1]\eKhe[0xffffffeb]*[0xffffffab][0xffffff82]X[0x15][0xffffffc4][0xffffffaa] [0xfffffff6][0xffffff81][0x7][0xffffffb1][0xffffff9d][0xe]iny[0x10][0xffffffcb]e[0xffffffb3]l5[0xffffffb6]=[0xfffffff8][0xffffffd2][0xffffffd2]ZM[0x10]kd[0xffffffd7][0x8][0xc][0xc]U[0xffffffd9]:,eS[0xffffff95][0xffffffa4][0x18][0x14][0xffffffd2]~[0xffffff94]=N[0xffffffd9][0xffffffe3][0xffffff94]=[0xffffffee]A[0xffffffa5][0x18][0x18][0xfffffffd]f[0xffffffa7][0xffffffdf]+b;"
20:21:12.272 [main] DEBUG org.apache.hc.client5.http.wire - http-outgoing-1 << "[0xffffffe8]-[0xffffffdd][0xffffffa0][0xffffffcc]W[0xffffffa4][0xffffffcf]"[0xffffffb1][0xfffffff7][0xffffffc2][0xffffff8a]`[0xffffffe3][0xffffffe7][0xffffffb6][0xffffffad][0xffffffd4]z[0xffffffc0]Nr[0xffffffcb][0xfffffff8][0xffffff91][0xfffffff7][0xfffffff9][0xfffffff2][0xffffffab]P[0xffffffbc][0xe][0xffffff9d]c[0xffffffd0]2d![0x9][0x11][0xffffffcf]"![0xffffffa3]LpK@e[0x14][0xffffffcf]f[0xffffff90]?Jh[0xffffff95][0xffffffd0]*[0xffffffa1]}PBk[0x1a]-[0x13][0xfffffff0][0xffffff82][0xffffff82]5[0xffffff83]>[0xffffffd2][0xffffffbc][0xffffff8a][0xffffff9d][0xffffffc8]i[0xffffffa1][0xffffffdd][0x4][0xffffffe1]Mo[0xffffffc3][\n]"
20:21:12.272 [main] DEBUG org.apache.hc.client5.http.wire - http-outgoing-1 << "[0xfffffffa][0xffffffdc][0xffffffbb][0xffffffd0]J[0xffffffba][0xffffffe2][0xffffffc1][0x5][0xffffffd6][0xffffffa4][0xfffffff4][0xffffffe1][0xffffffe4][0xffffffad][0xffffff97][0xffffff89][0xffffffc1]+[0x13]X[0xffffff92][0xffffffe3][0xffffff92][0xffffff88]6[0xf][0xfffffffc]Q[0x1a][0xffffffab]4Vi[0xffffffec]7[0xffffffa4][0xffffffb1][0xffffffdb](:[0xffffffed][0x16][0xffffffcc][0xffffff90][0x5][0xffffffc5][0xffffffd0]Z[0x8]q[0xffffffb7][0xffffffaf][0x1b]l*[0xffffff86][0xffffff96][0xffffffd6][0xffffffd7][0xffffffca] :[0xffffff9b][0xfffffff2][\n]"
20:21:12.272 [main] DEBUG org.apache.hc.client5.http.wire - http-outgoing-1 << "[0xfffffff2][0xffffff9a]ux[0xffffff89][0xffffffcd][0xffffffae][0xffffffc9][0xffffff9a][0xffffffcd]r[0xffffff89][0xffffffbd][0xffffffd8]*[0xffffffb1][\n]"
20:21:12.272 [main] DEBUG org.apache.hc.client5.http.wire - http-outgoing-1 << "Q6[0x1f][0xffffffa9][0xffffffa5]X[0xffffffb5][0x14][0xfffffffb]-,[0xffffffc5][0xffffffa6][0xffffffa1][0xffffffe6][0xffffffdb][0xffffffc4][0xffffffb5][0xffffff83]W^[0xffffffc4][0xffffffcb]Y{[0xffffffe3]e[0xffffff98][0xffffffbb][0xffffffa8][0xffffffeb]&[0xffffff8e]NJ][0xffffff9b][0xffffff95]qtJ[0xffffffd4]U[0xffffffc8][0xffffffd5][0xffffffe1]u5[0xffffff9b]Q`[0xffffff96]g[0x14][0xffffffd8][0xffffffdf]o[0xffffffd5]U[0xffffffbc][0xffffff97]S[0xffffffe8]G[0x1f][0xffffffc3][0xffffffa4][0xffffff82]V[0x15][0xffffffb4]>[0xffffffa0][0xffffffa0][0x15][0xffffffef][0xffffffb4][0xffffff8c]nA2l[0xffffffdb]l[0xffffff9b][0xffffffad][0xffffffe2][0x12][0xffffffbe]k[0xffffff9a]Y[0xfffffffe][0xffffffb6][0xffffffab][0xffffffd9][0xffffffbc][0xffffffef]U[0xffffff81][0xffffffca][0xfffffff8]d[0x10]r([0xffffffc0][0x1][0xfffffff9]d[0xffffffbc][0xffffffc1][0xc][0xffffff9f][0xc][0xffffffbf][0xffffff8a][0xfffffff9]d4[0xffffffd2][0xffffffe0][0xffffff93]ut[0xffffffd3][0xffffffb2][0xffffff8c][0xffffff8e]m[0xffffffea][0xffffffe3][0xffffff96][0xffffffe2][0xffffff93])>[0xffffff99]}[0xffffffe9][0xffffff8f][0x3][0xfffffff7][0xffffffca][0x9][0x1a][0xffffffef]Bk[0xffffffea][0xffffffd4][0xffffff89]Z[0xfffffffc][0xffffffe8][0xffffffed]j[0xffffffb1][0x0][0x15][0xffffffa8]&[0x0]'5wQ[0xffffffb3][0x16][0xffffffe0]<[0x1][0xffffff95][0xffffffe5].[0xffffff9c][0xffffffa0]6[0x2][0xffffff84]c\[Z[0xfffffff6]%vQ|2[0xffffffc5]';[0x14][0xffffff9f][0xffffffec][0xffffffa5][0xfffffffb]1[0xffffff8d][0xfffffffa][0xfffffff9][0xffffff85]@kD[0xffffff8f][0x12][0xffffffe0][0x17]B"[0xffffffad][0xffffff93][0xffffffe7][0xffffffd8][0x16][0x0][0xfffffff8][0xffffff80][0xffffff99][0xffffffe6]D`N[0xffffffd9]D3[0xffffffd2][0xffffffae][0xffffffc1][0xfffffff2]q[0x17][0xfffffff8]Z[0x10][0xfffffff8][0xffffffcb][0xffffffc0][0xffffffc5]o[0xffffffbc][0x1b][0xffffff8e][0xfffffffa][0x19][0xffffffad][0xffffffe6][0x4]q[0x3][0x10][0xf][0xfffffffc] g[0xffffff8e][0xffffffa9][0xffffff8f][0xffffffed][0xffffff88]a[0x6][0xc][0x1c]po[0x1a]~A[0xfffffff8]5[0x2][0x1f][0x1]+[0xffffff84][0xffffffc7][0xfffffff3]X[0x1b][0xffffffda]V0[0xfffffff5][0xffffffb1][0x19]p[0x1d][0x0]'[0xffffffa5][0xffffffba] hlhlb[0x1][0xfffffffe]Fd [0xffffffdf][0x3][0xffffffbf]\[0xfffffff6]8d4$[0x8][0xfffffffd]aq@[0xffffff92]P[0xffffffb3][0x11][0x7][0xffffffd4][0xffffffc6][0xffffffe2][0x7][0xffffffd1][0xffffff80][0xffffffa8][0xffffffde]h[0x16][0x6][0xffffff84][0xffffffe7]s[0xc][0x3][0xffffffc2]FE0 [0xffffffec]#Y@[0xfffffff8][0xffffff91][0xffffffa3][0xffffff80][0xfffffffa][0x7f][0x1c][0xffffffe2]{E[0x1f][0xffffffab]ZM[0xffffffbc]9[0xffffffc0][0xffffff80][0x1c][0xffffff8c][0x4][0xffffffc4][[0xffffffac][0xffffff88][0x4][0xffffff94]i[0xffffffbc][0x12][0x12][0xffffff90][0x4][0xffffffeb][0xffffffcb][0xffffffa1]Q$ E[0x2][0x2][0xffffff91][0xffffffe8]3[0xffffffc3]`1[0xffffffaa][0xffffffd0]jD<[0xffffffbe]%[0xffffffc3][0xffffffbd][0xffffffed][0xffffffc5][0x16]J[0xffffffef][0xffffff88][0xffffff86][0xfffffffc]`j-[0xffffffdc]O[0xffffff8c]v[0xffffffb9]WC[0xffffffd8][0xffffff91]\X[0xffffff8c][0xffffffcb][0xffffffb5]O[0x7][0xffffffd8][0xe][0xffffffd8][0xffffff91][0xffffff9b][0xfffffffc][0xfffffff6][0xffffffd9][0xfffffff3][0xffffffcb][0xffffffdb][0x2]7[0xffffff92][0xffffff80]F[0xffffffcb]w[0x16][0xffffffce]i[0xffffff8d][0x4]D[0xfffffff7][0xfffffff1][0xffffffce]$ [0xffffffda][0xfffffff8][0xffffff96]$ [0xfffffff3][0xffffffdc]h[\r][0xffffff8c][0xffffffee][0xffffffa0][0xffffffc9][0xffffff96][0xffffffa1]6[0xffffff91][0xffffff80][0xffffffd8]V&64i[0xffffffab]*H@H[0xffffffa9]1;[0xffffffc9]KM[0xfffffffe][0xffffffb1]d[0xffffffc5]}~u[0xfffffffc][0x2]][0xffffffd9][0xfffffff8]R[0xffffffd3]P$ E[0x2]R$[0xffffffa0][0xffffffff]&$[0xffffffa0].%@[0xffffffe4][0xffffffd7][0xffffffdf][0xffffffdb][0xffffffcd][0xffffffcd][0xffffffab]D\[0xffffffd0][0xffffffc0]@c+@[0xffffffc5][0xffffffab]Dr[0xffffff9b]v[0xffffff85][0xffffffab][0xffffffef]F[0x1][0x8]h[0xffffff83]t[0x1d]"`[0xffffffe6][0xffffffca][0xffffffdd][0xffffffe8][0xffffffc3]5[\r][0xffffffb9]M[0xffffff92][0xfffffff4][0xfffffff8][0xffffffc7]r[0xffffffb9]=[0xffffffd9]_n[0xffffff95][0xfffffff5]D[0xffffffbd][0xffffffef]T[0xffffffef];[0xffffffbf][0xffffff85][0xfffffff7][0xffffff9d][0xffffff91][0xfffffff3]1j[0x0]H[0xffffff8c][\n]"
20:21:12.273 [main] DEBUG org.apache.hc.client5.http.wire - http-outgoing-1 << "i[0xc]<[0x1a]9Hi[0x16][0xffffffd5][0xffffffd3][0xffffffc6][0xfffffff4]+[0xfffffff7][0x13]~[0xffffffd3]k[0xffffffe2]+~^f[0xffffff8d]6[0xffffffd5][0x18]*[0xffffffce][0xffffff85][0xffffffce]J[0xffffffe8][0xffffffb7] [0xffffffb3][0xffffff87]7[0xffffffa0]0m[0xffffff95]UE[0xffffff85][0xfffffff2][0xffffff96][0x14][0x15]}[0xffffff89][0xffffffc8][0xffffffb6][0xffffffa4][0xffffffdc][0x1d]J#[0xfffffff0][0xffffffc8]V[0xffffff81][0xffffff80][0xffffff94][0xffffff8b]Z[0xffffffb9][0xffffffa8][0x1f][0xffffffaa][0xffffff8b][0x1a] [0xffffffa0]N[0x13][0xffffffef]8[0xfffffff3]b[0xffffff8b][0xffffffaa][0xffffffa2][0x1b]9@{[0xffffff89]m[0xffffff85][0x1c][0xffffffa0][0xffffff92][0xffffff98][0xffffffb6]"[0xe][0x10]Il7[0xfffffff1][0xfffffff8][0xfffffff1][0xffffff8f][0xffffffe5][0xffffffd1][0xffffffec][0xffffffd9][0xe][0xffffffd1]l[0xffffffdc][[0x15][0xffffffc7][0xffffffaa]8V[0xffffffc5][0xffffffb1][0xf]=[0xffffff8e]m[0xffffffb5][0xffffff8b][0xffffffeb][0xffffff89]"[0xffffffd5]![0xffffff96][0xffffffd6][0x12]:Ev[0xffffff9b]j[0xffffffac]&[0xffffffbb]Hk5[0x11]lW[0xffffffd6][0x15][0xffffffe5][0x11]l[0xffffffb7][0xffffffa4][0xffffffac](E[0xffffffb0]?[0xffffffef] [0xffffffaf][0xffffff8a][0x3][0xffffffa4]"X[0x15][0xffffffc1]>[0xffffffd4][0x8]Vow[0xffffffdb][0xffffffbd][0x2][0xffffffcb][0xffffff89][0x1]>[0xffffff90]~[0x18][0xffffffa1][0xffffffad][0xffffffd0]sR"[0xffffffb4][0x15]a[0xffffff80](h[0xffffffed][0xffffff93][0x11][0xffffff9a][0xffffffbb][0xfffffffa][0xfffffff8][0xffffffc7][0xfffffff2][0x18][0xffffff96]r~[0xffffffb7][0xffffffbd][0x0][0xffffff8b]{[0xffffffab]bX[0x15][0xffffffc3][0xffffffaa][0x18][0xfffffff6][0xffffffa1][0xffffffc7][0xffffffb0][0x1d][0xffffff92][0xffffffdc]-k[0xffffffb1]%[0xffffff86][0xffffff93]8[0xffffff86][0xfffffffd][0xffffffc2][0xffffffd2]ZM[0xc][0xffffffdb][0xffffffcf][0xffffffc6][0xffffffb0][0xfffffffd]-1[0xffffffec][0xffffffb2]\^[0xb]I[0x1a][0xffffffca]9[0xffffffad]L([0xffffffca][0xffffff84][0xfffffff2][\r][0xffffff99]P[0xffffffb6]W[0x1a]b[0x18][0xffffffa0][0xffffffa2]JCF[0xffffffab][0xffffffdf][0xffffffde][0xffffffbe][0x18][0xffffffbb]Um[0xffffffcd][0xffffff81][0xffffffce][0xffffffb2][0xffffffaa][0xffffffee]s[0xffffffc5][0xffffffa0]P[0xffffffbb][0xe][0xffffff9d]`[0xffffffd0][0xffffffd4]3[0xfffffff9]\[0xfffffff8]X[0x1e][0xffffffce][0xffffff96][0xffffffa2][0xffffffd9][\r]E[0x1][0xffffffa2]b[0xffffffa6]j[0xffffffc5]@[0xffffffad][0x18]<[0xffffffd0][0x15][0x3][0xffffffa2][0x0][0xfffffff5][0xffffffc8]`[0xffffff90][0x7f][0xffffffe7][0xffffffd5][0xffffffd4][0xffffffc1]V+[0xffffff8f]j[0xffffffa5][0xffffff86][0xffffff96]e[0x18]`[0xffffff9b][\n]"
20:21:12.273 [main] DEBUG org.apache.hc.client5.http.wire - http-outgoing-1 << "ik[0xffffffc5][0xb][0x6][0x19]r[0xffffffd9][0xffffffe1][0xfffffff5]5N[0xfffffff6][0xffffffa7]|[0xffffffae][0xffffffa6][0xe]/[0xffffffc6]F[0x8][0x10][0xffffffd6]dK[0xffffffd9][0xffffffec]F-[0xf][0xffffffd4]P[0xffffffa1][0xffffffac][\n]"
20:21:12.273 [main] DEBUG org.apache.hc.client5.http.wire - http-outgoing-1 << "eU([0xfffffffb][\r][0xffffff85][0xffffffb2][0xffffffdb]8[0x15][0xffffff80][0x0][0xffffffe9][0xffffffcd]"?u[0xffffffd7][0xffffffdc].[0xffffffaf]%[0xffffff8c]5[0xffffffbe]h[0x0]ye[0xffffffc5][0xffffff84][0xffffffef]3[0xffffff8c][0xffffffcd]K[0xffffffd6][0xffffffe1][0x15]6aU0[0xffffff85]-cU@a?[0xffffff96][0xffffffaf][0x18][0xffffffa0][0xffffffbb][0xffffff8a][0x1][0xffffffa4][0x18]@[0xffffffa1][0xffffff8c][0xffffffe2][0x1b][0xffffffaa]\[0xfffffffb]WU[0xffffffae][0xffffffbd][0xffffffa4]v[0xffffffdb]6m[0x5][0x3][0xffffffa8]e[0x16]h[0xffffffab]A[0xffffffb0][0xffffff8a][0xffffffad][0xffffffb1]+[0x13][0xffffffce]-[0xffffffb1][0xffffffeb][0xffffffbd][0xffffffaf][0xffffffc8]&jupYe[0xffffff8e][0xffffffdd][0xfffffff8]=W[0xffffff93][0xffffffd0][0xffffff9f]e[0xffffff81]k)[0xffffff8f][0xffffff9d][0x5][0xffffffae][\n]"
20:21:12.273 [main] DEBUG org.apache.hc.client5.http.wire - http-outgoing-1 << "[0x1][0xffffffa4]dU[0xffffffc9][0xffffffea]j[0xfffffff4]-[0xffffffbc][0xffffffde][0xffffffda][0xb][0xffffffad][0xffffffd6][0xffffff81]~[0x16]x[0xe][0xfffffffa][0xffffffa8][0xfffffffd][0xffffffbe][0xffffffe5]E[0x17][0xffffffe2][0xffffffd1][0x1d][0xffffff96]^[0xffffff8d]{[0xfffffff7]vUH[0x0][0xffffffa2][0xffffffe5][0xffffff80][0xffffff83][0x12][0xffffff80][0xffffffa8][0xffffffc1][0x1c][0x1][0xffffffc8]H[0x13][0xffffff80]L[0x10][0xffffff80]F[0xffffffdd][0xffffff89][0xffffffde]m[0x1b]f[0xffffffab][0xffffffad]7[0x15][0x1]H[0x11][0xffffff80][0x14][0x1]h[0x11][0xffffff85][0xffffff9a][0xffffffe7]^:[0xffffffda][0xffffff99][0xffffffe3]9[0xb]w5[0x7]Q[0xffffffc6][0xffffff8a]4[0xffffffac]"
20:21:12.274 [main] DEBUG org.apache.hc.client5.http.wire - http-outgoing-1 << "$0[0xffffffb4][0xffffffcc][0xfffffff3]Y[0xffffffe0][0xffffffcf][0x1d][0xffffffed][0xffffffd8][0xffffffb9]:[0xfffffff7]}/[0xffffffd4][0xffffffde][0x4]~[0xffffffe4][0xffffffdb][0xffffffbe][0xffffffa7]=~~[0xfffffffc][0xffffffe6][0xffffff89][0xffffff80][0xffffffca][0xffffffdc]hcgb[0xffffffad][0xffffffbc][0xffffff88]1`<[0x7f]:[0x5]@I[0xffffffe3][0x1c][0x3][0xffffffcd][0xfffffff6]W[0x1e][0xffffff88]3[0xffffff81];[0xffffff9d][0x2][\r]ci3[0xb][0x7f]s[0x17][0xffffff9a][0xffffffe0]+[0xfffffffd])[0xffffffd4][0xffffff9c][0xffffff8f]K'p[0xffffffe7][0xe][0x8]K[0xffffff9e][0xffffff86]fy[0xffffffab][0xffffffee]|[0xffffffe9]9[0xffffffec][0xffffff97][0xffffffc4]l[0xffffffa8]k[0xffffffe7][0xffffffe8][0xffffffcd][0xffffffc4][0xfffffffd][0xffffffc8][0xe][0x11][0xffffffcd][0xffffffdc]P[0x3][0xffffffdc][0x6][0xffffffc8][0xffffff9a][0xffffffb9]v[0xffffffed][0x2]K3r[0xffffffb4]p[0xffffffe6].[0x9]nsM[0xffffffe0][0x1c][0xffffffd1][0xffffffba]f[0x18]&[0xffffffa3][0xffffffd0]h[0xffffffda][0xffffffbb]E[0x4]H[\r][0xffffffce]i[0xffffffc1]N[0xffffff8c]/[0xffffff97]Q?[0xffffffe5][0xffffffa6][0xffffffcb][0xffffffc0][0xffffff99]8[0xffffff80][0xfffffff9][0xffffffd8]N[0xffffff88][0xffffffb6]X[0xffffffaf][0xffffffa9]U'[0x1a]P[0x3][0xffffffbc][0xffffff91][0xffffff9a]6[0xffffff9c][0xffffffb8]!!r[0xffffffea][0xffffffa3][0xffffff89]m[0xffffffd9]3[0xffffffe7][0xffffffd5][0xffffffe2][0xffffff8d]U[0x15][0x1][0xffffff88][0xfffffffa][0xffffffba][\n]"
20:21:12.274 [main] DEBUG org.apache.hc.client5.http.wire - http-outgoing-1 << "[0xffffffa9][0xffffff8f][0xffffffd4]c[0xffffffe0]h=[0xffffffc7]Z[0xffffff80][0xffffffcb][0xffffffb3][0xffffffb4]F[0xffffffae][0xffffffe7]F7[0xffffffda]p[0xffffffee][0x7f][0x1a][0xffffff8c][0xffffff9d][0xffffffd1][0xffffff8a][0xffffffc6][0xfffffff6][0xffffffd9]x[0x1c]8a8[0xffffffe4][0x3]`iW[0xffffff96][0xffffffb7]r[0xffffff88][0x1a]4[0xffffff8c][0xffffff82][0xffffff95]#a=h(t#[0xffffffa7][0xffffffe6][0xffffff86][0xffffffbe][0xffffffc7]FV[0xffffff9b][0xffffffa0].[0xffffffc8]*pR[0xffffffd7][0xffffff84][0xf][0xffffffe9][0xffffffc2][0xffffffc7][0xffffffa5]\[0xffffffb0][0xffffff8b]f[0xffffffdb][0xffffffee][0xffffff98]][0x1e][0xffffffef][0xffffff86][0xffffffc6][0x4][0xffffff9b]/0[0xffffffd0][0xfffffffe]d"[0xffffffc6][0xfffffff6][0xffffff9c][0xffffffae][0xffffffc7][0xffffffc8][0xffffff99]YW.[0xffffffae][0xffffff8e]5[0xffffff99]86J[0xffffff8d]h[0xffffffc4][0xb]bKR[0xffffffd4][0xffffff8b]_[0xffffff9c][0xffffffd1]1[0xffffff83]mi[0xffffffb6][0xffffffe7][0xffffffa2]1\[0xfffffff7]p[0xffffffe9][0xffffffd8].kTN[0xffffffbe][0xffffffa7][0x1a][0xffffffde][0x19][0xffffffd9]3>[0xffffffd8][0x18]z~[0xffffffa5]Sg<[0xffffff8a][0xffffffe7][0xffffffda][0xffffffd3]4[0xffffffa4]H^C[0xffffff9c][0xffffffce][0xffffffd8][0x9]/#[0x7f][0xffffffa9]qq[0xb][0xffffff89]u4rx[0xffffff83][0xffffff9e][0xffffffb5]Z[0xffffffe0][0xffffff92][0xffffff8d][0xffffffe9]T1[0xffffff90][0xffffffab]E[0xffffffb8]Z.[0xfffffffd][0xffffff80][0xffffffba]:[0xfffffff7][0xffffffc7][0xe];[0x19][0xfffffffa][0xfffffff7][0xffffffe8][0xffffffd1]#L|[0xffffffcc][0xffffffd3]4[0xffffff8f][0xffffffe9][0xffffffdd]rLh[0xffffffa5][0xffffffb1][0xffffffb3]t[0x16][0x18][0xc][0xffffffdb]uB[0xffffffda][0x16][0xf][0xffffff9d][0x3][0xffffffe3][0xffffff8d][0x4]vg#[0xffffffde][0xffffffc8][0xffffffc0]W4[0xffffffc2][0x1b][0xffffffd1][0x17][0xffffff91],[0xffffffde][0x8][0xffffffbf][0xffffff90]x#[0xfffffffc][0xffffffb8][0xffffff85]n[0xffffff84]V8[0xffffffdd]H?[0x8][0xffffffdd][0xffffffa8][0xffffffdb]G%[0xffffffc5]N[0xffffff9f][0xffffffac][0xffffff83][0x7][0xffffffa2][0x1b][0xffffffc9][0x16]+[0xffffffa1][0x1b][0xffffffe5][0x1a][0xffffffaf][0xffffff84]n$[0xffffffbf]7[0xffffffca]c)[0xffffffba][0xffffff91][0xffffffa2][0x1b])[0xffffffba][0xffffffd1][0x15]i[0xffffffff][0xffffffe7][0x6][0xffffffb8]tW[0xffffff96]}C[0xffffff90][0xffffffa7][0xffffffc0][0xffffffb1][0x1d]<[0x18][0xffffffc6][0x17][0xfffffffb][0xffffffb3][0xffffff92]r[0xffffffbb][0xffffffa2][0xffffffb1][0xffffffe8]fIn[0xfffffff0]wx[0xffffffec][0xffffffe0][0x13]=[0xffffffea].[0xffffffac][0xfffffff1][0x1c]N[0xfffffff1][0xffffffc1][0xffffffc4][0xfffffff2]B[0xffffffe7][0xffffff8f][0xffffffcc][0xffffffe2][0xffffffcd][0xffffff8b][0xffffff8b][0xffffffcb][0xffffffeb][0xffffffe3][0xffffffd7][0xffffffcf]~[0xfffffffd]q:[0xffffffb7][/[0xffffffae][0xffffffa7][0xffffffe1][0x7]j[0xffffffc1][0xffffff9a]^[0xffffff88]D[0xffffffe5]+[0xffffffbd][0xffffff8e]5p[0xffffffba][0xffffff8f]w[0xffffffa6][0x1b][0xffffffd1][0xffffffc6]{[0xffffffd3][0xffffff8d][0xffffffcc][0xffffff9a][0xffffffa1][0xffffffd7][0xffffff8c][0xffffffe6][0xffffffb9][0xffffffd1][0x1f][0xffffff98][0xfffffffd]A[0xffffff9b]a>[0xffffffd6][0xffffffe9]F[0xffffffa9][0xffffffad]Z:0H[0xffffffd5][0xffffffd0][0xffffff8d]zz[0xffffffbf][0xffffffd9][0xffffffc4][0xffffffdb]mt[0xffffff81][0x16][0xffffffbd][0xffffffe4][0xffffffc7][0xffffffcd][0xffffff8b]^/[0xfffffff4][0xffffffab][0x17][0xffffffbf]`[0xffffffeb][0xffffff8d][0xffffffc9][0xffffffdd][0xffffffba][0xffffffa2][0x1b])[0xffffffba][0xffffff91][0xffffffa2][0x1b][0xfffffffd][0xffffffb7][0xffffffa0][0x1b][0x19]=]G[0xffffff9a]a>+[0xffffffc6]lu;[0xffffffcd][0x2][0xfffffff0]FJ[0xffffffd2][0xffffff9a][0xffffffdd]A[0xffffffbb]p[\r],[0xffffffbd]Mo[0xffffffa0]W[0xffffffe8][0x5][0xffffffd7][0xb][0xfffffff8]F[0x1b][0xffffffc4][0xffffffeb][0xffffff80]o[0x19][0xffffff84][0xffffffc2]J7[0xffffff8d][0xfffffffc]X.[0xffffffb8][0xffffff84][0xffffffe1][0xffffffdb]Sp[0xffffff95][0xffffffa7]Fyj[0xffffff94][0xffffffa7][0xffffffe6][x[0xffffffe9]p[0x7][0xffffffbe]Q[0xffffffa7]E[0xffffffcb][0x3]yOM[0xffffff91][0xffffff84][0xffffffe6][0xffffffdf][0xffffffe0][0xffffffe6][0xffffffb6][0xffffffa9][0xffffffb0][0x4][0xffffffe1][0xffffffee]2{hg[0xffffff8d][0xffffffd0]V[0xffffffe9][0xffffffac][0xffffff91][0x1f][0xffffffcb][0xffffffa5]v[0xffffffb4][0xffffff83][0xffffffd4]*[0xffffffbe][0xffffff91][0xffffffca][0xfffffff5]V[0xffffffb9][0xffffffde][0xf]4[0xffffffd7][0x1b][0xffffff99]t[0xffffff9d][0xffffffae]Q[0xfffffff0]b[0xffffffd7][0xffffffec][0xffffffb5]Z[0x5][0xffffff95][0xffffffb5][0xffffff8b][0xffffff94][0xffffffb4]\m[0xffffffab]|[0xffffffb1][[0xffffffa2][0xffffffb6][0xffffff95][0x0][0xffffff8e][0xffffff84][0xffffffa8]J[0xffffff86][0xffffff9c][0xfffffffc]X[0xffffffae][0xffffffb1]D[0xffffffed][0xffffffdb][0x16][0xffffffce]*[0xffffffc0][0xffffff91][0xfffffff2][0xffffffd4][0xffffffc0]T[0xffffff94][0xffffffcd]qVI[0xffffff89]_sR[0xffffffe2][0x1d][0x2][0xffffffd9]vw{ [0xffffffcb]e[0xfffffff3][0xffffffeb][0xffffff96][0xffffffd6]jB[0xffffffd8][0xffffffb6]|[0xffffffb7][0xffffffc4][0xffffffe5][0xffffffb5]][0xffffff92][0xffffff93]H[0xffffffcb][0xffffffb3][0xffffffce][0xe][0xfffffff2][0xffffffaa][0x0]G*[0xffffff84]U![0xffffffec][0x3][\r]a[0xffffffcd]>J[0xffffffec][0xfffffff4][\n]"
20:21:12.274 [main] DEBUG org.apache.hc.client5.http.wire - http-outgoing-1 << "[0xffffffca][0xffffffbe][0xffffffb6]{F[0xffffffd7]lQ-$[0xffffffe4][0x1b] [0x11][0xffffffe2][0xffffffc2][0xffffff8a][0xfffffff0][0xfffffff6][0xc][0x16][0xffffffc6]l[0x10][0xffffffbb][0xffffff93][0xffffffd2]~[0xffffff99][0xffffff95][0xffffffd9]J[0x8]GBV%[0xffffffa5]S~,[0xf]b[0xffffffdd]}TV[0xffffffad][0xffffffc6][0xffffffaa][0xffffffd5]X[0xffffffb5][0x1a][0xfffffffb][0xffffffc0]Wc[0xfffffffb]m[0x3][0xffffff9a][0xffffffbb]EZ[0xb])[0xffffff9d]9[0xfffffff9][0xfffffffd]2[0xffffffab][0xffffffb1]Y[0x1c][0xffffffdb][0xffffffc1]_y[0xffffffb5][0xffffffb3][0xffffffeb][0xffffffb0][0xffffffed][0x12][0xffffffc2][0x11][0x5][0xffffffb1]^[0xffffffb9][0xffffffbc][0x16]RB[0xffffff94]-\[0xffffffd9][0xffffffc2][0xffffff95]-[0xfffffffc][0x1b][0xffffffb2][0xffffff85][0xffffffef]B8[0x2]n[0xffffff9e]r_[0xfffffff3]9[0x6][0xffffffcd]v[0xffffffbb]K[0x15][0xffffffb8][0xffffffb7][0xffffffc8]-[0xffffff93][0xffffffd2]-k[0x6][0x15][0xffffffda][0x17][0xffffff8b][0xffffff97]c[0xb][0xffffffc5][0xffffffeb][0xffffffe0][0xffffff82][0x1b][0xffffff97][0xffffffac][0xffffffe3][0xfffffff1]lg[0xffffffcb][0xffffffaa]A)[0xffffffb1]SW[0xffffff88]#[0xffffffb5][0x1c][0xffffffab][0xffffff96]c[0xffffff97]n}cf[0xffffffdb][0xffffff97]/[0xffffffe4]Y[0xffffffe2][0x11][0xffffffdf].[0xffffffb4](U[0xc][0xffffffc8]|[0xffffffc1]k[0xffffffaf]V[0xffffffbf]iP[0xffffffb0][0xffffffb6]EhwH[0xffffffe6]2+d[0xffffffc9][0xffffff95][0x8]m[0x1d][0xffffffd9][0xffffffbc][0xfffffff5][0xffffffe9][0xffffffa7][0xffffffa3][0xffffffc3][0xb]l6[0xffffffa2][0xffffffed]l[0xffffff89]h[0xffffffaf][0xffffffca]#[0xffffffda]<0D[0x5][0xffffffb3]*[0xffffff98]U[0xffffffc1][0xffffffec]7[0x14][0xffffffcc]n[0xffffffe3]p[0xffffffb4];F[0xffffffbf][0xffffffdd]Z[0xffffff8f]d[0xfffffffb][0xffffffc8]7[0xffffffd8][0xffffff9a][0xffffffc5][0xffffffc5][0xffffffb5][0xffffffb3]<[0xffffff90]5[0xffffffef]}I6[0xffffffaf]Y[0xffffff87][0xffffff97][0xffffffd8]lbA[0xffffffa7][0xffffffa4]8[0x1d]-[0x1a][0xffffff94]B[0xffffff8e]t[0xffffffa2]q([0xffffffc8][0xffffff91][0xffffffa2]q([0x1a][0xffffffc7][0x3][0xffffffa4]q[0xffffffe8]F[0xffffffa7]_[0x10][0xffffffbd][0xffffff9a]F[0xffffffa7][Tj9[0xffffffbb][0xffffffe2][0xffffffca][0xffffff95]s[0xffffff8b][0xffffffba]V[0xffffff88][0xffffff90]+[0xffffff8e]^+[0xffffffa1][0x1c][0xfffffff1][0xffffffc5][0xffffff80][0xffffffae][0xffffffc4]s[0xffffffca][0xffffff8f][0xffffffe5][0xffffffef][0xffffffba]>m[\r]][0x15][0xffffffe5]H[0xffffffe9][0xffffffaa][0xffffffd2][0xffffffd5][0x7][0xffffffa8][0xffffffab][0x1d]C[0xffffffef][0x15]Y[0xffffffbc]tPu[0xffffffba][3[0x9][0xffffffcc]B|\V|[0xffffff9b]zul[0xffffffce][0xffffff8d][0xffffffc2]*[0xfffffff4][0xffffffea][0xffffff8f][0xffffffdf][0xffffff99][0xffffffd9]w[0x4],[0xffffffc5][0xffffffc5]*[0xfffffff0][0xffffff90][0xc]1+6[0xffffffee][0x5][0xffffffce][0xffffffd2][0xf][0x1b][0x0]p[0x0]?b[0xffffffa5][0xffffff8d]c[\r][0xffffffb1]{#q[0xf][0x1f][0xffffff94]sD[0xffffffa9]_9[0xffffffce][0xffffff91][0xffffffce]9Gb[0x14][0xffffffc1]9[0xffffffa2][0xffffff85][0xffffff9b][0xfffffff1][0xffffffb8][0xffffffdd]k[0x1a][0xffffff86][0xffffff9e][0xffffffe5][0x1c][0xffffff81][0x12][0xffffff92][0xffffffa6]Z[0xffffff9c][0xffffff82][0x1]r[0xffffffe5]h[0xffffff96][0x15][0xffffffd8][0xffffffb3]NK[0x1b][0xffffffad]\o[0xffffffcc]p[0x1d]S'f[0xffffffe3]0[0xffffffe4][0xffffffca]"
20:21:12.275 [main] DEBUG org.apache.hc.client5.http.wire - http-outgoing-1 << "[0xffffff8f][0xffffffee]b[0xfffffff5][0xffffff91]!7~q[0x17]Xz[0xf]5`O[0xffffffb4][0xffffff85][0x7f][0xffffffad]YW[0xffffff96][0xffffffeb]Y@[0xffffffb1][0xffffffc4][0xfffffffc][0xffffff8c][0xffffff9a]v[0xffffffc6][0xffffffc1][0x1a][0xffffffda][0xfffffff0]z[0xffffffe6]8[0xffffffde][0x10][0xffffffc0][0xffffff8d][0xffffffe5]*[0xffffffd2]B[0x7f][0x15][0xffffffd8][0xffffff84]^[0x9][0xffffffb4][0xfffffff7][0xffffffcf]l[0xffffff82][0xffffff8f][0xffffff84][0xffffffbf]?[0xffffff96][0xffffffc3]{[0xffffffdd][0xffffffb4][0xffffffe5]R[0xffffff9a][0xffffffeb]7[0xffffffae][0xffffff9d][0xffffffd1][0xffffff98][0xffffffd1]B[0xffffff92][0xffffff9f]j[0xffffff84][0xb][0xffffffa9][0xffffffcf][0xffffffa2][0xffffffb9][0xfffffff7][0xffffffc8][0xffffffe2];?[0x11][0xffffffb8][0x10][\r][0xfffffff4][0x11]@'|[0xffffffc0]D[0xffffff88][0xffffffe5][0xffffffc1][0x0]0[0x16]H"8t[0xffffff8d][0xfffffffc][0xffffffe0][0xffffffe2][0xfffffff0]c[0xffffffe7][0xffffffca][0xffffffb5][0x1d]"[0xffffffc9]`{@<[0xffffff96][0xffffffbe][0xffffffbb][0xffffff88]h[0xffffffdf][0x4][0x3][0x2][0xffffffbc]H[0xfffffffa][0xffffffc4][0xffffffd1][0xffffff84]$[0xffffffb0]H[0xffffffc2][0x8][0xffffffba]D[0xfffffff8][0x17][0xffffffed][0xffffffbf][0xfffffffe][0xffffffd7][0xffffffff]1[0xfffffff4]N[0xffffffd1])G[0xfffffffe][0xffffffca][0xffffff9e][\r][0xffffffd1]!m[0xffffffc8][0xffffff8e][0xffffffe0][0x4][0xffffffe7][0xffffffe8][0xffffffc3][0xffffff90][0xffffff9d][0xffffffb6][0xfffffffc][0xffffffcd][0xffffff97][0x19][0x11][0xffffffd6][0xffffffb3][0xffffffa2][0xffffffc1][0xffffff80]3[0xffffffde][0xffffffc7][0xffffffef]mo[0x5]z[\n]"
20:21:12.275 [main] DEBUG org.apache.hc.client5.http.wire - http-outgoing-1 << "[0xffffff83][0xffffffcd]X[0xffffffe3][0xffffffb1][0xffffffcb][0xffffffe8]0[0xffffff98][\n]"
20:21:12.275 [main] DEBUG org.apache.hc.client5.http.wire - http-outgoing-1 << "[0xffffff84]q[0xffffffa1][0xffffffdf][0x5][0xffffffce][0x1c]%[0xffffffd7][0x9]G[0x3][0xfffffff4][0xe][0xffffff90]=[0x11][0x10](%gE[0xffffffd7]Dc[0xffffff88][0xffffff97][0xffffff89][0xffffff8b][0xffffffab][0xffffff82][0xffffffa1][0xffffff8d][0x11]0[0xffffff87][0xffffffbc][0x6][0xffffffad][0xc][0xffffffb6][0xffffffe5][0xffffffa5][0xfffffffb]1[0x3]ma[0xfffffff4][0xffffff9c][0xfffffff4]%[0x5][0xe][0xffffff86]c`b[0xffffffee][0xffffff8f][0xffffffbb][0x8]A[0xffffffb7][0xffffffc1][0xffffff84][0x9]1[0xffffffbb]G[0xfffffffe]G[0xffffffad]Vcg[0xffffffe5]|[0xffffffb4][0x8]A[0xffffff84]?[0xffffffc8]k?vCp[0xffffff8c]F+60[0x1c][0xffffffcc]s[0xffffffb6][0xffffffb0][0xffffff96][0x1a]6~[0x9][0xffffff98][0xffffffce][0xffffffd2][0xffffffba][0xffffffa4]}m[0xffffffa0]e&[0xffffffb8]%[0xffffffe4]<[0xfffffffc][0xffffffed][0x8][0xffffffd0][0xffffffa4][0xffffff89][0xffffff8b][0xffffff96][0x16]>[0x11][0xffffff92]V[0xffffff8b][0xfffffff1]oG[0xffffff9a][0x13][0x4][0xffffffd8][0xffffffcd][0xffffff9d][0xffffffb0][0xffffff91][0xffffff95]G[0x6][0xffffffbf][0x7][0x7][0xffffffb0][0xffffffc1][0xffffffc6]I[0xffffffe8]H[0xffffff92][0xfffffff5][0xffffff83][0xffffff8e][0xffffff83][0xffffffc3][0x3][0xffffffc0][0xf][0xffffffdf][0xffffffe3]&[0xffffff8c][0xffffffc0]>[0xffffffc2]?[0x0]l[0xffffffac][0x0]T[0x1c][0x17],[0xffffff84][0xffffffc8][0xf]n[0xffffffea][0xffffff99][0xffffffd3][0xffffffc5]j[0x9][0xffffffdf][0xffffffa1]`KB[0xffffffe3][0xffffff84][0xffffffd8][0xffffffc5]I![0xffffff90]XGCM,[0xffffffed]j[0xffffffe3]U [0xfffffff1]C[0xffffffc1]j[0x11][0xffffff8f][0xffffffb4][0xffffffc6][0xffffffef]![0xffffff90][0xffffff90]@[0x18][0xffffffa2][0xfffffff3]%[0x1d][0x0][0x18][0xffffffe8][0xffffffda][0xf].[0xffffff89][0xfffffffb][0x13][0xffffffd0]I[0xffffffd2][0x15]O[0xffffffe8]E[0xffffffc3]Z[\r][0xffffffb3][0xffffff86]Z[0xffffffaf][0x5][0xffffffbe][0x1f][\r][0xffffffc1][0xffffff85][0xffffff9a][0xffffffcf]IN<w[0x1]J[0xffffffd1][0xffffff92]O[0xffffffb6][0xffffff80]xK[0xffffff91]<[0xffffffe4][0xfffffff0][0xfffffffc][0xffffffe4][0xffffffcd][0xfffffff1][0xffffffab][0xffffffb7]C[0xffffffdc][0xffffffac]Wn[0xffffffe0]/[0xffffff88][0x6][0x5][0xffffffac]Q[0xffffffe0][0xffffff92][0xffffffda]P[0xffffffef]-[0x10][0xffffff8a]lN1b[0xffffffd4][0xffffffaa][0xffffff91][0xffffff9f]B?Q[0xffffffe3][0xffffffe9]+[0xf]:[0x11][0xffffffcd]ak[0xffffffdc][0xffffffb8][0xe][0xffffff80][0xffffff85][0xffffff88]G[0xffffffd3][0xffffffd7][0xffffff9c][0xfffffffa][0xffffffb4][0xffffff9e][0xffffff82]<[\r][0xffffff87][0xffffffc3][0xffffff91][0x15][\n]"
20:21:12.276 [main] DEBUG org.apache.hc.client5.http.wire - http-outgoing-1 << "[0x8][0xffffffd1][0xffffffbf]j[0xfffffff3]K[0xffffff8c][0xffffffad][0xfffffff6]/[0x7f]}}[0xfffffff2][0xffffffa2][0x11][0xffffffcd][0xffffff97][0x1c]%[0xfffffff4][0xffffffaf][0xffffff99][0xffffffa6][0xffffffb3][0xffffffe7][0xfffffff6][0xffffffdd][0xffffffff][0xffffff97]l[0xffffff87][0xffffffb6][0xfffffff8][0xe]~ [0xffffffe9]B[0xffffff9a][0xffffff96];[0x0]?[0xffffffcb][0xffffffef][0xffffffe2]#[0xffffffa4][0xffffff9b][0xffffffe6];[0xffffff8b]V[0xfffffff8][0xffffff87]g[0x1e]$e[0xffffffc1]t[0xffffffdb][0xffffffbb]y[0xffffff9a][0xffffffe9][0xffffffc7][0xffffffdc]b|&\[0xfffffff4]X[0x5][0xffffffe5][0xffffffdc][0xffffffc5],'~[0x13]&[0xf][0xffffffc6][0x9][0xffffff9a]Gsqi[0xffffffd9][0xffffff97][0x16] G[0xffffffb8][0xfffffff5]s[0xffffffb7][0x0][0xffffff8d][0xffffff88]6[0x1][0xfffffffa]K{/[0xffffff9e]pu?[0xffffff98][0xffffffa6][0xffffffc4][0xfffffffa][0xfffffffa][0xffffffba][0xffffff9e][0xfffffffa]Cc[0xffffff82][0xffffffd9]7[0xfffffff1]?6[0xffffff9e][0xffffffa4][0x4][0xffffff91][0xffffff80]]bb[0xffffffe3][0x10][0xffffffb2][0x1f]#wA[0xffffffd3][0xffffff95][0xfffffff5][0x0][0xffffffcf][0xffffff8e]U[0xffffffe4][0xffffffcf]q*6[0xffffffa3]@[0xffffff8d][0xffffff9d][0xffffff88][0xffffff83][0xffffffa3][0xffffff98][0xffffffee][0xffffffa6][0xffffffaf][0x1d]6g'[0xffffffc5][0xffffffba]D[0xfffffffa]N[0x4]'[0xffffff8d][0xffffffdd]|[0xffffff84]9[0xffffffc2][0x14][0xffffffa2][0xffffffb9][0xffffff91][0xffffff9a][0xffffff9f][0xffffffaf]$=[0xffffff8c]+[0xffffffcf][0xfffffffb][0xffffffd7][0xffffff9e]{[0xffffffe5][0xffffff82]=u[0xffffff8e][0xffffffa7][0xffffffb5][0x7f][0xffffff93][0xffffff9c]H[0xffffffea][0xffffffe5][0xffffff8d][0x7f][0xffffffe6][0xffffff9f][0xfffffff8][0xffffffa7][0xffffffe9]3x[0xffffffbd][0xffffffd0]N,[0xfffffffb][0xfffffff5][0x19][0xffffffbb][0xffffffe3][0xffffffd2][0xffffffdd][0xffffffc9][0xffffff9e][0x4]:=[[0xffffff88]S`30t[0xffffffa7][0xffffffc4][0xffffffc7][0xffffffa2][0x9][0xffffff88]a[0xffffffc6]|[0xfffffffd][0xffffffe4][0xffffff8c]S};[0xfffffff5]#g[0xffffffc0]xfx[0xffffff8e][0xffffffad][0xffffffc0]<[0x3][0xffffffa9][0xffffffcb][0x5]\[0xffffff8a]T[0xffffff85]n&[0x7f][0xffffffc1]1[[0xffffff90]X[0xffffffe8][0xffffffd0][0xffffff9c][0xffffffae][0xf][0xffffff97][0x9][0xffffffbc]%[0xffffffc6][0xffffff89][0x13][0xffffff98][\r][0xffffffd7][0xffffff90][0xffffff9c][0xf][0x10][0xffffff8a][\r]][0xffffffe3][0xffffff94]4G[0xffffffc3][0xffffffe3][0xffffffea][0x6][0xffffffd8][0xffffffb4] [0x4]J[0xb][0xffffff88]5[0x1a]w4[0xffffff8f]F[0xffffffea][0xffffffda][0xffffffaf][0xfffffffe][0xffffff8a]k[0x15][0xffffff9e][0xffffffe7][0xffffffe0]_A[0x6]0[0xfffffffe][0xffffffd0]-[0xffffffda]B[0xffffff9b][0xffffffe1][0xffffffe2][0xffffffe0][0x6][0xffffffa3][0x1b]Z[0xffffffde][0xffffffce][0xc][0xffffffba][0xffffffc6]oy[0xffffff8c]>[0x1d][0xfffffff7]=:[0xffffff84][0xffffffd1][0x11][0xffffffe7][0xffffffc8]N [0x19]Y1%j[0xfffffffc][0xffffffa1]_[0x1b][0xfffffffb]v[0xffffff98][0xffffff99]2[0x11][0xffffffb4][0xe]7z&r[0xffffffc2][0xffffffc8][0xffffffd0]h[0xffffffb1][0xffffff96][0xffffffd8][0xffffff93][0xfffffffe][0x9][0xfffffff4][0xffffff80]=[0xffffffeb][0xffffffe9]9D[0xffffff87]D3[0xffffffab][0x4][\n]"
20:21:12.276 [main] DEBUG org.apache.hc.client5.http.wire - http-outgoing-1 << "'o[0xffffffa9][0x1a][0x1b][0xffffffcd][0x11][0xffffffa6][0xfffffff3][\n]"
20:21:12.276 [main] DEBUG org.apache.hc.client5.http.wire - http-outgoing-1 << "j[0xffffffcc][0xffffffb7][0xfffffff4]A[0xffffff9c][0xffffffc3]\[0xfffffff3][\n]"
20:21:12.276 [main] DEBUG org.apache.hc.client5.http.wire - http-outgoing-1 << "[0xfffffff9]n2v[0xffffffb1][0xfffffffd][0xffffff80]d[0x13][0xffffffe3]M[0xffffffd2][0xffffff8b]1[0x0][0xffffffd5]l[0xffffffa1]=[[0xffffff8c][0x3][0xffffffdf][0xffffffc5]-$aq[0x9][0xffffffbb][0xc]r[0xffffffca][0x1e][0xffffffff][0x8][0x1f][0xffffffc2][0xffffffcc][0xffffff83][0xffffffe7]K[0xfffffff1][0xffffffc2]b[0xffffff90][0xffffffd5]f^[0x18][0xffffffe5][0xffffffa0][0x11]0[0xffffff8c]p[0xfffffffa]Y`[0x18][0xfffffffe] [0xffffff81]a[0xffffffcc]m[0xffffff81][[0xffffff89]n[0xffffffb3][0xffffffa3][0x1][0xffffff91][0xffffffc4][0x1c][0xffffffcc][0xffffffaf][0xffffffa3][0x1]-[0xffffff95][0x4][0xffffffbe]}[0xffffffe9][0xffffffe0]g[0x3][\r]pf[0xffffff98][0xffffffd1]:[0x8]4[0xffffffac][0xffffffd3][0xffffffec][0xffffffb5][0xfffffff5][0xffffff9e][0xffffffde]DD{ h[0xffffff98]l[0xffffffb1][0x12]hX[0xffffffae][0xfffffff1][\n]"
20:21:12.276 [main] DEBUG org.apache.hc.client5.http.wire - http-outgoing-1 << "[0xffffffa0]a[0x6][0xffffff83][\r][0x11]wG[0x1e]KA[0xffffffc3]6}[0x1][0xffffffcb][0xffffffbe][0x8][0xffffff8a]_[\r]b[0xfffffffc]b[0xffffffb6]c[0xfffffff9]7[0xffffffb8][0xffffffa2][0x6][0xffffffa0]H[0xffffff9f][0x1b][0xffffffd0]p'[0xffffffb8][0xffffffa0]?[0x13][0xffffff9e]j[0xffffff8a][0xffffffa8]/[0xffffffdc][0xffffffa7]%[0xffffffb6][0xffffffc3]g [0x7f][0xffffffc2][0xffffffe8][0xffffffc2][0x1d]S[0x13][0xffffffc2][0xffffffa5][0xffffffb6]O#[0xffffffca][0xffffffd8][0xfffffff6]U[0x19][0xffffffdb]R[0xffffffc4][0xfffffff7][0xc]4[0xffffffec][0xfffffff8][0xffffffd3][0xffffffe5]%[0xffffffad][0xffffff85][0xffffffe6][0xffffffa0]a[0xfffffffc]>[0xffffffde][0x11][0x1a][0xffffffc6]7[0xffffffbe][0x5]4Lo[0xffffffd5][0xc][0xffffffe3]\[0xffffffef][0x3][0x5]9hm[0xffffff84][0xffffff86]%[[0xffffff81][0xffffff9e][0xffffffc3]*[0xffffffa3]p[0xffffffad]=[0x1a][0xffffffbc][0xffffffff]|t[0xffffffcb]%[0xffffff8e][0x0][0xffffffb0]X[0xb][0xffffffcf]B![0xffffffb3][0xffffff8d][0xffffff8e][0xffffffd1]3[0xfffffffb]]3[0x16]/[0xfffffff1]q[0xfffffff3][0x1a][0xfffffff2]q[0xffffffd0][0xfffffffc][0xffffffdb][0xffffffaf][0xffffffe8][0xffffffca][0x6][0xffffffd3]/[0xffffff86][0xffffff84]C[0xffffffc3][0x14]XA[0xffffffb9][0xffffffd2][0xffffff94]+[0xffffffed][0xffffffa1][0xffffffba][0xffffffd2]zf[0xffffffd7][0xffffffa0][0xffffffe8]4[0xffffff9f][0xffffffca][0xffffffdb][0xffffffed][0x14][0x16][0xffffffd1]3k[0xffffffd0]2[0xffffffbd]{n[0x18]@[0xffffff85][\r]Z[0xffffff8c][0xffffff86][0xffffffbf][0xfffffffe][0xffffff8a].[0xffffffb3]Me[0x9][0x10]P[0xffffffa8]5ZX[0xffffff81]j[0x1d]0[0xffffffff]Ah[0xffffffac],[0xfffffff2]$?[0xffffff96]kl[0x9]Xa[0xffffffbd][0xffffffb7][0xffffffca][0xffffff93][0xffffffa6]<i[0xffffffca][0xffffff93][0xfffffff6][0xffffffc0]=i[0x6]*A[0x17][0xffffffba]$"
20:21:12.277 [main] DEBUG org.apache.hc.client5.http.wire - http-outgoing-1 << "[0xffffffd6]u[0xfffffff3][0xffffffeb][0xffffffd6][0xffffffd6]C[0xffffff93][0x15][0xffffff84][0xffffffa0][0xffffffca][0x14]^[0xfffffff9][0xffffffb1]\_';[0xffffffc4][0xffffffb0][0xffffff8a][0xffffffac][0xffffffa0]bX[0x15][0xffffffc3]>[0xffffffd4][0x18][0xffffffb6]k[0xffffffb4][0xffffff9b][0xffffffdd]";[0x1a][0xffffffcc]h[0xffffffcd]&[0x12]%[0xffffffd6]m[0x12]{+me~[0xffffffb4][0xffffffd2]([0xffffffb6][0x12][0xffffffb2][0x2][0xffffff97][0xffffffd5][0xffffffa6][0xffffffcc]6[0xffffff93][0x1f][0xffffffcb]U[0xffffff96][0xffffffb0][0xffffffec][0xffffffdb]V[\n]"
20:21:12.277 [main] DEBUG org.apache.hc.client5.http.wire - http-outgoing-1 << "[0xffffffb2]fe[0xffffffe5][0xffffff95]P^[0x9][0xffffffe5][0xffffff95][0xfffffff8][0xffffffca][0xffffffbd][0x12]w[0xffffffc0][0xffffff83][0x19]}[0xffffffa3]C[0xffffffd4][0xffffffab]-[0xffffffe2][0xffffffba][0xffffffc1][0xffffff83][0xffffff96][0x11][0xffffffe0]/,[0xffffffae][0xffffffd5][0xffffff84][0xffffffb1]M[0xffffff89][0xffffffae][0x11][0x2][0xb][0xffffff97][0xffffffc9][0xffffffa6][0xffffffa2][0xffffffa5][0xffffffb4][0x14];/[0x17][0xffffffd8]B{[0xffffffb2][0xffffff92]X%[0xffffffb1]Jb[0xffffffbf]r[0xffffff89]M[0xffffffd7]/[0xffffffdd]n[0xfffffff9]5[0xffffffba]M[0xffffffbd][0xffffffd7])p[0xffffffa4][0xffffffc1][0xfffffff0][0xffffff8b][0xffffffa2]0[0xffffff87][0xffffff90][0xffffffdb]ve[0xffffff96][0xffffffdf]M[0xffffffb1]l[0xffffffa1]x[0x1d]|][0xffffffb6])[0xffffffeb]7[0x8][0xffffffc1]E[0xffffffc1][0xffffffd7]2[0xffffffc1]-a+[0xffffffd0][0xffffffba],[0xffffffeb][0xffffffb3][0xffffffb4])+[0xffffffa1]UB[0xffffffab][0xffffff84][0xfffffff6]a[0x9]m_o[0xffffffe9][0xffffffdd][0x2][0x17]E[0x7]:[0xffffffdb][0xffffffdb]*[0xffffffb4]\D[0xffffffcb][0xffffff97]g[0xffffffdb][0xfffffff7][0xfffffffe][0xffffffea]+#Z[0x7][0x17][0xffffffd8][0xffffffb8]"[0x19][0x17]X[0xffffffca]K+[0x13][0xffffffd8]UyD[0xffffffab][0xffffff8c][0xffffffbf]jMV[0xffffffad][0xffffffc9]~[0xffffff93]k[0xffffffb2][0xffffffdb][0xffffffa8][\n]"
20:21:12.277 [main] DEBUG org.apache.hc.client5.http.wire - http-outgoing-1 << "-[0x13][0xffffffd9][0x3][0x5]1[0xffffffac][0xffffffd9]6[[0xffffffbd][0xffffffde][0xffffffb6][0x18][0xffffff96][0xffffffcb][0xffffffe6][0x16]i[0xffffffad][0xffffffcc][0xfffffff8][0xffffffbb])[0xffffff86][0xffffffad][0xffffffc4][0xfffffff8]+[0xffffff84]4[0xffffff9b]P[0xffffffd0]B:F[0xffffff99][0xffffffae][0xffffff96][0x0][0x15](pEG[0xffffff95][0xfffffff1]W[0x19][0x7f][0xffffff95][0xfffffff1][0xfffffff7][0xffffffe1][0x19][0x7f][[0xffffffbd][0xffffff8e][0xffffffd1][0xffffff84]~[0xffffffe6][0xffffff93][0xffffffb5][0xffffff8c][0xffffffae]n[0xffffffa0][0xffffffbc][0xffffffe3]Va[0xffffffdd]`[0xfffffffc][0x15]k[0xffffffb1][0xffffffe6]@[0xffffffd7][0xfffffff1][0xffffffbf][0xffffffaa][0xffffff8c][0xffffffbf]%[0xffffffc2]Z[0xffffff8d][0xfffffff1][0x17][0x7]D[0x4]z@[0xffffffe3]/o0c[0xfffffffc][0xffffffc5][0xffffffaf][0xffffffa4][0xfffffff1][0xffffff97]%[0xfffffff9][0xffffffc2][0xfffffff8];[0xffffffea][0x18]][0xffffffa3][0xffffffdb]s&H[0xfffffff2][0xffffffc8][0x1a][0x7f][0xffffffff][0xe][0xffffffbf][0xffffffd5][0xffffff82][0xffffff9c][0xffffff9b][0xfffffff0][0xffffffce][0xffffffcd]Y[0xffffffe9]z[0xfffffffa]W[0xffffffd3].[0xffffffa4]3[0xb][0x6]?f[0xffffffee][0xffffff84][0xffffffb9][0xffffff87][0xffffff9b]}[0xffffffcf][0xffffff84][0x1f][0xfffffff2]1s[0xffffff83]1[0xffffffb3][0xffffff95]p[0xffffff8c]=[0x19]\$n[0xffffffb6]ww[0xfffffff7]Xrc[0xffffffdb][0x1d][0xffffff8d][0xffffff96][0xffffffbc][0xffffff91][0xffffffc3][0xffffffb8]-y[w[0xffffffb3]\[0xffffff8a]6[0xffffffd6][0x1d][0xffffff9a][0x7][0xfffffff4]][0x16]y.[0xffffffb7]9(y[0xffffffbf][0xffffffee]d[0xffffffa3][0xffffffe4]M[0xffffffec][0xffffffe2][0xffffffa5][0xffffffdc]h[0xffffff9f][0xffffffdc]fz[0xffffffe4][0xffffff87][0xffffffb8][0xffffffbb][0xffffffd7][0xffffff91][0xffffffb7][0xffffffb3][0xffffffcd][0xfffffff0][0x8][0xffffffdf][0xffffffd7]!,[0xffffff8f][0x17][0xffffffdc][0x10]g[0xffffffe8]u[0xffffffa3][0xffffffad]=~n[0xffffffc1]q[0x9][0xb][0xffffffda][0x13][0xffffffe6][0x4][0xffffff84]A[0xffffffd8][0x9][0xffffffd2][0xfffffff7][0xffffffcd]1[0xffffffbc][0xffffffb3][0xffffff98]a[0xffffffe4]j[0xb][0xffffff9c][0x7f][0xffffffae][0xffffffe0][0xffffffa0]d[0xfffffffe]Vfq|[0xffffffb6]$[0xffffffe7]1[0xfffffff3][0xfffffff9][0xffffff91]i[0x13]w[0xffffffed]4[0xffffffb0][0xffffffe6][0xffffffa1]6_[0xffffffc1][0xffffffc8]7r[0xfffffff8]I[0xffffffc5][0xffffffde][0xffffffc2][0xffffffac][0x9][0xfffffff4][0x1a][0x16]Gf[0xffffffef]d[0xffffffe6]=x[0xffffffd5]d?[0xffffffc8]Fx[0x3][0xffffffd3][0x1f]l[0xffffffb7]p[0x1d]z7[0xffffffbc][0x15])[0xffffffe7][0xffffff9a][0xb][0xffffff8b][0xffffffe0][0xc][0xffffffce][0xffffffdd])[0xffffffcc][0xfffffff3][0xffffffd8][0x1d][0x16][0xffffff98][0xffffffc4][0xffffffbd]({[0xfffffff0][0x14]^yX[0xffffffc8]a[0xffffffec][0x16][0xffffffaa][0xffffff91][0xffffffb2]5[0xfffffffe]2[0xffffff83]w[0x10]G[0xffffff85][0xffffffad][0x11]^B:8[0xffffffa9][0x9][0xffffff8e]o[0xffffffe1][0xfffffffc][0xffffffb8]p[0xffffffd0]/&[0xffffffee]Gf[0xffffffaf]fvB!GOY[0xffffffbf][0xffffffe0]}[0xffffffe4]][0xffffff82][0xffffff9f][0xfffffff3]N[0xffffff8e][0xffffffc4][0xffffffcc][0xfffffff0]|A[[0xffffffe2][0xffffffa3]G[0xffffff8f][0xffffffb4][0x1c]o[0xffffffe1][0x1d]}[0xffffffe9][0xffffffe4][0xffffffce]p[0xffffffe6][0xffffffa0]|[0xffffff8b][0xb][0xffffff9a]x&[0x3]|Z-[0xffffffeb]p[0xffffffbe]<[0xffffffc1][0xffffffd4][0xfffffff0]={[0x6][0xffffffc3]=[0xffffffb9]s[0xffffffc9][0xffffffba][0xffffff8b]9[0x1a][[0xffffffad][0x9][0xffffffd3][0xffffffc0]f[0xffffff95][0xfffffff8][0x1b]?[0xffffffe3][0xc][0xffffffb3][0xffffff81][0xffffff99]w[0xffffffed][0x0][0xffffffb3].[0xffffffac][0xffffffbb]~r[0xffffff8c][0xfffffff8]WO[0xffffff84];[0xfffffffb][0xffffffb9][0x15]L[0xfffffffd][0xffffff94][0xfffffffd][0xfffffff9]_q[0x18][0xfffffffc]F6[0xffffff9d]w#[0xffffffd3][0xffffffa1][0x12][0xffffffc0][0x3]c9[0xfffffffc][0xffffffe0]D[0xffffffda][0xb]<Uh[0xfffffffa][0xffffff9e][0xffffffcd],[0xffffffcc]([0xffffffed]-<[0xffffffde][0xffffffdb][0xffffffd9][0xe][0xffffff8f][0xffffffa6]NT[0xffffff83][0xffffff95][0xffffff84][0xfffffff6][0xffffffac][0xffffff85]lO[0xffffffe6][0xe][0x7f]B[0x7][0xffffffe1][0xffffffe7][0xffffff94]7[0xfffffff2][0x1e][Wpf~[0xffffffbf][\n]"
20:21:12.277 [main] DEBUG org.apache.hc.client5.http.wire - http-outgoing-1 << "[0xffffffd2][0xffffffec][0xffffff88][0xffffff94][0xffffff8b][0xfffffff7][0x19]w[0x14];[0xffffffe3]s[0x18]:[0xffffff9d] [0xffffffb1][0xfffffff3][0xffffff92]g[0x1d][0xffffff86][0xffffffe4][0x8][0xffffffa3]f[0x5]p[0xfffffff2]c8[0x13][g[0x5][0xffffffa7][0xffffff90][0x10]&0[0xffffffc9][0xffffffd1]g[0xffffffb8][0xffffffea][0xffffffc1][0xffffffa4][0xffffffb0][0xffffffc4]][0xffffff87][0x1b]?p[0xffffffe0][0xfffffff5][0x7]#[0xffffff96])@j[0xffffffd8][0x18]rA[0xffffff9b][0xffffffc2][0xffffffde][0xffffffbd][0xffffffc0][0xffffffcd]4[0xffffffd2][0xffffffc4][0xfffffff8][0xffffffac]3[0x13][0xfffffff8][0x0][0xffffffdd][0x12]^[0xffffffd1]/bW[0xffffffd0][0xffffffd5][0xffffff94][0xffffffe4][0x7]8gg>[0xffffff8c]ll[0xffffff9a]q3m[0x1c]5h[0x1a][0xffffff9f][0xffffffc7]r>r[0xffffffca][0xffffffc3][\r][0xfffffff9][0xfffffff1]az[0x13][0xffffffcc][0x8][0xffffffff][0x1a]C<[0xfffffffc]+[0xffffffda][0x0][0xc][0x3]m[0xc]_3G[0xffffffee]P[0xffffff83][0xffffffb3]tLw[0x1][0xffffff8e][0xffffffc6]O[0x1][0xffffffe4][0x9][0x7f]N[0xffffffda]@:[0xffffff88][0xffffffcb]Ffo[0xffffffc9][0x0]x[0xf]p[0x0]&?&[0x6][0xffffffeb][0xffffffcd][0xfffffff0]n[0x6]c`[0x1a][0xffffffa6]!g[0xffffff88][0xffffffd8][0xfffffffe][0xffffffd8]I[0xffffffb7]\[0xffffffc3][0x13]q[0xffffffed]3m[0xffffffc4][0xffffffe5];[0xffffffe9][0xffffff87][0x18][0xffffff8b]Jz"[0xffffffda]N[0xfffffff5]%[0xfffffffd][0x1b][0xffffffde][0x1b][0x1]N[0xffffffe0]C[0xffffff97][0xffffffa2]'[0xffffff84]O[0xffffffc9][0xffffffc4][0xc][0xffffffde][0x6]'[0x3][0xffffffd4][0xffffffb5]_[0xffffffc8][0xffffffbe][0xffffffcc][0xfffffff5]Z[0xffffff9b][0xffffffe0][0xffffffc4][0xffffffc9][0xfffffffc]-[0xffffffe6][0xffffffe2][0xfffffff8])[0xffffffe1]-[0xffffff98][0xfffffff1][0xffffff99]f[0x1f][0xffffff9b]l[0xffffffbc]Ax[0xffffffd1]q[0x9][0xffffffa0]Px[0xffffff88] [0xffffffba][0xffffff80][0x7]}[0xffffffee]F[0xffffffa0][0xffffffaa][0xffffffa4][0xffffff84][0xfffffffe]{r[0xffffffea]O[0xffffffac][0xffffff95][0xffffff87][0xffffff87][0xffffffd3][0xffffff82][0xffffff9c][0xffffffd3][0xffffffec][0xffffffa2][0x9][0xffffffdc][0xffffffc5]"[0x7f][0xffffff9d][0xffffffe9][0xffffffa8][0xffffff81][0xfffffff3][0xffffff81][0x19][0xfffffffb][0xffffff9f][0xfffffff2][0xffffffc9]D[0xfffffffe]vy[0xffffffa9][0xfffffff9]Q[0x9]T,[0xffffffd8]"[0xffffffd4][0xffffff9f][0x11][0xffffffe3]G[0xffffffd0][0x5][0xffffffa7][0xffffffac]/[0xffffffed]qB[0x11][0xffffffb9]r-[\r]3[0xffffff82][0xfffffffe]4[0x4][0xfffffffe][0xffffff85][0xffffffe6][0xffffffeb]B{[0xfffffff5][0xffffff86]f-N>|*'[0x14];-[0xffffff9a]{b[0xffffffb6][0xffffffb1]g[0x12][0xffffff9b]G8[0x15]R[0xffffff82][0x10][0xffffffe0][\n]"
20:21:12.277 [main] DEBUG org.apache.hc.client5.http.wire - http-outgoing-1 << ""[0x7]LW[0xffffff90]Hf0g[0x8][\n]"
20:21:12.277 [main] DEBUG org.apache.hc.client5.http.wire - http-outgoing-1 << "[0xffffff86][0xffffffb5][0xffffffe1][0xffffff8d][0xffffffe0][0xffffff8e][0xffffffe5]>~[0xffffffc2]d[0x8][0xffffff9e]Mh;[0xffffffc0][0x17][0xffffffb8]>[0x6][0x8][0xffffffcf][0xffffffc7],[0x14][0xffffff80][0xffffffce]S[0xffffff84][0xffffffd0][0xffffffec][0xffffffa1]7v'[0x13]l[0xffffffb3][0xffffff88]xs[0xb]'b[0xf]dZ\[0xffffff91][0xffffffcf]}:[\r][0x1e]x[0xffffff84]>[0xffffffce]S[0xffffff8c][0x2][0x1e][0xffffffbc][0xffffffe0]O[0xffffffe0][0xffffffe6]A$[0xffffffb7]Zfm[0xffffffe6]9[0xffffffbe][0xffffffc9][0xf])J[0xffffff8f][0xffffffe7][0xffffffe0][0xffffffc6]9[0xffffffa1][0xffffffde][0xffffffe1]P[0xffffffe0][[0xffffffb8]Q[0xffffffe8]x[0x13]4[0xffffffe2]a[0xffffffec][0xffffffd1][0xffffff9f][0xffffff90]#Ch[0x10][0xffffffc0][0xffffffcc]@[0xfffffff3] [0xffffff87]Dx[0xffffffa0]S[0x8]b[0xffffff89]N[0xffffffba][0xffffffd1][0xffffff9f][0x8][0xffffffcc][0x0][0xffffffac][0xffffffc6]b[0xffffff8a]n[0xffffff88][0xffffffb8]d[0xffffffcc]"VFr[0xffffffa1]{[0x1c]"
20:21:12.350 [main] DEBUG org.apache.hc.client5.http.wire - http-outgoing-1 << "Op[0xffffffb1]7w[0xffffffc8][0xfffffff3][0xffffff9b][0xffffffd5][0xffffffd2]l<[0xffffffbd][0xfffffff0][0xffffffd0][0x11][0xffffff91][0x1]?k[0xffffffc1][0xfffffffc][0x10][0xffffffe2][0xffffff85]![0x1a][0xffffffa3]wD[0x6][0xffffffa1][0xffffffe0]1[0xffffffe6]|$[0xffffffbd]&,[0xffffffd0][0xffffff95][0xfffffff3][0x6]=[0x3]0[0xffffff87][0xffffff98])[0xffffffdc][0xffffffcd][0xffffffcf][0x1b][0xffffff93][0xffffffdf]TD[0xffffffa3]xB[0xffffffd5][0xfffffff0]VH[0xffffffb4]=s[0xffffffbc]%p[0x8][0xffffff80][0xffffff82]\[0xffffff91]w[0xffffff9f]N[0xe][0x3][0xffffffea]A[0xffffff90][0xffffffd8]ee^[0xfffffffe]9[0xffffffe6][0xffffffac][0xffffff8b][0xffffffc8]*[0xffffffdb][0x1c]{[0xffffff86].[0xffffff80]Va[0xffffff93][0x4][0xffffffd7][0xffffff90][0xffffffbe][0x2]-[0xffffffad][0xffffff80][0xffffff9e][0xffffffb9]^<[0xffffffef]k[0xffffffda][0xffffffab][0xffffffec][0xffffffe0][0x0][0xffffffff][0x14][0xffffffba][0x2]D"[0x7][0xffffff87][0xffffffe1][0x1f]h[0xffffffea][\r][0xffffffa1]x[0xffffffc4][0x10]x[0xffffffc3][0x11][0x1b]B[0x1]97B[0x10]Alk[0xffffffc9][0xffffffd9].[0xffffff84][0xffffffd1][0xffffff89][0xfffffffc])v[0xb]$[0xffffffdb][0xffffffe2][0xfffffffd][0x10]t[0xffffff8d][0xffffff81]@([0xffffffbc][0xffffffe6]33%8 [0x19]9[0x1e]!x2D[0x5]gQ{w[0xffffffd6] [0xffffffd0]B[0x3]O6[0xfffffffa]w[0xffffffcc][0x11]J[0xffffffcf]SG[0xffffff92][0xffffffa8][0xe][0xffffffd1][0xffffffe8][0x13][0xffffffdc][0xffffffe4][0xffffffb6][0xffffff85]Q[0xffffffa4]^[0xffffffd3]=!7u[0xffffff98][0xffffffd8]klH[0xffffffe6]+[0xffffffc2]T[0xffffffe0][0xffffffa6]u>[0x2][0x11][0x14][0xffffffe2][0x2][0xffffffd5][0xfffffff1][0xffffffdd]6[0x1][0xe][0xc][0xffffffee][0xffffffee]#[0xffffff8d][0xffffffad][0xfffffff5][0xffffff9b]1[0x6]][0xffffff81]1[0xffffffa0][0xffffffa5][0xffffff86],[0xffffffc6][0xffffff80][0xffffffd8][0x5]1[0xffffffc7][0xffffff80][0x16]"[0xffffff8a]8[0x6] [0xffffff93][0xffffffc5][0x1c][0x3]l#8[0x6][0xffffffe6]A8[0x6][0xffffffad]>[0xffffff98][0xffffff92]H[0xffffff9c][0xffffffc0][0xffffffa8][0x1c][0xffffff88]c [[0xffffffac][0xffffff84]c[0xffffff90]k[0xffffffbc][0x2][0xffffff8e][0xffffff81][0x1e]s[0xc][0xffffffe4][0xffffffb1][0x14][0xffffffc7]@q[0xc][0xffffffc0]S[0xfffffff8][0xffffffdc] n[0x1e]c"[0xffffffac]F[0xffffffa1][0x1d][0xffffffb8]\[0xffffffdb][0xfffffff6]"#[0xffffffa4]wDC[0x0][0x13]Y[0xb][0x1][0xffffff8d][0xffffffd9][0xffffff8b][0xffffffd3][0xffffff80][0x1d]C[0xffffffa6]cP[0xfffffff2]}:[0xffffffc0]v[0xffffffc0][0xffffff8e][0xffffffbc][0xffffffbe][0xffffffc3]>{~[0xfffffff9][0xffffff8a][0x10][0xffffff9b]8[0x6][0xffffffcf][0xfffffffb][0xffffff93][0xffffffe5]5[0xffffffce])[0xffffffc7]1[0xffffffe0][0xfffffff7][0xfffffff1][0xffffff8e][0x1c][0x3][0xffffffbe][0xfffffff1][0xffffffde][0x1c][0x3][0xffffffa3][0xffffffa6][0xfffffff7]kF[0xffffffe7][0xffffffdc]0[0x7]m[0x18]{Y~[0xffffffd8]r5[0xffffffc2][0xffffff83]{[0xffffff96][0xffffffaa]G[0x19]o[0xffffffd5][0x1c][0xffffffe8][0xffffffcd][0xffffff81][0xffffffc9][0x16][0xffffff8a][0xf][0xffffffcf]1ha[0xffffffd9][0xffffffd4]h[0xffffffeb][0xffffffd2][0x3]&?n~%[0xfffffff6]<x[0xffffffb7]:GW6[0xffffffb8][0x13]0$[0xffffff8a]c0b[0xffffff8e]J[0xffffff95]o[0xffffffa0][0xfffffff2][\r][0xffffffbe][0xffffffc9]|[0xffffff83][0xffffffed]i[0xffffffb3]fO[0xffffffd7][0xffffffdb]E)[0x7][0xffffffdd]vO/([0xffffff94][0xffffff93][0xffffffd6]2c[0xffffffa0]3[0xffffffc5][0xffffffcb]g[0x1c]d[0xffffffb7][0xffffffe1][0xfffffff5]wG[0x1][0xffffffb8][0xffffffab] [0x13][0xffffffc5]o[0xffffffe0][0xffffffb2][0xfffffff4][0xffffff96][0xffffffd4]*X[0x11][0xffffff96]6f[0xffffffb6][0xffffffc8][0xffffffdd][0x19][0xffffffa0][0x16][\n]"
20:21:12.350 [main] DEBUG org.apache.hc.client5.http.wire - http-outgoing-1 << "[0xffffffb5][0xffffffc6]1(P[0xffffffad][0x3][0xffffffa6]sqQ5M[0xffffff9c]4[0xffffff81][0xffffffae][0xffffffe4][0xffffffc7]r[0xffffff8d]-[0xffffffa9][0xffffffad][0xffffffbb][0xffffffde][[0xffffffc5]1P[0x1c][0x3][0xffffffc5]1x[0xffffffe0][0x1c][0xffffff83]f[0xffffffbf]][0xffffff90][0xffffffcc]U$[0xffffff9b][[0xffffffa4][0xffffffb5]2C[0xffffffc2]n[0xffffffd2]zh[0xffffffff][0xffffff97][0xffffffd0]S[0xffffffe9][0xffffffff][0xffffff92][0x1f][0xffffffcb][0xffffffe5][0xfffffff5]r[0xffffff87][0x10]Va[0xc]T[0x8][0xffffffab]B[0xffffffd8][0xffffff87][0x1a][0xffffffc2]v[0xffffffba]M,b[0xffffffae]gwu[0xffffffda][0xffffffed]N[0xffffffcf]([0xffffffc0][0x18][0xffffffe4][0xffffff94]v[0xffffff97] [0xffffffb6]2GB[0xffffffa9][0xffffffd2]V[0xffffff82]1[0x10][0xffffffb2][0xffffffda][0xffffffcb][0x6][0xffffffb1]x m[0xffffffca][0xffffff9d][0xffffffa5][0xffffff85][0xffffff82][0x12][0xffffffd3]W[0x1c][0xffffffc4]*[0xffffff8c][0xffffff81]Z,Peu[0xffffffbf][0xffffffa9][0xffffffb2][0xffffffba]w[0xffffffc1][0x18]4[0xffffffcd]"DLN[[0xffffff99]nn[0xffffff89]bYY[0xfffffff3]{_ [0xffffffc8][0xffffffaa][0xffffffd5]a[0x17][0x9][0xfffffffa][0x0][0xffffffca][0xffffffa6][0xffffffa2]X[0xfffffff6][0xffffffb1]L_[0xffffffff][0xfffffff9][0x13]-[0xffffffca][0xffffff97],[0xffffffc4][0x16][0x1a][0xffffff81][0xffffff95][0xffffffb9]V[0xffffff99]k[0xffffff95][0xffffffb9][0xfffffff6]a[0xffffff99]k;[0xffffffbd]^[0xffffffd3][0xffffffc4];[0xfffffffe][0xffffffbc]S[0xffffffa1][0xffffff89][0xffffff92][0xffffffe6]}d[0x11][0xffffffe4][0xffffffa1]1\n[0xffffffbb][0xffffffe7]zo[0xffffffd0]n[0xf][0xc][0xffffffc6][0xffffffc8].[0xffffff96][[0xffffffb9][\r][0x7f][0xffffffff]t[0xffffff9f]r[(^[0x7][0x17][0xffffffdc][0xffffff98][0xffffffcb][0xffffff85][0xfffffff8][0x16][0xffffff82]K[0xffffffc8][0xffffff87][0xffffffcd][0x1][0xffffffed]?[0x7f][0xfffffffa][0xffffffb4][0xffffff83][0xffffffe0]*[0xffffff8a][0xffffff81][0xffffffab][0xfffffffc]`[0xffffffca][0xf][0xfffffff6][0xffffffed][0xfffffff9][0xffffffc1][0xffffffb6][0xffffffbf][0xfffffff7]2z[0xffffffed][0xffffff96][0xffffffae]C#[0xfffffff2]B[0xffffffdb]k[0xffffffb6][0xffffffda]d$-[0x17]Z.[0xffffffa2][[0xffffff84][0xffffff96][0xffffff89][0xfffffff1][0xffffffbd][0xb][0xffffffad][0x14][0xffffffad][0xffffffc3][\n]"
20:21:12.351 [main] DEBUG org.apache.hc.client5.http.wire - http-outgoing-1 << ",R[0xb]Z[0x12]|[0xffffffc8][0x17][0x10]Z[0xffffffa5][0x2][0xfffffffb]nE[[0xffffff97]D[0xffffffb4][0xffffff8a]b[0xffffffa0][0xffffff96]d[0xffffffd5][0xffffff92][0xffffffec]7[0xffffffb9]$[0xffffffbb][0xffffff8d]b[0xffffffd0][0xffffffec][0xffffffe9][0xffffffb0][0xffffffdb][0xffffffae]Kk[0xffffffb3][0x5][0xffffffb8]A[0x1] &[0xffffffbb]d`[0xffffffee][0xffffffb0][0x1c][0xffffffcb]K[0xffffff9c][0xffffffdf][0xffffffa7][0xffffffb4]VB1[0x10]B[0xffffff9a]}[0xffffffdf][0xffffffd5]*])x[0xffffffb7][0xffffffa2][0xffffffad][0xffffffcb]uUQ[0xc]T[0xffffffd4][0xffffffaa][0xffffffa2][0xffffffd6]o/j[0xffffffdd][0xffffffa6][0xffffffab]-[0xffffffe0]a[0xffffff8a]p[0xffffffdd]-[0xffffffbd][0xffffffd9][0xffffffec][0x14]Q[0xc]r[0xffffffc2][0xffffffba][0xffffffc3]Z[0xffffffac][0xffffffd9][0xffffffbb][0xffffffef][0xffffff98]5[0xffffffa1][0xffffffae][0x1c][0xffffffb8]|9O[0xffffffe9]= [0xffffffc5][0xffffff80]7(([0x6]<[0xfffffffd][0xffffff8c]#[0xc][0xffffffc4]0[0x3]a0nvQ[0x16]H[0x1f][0xfffffff5]{V[0xffffff87]#[0xc]j;[0xfffffffc][0x1f][0xffffffb9]U[0xffffffe8][0x1f]yn[0xffffffcf][0x1c][0x1b]u[0xffffff8b][0xffffffa3][0x1b]X[0xffffff91]>r[0x1f][0xb][0xfffffffd][0xffffffa5][0xffffffa6]=[0xffffffff][0xfffffff9]E[\r][0xffffff85][0xffffff85][0xffffff8c]Z[0xb] [0xb][0xffffffb9][0xffffff83][0xffffffc6][0xffffffb6][0xffffff82][0xffffff9b]V;>=[0xffffff83]-[0x9][0x1e][0x1d]fLb[0xffffff95]NC[0xffffffb2]*9[0xb]8[0x15]m[0xfffffffa][0x1d]LT[0xffffffac]>3[0xffffff8c]:[0xffffffc2][0xffffffd8][0xffffffc8][0xffffffbd][0xffffff8c][0xffffff9a]=[0xffffff83][0x11]+e[0xffffff91]{[0xffffff8b][0x14][0xfffffff1][0xffffff80]<V[0xffffffd8][0xfffffffd][0x7]k[0x4][0xffffff9f][0xffffffa7][0xffffffa7]=[0xfffffff7]Q[0xffffffc2][0xffffffd8]Jm[0x4]G[0xffffffd1][0xffffff9c][0xfffffffc]x[0xffffff89]M2[0xffffffdd][0x1a][0xfffffff3]2q[0xffffffe3]\l[0xffffff96]c[0xffffffb6][0xffffffee][0xffffff90]l[0xffffffb6][0xffffffe4]s[0xffffff82];[0xffffffd4][0xfffffff3]j[0xffffff97][0xffffffc4]u[0xffffffe0]^[0x1d][0xffffff8d][0xffffff95]C[0xffffffe6][0xffffffbe]Mf[0xffffff9c][0xffffff83]=[0xffffffee][0xffffffd5][0x1b][0xffffffe6][0xffffff92]#O[0x12]"E[0xffffff94][0xffffff83]ee[0xffffffd4]yIni[0xffffffb0][0xffffffab][0xffffffc7][0xffffff9d][0xffffffa2][0xffffffd1][0xffffffdb][0x4][0xffffff8a]H[0xffffffbb][0xffffff8b][0xffffff93]B[0xffffffd5][0xfffffff0][0xffffffda],x[0xffffff89]V[0xffffffd6]a[0xffffffde][0xffffff81][0xffffffc4][0xffffff90][0x7][0xfffffff3]1[0xffffffaf][0x15]MVQV[0xc][0xffffff9d]<q[0xffffffbc][0xffffffbb][0xffffffac]N[0xfffffffb][0xffffffd8]Y[0xffffffa2] /[0x19][0xffffff80]Q\[0x16][0xffffff86][0xffffffd7][0xffffff99][0xb][0x7f]y[0xffffffae][0xfffffff4]o[0xffffffb1][0xffffffad]NK;[0xffffffea]x[0xffffff8b][0xffffffc2]NO[0xffffffa5]eQ[0xffffffe1][0xffffff9d][0xffffffa8][0x15]9_[0x1d]F[0x2][0xffffff95][0xffffffa4][0xffffffc9][0xffffffcd]D[0xffffff88]MVL[0xffffffb7][0xffffffd0]j[0x7],[0xffffff86][0xffffffb2][0xfffffff2]++[0x7f]R[0xfffffff1][0x1c][0x13]BT[0x5]N#[0x1c]^b>[0xffffffc9][0xffffffb4]Zr*J[0xffffff83]b[0xffffffaf][0xf]2[0xb]y[0xffffff9e]QC[0xffffffd7][0xffffffa3][0xffffffb2][0xffffffd3])[&s[0xffffffd6][0xffffffca][0x12][0xffffffcf]p[0xffffff93][0xffffffc2]AH6~>[0xffffff81][0xffffff99][0xffffff9f][0xfffffff3]g[0xffffffd7]A5u[0xffffffe6][0x0]M[0xffffffe1]{[0xffffff85][0xffffff85][0xffffff91]n[0xffffffe4][0xffffffc4][0x7][0xffffffe9]0[0xffffff87][0xffffffa9]-n[0xffffffa8]!|[0xffffff81][0xffffff84][\r][0x8][0xffffffeb]cg[0xffffffb4][0xffffff9a]"
20:21:12.351 [main] DEBUG org.apache.hc.client5.http.wire - http-outgoing-1 << "[0xffffffc2][0xffffffc1]Y[0x7]T[0x2][0xffffffd5][0xffffffa6]k[0xffffffe2]8C2[0xffffffe3][0xffffffc2]UJw[0xffffffea]0[\n]"
20:21:12.351 [main] DEBUG org.apache.hc.client5.http.wire - http-outgoing-1 << "V[0xffffffce][0x10][0xffffffb7][0xffffff83][0xffffffa5][0xfffffff1]c[0xffffffdf][0xffffff9f][0xffffffe7]0#79@[0xffffffc2][0xffffff99]p[0xffffffda][0xffffff92][0x15]=[0xfffffff1][0xffffffe7][0xffffffdb][0x18]ER[0x8][0xfffffff4][0x1b]>][0x12][\n]"
20:21:12.351 [main] DEBUG org.apache.hc.client5.http.wire - http-outgoing-1 << "[0xfffffffc][0xffffff94][0xfffffffc][0xfffffff9]{[0xfffffff7][0xffffffd8]M[0x9][0xffffffeb][0xffffffab]E[0x14][0xfffffff8][0xffffffe3][0xffffff95][0xffffff8d][0x1][0xffffffa4][0xffffffe1]Z[0xffffffd0]pbX[0x1c]HP[0xffffffec]o[0xffffffbc][0xffffffd1][0xffffffde][0xf][0xffffffe1][0xffffffae]?c[0xffffffa5][0xffffff8d][0xffffffdf][0x5][0xffffffde][0xffffff81][0xffffffdc][0xffffff95][0xffffffe9]&[0xffffffc1]p [0xffffff80][0x7])[0xffffff9f],[0xffffffca]>[0x12][0xfffffff6][0xffffffff]-gfi#[0x17]E[0xffffffe7][0xffffffb9][0xffffffae]B[0xffffffd0][0x13][0xffffff91][0xffffffad]k[0xffffffcf][0xffffffd8]3[0x8][0xf][0xffffffa3][0xffffffe4]TRr[0xffffffca]t[0xffffff9e][0xffffffa4][0xffffff9f][0xffffffe9][0xffffffbf]tq[0x3]5[0x0]`[0x2][0x7f][0x1c][0xffffffbd][0x1f][0xffffff9e]:[0xffffffd7]g[0xffffffbc][0xffffff8c]u[0xffffffea][0xffffffa4][0xffffffaf][0xffffff9b]v]$[0xffffff90][0xffffffbb]~[0x3][0xffffffa7]1[0xffffffe6][0xffffffde][0xffffffd1][0xfffffff8]'[0xfffffff6][0xffffffdc][0xffffffe0][0xffffffd6]y[0xc]hM[0x14][0xffffffc2][0xffffff86][0x7][0xffffff9b]K[0xffffffb6][0xfffffff0].[0xfffffff3][0xffffff82][0xffffffe4][0xffffffd4]![0xffffff9c]"[0x1f]\[0xffffffed][0xffffffdd][0xffffffdb][0x1f]eQn[0xffffffec][0x9][0x1b][0xffffffa9]X[0x16]L]@YV[[0x14][0x16][0xffffffc7][0xffffffc5][0xffffff9f]c[0xffffff97][0x1][0xffffff9b][0xffffff99][0xffffffc3][0xffffffeb]p[0xffffffd0]h[0xffffffd0][0xffffffb3]j@[0xf][0xffffffd5][0xffffff86][0xffffffd8][0xffffffb6][0xfffffff1][0xffffffe7]x[0xffffffa7][0xfffffff1][0xffffffbf][0xf]SW[0xffffff9f][0xffffffd9][0xffffffde]S[0xffffff8f][0xc]q[0xffffffdf][0xffffffe2]y[0xffffffc9]<[0xffffffc1]h[0xfffffffb][0x1a][0x0][0xffffff88]xl[0xffffffe8]v[0xffffff80]_[0xffffff9b][0x6][0xffffff8e][0xffffffd9][0xffffffb1][0xffffffc5]sA8[0xffffffc9][0xfffffff9][0xffffffc9][0xffffffe1][0xffffffae]I[0xffffff88][0x4][0xffffffcc]8[0xffffffcf][0x7][0xffffff99]5[0x8][0x18][0xffffff8a][0xffffffd8][0x1f][0xffffffb7][0xffffff9f]k;[0xffffffa9][0xffffffae]<[0xffffffc3][0xffffffad][0xffffffce][0xffffffae][0x8][0xffffff9f][0xffffffd4][0xffffffb8][0x0][0xffffffd9]9[0xffffff8b][0xb];[0x7][0xffffff8d]e[0xc][[0xffffffb4][0xffffffb3]DIq[0xffffffd9][0x10][0x1e][0xffffffd3][0xffffffac][0xffffffca][0xffffffb8]?[0xffffffe1][0xffffff97]V[0xffffffdc][0xfffffff0][0xffffffdc]>O1@[0xffffffea][0x1][0xffffffc9][0xffffffdc][0xffffffec][0xffffffa2][0xffffffc4]{[0xffffffdc][0xffffff9c][0xffffffbc][0xfffffff0][0xffffffe1][0xffffffcc]].S[0xfffffffa]"[0xffffff95][0xffffffa3][0xffffffdf][0xffffff8a]{[0x19][0xfffffffb][0xffffff9a][0xffffffaf]1>)G3[0xffffff86]%[0xffffff85][0xffffff82]X[0x6]Rj[0xffffff84][0xe][0xffffffc5]voi[0xffffffc6][0xffffff9e]a[0x1c]F[0xffffff8e][0xffffffc4][0x8][0xffffffc4]A[0x6]&,qe[0x1c][0xffffffc2]a[0xffffffc8]Y /[0x1c]~}[0xffffff93][0xffffff9a][0xffffffa3]s[\n]"
20:21:12.352 [main] DEBUG org.apache.hc.client5.http.wire - http-outgoing-1 << "[0xffffff85]2[0xffffffda][0xffffff90]s[0xffffffbb]3[0xffffffa9][0xffffffd0]@(p[0xffffffc7][0xffffffdc][0xffffffb3][0xffffffcf][0xffffffee]/j\"[0x1]`W[0xffffff9e][0xffffffb2][0xfffffffa][0xfffffff0][0xffffff90][0xffffffe5][0xffffffd0][0xfffffff7][0xffffffae][0xffffff98][0xffffffb3][0xffffff9a][0xffffffb0][0x14],.J[0xffffffc2][0xffffff92][0xffffffd4][0xffffffd9][0xffffffff][0xffffffe8][0x2]p [0x1b][0xffffffc1][0xffffffe4]p[0xffffffa6]`[0xffffffe0],[0xffffffc6]pl[0xffffffcb][0xffffffa6]R[0xffffffc2][0xffffff8e][0xffffffc6]NX[0xffffffcd]{[0x12][0xfffffff0][0xfffffff4][0x10].hN[0xffffff93]b[0xffffffa7][0xffffff94]~FWvf][0xffffffc2][[0xffffffed][0xffffffce][0x1d][0x7f][0xffffffc5]d[0xffffff97][0xffffffae][0xffffffde][0xffffffc4]r=[0xffffffc6][0xffffffc0][0x9][0xffffffc1]#H[0xffffffdd][0xffffffdc][0xffffff89][0xffffffd5][0xffffffbf][0xffffffa6][\r][0xffffff93][0xffffff86][0x6]?[0xffffffad]\[0xffffffd8][0xffffffe1][0x19][0xffffffc3]H:[0xfffffff3]y[0x10]x[0xffffff8d][0xffffffe9][0xffffffa6][0xffffff8d][0x11][0xffffffeb]B[0xe][0xffffffe4][0xffffffa0][0xffffff8e][0xffffffe1][0xfffffff7]'[0xffffff92]A[0xffffffaa]w[0xffffffec][0xffffff8e][0xffffffe0][0xffffffbf][0xffffffe7]A[0xffffffac](b[0xffffffcf][0xffffff86][0xffffffef][0x1a][0xffffffd7][0xffffffcd][0xffffff8a]"DC$[0xffffff97][0x18],[0xffffffb0][0xb]<r[0xffffffe7][0xffffffc3][0xffffffa3]/p[0x6]b[0xffffff8d][0xffffff88][0xffffffcf]E[0xffffffe9][0xffffff96][0x7f][0xffffffca][0xffffffc6]L[0xfffffffc][0xffffff89]w[0xffffff8e][0xffffffe6]e[0x14]1m[0xfffffff2]|[0xfffffff6][0xfffffff8]Z[0xffffffdc][0xffffffcc]1[0xffffffa2][0xffffffa9][0xffffffae][0xffffff88][0xffffff9b][0xffffff91][0xffffff9a][0xffffffe2][0xffffffcd][0x1]%[0x3]{![0xffffffdb]INNL|y[0xffffffcf]2[0x18][0xffffff92][0xffffffa5][0xfffffffd][0xffffff82][0xffffff98][0x1c][0xffffffd6][0x17][0xfffffff1]Pd[0xffffffb7][0xffffffa9][0xffffffa0][0x1c]][0x13][0xffffffe0][0xffffffc2]v[0xffffffe8]X[0xffffffc2][0xffffffb0][0xffffffae][0xffffffc9][0xffffffb0]%[0xffffffb9]cm? -[0xffffffd5][0xffffffde]-[0xffffffc0][0x1e]ZZ[0xffffff88]:C[0x0][0xffffff89][0xffffffc0]}[0xffffffa0][0xffffffc0][0xffffffd8][0xffffffa7][0xb][0x0]I]a[0x3][0x7f]Q[0xffffffe3][0xfffffff7]0[0xffffffdb]*[0xffffffb9][0x1c][0xffffff9a]V[0xffffffd3][0xffffff9e][0xffffff89][0xffffffe9][0xffffff80][0xffffffd1][0xffffffc2]34[0xffffff8e][0xffffffa1][0xffffffa1]X[0xfffffff7][0xfffffff7][0xffffffe0]dn|[0xffffffc4][0xfffffffb]P#[0xffffff9c]1C[0x1a]P[0xffffff9d][0xfffffff0][0xfffffff4][0xffffffe8][0xffffffa5][0xffffffd4][0xffffffa7][0xffffffa6][0x11]GA[\n]"
20:21:12.352 [main] DEBUG org.apache.hc.client5.http.wire - http-outgoing-1 << "[0x1e][0x7f][0xfffffff0][0xffffffd3][0xffffffac]KMQ[0xffffff8a]Q[0xffffffe8]2&b[0xffffffcd][0xffffffbf]$h[0xffffff8f][0xffffffb3]B[0xffffffc5][0xffffff80]<[0x1a][0xfffffffe]Ov@[0xc])[0x3]y[0xffffffb0][0xfffffffb][0xffffff96][0xfffffff7]&[0x1d][0xffffffb8];[0x1f]A[0xffffffa0][0xffffffc8]t[0xffffff87][0xffffff84][0xffffff8a]bs[0xffffff8d][0x18]?[0xffffffe8][0xffffff97][0x7][0xc][0xc][0xffffff9f]9[0xffffffd7][0xffffffa5][0xffffffcd] [0xffffff9a]g[0xffffffed]`[0xffffffd1][0xffffffee][0xffffffa0][0xffffffd0][0xffffff81][0xffffffd8][0x7][0xffffffbf][0x11]:`[0x12][0xffffff8b][0xfffffffb][0xffffffdf][0xffffff8c][0xffffffa3][0x1] [0xffffff87]y[0xffffffea][0x0][0x12][0xc][0xffffffb6]A[0x7][0xffffffda][0xffffffc8][0xffffff9b][0xffffff95][0xffffffd0][0x1][0xfffffffc][0xffffffc8][0xffffff99][0x3][0xffffffa6]q[0x18][0xffffffe6][0xffffff80]atz-[0xffffff96]!u([0xffffffe6][0xffffff80]h[0xffffffb1][0x1a][0xffffffe6]@[0xffffffb6][0xfffffff1][0xffffffc3]3[0x7][0xffffffcc]~=~[0xffffffb7]&[0xffffff8e][0xffffffa5][0xffffff98][0x3][0xffffff8a]9[0xffffffa0][0xffffff98][0x3]@;E[0xffffffe1][0xffffffe7][0xffffffc6][0x12][0xfffffff1][0xffffffbc]e[0xffffffdf][0x10]z[0x1][0xf]C[0x7][0x10][0xffffff97][0xfffffff1][0xffffffc5][0xfffffffe][0x4][0xffffff83][0xffffffdc][0xffffffae]h,[0xffffffba]Y:G[0xffffff83]#[0x2][0xffffff82][0xffffffe1]S[0xffffffe8]F[0xffffffce][0xffffff85]5[0x6][0xffffffcd][0xffffffeb]h0[0xffffffb1][0xffffffbc][0xffffffd0][0xfffffff9]#[0xffffff9d]Atrlw[0xffffffde][0xffffffcd][0x7f][0xe][0xffffffff][0xffffffe3][0xffffff97][0xffffff97][0xffffff9f][0xfffffffe][0xffffffe3][0xfffffffc][0xffffffa7][0xffffff8f]'[0xffffffe7][0xffffffbf][0xffffffb6]N[0xffffff8f]_[0x11])5[0xb][0x1e][0x10]7[0xfffffff3]n[0xffffffe0][0x1][0xffffffb1][0xfffffff1]m[0xffffffc0][0x3]('[0xffffffde][0xffffffa7][0xffffffb4]/[0xfffffffc][0xffffffcf]`[0x19][0xffffffb4][0xffffff85][0xffffffe0][0x1][0xffffffb9][0xffffff95][0x9]H-+:~x[0xfffffff0]@[0xffffffb3][0xffffffd5][0xffffff81][0xfffffffd][0xffffffa2][0xffffffdd]D[0xffffffe3]d[0xffffff8a][0xffffff95][0x1f][0xffffffb3][0xffffff83][0xfffffff7][0xffffffe2][0xffffffe6][0xffffffb5][0xfffffff7]7o[0xfffffff4][0xffffffc3][0xffffffcf]3[0xffffffdb][0xfffffffc][0xfffffff9]{[0xffffffbb]y[0xffffffea][0xffffff8d][0xffffff8f]O[0xfffffff4][0xffffffd3][0xf][0xffffff97][0xffffffe6][0xffffffe9][0xffffffa7]w[0xffffff9b]s[0xffffffb1]h|[0x14][0xffffff85]@Q[0x8][\n]"
20:21:12.352 [main] DEBUG org.apache.hc.client5.http.wire - http-outgoing-1 << "[0xc][0xffffffa1][0x14]=[0x6][0xffffffce][0xfffffff8]s[0x3]k[0xffffffc8]J)[0xffffffbf][0xffffffb8]R[0xffffffd2]"[\n]"
20:21:12.352 [main] DEBUG org.apache.hc.client5.http.wire - http-outgoing-1 << "[0xffffffd4][0xfffffffa]Bh[0xffffffea]~[0xffffffc5][0xffffffbb][0xffffffcc]^[0x7][0xffffffc9]X@a[0xffffffe5][0xffffffb3][0xffffffb1]Z[0xfffffffd]fQ[0xffffffc5]o[0xffffffbc]q[0xffffff89][0xffffff85]M[0x1f][0xffffffb4][0xffffffd9]K[0xffffffab][0xffffff82]d[0xffffffac]x[0x1b][0xffffff90][\n]"
20:21:12.352 [main] DEBUG org.apache.hc.client5.http.wire - http-outgoing-1 << "[0xffffffaa]2[0x19][0xffffff90]B[0xffffffe5])[0x4]E[0xffffffaa]u[0xffffffc0]t,[0xffffffa1][0xffffffb0][0xffffffd2][0xffffffc0]%?[0xffffffee]![0xffffffb8][0xffffff9b]s[0x8][\n]"
20:21:12.352 [main] DEBUG org.apache.hc.client5.http.wire - http-outgoing-1 << "[0xffffffba][0xffffffae][0xffffff90][0x4][\n]"
20:21:12.352 [main] DEBUG org.apache.hc.client5.http.wire - http-outgoing-1 << "I[0xffffffa0][0xffffff90][0x4][0x5]O[0xffffffa0]/[0xffffff8f][0xffffffc4][0xffffffca][0xffffff89][0xffffffee][0x1d][0xffffffdc]\(0[0xffffff83][0xffffffbc][0xffffffa3][0xffffff82][0xffffffa4][0xffffffd7]5[\r][0xffffffdd][0xffffffa2][0xffffffb3]U[0xffffffd5][0xffffff97][0xffffffd9]Qg[0xf][0xffffff8d]$[0x10][0xffffffe2][0xffffffda][0xffffffcf][0x6][0xffffffb7]X[0x10]I[0xffffffbc][0x5]'[0xffffffc7][0xffffffa5][0xffffffc1]-[0xffffffd5][0xffffffa8])[0xffffffce][0xffffffd7]J[0xffffffb4]V[0xfffffff1][0x9]T2[0xffffffac]J[0xffffff86][0xfffffffd]&[0xffffff93]a[0xffffffb7][[\r][0xffffff90][0x11][0xffffffd4][0xffffffe9]u[0xb][0xffffffaa]z[0xffffffb5][0xffffffda][0xffffffe4]5[0xffffffd8].[0xffffffbb][0xffffff85][0xffffffd5]g[0xffffffd2]![0xffffffb0]10[0xffffffaa][0xffffffaa]>S.[0xffffffbb][0xffffff95][0xfffffff0][0x9][0xffffffb8][0xffffffe4]v[0xffffffe4][0xffffff8a][0xffffffa8][0xfffffffc][0xffffffb8][0xffffffbb][0xffffffe4][0xfffffffe][0xffffffba][0xffffffb9][0xffffffd0]W[0xffffff81][0xffffffe4][0xffffffaa][0xfffffff0]V[0xffffff85][0xffffffb7]*[0xffffffbc]}[0xffffffe0][0xffffffe1]-^[0xffffff86]m@n[0xffffffa5][0xffffffe2][.[0xffffffa2][0xffffffe5][0xfffffff1]me4[0xffffffc3][0x1d][0xffffff85][0xffffffb6][0xffffff9a][0xfffffff8][0xffffffb6]#[0xffffff89][0xffffff86]Bl3[0x5]j[0xffffffcb][0xffffffe3][0xffffffdb]_"
20:21:12.352 [main] DEBUG org.apache.hc.client5.http.wire - http-outgoing-1 << "o[0xffffffca][0xffffffe3][0xffffffdb]B[0xfffffff3][0xffffffaf]"[0x17](r[0xffffff81]"[0x17]<,r[0x1][0xffffffaa][0x8][0x0][0xffffffc3][0xffffffb5][0xffffffbe][0xffffff84]k[0x1a][0xffffffbd]N[0x1b][0xffffff82]R[0xffffffbe][0xffffffb6][0xffffffc0]uu[0xffffff93][0xfffffff6][0x1a][0xfffffffa][0xffffffa0][0xffffff89] [0xffffffb7]*[0xffffffdc][0xffffffe1]F[0xffffffed]-[0x14][0xffffffaf][0xffffff83][0xffffffaf][0xffffffe4]v:[0xffffff99][0xffffffd5][0xffffff85][0xe][0x6]q[0xffffffd7][0xffffffd5][0xffffff85]_I[0xffffffb8]KV[0x17][0xffffffd8][0x9]([0xffffff8c][0xffffff81][0xffffffc2][0x18][0xffffffa0].[0xffffff9b][\n]"
20:21:12.353 [main] DEBUG org.apache.hc.client5.http.wire - http-outgoing-1 << "r[0xffffffbf][0xffffff85] w[0xffffffbf][0x17]gF[0xffffffaf][0xffffffdf]5[0xffffff9a][0x5][0xffffffec][0xffffffc3]n[0xffffffb3][0xffffffc9][0xfffffff0][0x6][Tw[0x13]/[0xffffff86]E[0xffffffc5]_Tu+[0xffffffc0][0x18][0xffffff88][0xffffffe0]6[0xfffffffb][0xffffffde][0xffffffac][0xffffff93][0x1][0x1f]n[0xffffff89]u[0xffffffb7][0xffffffbc]7SL[0x3][0xffffffb5][0xffffff8c][0xffffffab][0xffffff96]q[0xffffffbf][0xffffffc9]e[0xffffffdc][0xffffffad][0xffffffde][0xffffffdb]f[0xffffffbb][0xffffffd7]-`[0x1a][0xffffff98][0xffffff86][0xffffff81][0x2][\n]"
20:21:12.353 [main] DEBUG org.apache.hc.client5.http.wire - http-outgoing-1 << "[uv[0xffffff87]%[0xffffffdc][0xffffffca][0xffffffb8]\[0x1b][0xffffffa3][0xffffffdb]J[0xffffff98][0x6]\d[0xffffffbb][0xffffff94][0x17][0xffffff97]d[0xffffff83]Q[0x6][0xfffffff2][0xffffffae]![0xffffffad]M[0xffffffb5]|JB[0xffffffda][0xffffffc4]0[0xffffffac]V[0x11][0xffffffd4]*[0xffffff82]ZE[0xfffffff8][0xffffff86]V[0x11][0xffffffb6][0xffffff89]l[[0xffffffef][0xffffffe8]-[0xffffffbc][[0xffffffcf]g[0xffffff81][0xffffffc1][0xffffffc1]`v[[[0xffffffd7][0x10]6B[0xffffffb9]Rk[0xffffffbc][0xffffff9c].S[0x1]9[0xffffffa6]Le[0x5][0xffffff90][0xffffffe5][0xffffffb0][0xffffff80][0x3]: [0xffffff94][0xfffffff2]p[0xffffff80][0x3][0xffffffd1]`[0xc]8[0xffffffa0][0xffffffcf]1[0xffffffe0][0xffffff80][0xffffff86][0x10][0xffffff86][0xffffffc9]a[0xffffffbf][0xffffffab];[0x13]|[0xffffffe5][0xffffff98]8[0xffffffed][0xffffffde][0xffffffee][0xffffff84][0xffffff83][0xffffff9a]4M[0xffffff95][0xffffff99][0xfffffff4]7[0xffffffd8][0xffffffd6]U[0xffffffdd][0xfffffff9][0x7]Rw[0x1e][0xffffffce]5T[0xffffffc8]e[0xffffffd6]Pf[0xffffffdc]B[0xffffffb5]W[0xffffffe6]wd~[0xffffffc8][0xffffff94][0xffffffcf][0xffffffae][0xffffffc8][0xffffffad][0xffffffbe][0xffffffdd][0xffffff84][0xffffffae][0xffffffed][0xffffffe4]?[0xffffffcf]xRQQZ:C[0xffffff81][0xffffffee][0xffffffd8][0xffffffc7][0x7f]~.[0xfffffffd][0xffffffe7][0xffffffbc][0xffffffbd][0xfffffffb]s[0xffffffd1][0x9]"[0xffffff85][0xfffffff4][0xffffffc8][0xfffffff2]r[0xffffffc6][0xffffffc2]y[0x1c][0x1b]dui[0xffffffec]gFM[0xffffffe1]G[0xffffff8c][0x7][0xffffff98]n[0xffffffc1][0xffffff9c]q[0xffffff9d][0xffffff99],[0xffffffc9][0xffffffdd]FV[0xffffffc6][0xffffffd2]qL[0xfffffff9][0x1b]E[0xffffffbd][0xffffffe5]k[0xffffffb8]c[0xfffffffd][0xffffffd5][0x14][0xffffffa5][0xffffff83]}>[0x18][0xffffffb2][0xffffff9e]0[0xfffffff3][0xffffffb6][0xffffffc2][0xffffffa4][0xffffff97])%[0xffffff9c][0x18][0xffffffbf][0xffffffb9][0xfffffff7][0x17][0xffffffab][0x1d][0xffffff81][0xf]{[0x7][0xffffff8a]:k[0xffffffb0]&[0xffffffbb]W[0xffffff84]>[0xffffffa1][0xffffffe0]Ox[0xffffff98][0xffffffc9][0xffffffe4][0x17]Wr&[0x6][0x7][0xffffffec][0xffffffb1][0xffffffd2][0xffffffdc]**}[0xffffff93][0xffffffa7][0xffffffd0]Z[0xffffffa1]z3[0xffffffe6][0x11][0xffffff9c][0xffffffb2][0xffffffb0][0xfffffff5]I[0xffffffc7]:[0xffffffce][0xffffff9e]w)[0xffffff83]"[0x10][0xffffffd0][0x3][0xffffffc6]79[0xfffffff1]?[0x1]i[0xffffff90][0xffffff80]Mj[0xffffffda])ZA][0xfffffffb]g[0xffffffcf][0x2]{[0xffffffd6]ii[0xffffff8f]O[0xc][0xffffff94][0x19]^[0xffffffb9][0x1e]|[0xffffffce][0xffffff98][0xffffffb6]i[0xffffff8f] [0xffffffb7]#[0xffffff92][0xffffffa1]V[0x1a][0xb][0xffffffad]+[0xffffff98]c[0x9][0xffffff8a] [0xffffffaa]t[0xffffff8b][0xffffff83][0xffffffc3][0xfffffff7][0x8][0xffffffa6][0xb]U[0xffffffd3]F[0xffffffdf][0xffffffa4][0xffffffab][0x19]F[0xffffffcc]s[0xffffffd0][0x15]LX`YI[0xffffffed]9[0xffffff98]-[0xffffffac][0xffffffa6]4y[0xc][0xffffffdd][0xffffffc5]$[0xffffffb0][0xffffffb8][0xffffffaf]s[0x5][0xb][0xffffffaa][0xfffffff6][0x6][0xfffffffe][0x7f][0x14]8[0xffffff86]9[0xffffff96]7[0xffffffb9][\n]"
20:21:12.353 [main] DEBUG org.apache.hc.client5.http.wire - http-outgoing-1 << "5B[0xffffffa7]h[0xffffffee]D[0xffffffbb][0xfffffff1]W(m[0xffffff8c]r[0xffffffca][0xffffff80][0xc][0xffffffc0]P[0xffffffcb][0xffffffc9]/[0xffffff99]k[0xffffff9d]3"Kb[0xc][0xffffffd2][0xffffffe7][0xffffffed]K[\r][0xfffffff6][0xffffffc7]`[0xffffffc2][0xffffff9c][0xffffffbc]8[0xffffffe0][0xffffff8c][0xffffffc1][0x9]fd[0xffffffa0][0xffffffd5][0xfffffffe][0x14][0xffffff9b][0xffffffe7]Q[0xc]<[0xffffff84][0xffffffa5][0x14][0x1e][0xffffffdb][0xffffffe0]O[0xffffffcc])[0xffffffc9][0xfffffffb]@[0xe]aTp[0xffffff87]_[0xffffffd6][0x9][0xffffffa8][0xfffffffe]9L[0xffffffba][0xffffffe4] [0xffffffd7][0xffffff9c] [0xfffffff0][0xffffff83][0xffffffb4][0x1b]X[0x1c][0x10][0xffffffd6][0xffffffdc][0xffffffe5][0xffffffd2][0xffffffc3][0x15]b[0x12][0xffffffc0][0xf][0xffffff97];wV[0xffffffb0][0x1d][0xffffffc3]@5[0xffffffaf][0xffffffb1][0xffffffcd]jA^K[0xffffffd8]3y[0xffffffcb][0xffffffc2]#[0xffffff8b][0xffffffab]f[0xffffffe3][0xffffffd8]S6X[0xffffff98]b[0xffffffac]"xJU[0xffffffb8]I[0xffffffd3][0xfffffff1]X[0xffffff99]p*[0xffffffc3][0xffffff8d][0xffffffda][0xfffffff2][0xffffffc0][0xffffffa9][0xffffffb0]m[0xffffffa5][0xffffffdf][0xffffff9b][0xffffffdb]7[0xffffffd9](idA[0xffffff87][0xc][0xffffffc0][0xffffffea][0xffffffcb]E[0xffffffc9][0xffffff81]([0xfffffff0][0x1a][0xffffffe3][0xffffffff][0xffffffcf][0xffffffa3][0xffffff8f][0xffffffe6][0xfffffff1][0xffffffff][0xffffffcb][0xffffffff][0x7f]1[0xffffff8f]k[0xffffffa8][0x12][0x1e]XS*w[0xffffffce][0xffffffcc][0xffffffef][0x1a][0xffffffab]a/'$o[0xffffff8f].[0xffffff8c][0xffffffa8]1[0xffffffcf][0x1c][0xffffffdc][0xffffffec]>[0x8][0xffffffc7]6[0xffffff8c][0xfffffffb]CQ[0xffffffa9]=[0x6][0xf][0xffffffd0][0xffffff89][0xffffffa0][0xffffff9b]0[0xffffff9b]&[0xffffffe7]![0xffffffef][0xffffffa3][0xffffffe1][0xffffffbf][0xffffffbc][0xfffffff8][0xffffffc7][0xfffffff9][0xffffff8b][0xffffffb7][0xffffffa7][0xffffffcf]~[0xffffffbc]8;[0x7f][0xfffffffd][0xfffffff6][0xffffffd9][0xf]/[0x1a][0xffffffe2]Vn[0xffffffc0]Bn5[0xfffffffe]5{o[0xfffffffd]+[0xffffffaa]c[0xffffffe3]d[0x1b][0xffffffc3]:,[0xffffffc7][0xffffffac][0xffffff92]7L[0xffffffd7]l[0xffffffa4][0x4]a[0xffffff83]n4xVe9x[0xffffff9a][0xffffffbe][0xfffffff9][0x11][0xffffff8e]][0xffffffd3][0xffffffe2]@[0xffffff9a][0xffffffa1][0xffffffff][0xffffff9b]&[0xffffffcd][0xfffffff1]d[0xffffffa9]Oy[0xffffffdc]5[0xffffffed][0xffffffe2][0x14]"
20:21:12.353 [main] DEBUG org.apache.hc.client5.http.wire - http-outgoing-1 << "[\r][\n]"
20:21:12.353 [main] DEBUG org.apache.hc.client5.http.wire - http-outgoing-1 << "E6[\r][\n]"
20:21:12.353 [main] DEBUG org.apache.hc.client5.http.wire - http-outgoing-1 << "W[0xffffffe7]b[0xffffffa0][0x1d]sg[0xffffffb8]([0xffffffc4][0xffffffad][0xffffffdd]r[0xffffffd8][0xffffff84][0xffffffdf][0x1a]}[0xffffffc2]Y0[0x14][0x3][0xffffffae][0x8]N[0xffffff81]q[0xffffff8b]P[0xffffffd2][0x1d]2`[0xffffff85]xN[0xffffffa0][0xffffff94]y[0xffffffde]wO[0xffffffd3][0x16][0xffffffa5][0xffffffdd]Q[0xffffffe9][[0xffffffe2]y[0xffffffc4]=~[0xfffffff0]R[0xffffffdf]-[0xffffffe9][0x4][0xffffffdd][0xffffffe8][0xffffffba]5([0xffffff9f][0xffffff8b]\[0xffffffb7]=[0xfffffffc]7W[0xffffffea][0x1b][0xffffffcb][0x4][0xffffffd2]uKI_[0x5][0xffffff95][0xffffffbe]M[0xffffffac][0xffffffd8][0xffffffc6][0xffffff95][0xffffffbe][0xffffffb1][\r]w[0xffffffdd]v[0xe]b[0xffffffba]m[0xffffffa2]N[0xffffffb9][0xffffffd9]d[0x10][0xffffffd7][0x3][0xffffff99]ne[0xffffff8b][0xffffff95][0xffffff98]ns[0xffffff8d]Wb[0xffffffba][0xffffff8d][0x17])[0xffffffc4][0xffffffd0]([0xffffffd3][0xffffffad]2[0xffffffdd]*+[0xffffffd9][0x17][0xffffffb7][0xffffff92][0xffffffa5]W[\n]"
20:21:12.353 [main] DEBUG org.apache.hc.client5.http.wire - http-outgoing-1 << "[0xffffffd3][0xffffffa6][0xffffffdb][0x13][0xfffffff3][0xffffffe4][0xffffffd3][0xfffffff4][0xffffffe6][0xffffffe4][0xffffffd3]O[0xffffff94][0xffffffdf][0xffffffb9]f[0xffffffba][0xffffffe5]N[0xffffffdc][0x0][0x18][0xffffff8f][0xb]z:[0xffffffbb][0x11][0xffffff8a]p[0xffffffc3][0xffffffdc]+[0x1e][0x5][0xffffffc9][0xffffff9a][0xffffffa2]^[0xffffffc7][0x17][[0xffffffda][0xfffffff8]6[0xffffffa6][[0xffffffa3]f[0xffffffb4][0xffffffe8][0xffffffbd]X[0xffffffbb][0xffffff8f][0xffffff84][0xffffff84][0xffffff8d][0xffffffa6][[0xffffffbe][0x15][0x12][0x16][0xffffffba][0xffffff83]fE[0xffffffd5][0xffffffbe][0xffffff9b]z[0xffffffa7][0xffffffdb]k[0xffffffb5]d[0xffffffb5]o[0xfffffff9]q[0xffffff87]e[0xffffffd6][0xffffffeb][0xffffffd3][0xf]6[0xffffff9c][0xffffffcb][\r][\n]"
20:21:12.354 [main] DEBUG org.apache.hc.client5.http.wire - http-outgoing-1 << "4000[\r][\n]"
20:21:12.354 [main] DEBUG org.apache.hc.client5.http.wire - http-outgoing-1 << "?[0xffffff91]_w[0xffffffe3]2[0xffffffab]*[0xfffffffd]-[0xfffffff0][0xffffffa1][0xffffffea][0xffffff85][0xffffff96]z[0xffffffa1][0xfffffff5]M[0xffffffbe][0xffffffd0][0xffffffda][0xffffffc1][0xffffff97][0xffffffd0]C@H[0x11]g~[0xffffffb9][0xffffffb5][0xffffffa7][0xffffff9b][0xfffffff4]V[0xffffffbc] u [0x16][0xffffffb6][0xffffffb6][0x10][0xffffffb6][0xffffff82][0xffffff84][0xffffffad][0xfffffff4]6[0xfffffffd][0xffffff8a]h[0xffffffb2][0xffffffa4][0xffffffe0][0x5][0xffffffa6][0xffffffdb]5[0xffffffd5]:d[0xffffffaa][0x16][0x13][0xffffffdc][0xffffffb6]dus[0xffffffc1]mgX[0xffffffdd][0x1b][0xffffff92][0x7][0xffffff84][0xffffffe0][0xffffffbe][0xffffffa3]g[0xffffffce][0xffffffce][0xffffff82][0xffffffab]\[0x9][0xffffffca][0xffffff95][0xffffffa0][0x12][0xffffffb6][0xffffffbe][0xffffff85][0xffffff84][0xffffffad];[0xffffff98]n[0xffffffcd]~[0xffffffa7][0xffffffb8]:mJC[,[0xffffff80],[0xffffffd7]Y[0xffffffbe]M5/[0xffffffb5]v[0xffffffd1][0xffffffd9][0xffffff83][0xffffff9b][0x12][0xffffffb8][0xffffffd6][0xffffffc6]i[0xffffffb1][0xffffffe2][0xffffffe3][0xffffffee][0xffffffc1][0xffffffed][0xffffffbb][0xffffffd2][0xffffffb4]X[0xfffffff1][0xffffff98]P[0xffffffa6][[0x15][0xffffffdc][0xffffffaa][0xffffffe0][0xfffffff6][0xffffffa1][0x6][0xffffffb7][0xffffff9d]v[0xffffffa7]i[0x14][0xffffffd8][0x11]:[0xfffffffd][0xffffffb6][0xffffffde][0xffffffee][0x14][0xffffffe7][0x12][0xffffffec]+[0xffffffbb]U[0x15][0xfffffff8]*[0xf]o[0xffffffab]1[0xffffffdd]r[0xffffff8d][0xffffff8d]sc[0xffffffc5][0xffffffc7]=$[0xffffffb7]476/[0xffffffb9]*[0xffffffbc]U[0xffffffe1][0xffffffad][\n]"
20:21:12.354 [main] DEBUG org.apache.hc.client5.http.wire - http-outgoing-1 << "o[0x1f]zxk[0xffffffb4]t[0xffffffb0][0xf][0xffffffb6][0xffffffad]$[0xffffffb4]6[0xffffff99][0x10][0xffffffd2]r[0xffffffcc]j[0xffffffd7][0xffffffdc]{[0xffffff84][Y[0xffffff8d]p[0xffffffb1]|[0x10]ce[0xffffffb8][0xffffffdc][0xffffffee][0xffffff82][0xffffff95][0xffffff91][0xffffffab][0x9][0xffffffa5]X[0x19][0xffffff9d]J[0xffffff84]([0xffffffe3][0xffffff97][0xffffff8a]oU|[0xfffffffb]@[0xffffffe3][[0xffffffa3][0xffffffd7][0xffffffed][0xffffffb7][0xfffffffb][0x5][0xffffff86][0xffffff84]N[0xffffffab][0xffffffd3]![0xfffffff2]w[0xfffffff9][0xffffffea]mkS-[0xffffffb0][0xffffffb4][0xffffffe6]VU[0xb]lcx[0xffffff9b][0x11][0xffffffad][0xffffff83][0xffffffaf][0xffffffdd]&6[[0xffffffa6][0xffffffb6];[0xffffffd9]l[0xffffff85][0xffffffda][0xffffff96][0xffffffdb]l[0xfffffff5][0xffffff9a]2~)[0xffffffa9]UR[0xfffffffb]MJ[0xffffffed]6OB[0xffffffab][0xffffffa5][0xfffffff7]Z[0xffffffb0]/[0xffffffe5]_[0xffffff92][0x19]z[0xffffffbb]g[0xffffffe0][0xfffffff7][tv[0x13][0xffffff9a]6[0xffffffa5][0xffffffb3][0xffffffed][\n]"
20:21:12.354 [main] DEBUG org.apache.hc.client5.http.wire - http-outgoing-1 << "[0xffffffd9]][0xffffffc5][0xffffffab][0xffffffb7][0xffffffd5][0x18][0xffffffbf][0xffffff98][0xffffffaa]&[0xffffffc6]/[0xfffffff1]q[0xfffffff7][0x15][0xffffff84]r[0xffffffe3][0x17][0x13]YU[0xffffffd9]VU[0xffffffb6]U [0xffffff83][0xffffff87]W[0xffffffd9][0xffffffb6][0xffffffad][0xfffffff7][0xffffffcd]^[0xffffff91][0xffffffc8][0xfffffff6]{[0xffffff9d][0xffffffee][0xffffff86][0xffffffca][0xffffffb6]k[\n]"
20:21:12.354 [main] DEBUG org.apache.hc.client5.http.wire - http-outgoing-1 << "Z[0xfffffffe][0xffffff8e][0xffffffac][0xffffffdd][0xffffffbc][0xffffffef][0x15][0xffffff84][0xffffffaa]*[0xffffffdb][0xffffff8a][0xfffffff4][0xffffffb5][0xffffff83][0x1a][0xffffffbf](7!m[0xfffffffc][0xffffffd2]c[0xffffffe3][0x17][\r]3|_[0xfffffff6][0x4][0xb][0xffffffe7][0x1d][0xffffffab][0xffffffed][0xffffffd8]=g[0xffffffb3][0xffffffef][0xffffff8b]2[0xffffffe0][0xffffffe9][0xffffff9f][0xffffffb2]y[0xfffffff9][0x1f]S[0xffffffe5][0xffffffa3]~[0xffffff99][0xffffffb9][0x1e][0xffffffd5][0xfffffffd]"[0xffffffab][0x0]*[0x1b][0xfffffffa][0xffffffc1]%[0xffffffb9][0x17]`q[0xffffffb0][0xffffff90][0xffffffd5][0xffffffbe][0xffffff84][0xf][0xffffffc3]bv[0x6][0xffffffb8]y[0xffffff98]c[0xffffff87][0xffffffa5][0xffffffee]#][0x1f]N[0xffffff92][0xfffffff9]S[0xffffffe6][0xfffffff0][0xffffffa0]:[0xffffff8c][0x13][0x14][0x12][0x13][0xffffffe5].[0xffffffa9]0[0x19]<[0x6][0xffffffb0]]x[0xffffffcc])1[0xffffff83][0xffffffe5][0x0]N[0x3]j[0x18]G[0xffffffa0][0x12]p[0xffffffbc][\r][0xffffffe6][0x6][0xffffffe1][0xffffffa6][0xe]G{[0xffffffcf][0xffffffab][0xffffffc2][0xffffffa2][0xffffff88][0xffffff9b][0x15][0xffffffb8][0xffffff9f][0xffffff98]g[0xffffffe2][0xfffffff7][0xffffffc7][0xffffffb3](ZR[0xffffff89][0xffffffc2][0x9]*6N[0xfffffffc][0xffffff8f][0xffffffb5][0xffffffd0]_[0x5][0xffffffb6]S[0xffffff83]5+[0xffffffac][0xffffffcf][0xffffff85]9[0xffffffc6][0xf][0xffffffa6][\r]a[0xe]J[0xffffffe7][0xffffffdc]4[0xffffff90][0xfffffffe][0x1f][0xffffffb7][0xffffffc4][0xffffff8a]+>[0x11][0xffffffdd]S>[0xffffffaf][0xfffffff4][0xffffffd0]9[0xffffff8b][0xffffffda][0xffffffbb][0xffffffb3][0x6][0xffffff8d]h[0x3][0xffffff85][0xffffffc9][0xffffffe8][0xffffffdf]1/O[0xfffffff9][0xffffffdc]ZZ#[0xffffffd7]C[0xffffffa2]*l[0x1b][0xffffffe2][0x2][0xffffffbc]^[0xffffffd2]u[0x9][0xffffff9f][0x1c][0xffffffc0][0xffffffe7][0xffffffa5]i[0xffffffaf]Pb[0xffffffcd]G)M[0x1b][0xffffffe6][0xffffffa1]0[0xffffffe3]][0xffffffb2][0xfffffffd][0xffffff95]7[0xffffffce][0xffffff9a]p[0xffffffc8]g[0xffffff91]q[0x4][0xffffffb1][0x12]m[0xffffffd2][0xffffffe5][0xffffffc3][0xffffffad]-[0xffffffe5]V[0x1f]M{[0xffffff9d]2[0xffffffed][0xffffffa4]-$[0xffffffc2][0xffffffc0][0xffffffc3][0xb][0xffffffbe][0xffffffad][0xffffff96][0xfffffffc][0xffffffc0][0xffffffe8][0xffffff92]0[0x2]f[0xffffff8c]A[0xffffffac][0xffffffe2](?\[0xffffffe2]k[0xffffff82][0x7][0xffffff88][0xffffffdb][0xffffffa4]X%[0xffffffe6][0xffffffb4]i,c[0xffffffff]a[0xfffffff5][0xffffffd9][\n]"
20:21:12.354 [main] DEBUG org.apache.hc.client5.http.wire - http-outgoing-1 << "[0xffffffad]?[0xffffffbc][0xffffffc1][0x2][0xffffffff][0xffffff8f]T[0xffffffab][0xffffff9c]#n[0xffffffc7]2[0xffffffac][0xffffffb8][0xffffffce][0x3]Y[0xffffffaf][0x16]-[0xffffffa0]pcx[0xffffffb7]{*='x[0xffffffc1]R[0x1c][0x2][0xffffff85][0xfffffffd]xI\8p[0xffffffe8][0x10][0xffffffeb][0xffffffc5]Y[0xfffffff9][0xffffffe9]A[0x2]Pa[0xffffffb6][0xffffffc6]+[0xffffffcc][0xffffff92][0xffffffed][0xffffff88][0xf] [0xfffffff3]X[0xffffffa2][0xffffff86][0xfffffff7][0xc][0x5][0x9][0x1d][0xffffffed][0xffffffd8][0xffffffb9]:[0xffffffa7]:[0xffffffbb][0xffffffda][0xffffff9b][0xffffffc0][0xffffff8f]|[0xffffffdb][0xfffffff7][0xffffffb4][0xffffffc7][0xffffffcf][0xffffff8f][0xffffffdf]<[0xffffffd1][0xffffffdc][0xfffffff9][0x12]r[0xffffff93][0xffffffb1]cjE[0x5][a[0xffffffbe]a[0xffffffee][0xffffffa2][0xffffffad][0xffffffb5]Z[0xffffff93]R[0xffffffad][0xffffffc9][0xffffff90]0]![0x14]U\[0xffffffa3][0x15]UUq[0xffffffd5]R[0xffffffbf][0x10][0xffffffce][0xffffffaa][0xffffff86][0xffffffb3]X[0xffffffcd][0xffffffeb][0xfffffff1][0xffffffcd][0xfffffff2][0xffffff9c][0xfffffffb][0xffffffad][0xfffffff8][0xffffff90]\Av[0xffffffac]ETO[0xffffff8e][0xfffffff0]$S[0xfffffff2]4S[0xffffffcf]u[0x18]W_[0x1d][0xffffff92]k[0xb]%[0xffffffd2]3v[0xffffffb1][0xffffffbf][0xffffff9e][0xffffff9f][0xffffffbf][0x11][0xffffffd5][0xffffffc5]qRq[0xffffffc9][>[0xffffffa0][0xffffffac]T!F[0xfffffff5][0xffffff9f]+'[0xffffffb8]a[0xffffffd2][0xffffff8c][0xffffff8e][0xffffff87][0xffffffac][0xffffffec].[0xffffff9b][0xffffffbc][0xffffffb1][0xffffffe1]O[0xffffffe3][0xffffffd5][0xffffff9e][0xffffffd2]%[0x3][0xffffffc9][0x1c]5[0xffffffd0]^J9[0xffffffcf]\[0xffffff8a][0xffffff89]c[0xffffff91]W[0xffffff89][0xffffff8f]"[0xffffffaa]N[0xffffffd5]\[0x14][0xfffffffc][0xffffffe4][0xffffffdd][0xffffff92][0xfffffff6][0xffffffac]\[0xfffffff9]T[0xffffffcd][0xffffffba][0xffffffb4][0xffffffb4][0xfffffff7]/[0xffffffb9];.[0x19][0xffffffcf]k[0xfffffff7][0xffffffd2][0xffffffcd][0xffffffe8]4.[0xffffffea][0x7][0xffffffb8]l/[0xffffffc4][0xffffff96]Ob[0xffffffab][0x14][0xffffffd5][0xffffffee]L[0xfffffffc][0xffffff89]x[0xffffffda][0x1f][0xffffffb4][0x1a]al[0xffffffd6][0xffffffd9][0xffffffec][0xffffff8b][0x12][0xffffffc5][0x8][0xffffffd7]\Q[0xffffff88][0xfffffffa][0xffffffa4])[0xffffff8a]^[0xffffffca][0x17][0xffffff99][0xffffffa2]R[0xffffff9e][0xffffffa8][0xffffffb8][0x10][0xffffffe1]a,Q[0xffffffb0]C[0xffffffb5][0xffffffda]:[0xffffffbd][0xfffffff4]>[0xffffff94]%J[0xffffffb4]X[0xffffff8d]%*[0xffffffdb]x[0x5][0xffffff96][0xffffffa8][0x1e]3F0n[0xffffff8b]8[0xffffff96][0xffffffb2]D)K[0xffffff94][0xffffffb2]D}[0xffffffbd][0xffffff96][0xffffffa8]O[0xffffffa7][0xffffffc7]/[0xfffffff4][0xffffffd3][0xfffffff3]g[0xffffff94]}[0xffffff93][0xffffffb3]D[0xfffffff1][0xffffff9b]y[0xffffffc7]:[0xffffff84]|[0xffffffe3][0xffffffbd]-Qz[0xffffffcd]@![0xffffff82][0xffffffe6][0xffffffb9][0xffffffd1][0x19][0xffffffb4][0xffffffba][0xffffffa2][0xffffffc8][0xffffffd6]z[0x1d][0xffffffc2]x+l[0xffffff82]R\[0xffffffcc][0x15]p[0xfffffff8]:[0xffffff84]f[0xffffffb7][0xffffffd7]o[0x1]M"[0x14]L~[0xffffffdc][0xffffffbe][0x0][0xfffffff9][0xffffffaa][0xfffffff9][0xfffffffa][0xfffffff8]R?[0xfffffffd][0xfffffff4][0xffffffa2][0xffffffa4][0xe]![0xffffffc6]G[0xffffffd5]!Tu[0x8][0xb]2vT[0x1d][0xffffffc2][0x14][[0xfffffff6][0xffffffab]+[0xffffff89][0xffffffb5][0x1f]N[0xffffffd5][0xffffffec][0xfffffff6][0xfffffff5]V[0xffffffa7][0x0][0xffffffa7][0xffffffda]l[0xffffffb5]z[0x5][0xffffffa9][0xfffffffa]iak[\n]"
20:21:12.354 [main] DEBUG org.apache.hc.client5.http.wire - http-outgoing-1 << "a[0xffffffcb]/Cf[0xffffffb7]1*[[0xffffff86][0xffffff84]B[0xffffffad]Y[0xffffffa2][\n]"
20:21:12.354 [main] DEBUG org.apache.hc.client5.http.wire - http-outgoing-1 << "T[0xffffffeb][0xffffff80][0xffffffaf][0xffffffd5][0xffffffb9][0xffffffc2]6[0xffffffa5]%J~[0xffffffdc]]pOJ,Q[0xffffffeb]]W9[0xffffffa3]*gT[0xffffffe5][0xffffff8c][0x16]<[0xffffff81][0xffffffbe]:[0xffffffd1][0xffffffbd][0xffffff83]%[0xffffffaa]m[0xffffffb6][0xb]^[0xffffffaa][0x17]i[0xffffffe8][0x16][0xffffff9d][0xffffffad],7[0x7f]7[0xffffff9d]=[0xffffffb4]%J[0xffffff88]+e}[0xffffffd2][0xffffffd7]s[0xfffffff9]q[0xf][0xffffffad]%[0xfffffff0][0xffffffcb][0x6][0xfffffffb]i[0xffffffac][0xffffffb5][0xffffffca][0x12][0xffffffa5][0xfffffff2][0xffffff98]T[0x1e][0xffffffd3]7[0xffffff99][0xffffffc7][0xffffffb4][0xffffff83][0xffffffdf][0xffffffbf][0xffffffd3][0xffffffd6]u[0xffffffbd] e[0xffffffd4][0xffffff84][0xffffffaf][0xffffffbd]C[0xffffffb9][0xffffffa4][0xfffffff9]\[0xffffffa6][0xffffff9c][0xffffffec][0x16][0xffffffe6][0xffffffe9][0xffffffe7][0xffffffb6][0xffffffa9][0xffffffac][0xfffffffc]k[0xffffffa9][0xffffffec]Vb[0xffffff89][0x12][0x1a]+s[0xfffffff4][0xffffffe5][0xffffffc7]=$[0xffffffb7]$G[0x7f]]rUx[0xffffffab][0xffffffc2]"
20:21:12.355 [main] DEBUG org.apache.hc.client5.http.wire - http-outgoing-1 << "[[0x15][0xffffffde]>[0xfffffff0][0xfffffff0][0xffffffb6]c[0xffffffea][0xffffffdb][0xffffffc3][0xffffffdb][0xffffffc2]b[0x1]9[0xffffff9d][0xffffffad],7[0x7f]7[0xffffff9d][0xffffffad]&[0xffffffbc]m[0xffffffc9][0xffffffb7]O\k)[0xffffffed]v[[0xffffffd5][0x0][0xffffffb9]v[0xfffffffb]SI[0xffffffd5][0x0][0xffffffd2]Z[0xffffffe5][0xffffff87][0xfffffff2][0xffffffe7][0xffffffb2][0x2][0x14][0xffffffbe][0x8][0xffffffa8][0xffffffc2][0x1][0xffffffaa]p[0xffffffc0]7T8`{pk[0xfffffff4]u[0xffffffd3][0xffffffe8][0x17][0xffffffad][0xffffffdc][0xffffffa2]t[0x0]a[0xffffff9a][0xffffffb6][0xffffffc4][0xffffffb6][0xffffff85]y[0xfffffffa]Y[0xffffffcd]5[0x19][0xfffffff0][0xffffffaf][\n]"
20:21:12.355 [main] DEBUG org.apache.hc.client5.http.wire - http-outgoing-1 << "[0xf][0xffffffea]&[0xffffffcd][0xffffffad][0xffffffca][0xf]%[0xffffffe4]U[0x16]}[0xffffff95][0x1f][0xfffffff7]P[0xffffffdb][0xffffff92][0xffffffa2][0xffffffaf][0xffffffa4][0xffffffb6][0xffffffca][0xf][0xffffffa5][0xffffffd6][0x11][0xffffffd4]:[0xffffffc2]7[0xffffffb9][0xffffff8e][0xffffffb0][0xffffffd5][0xf]e[0x1a][0xffffffdd]n[0x1]4[0xffffffb0][0xffffffdb]6[0xffffff9b][0x5]u[0xffffffb0][0xffffff8a]$[0xffffffb4]|[0xffffffe5][0xffffffd6][0xffffffbc][0xfffffff7]7d[0xffffff95][0xffffffd8][0xffffffa1][0xffffff84][0xffffffa8]J@[0xffffffab][0xfffffffc][0xffffffb8][0xffffff87][0xffffffc6][0xffffff96][0x0]Z[0xffffff85][0xffffffc6]*;[0xffffff94][0xffffffb2]C);[0xffffffd4]C[0xffffffb4]C[0xffffffb5][0xffffffda]T2;[0xffffffef]9[0xffffffed][0xffffffb4][0xffffffdb][0xffffffbd][0xffffffde]V[0xffffff91]m[0xffffffb2]2[0xffffffd9][0xffffffe5]"[[0xffffff9d][0x1b]jS,[[0xffffff99][0x1b][\n]"
20:21:12.355 [main] DEBUG org.apache.hc.client5.http.wire - http-outgoing-1 << "[0x7][0xffffffc4][0xffffffe9][0x1e][0xffffffd0][\r][0xffffffc5][0x1b]L[0xffffffdc]P[0xfffffff8][0xffffffcc][0xffffffdd]P[0xffffffe2]YFn(][0x1f][0xffffff9b][0xffffffa3][0xffffff8e]e[0xffffff8f][0xffffff9b][0xffffff93][0xffffffaf][0xffffffd9][\r][0xffffffa5][0x9][0xffffffb7][0xffffff8f]3~[0xffffff9a][0xfffffff1][0x7f][0xffffffb0][0xfffffffa]A[0xffffff94][0x12][0xffffffce],Cp[0x10]=GE[0x11][0xffffffd4]2[0xffffffb1]dI[0x19][0x14]7Y[0xffffffb1]Z:[0xffffffa8][0xffffffd2]t[0xffffffbd][0xfffffff0]|T[0xffffff84]q#[0xffffffe4][0xffffffab][0xffffffc3]\[0xffffff84]R?[0x16]vE}[0xffffff8e][0xffffffa4]ur+M[0x3][0xb]n[0xffffffa5]pe[0xffffffe3][0xffffffef][0xffffffa1]&[0xffffff8a][0x11]Ub[0xffffff82][0xfffffffa]j[0xffffffed]O[0xffffffca][0xfffffff8][0xffffffa4][0xffffff8c]O[0xffffffb2][0xffffffde][0x16][0xffffffab][0xffffff9d][0xfffffff3][0xffffffed][0x19][0xffffff9f]P[\r])[[0xffffffdc]h[0xffffffe2]YSmX[0xffffffab][0xffffffe5]* [\r]su[0xffffff81][0xffffff9e][0xffffff92]O[0x6][0xffffff8a][0x1]'b[0xffffffba]H[0x16][0xfffffffb]e[0xffffffe8][0xffffffa3][0xffffffc9][0x5][0xffffffaa][0xfffffff8]xR[0x16]Hr[0xffffffa8][0xffffffb8]S[0xffffff8d][0xffffffd5][0xfffffffa][0xffffff91]V11Zu[0xffffffed][0xffffffcc][0xffffffe1][0xffffffde][0xffffff98][0xfffffff7][0xffffff99][0x12]qwsV[0xffffffbd][0xffffffc4]y[0xffffff84][0xffffffc2][0xffffffa6]HN[0xffffff9e][0xffffffc4][0xffffffbb]sey+'[0xffffffb1][0xffffffee][0xffffff90]wu[0xffffffad]f[0x16]sG2[0x1b]&[0xffffff8a][0xffffff8b]Q[0xffffffc6]'U[0xffffff97][0xffffffb2][0xffffffa6]T[0xfffffff7][0xffffffea][0xffffffca][0xffffffb5][0xffffffa8]H[0xffffffd1][0xffffffcc][0xffffff81][0xffffffa4][0xffffff86]v[0xffffffe0].I'a$[0xffffff82][0xffffff87][0xffffff93][0xffffff99][0xffffffd3][0xffffffb0][0xffffffa1][0xffffffbf][0xffffff8a]Bw[0xffffffec]H[0xffffffbf][0xffffff9b],[0xffffffd4]6[0xffffff86][0xffffffe9][0xffffffd2]FA[0xffffffa9][0x1b][0x1a][0xffffff8e][0x1f][0xffffffdd][0xffffffc5]*[0xfffffff1][0xffffff8c][0xffffffd6][0xffffffb4]W[0xffffff93]x[0xffffffb0]pX[0xffffffd2][0xffffffea][0xffffffd4][0xffffff91]Q[0x4]+3[0xffffffca][0xffffffb8]hp[0xffffffde]x([0xffffff9e]4v[0x2][0xffffffef][0xffffff86][0xffffffcc][0xffffffa4][0xffffffac][0xe][0xffffff97]6[0xffffffc7][0xfffffff8]R[0xffffffbd]*t[0xffffff86][0xffffffea]R[0xffffff8d][0x1c][0xfffffffa][0x13]<[0xffffffa7]>[0xffffff9d]@[0xffffffaa][0xffffffe6][0xffffffde][0xffffffcf]N@u[0xffffffb7]4[0xffffff98][0xffffffae]F[0xfffffff8][0xffffff91]y[0xffffff9d][0xffffffe6][0xffffffee][0xffffff82][0xffffffc6][0x9]fR[0xffffffe7]#[\n]"
20:21:12.355 [main] DEBUG org.apache.hc.client5.http.wire - http-outgoing-1 << "[0xffffffaf][0xffffffa1][0xfffffff8]S\<J[0x14][0xffffffd5]`&(y6[0xffffffb2][\n]"
20:21:12.355 [main] DEBUG org.apache.hc.client5.http.wire - http-outgoing-1 << "[0xffffffda][0xffffffd2][\n]"
20:21:12.355 [main] DEBUG org.apache.hc.client5.http.wire - http-outgoing-1 << "[0xffffffc8]6e[0xfffffffb](yf[0xffffffa3][0xffffffe4]Y[0xffffffa6][0x18][0xffffffd9][g[0xffffff8e][0xffffff92]cc[0xffffffe9][0x13][0xffffffae]ig.[0xffffff95]-[0xffffff93]mtM~,[0xffffffd6][0x17][0xffffffe1][0x4][0xffffffe3][0xffffff9d]![0xfffffff7]+[0xfffffff5][0x1d]W[0xffffffc0][0xffffffe1]>[0xffffffb5][0xffffffff][0xfffffffa][0xffffffcf][0xffffffff][0xffffff8d][0xffffffea]P[0xb][0x7f]q3[0xfffffff7]Q[0x10][0xffffffcd][0xffffff86][0xffffffc7][0x16][0xffffffee]8xj[0xffffffd1]af[0xffffffd8][0xffffffa2][0xffffffcd][0xffffffa9][0xffffffb2][0xffffff96][0x15]E[0xffffff81];Z[0xffffffc1][0xffffffc2]**[0xffffffb5][0xffffffe1][0xffffffba][0xffffffa0]*[0x16][0x1e]_[0xffffff8e][0xffffff83][0xffffff93]z[0xffffffca][0xfffffff6][0xffffff98]Y[0xffffffa8][0xfffffffa]6r[0xffffffb0][0x7f][0xffffffc0][0xffffffbb]x[0xfffffff0][0xffffffda]Q[0xffffffd2]Q[0xffffffd3][0xffffffd8][0xffffffe8][0xffffff91][0x12][0xffffff95][0xffffffa3][0xffffffca],R[0xfffffff4][0xfffffff2][0xffffffa8][0xffffffc0]"[0xffffff85]_[0xffffffcb][0xffffffb2]Q[0xfffffff8][0xffffff91]W[0xffffff8d][0xffffffd2][0xf]b[0xffffff91]2[0xfffffffb]z[0x7])Y[0xfffffff4]&[0xfffffffb]@[0x16])[0xffffffd9]b%[0x16][0xffffffa9]\[0xffffffe3][0x15]X[0xffffffa4][0xffffffba][0xffffffb1]EJ[0x1e][0xffffffab][0xffffffc8]"[0xfffffff5][0x1][0xffffffd1][0xffffffd0][0xffffffcc][0xffffff9a][0xffffffcb]l[0xffffffad]~[0xffffffab][0xffffffd7][0xffffffc9][0xffffff95][\n]"
20:21:12.355 [main] DEBUG org.apache.hc.client5.http.wire - http-outgoing-1 << "[0xfffffff8][0xffffffa9][0xfffffff3][0xfffffff3]?N=[0xfffffffb][0xffffffc3][0xffffffab][0xfffffff6][0xffffffe9][0xfffffff1][0xffffffd4]<}[0xfffffff6][0xffffffdd]w4[0xffffffc4]W[0xffffff88][0xffffffc3][0xffffff82][0xffffff8b]U[0xffffffe0][0xffffffa1]r[0xffffff8d][0xfffffff4]f[0xfffffff3]_[0xffffff86][0xfffffff5])[O[0xffffffa2]U{RS85[0xfffffff9][0xffffffbb][0xffffffd2][0xffffff86][0xffffffc9]Z[0xffffffff][0xffffffcb][0xffffffd5]w[0xffffff94][0xffffff88][0xffffff8b][0xffffffe3][0xfffffff2]6(K[0xffffffec][0xffffff88][0xffffffbe][0x7]d[0xffffffdb]Z[0xffffffba][0xffffffa2][0xffffff9d][0xffffffd4][0xffffff8b][0xffffffd6][0xffffffa4][0xffffffb3][0xffffffe4][0xffffffe2][0xffffffce][0x1d][0xffffff9d][0x1f][0xffffff95]m[0xffffff9d]l[0xffffffb7][0xffffffd7][0xffffffeb]#[0xffffffb1][#[0xffffffde][0x9][0xffffffbd][0xffffffe2]?[0xffffffe3][0xe][0xffffffcd][0xffffff9f]kI[0xffffffff]D[0x3][0xffffffd8][0xffffffe9]s[0xffffff83][0xffffffc5][0xffffff9f][0x17]4[0x16][0x7f][0xffffffd0]I[0xffffffbb]a[0x14][0xffffffee][0xffffffd3][0x12][0xffffffdb][0xffffffe1]s[0xffffff83][0xfffffffe]s[0xffffffe1][0xffffff8e][0xffffffa9][0x9][0xffffff91][0xffffffc5][0xffffffbf]O#[0xffffff87]K[0xfffffffc][0xffffff97]#[0x14][0xffffffae]F[0xfffffffc][0x9]B[0x1e]pt[\n]"
20:21:12.355 [main] DEBUG org.apache.hc.client5.http.wire - http-outgoing-1 << "[0xffffffce]{k![0xffffffbc][0xfffffffa]{[0xffffff9d][0x1f]v[0xffffffa4][0xfffffffd]I[0xffffffe8][0xfffffff7][0xffffffda][0xffffff8f][0xffffffed][0xffffff80][0x1d]yF[0xffffffe9]>[0xffffff83]q[0xffffff98][0x1c]T9[0x10]xr8([0xffffffc3]9[0xffffffbe][0xffffffe0][0xffffffcd][0xffffffa2]G[0xffffffd1][0xffffffcd][0xffffffd2][0xffffffc1][0xffffff84]~[0xffffff87]+NW[0xb][0xffffffa6][0xffffffd9][0xb]k[0xffffff8c]'[0xffffffd4][0xffffffd1]`[0xffffff82][0x0][0xffffffc3][0xfffffff9]#[0xffffffbb][0xffffffae][0xffffff96][0xffffffae][0x1a][0xfffffff5][0xffffffaa]}r[0xfffffffc][0xffffffeb][\r],R[0xffffff94][0x0][0xffffff99][0xffffffb3]H[0xfffffff1][0xffffff9b]yG[0xffffff8b][0x14][0xffffffdf][0xfffffff8][0x16][0x16])[0xffffffbd][3[0xfffffffb][0xffffffe7]zo[0xffffffd0][0xffffffec][\r][0xfffffff8]K[0xffffffa4]"[0xffffff8b]T[0xffffffbc]U[[0x1f][0x18][0xffffff9d][0xffffff8a],R[0xffffffcd]&[0xffffffb0][0xffffffd8]I[0xffffffc6][0xffffffbe][0xfffffff8][0xffffffb8][0xffffffc3][0xffffffa2][0xffffffe4][0xffffffa7][0xffffff93]O[0xffffffef]P~[0xffffffab],c[0x1f][0xffffffe3]s[0xb][0xffffff8b][0xffffff94]RJ[0xffffff92]V[0xfffffffe].V)e[0xfffffffa][0xffffffb1]W[0xfffffff6](PJ[0xffffffc9][0x3][0xc][0x4][0xffffff93][0xfffffffb]+[0xffffffa5][0x8][0x1f].[0xffffff84][0xffffffa6][0xffffffa6]-R[0xffffffd3]-[0xffffffaf][0x7f][0xffffffcc]N[0xffffffbb]o6Q[0x1c]*[0xffffffbf]4[0xffffffd9][0xffffffee]u;[0x5][0xffffffd4]Q[0xffffffbd][0x16][0xffffffcb]Z[0xffffffab]?h[0xffffffb1]7[0xffffffe8][0xffffffeb]+[0xffffff93][0xffffff99]m*K[0xffffffdc][0xffffff87]>[0xffffffad][0x19][0xffffffa4][\n]"
20:21:12.355 [main] DEBUG org.apache.hc.client5.http.wire - http-outgoing-1 << "4[0xffffffeb][0xffffff90][0x6])[0xffffffae][0xffffffaf][0xffffffb1]#U|[0xffffffdc]CnK[0x1c][0xffffffa9][0xffffffeb]][0xffffffdf]5[0xffffff83]TI[0xffffffae][0xffffff92]\[0xffffffce][0x19][0xffffffda]'[0xffffffc2]S[0xffffff92]{8[0xffffffc9][0xffffffbd][0xffffff83]A[\n]"
20:21:12.355 [main] DEBUG org.apache.hc.client5.http.wire - http-outgoing-1 << ">[0xffffffd4][0xffffffc2]7@[0x19][\r]-[0xffffffac][0x19]U[0xffffffa4][0xffffffc5]Ud3[0xffffffed][0xffffffa6][0xffffffb3][0x7][0xffffffcf] [0xffffffe5][0xffffffe2]JA>3H[0xffffff89][0xffffff8f]{h-U[0xffffff95][0xffffffdd]`[0xffffff90][0xffffff8a][0xffffffb5]v/[0xffffff83][0xffffff94][0xffffffd2]Y[0xffffffa5][0xffffffb3]Jg3[0xfffffff1][0xffffffe9]>[0xf][0xffffff9c][0xfffffffb][0xe]m[0xffffffdb]z[0xffffffd3]0a[0xfffffff2][0xffffffcf][0xffffff87][0xffffffb6][0xffffff80][[0xffffffe9][0x0][0xffffff8b][0x14][0xffffffa5][0xffffff90][0xffffffa6]E[0xffffffb7][0xffffffb9]!m[0x7f]][0xffffff98][0xffffffef]]t[0xffffffab][0xffffffb1]Gq[0xffffff85][0xffffff8d]S[0xfffffff6][0xffffffc5][0xffffffc7]=[0x4][0xffffffb7]$e[0x7f]]pUp[0xffffffcb][0xffffff96][0xffffff93][0xffffffd5][0xffffffca][0xffffffab]5o[0xffffffa8][0xffffff95]W W[0xffffffe4]b[0xffffffd1][0xffffff97]_y[0xffffffcd][0xffffffad]'[0xffffffdc]![0xffffffb8][0xffffff85][0xfffffffe][0xffffff9a][0x5][0xffffff95][0xffffffa7][0xffffffb3][0xffffff91][0xffffffeb].B[0xffffffcb][0xffffffb7][0xfffffff9]rB[Mtk[0xffffffc6]^T&[0xffffffb6]"
20:21:12.356 [main] DEBUG org.apache.hc.client5.http.wire - http-outgoing-1 << "[0xfffffff4][0xffffffb0][0xffffffda][0xffffffea][0xffffff8f][0x12][0xb][0xffffffb7][0xffffffaf]J[0xffffffbc][0xffffffa8]$[0xffffffb6][0xfffffffb][0xfffffffa][0xffffffa3]Tl[0xffffffab]b[[0x15][0xffffffdb]~+[0xffffffb1]-[0xffffffaa]E[0xfffffff5][0xffffffda][0xffffff94][0xffffff9e][0xffffff9f][0xffffff8f]m[0x1][0xffffffde][0xffffffef][0xffffffb4][0xb][0xffffff9d][0xffffffff][0xffffff99][0xffffffd0]v[0xffffff83][0xfffffff3][0x7f]=[0xfffffffc][0xffffffbd]O[0xffffffc5][0xffffffad][0xffffffcc][0x1d][0xffffffc5][0xffffffc5]U[0xffffff96]B[0xffffffe5]+[0x9][0xfffffff4]X[0xffffffda]YkKJ[0xffffffa1][0xffffff92][0xffffffd6][0xffffffee][0xffffffe5][0xffffff8e]RB[0xffffffab][0xffffff84]V[0x9][0xffffffed][0xffffffd7]"[0xffffffb4][^[0xffffff8f][0xffffffa1][0xffffffe0]i[0xffffffa7][0xffffffab]#[0xffffffd3]'[0xffffffaf][0xffffffb3]F[0xffffffd3]0[0xffffff9a][0xffffffdb][0xffffff97][0x10]6d[0xffffffee][0xffffffaf]k[0xfffffff1]}[0xffffffea]l5[0xfffffff6](.[0xffffffb2][0xffffffb1]=J|[0xffffffdc]CdK[0xffffffec]QBdw[0xffffffb7]G)[0xffffff91]U"[0xffffffab]D[0xfffffff6][[0x11][0xffffffd9][0xffffffb6][0xffffffd1][0x2][0xffffffe7][0xffffffb9]@d[0xffffff8d]V[0xffffffb7][0xffffffdb][0xffffffa5]*[0x2]H[0xffffffb1]E~[0xfffffff3][0xffffff85][0x15]![0xffffff9f][0xffffffc4][0xffffffd4][0xffffffcd][0xffffffec][0xfffffffa][0xffffff81][0xffffffc9][0xfffffff8][0xffffffd3][0xffffffe5]Y[0x8][0xffffffdc]Cu[0xffffffcf]*+[0xfffffff4][0xffffffea][0xffffff8f][0xffffffdf])O-[0x18]![0xffffff9b][0xffffffbe]|[0xffffffb9][0xffffff9c]e[0xffffffeb]5[0xffffff84][0xffffffe5]"S[0xffffff9a]G[0xffffffec][0xffffffde][0xffffffb8][0xffffffd2][0xffffffeb]&[0xffffffc4][0x10][0xffffffa7]{@[0x7f][0x14]oP[0xfffffff8][0xffffffa3]([0xffffff93][0xffffff9b][0x1f]Dz[0xffffffa4][0xffffffe8]a[0xffffffd5][0xffffff85]G[0xffffffaa];[0xffffffea][0xffffffd9][0xffffffad]I[0xffffffd3][0xffffffb4][0xffffffc7][0xffffffe3][0x1d]+F[0xffffff9d]9[0xfffffff6]*p[0xffffffa3][0x1b][0xffffff96]~[0x1f]&9[0xffffffe2][0xffffffcf][0x7f]~QcW[0xffffffd1]hw:[0xffffffba][0xfffffffc][0xffffffbd][0xffffffa6][0xffffffd5]4V[0xffffffb5]ECY[0x14][0x14][0xffffffd1][0xfffffff1][0x17]H[0xffffff80][0xffffffb7]g[0xffffff8e]}[0xffffffc9]j"Q[0xffffff85][0xffffff92][0xffffffe1]s[0xffffff9e]([;G[0xfffffff6] [0x1c][0xb][0xffffff8e][0xffffff85][0xfffffff4]x[0xffffff96][0xffffffdb]>|[0xfffffff3][0xfffffffa][0xffffffec]|[0xffffff88]\od[0xffffff8a]#[0x15][0xffffff94][0xffffffcc][0xb]c7[0xffffffe4][0xfffffffe][0xffffff85]a[0xffffff96][0x19]|}}][0xffffffc3].[0xfffffff3][0x1a]2i[0xffffff9d][0xffffff85][0xffffffed][0xffffffe3][0xffffff88]C[0xffffff9c][0xffffffde]|[0xffffffe5]E.r[0xffffffdd]#[0xffffffa4][0xffffffa5][0xffffffe2][0xffffff8f]c$[0xffffffee][0xe]Y&[0xfffffff9]0Y[0xffffffff][0x1a][0xffffffa6][0xffffffec]O[0xffffffb2][0xffffffb3][0xffffffac][0xffffff87][0xffffffac][0xfffffffc][0xffffffd3][0xffffff84][0xfffffff7][0xfffffff1]u[0xffffffe0][0xffffffa2][0xfffffffa]SY[0xffffffef]2[0xffffffad][0xffffff90]A[0xffffffe3]*[0xffffff93][0xffffffad][0xffffff9f]N[0xffffffc2][0x17]y[0xfffffffe][0xffffffec] [0x18][0x19]V[0xffffffc3][0x7]'h[0xffffff8d]<7[0xffffff9c][0xffffffb1][0xfffffffc]y[0x14];[0x9])[0xffffffbd]>[0xffffff93][0xffffff96][0xffffffff]w[0xffffff98][0x3][0x16][0xffffffb2][0xffffffe4]Tj[0xffffffe4]/x[0xffffffcd](C[0xffffffaf][0x1b]m[0xffffffd4][0xffffff89][0x11]&[0xffffffb1]'[0xffffff83][0xffffff8b][0xffffffe4]"[0x1c][0xfffffff3][0xffffffc2]<4[0xffffffdc]4[0xffffff9a][0xffffffb0]4P[0x11][0x19]m[0xffffff82]b3[0xffffffda][0xffffffb3]%j[0xffffffca]p7[0x4][0xffffff86]V[0xffffff9a][0xffffffc4]Bm[0xffffffbe]B[0xffffffa1][0x1e][0xffffffd8][0x19][0xffffffee][0xffffffec]NS[0xffffffe6][0xffffffb4][0xffffffdd]ks)s[0xffffffda][0x7f]Ks[0x1a][0xffffffd9][0xffffff99]r[0xffffffc5][0xffffffad][0xffffffce]}[0xffffff88]@[0xffffffa4]9[0xffffff8b]+7[0xfffffff0][0x17][0xffffffec]ve%[0xffffff95]Po[0xffffff8e][0xffffff9b]m[0xffffffe8]f[0xfffffff6][0xffffffac][0xffffffd5][0x2]22[0xffffff8e][0xffffffbd]9$[0xffffff9b][0xffffffc2][0xffffffa9][0xfffffff5][0xffffff94][0xffffffcc][0xffffffa0]Bj[0xfffffff0][0x8][\n]"
20:21:12.356 [main] DEBUG org.apache.hc.client5.http.wire - http-outgoing-1 << "][0xffffffec][0xffffffc9][0xfffffffc]_c[0xffffff88][0xfffffff1]B[0x1b][0xffffffa2][0xffffffe5][0xffffffa1][0xffffffe6][0xffffff8f][0xffffffa8][0x12][0x11]I[0xfffffff1][0xffffff90][0xffffffca]de[0xb][0xffffff9c][\r][0xffffffb5][0xffffffc7][0xffffffb8][0xfffffff9]Q [0xffffff89][0xffffffd5][0xffffffba]cME[0xffffffd2]][0xffffff84]c[0xffffffd2][0xffffffb1][0xffffffa4]'[0xffffffe8][0xffffffd8][0x9]/#[0x7f][0xfffffff9]$[0xffffffe5][0x19]Z-[0xffffffc9][0xffffffc0][0xffffffc4][0xffffffb6]Z[0x6][0xffffffee]"[0xffffffaa]E~[0xffffffed][0xffffffcd][0xfffffff1][0xffffffcb]D[0xffffff94]H$QY[\n]"
20:21:12.356 [main] DEBUG org.apache.hc.client5.http.wire - http-outgoing-1 << "[0xfffffffe]Uh[0xffffffdf]bl[0x5][0x10]w4[0x1b][0xffffff97][0xffffff93][0xffffffd2][0xffffffde][0xffffffbf][0xffffffa1][0xfffffffd]~[0xffffffc7][0x18][0xffffff8c][0xffffff97]>~"m[0xffffffba][0xffffff82]E[0xb][0x16]![0xffffffed][0xffffffda][0xffffffba][0xffffffa1][0xffffff93][0xffffff81][0xffffff97][0xffffff88][0xffffff9e][0x16]K[0xffffffd8][0xffffffa7][0xffffffd8][0xfffffff3][0xffffffc1][0xffffffa2][0x1f][0xffffffa9]z[0x14][0x1a][0xffffffc2][0xffffffc1][0xffffffc8]E[0xffffff85]b\q[0xffffffc1],[0xffffffed][0xffffff9c][0xffffffce]$n[0xf]?[0xffffff8b]RN[0xffffffd8]<g[0xffffffd7]b[0xffffffaa][0xffffffbc][\n]"
20:21:12.356 [main] DEBUG org.apache.hc.client5.http.wire - http-outgoing-1 << "I[0xffffff8e][0xffffffe5]IJE[0xffffffff][0xffffffaf][0xffffffff][0xfffffff5][0x7f][0xffffffba][0xffffffbd][0xffffff94]/[0xffffffeb],u[0xffffffaa][0xffffffa1]5wj[0xffffff94][0xfffffff9][0xe]g[0xffffff94][0x7f][0xffffff89][0xffffffa2]q[0xffffffc9][0xfffffff9]>[0xffffffe7][0xffffffbf]`[0x6]5[0xffffffee][0xfffffff3]bW[0xffffff98][0xffffff95][0xffffffea][0xffffffb2][0xffffffb4]a[0xffffffbc][0xffffffe7][0x10][0xffffffe7][0x0][0xffffff9b][0xffffffae][0x13]9[0x1][0xffffffb7]=[0xffffffd1][0xffffff95]f[0xfffffffe]7[0xfffffffe]8[0xffffff82]m-[0xffffffde] .[0x1d][0x15]8(V[0xffffffb5][0xffffff90]O[0x13]qlf[0xffffffa5][0xffffffc2]_[0x2][0x17][0xffffffef][0xffffff9f][0xffffffc6]u[0xffffffed]-[0xffffffd7][0xfffffffe][0xffffffd8][0xfffffff8][0x1b]?[0xffffffa3][0xffffffe8][0xffffff8c][0xfffffffa]T[0xffffffce][0xffffffce]Z[0xffffffe0][0xffffffc1][0xffffff8c]q|[0xffffffff][0xffffff86][0xe][0xffffffaf][0xffffff9d]X[0x1f][0xfffffffc] [0xffffffb1][0xfffffff4][0xffffffa5]l&[0xffffff96][0xffffff87][0xb][0xffffffe6][0xffffffa2][0xffffffca][0x19]]_[0xffffffea][0xffffffe0][0xffffffd2][0xffffff8a][0xffffffec]Y[0xffffffe6]y[0xffffff95][0xfffffff3][0xffffffe7]][0xffffff88]y[0xffffff99]~.[0xfffffffd][0xffffffcf]xl[0xffffff83][0xffffffd5]b[0xffffffc1][0x1e][0xffffffb8][0xffffff8b][0xffffffbc][0xffffffd3]0=^[0xffffffc2][0xffffffa1][0xffffffe8][0xffffffd1][0xffffffec][0xffffffa3]g[0xffffff97][0xffffffa5][0xfffffffd][0x2][0xffffffcb][0xffffff99][0x7f][0x1d][0xffffffa2][0xffffffba]b[0x18][0xffffffa5][0x1e][0xffffffc1][0xffffffff][0x13][0xfffffff6][0xffffffc4]h[0xffffffb5][0xc][0xfffffff9][0xffffffe8][0xfffffff2]0[0x0][0xffffffd3][0x1f][0xfffffffb]/0[0xffffffdf][0xffffffb1]{[0xffffffce][0xffffffce](Lg[0xffffffd7][0xffffffc9]|[0xffffffc8]4[0xfffffff6]jNS[0xf][0xffffffbb][0xffffffd9][0xffffff9e][0x3][0xffffffd3][0xfffffff5][0xffffff92].[0x4]Y[0xffffffbc][0xffffffdc][0xffffffe9]*[0xffffffe0]%[0xffffffc1]&.[0xffffffee]KQ[0x10][0x10]S[0xffffff8e][0xffffffd5][0xffffffa2][0xffffff89]K[0xffffffe8][0xffffffb9]<[0xffffff8a]H[0xffffff97][0xffffffd0][0xffffffa3][0xffffffa9]'[0x1c][0xffffff8a][0xffffffb1][0xffffff8d][0xffffffdb][0xffffff9a][0xffffffd0][0xffffff98][0xfffffff3]{[0xffffff9a][0xfffffffb][0xffffffe2]b3w[0xffffffca]H[0xffffff98][0xffffff9a]x[0xfffffff2][0xffffffe4])[0xffffffa2]a[0xffffffd6]D[0xffffff8d]*[0xffffffa7][0xffffffe1]js[0x13][0x1d][0xffffffb7]>[0xffffffe2]0[0xffffff91]k3[0xffffff9f]8[0xffffffcc][0xffffffe3][0x8]8[0xffffffea]G[0xffffff87][0xffffffc8][0xffffff9e]5[0xfffffff5]N[0xffffffbb]e[0xfffffff4])[0xffffff95][0xffffffeb]P[0xffffff9e]3[0xffffffd1]b5[0xffffff9e][0xffffffb3]l[0xffffffe3][0x15]x[0xffffffce]:[0xffffff89][0xffffffe7]L[0x1c][0xffffffab][0xffffffc8]s[0xffffff86]K[0xffffff85][0xffffffef]=a[0x14][0xffffff89][0x14][0xffffffb8]f[0xffffffbf]o[0xffffff98]9[0xffffff84][0xffffffa2]t[0xffffff9d][0xffffff9d][0xffffffb4]_[0xffffff9f][0xffffffbf][0xffffffb8]9[0xffffffb9][0xffffff83][0xffffffeb][0xffffff8c][0xffffffb7]~[0x7][0xffffffd7]Y[0xffffffba][0xffffffbb][0xffffffe5][0xffffffbe][0xffffffb3][0xfffffff4][0xffffff96]{[0xffffffe5]?[0xffffffc4];[0xffffffde][0xffffffde]{[0xffffff96]o[0xffffffe2].[0xffffffee][0xffffffb3][0xffffffa4][0xffffffad];[0xfffffff9][0xffffffcf][0xffffff92]f[0xe][0xffffff97][0x7][0xffffff91]j[0xfffffff3][0xffffffae][0x1e][0xffffffb4][0xffffffa4][0xffffffa9]}]h[0xffffffc9][0xffffff9e][0xfffffffb][0xfffffffb][0xffffffd0][0xffffff92]}[0xf][0xffffff93][0xf][0xffffff91][0xffffffee][0xffffffcb][0xfffffffe][0xe][0xffffff8b][0xfffffff4][0xffffff9b][0xffffffa2][0xffffff8c][0x17][0xffffffed][0xfffffffa][0xfffffff4][0xffffffc3];[0xfffffffd][0xffffffe4][0xfffffffc][0xffffff92]rMs^4~[0xffffff93][0x17]x[0xffffffd1][0xffffffe6][0xffffffb8][0xffffffa7][0xffffff99][0xffffffeb]M$[0xffffffa7][0xffffffe2][0xffffffa7]}MhF[0xffffffbf][0xffffffa6][0xfffffff7]jF[0xffffffe7][0xffffffdc][0xffffffd0]a[0xffffffc2]@r,[0xffffffad][0xffffff80][0xffffffac][0xffffff99][0xffffffd0][0xffffffb0][0xffffff95]A[0xffffff8c][0xffffff93]s[0xffffffb3]9h[0xffffffb6]D5[0xffffffaf][0xffffffc3][0xffffffd7][0xffffffe9]2[0xffffffda][0xffffffad]V[0xffffffdb][0xffffffec][0xffffffcb]\[0x6][0xfffffff9]q[0xfffffffb][0xffffffd2][0xffffffef][0xb][0xffffffe3][0xfffffff4][0xfffffff8]'[0xffffffe3][0xffffffe4][0xffffffc3]eI.[0x3]F[0xfffffff1][0x16]&[0xffffffb4][0xffffff84][0xffffffd6]G[0xffffffb9][0xffffffc3][0xffffffc8]B[0xffffffe9][0x10]'=}[0x15][0xffffffa5]p[0xffffffbe][0xffffffb8]y}[0xfffffffe][0xffffffeb][0xfffffff5][0xffffffc9][0xfffffff5][0xffffffed][0xffffffed][0xffffffba][0xffffffbc][0xfffffff5];[0x8]g[0xffffffd2][0xffffffd9]r[0xffffffd9]T[0x8]B[0xffffff85] [0xfffffffc]&[0x11][0xffffff84][0xffffffdb]i[0xffffffaf]x'[0xffffffaf]w:[0x5]64T[0x0][0xffffffec][0xffffffaf]'[0xffffff90][0x9]a3[0xffffffcf][0xffffff8d][0xffffffde][0xffffffc0][0xffffffe8][0xe][\n]"
20:21:12.356 [main] DEBUG org.apache.hc.client5.http.wire - http-outgoing-1 << "[0x13][0xffffffc8]r[0xffffffdb][0xffffffb4]*[0xffffffa3][0x10]B"
20:21:12.357 [main] DEBUG org.apache.hc.client5.http.wire - http-outgoing-1 << "[0xffffffa1][0xffffffd6]lh[0x5][0xffffffaa]u[0xffffff88]@[0xffffff9a]kw[0xffffff83])lS[0xffffff97][0xffffffd6][0x8][0xfffffff9]qg[0xffffffc1][0xfffffffd][0xfffffff4][0xffffffac][0xffffffc4][0x1a][0x11]w}/k[0xffffff84][0x12][0xffffffdc][0xffffffe4][0xffffff85][0xffffff9b][0xffffff84][0xfffffffe][0xffffffdf][0xffffff9a][0xffffff8f][0xffffff90]m[0xffffffe0].[0x11][0xffffffaa]l[0xffffffe9]N[0xfffffff1][0xffffffa9]l[0xffffffe4]p[0xffffffd1]i[0xffffffdc][0xffffffe2]]cS[0xffffffd9][0xffffffd0][0xffffffbe][0xffffff91][0xffffffa9][0xffffffdc]o[0xffffffff][0xffffffb8]T[0xffffffee]y[0xffffff98][0xffffffa8]4[0xffffffe9][0xffffffc7][0xfffffffe]1i[0xffffff89][0xffffffeb]w[0x17][0xffffffc1][0xffffffed][0xffffffeb][0xffffffed]V[0xffffff81]9[0xffffffc2]D[0xffffffe9][0xffffff98][0xffffff9e][0xffffffde]Y[0xffffffaf][0xffffff8d][0xffffff98][0xffffffd7][0xffffffd3][0xffffffa2][0xffffff97]n[0xffffffb9]m[0xffffffaa][0xffffff83][0x12][0xffffff96]jn%[0xffffffee][0x8][0xffffff88]l[0xffffffb3][0xffffffd3][0xffffff8b][0xffffff8b][0xffffffd1][0xffffffca][0xffffff8f][0xffffffbb]i[0xffffffee][0xffffff89][0xfffffff9][0xfffffffa][0xffffffb8][0xffffffac][0x18]-i[0xffffffee][0xffffffbe][0x9][0xffffffbb][0xfffffff1][0x17][0x1a][0xffffffb5]: h[0xb][0xffffffc9]W[0xffffffbc][+o[0xffffffbe][0xffffff89][0xffffffbb]ho[0xffffffd2][0xffffffd6][0xffffff9d][0xffffffd4]7i[0xffffffe6]p[0xfffffffa][0xffffff9b]j[0xfffffff3][0xffffffae][\n]"
20:21:12.357 [main] DEBUG org.apache.hc.client5.http.wire - http-outgoing-1 << "[0xffffff9c]4[0xffffffb5][0xffffffaf][0x6][0xffffffa7][0xffffffbf][0xffffff91][0xffffffef]K[0xffffffa9]I[0xfffffff6]=[0xffffff8c][0xe][0xffffffa7][0xfffffffb]r[0xffffffdf]J[0xffffffac][0xffffffeb][0xffffff9d]^[0xf][0xffffffcb]z[0xfffffff9][0x14]3[0xffffff93][0xfffffff4][0xffffffa6][0xffffffbb]1[0xfffffff8][0xffffffe5][0xffffffdf][0xffffffea][0xffffff9b][0xffffff83]VQ[0xffffff8e]Y[0xffffffe6][0xffffff9b][0x7f]s[0xffffffd0]f[0xfffffffe][0xffffffe1]*[0xffffffb2][0x1f]6[0x9]qU[0xffffffb9][0xffffffbc]Bwe[0xffffffa5][0x3][0xfffffff9]q[0xf][0x19].[0xffffffa9]t@2[0xffffffbc]W.o<m[0xffffff94][0x6]+[\r]N[0xffffffa1][0xffffffbe][0xffffffca][0xffffffd3]|8[0x1b]Hi0[0xffffffd1][0xffffffef]R[0xffffffd4][0xffffffba][0xffffffca]4xk[0xffffff8e]o[0xffffffb3][0xffffffdd]4[\n]"
20:21:12.357 [main] DEBUG org.apache.hc.client5.http.wire - http-outgoing-1 << "*[0xffffffcd][0xffffffb4][0xffffffcc]~[0xffffffaf][0xffffffb5][0xffffff9e]}[0xffffff96][0xffffffd3][0xffffffd6]][0xfffffff4][0xffffffb7][0xffffffc5][0xffffff82][0xffffffe5][0xfffffffb][0xffffffd4][0xffffffdf]Jr|i[0xffffffa1]A[0xffffffef][0x1a])[0xfffffff1]e[0x1f]w[0x13][0xffffffdf][0xffffff9f][0xffffffae]O?[0xffffffbd][0xffffffd8].[0xffffffbe][0xffffffbb][0xffffffe7][0xfffffff8][0xffffff8a][0xffffffef]NBz[0xffffffd5][0x1a][0xffffffef][0x8][0x15][0xffffffb0]n[0x1d][0xfffffff8][0xffffffca]/[0xffffffa2]1[0xffffffc7][0xfffffff1][0xffffffd6]HF[0xffffffd9][0xffffffd2][0xffffff9d][0xffffff82][0xffffffde]x[0xffffff81][0x0][0xffffffaf]O[0x2]g[0xffffff8c][0xffffffce]\/[0xffffff80][0xffffff86][0xfffffffc][0xc]<[0xffffffd6][0xffffffd2]gx[0xffffffc7]t[0xffffffdc][0xffffffba][0xffffff8b][0xffffffdc][0xffffffc6]-[0xffffffde]5[0xffffffe0][0xffffff95][\r][0xffffffed][0x1b][0xffffffee]&_[0xfffffff5][0xfffffff7][\r]v[0xffffffe5][0xffffff9e][0xffffff87][0x9]u[0xffffff93]~[0x1c]4[0xffffffd0][0xffffffdd]&[0xffffffb2][0xffffffed][0xffffffa6]iv[0xb][0xffffff8c][0x14][0xfffffffd]^[0xffffffbf][0xffffffdf].[[0xffffffe2][0xffffffd5][0xfffffffb][0x3][0x3]QnQ=[0xffffffaf]x[0xffffffb9][0x1][0xffffffdb][0xffffff98][0xffffffba]x[0xffffffbf]u[0xffffffcf]*[M[0xffffff8e]/"QL[0xfffffff2][0x3][0xffffffe6][0xfffffff8][0xfffffff2][0x6]E[0xffffff8e][0xffffffef][0xfffffff7]+[0xffffffd7][0x13][0x19][0xffffff9d][0xffffffef][0xffffff87]N[0xffffffbf][0xffffffdb]kZ[0x1d]([0xffffffbb][0xffffffd1][0x19]&[0xfffffff9];[0xffffffb3]i=[0xffffff9d]^'~[0xffffffae][0xffffffd9]HV[0x9],[0xf][0xfffffff7][0xffffffe1]U#[0xffffffbd][0xffffffa7]e[0xfffffff5]Gx[0xffffff88][0xfffffff6]z][0xffffffbd][0xffffffdb][0xffffffe9][0x18]xn[0xffffffa2][0xffffffb4]E[0xffffffa7][0xffffffdb][0xffffffd4][0xffffffc7][0xffffffdd][0xffffffe6][0xffffff93]8[\r][0xffffffe5][0x14])b<}[0xffffff94]e2[0xffffffb1]\1[0xffffff81][0xffffff9e]f[0xffffff89]A[0xffffffe0][0x7f][0xffffffba][0xfffffff3][0xffffffd5][0x1c][0xffffffbf][0xffffffc3]j*[0xfffffff2][0xffffffd8]([0x19]8[0xffffff97]QE9R3[0xffffffd4]#[0xffffffb0][0xffffff91][0x7f]4[0xffffffc5][0xffffff9f][0xffffff91][0xffffff80]$[0xffffffb7]@fRG[0xffffffaf]$[\r][0xffffff96][0xffffffce]z[0xffffffbf]lX[0xffffffea][0xffffffa6]v[0xffffff88][0xffffff94]X[0xffffffde][0xffffffd0]W[0xffffff93][0x17][0xffffffcb][0xffffffbb]Cii[0x4][0xfffffff0][0xffffffd6]nS[0xffffffb9][0xffffff81]7[0xfffffff1][0xffffff9e]g"[0xffffff8b][0xffffff8c]a[0xffffff96][0x18][0xfffffff5];r[0xffffffdc]l[0xfffffffa]A[0xffffffa6]Rgh[0xfffffff1][0xffffffa9]\[0xffffffa6][0xb][0xffffff91][0xffffffcc][0xffffff94]N[0xf][0xfffffffb][0xffffffd5]_[0xfffffff1]4[0xffffffe4]0[0xffffffa2]Z[0x18][0xc][0xffffffff]MS[0xffffffea][0xfffffffd][0xffffff89]k[0x7]~[0xffffffe8]O"[0xffffffed]g7D[\r][0xc][0xffffffed],Z[0xffffff8d]]J[0x7]D[0xe]![0x7][0xffffff89]S[0xffffffa2]$[0xffffffef][0x15]R[0xffffffcb]"w[0xffffffee][0xfffffffc][0xffffffae][0xffffffb9][0xb][0xffffffac][0xffffffb6]x[0xffffff94]<[0xffffff86][0xffffffee][0xffffffdc][0xfffffff8][0xffffffab]@[0xb]o[0xfffffff0][0xffffffd6]~[0x1e][0xffffffe7][0xffffffb0][0xffffffb1][0xffffffec])[0xffffff9e]W[0xffffffb8]Z[0xffffffd4]5[0xffffff96]-[0xffffffc8][0xffffffdb][0xffffffc0][0xffffff9c][0xffffffb6][0xffffffb4]K[0xffffff96][0xffffff80]=ZM[0xffffff91][0xffffffb2][0xffffffed][0xffffffa2][0xffffff82][0xffffffc6][0xffffffb5][0xffffff83][0xffffffff]![0x3][0xfffffff1]O[0xffffff91]FG[0xffffffc3][0xffffffe8]}[0x14]M%[0xffffffb7]@[0xfffffffa][0xc][0xffffff9f]![0xfffffff7][0xffffffc7]w[0xffffffc7][0xffffffe9]3<A[0xffffffb6][0xffffff96][0xffffffbf]p"[0xffffffdc]B[0xffffffac][0xffffffdc][0xffffff87][0xffffffbf]@[0xffffff9a][0x16][0xffffff92][0xffffffae][0xffffff9d][0x5][0xffffffb5][0xffffff88]z[0x1e][0xb][0xffffffed][0x7]d[0xffffff89][0xfffffffb]?[0xffffffbb][0xe][0xffffffc0][0xfffffff0][0x16][0xffffffe5]G[0xffffffa6][0xffffffb2][0xffffffc8][0xffffff90][0xffffffde]FY[0xffffff8a][0x18][0x12][0xffffffde]Ky[0xffffffd3] [0x1]mB[0x1d][0x3][0xffffffb4]}[0x8]^[0x7f][0xffffffe4][0xfffffffb]^X[0x1f];[0xffffffe8]9[0xffffff88][0xffffffea]ub[0xffffffa7]GNM[0x1c]bH[0xffffff89][0xffffff9d][0xffffff94][0xffffff87][0xffffff88][0xffffff9b]nx[0x1e][0xffffffac][0xffffff90][0xffffff82][0xf]X[0xffffffbe][0xffffffb8][0xffffff9e]EI[0xffffffa1][0xffffff89][0xffffff9c][0xffffffa0]i[0xffffffc7][0xfffffff3][0xffffff97]hR%[0xffffffed][0xffffffd2][0xffffff80][0x1][0xffffff94][0xffffff9f][0xffffffca][0x4][0xffffff95][0x17]#[0xffffffc9]h[0xffffffa4]m[0xfffffff8][0xffffffc0][0xffffff9e]Q[0xffffffea][0x1f][0xffffffa5][0xfffffff8][0xffffffad]Kf[0xffffffba]d[0x0][0xffffffcd]:[0xffffff91][0xffffffb5]+2[0x17]q[0xffffff95][0xffffffb2][0xffffff97]:[0xffffff95]/[0xffffffc9]'s(rF[0xffffff93]r[0xe]K[0xffffffcb][0xffffffbe]d[0xfffffff9][0xffffffb1]|[0xfffffffe][0xfffffff8][0xffffffa2][0xf][0xffffffef][0xffffffe3][0xffffff89][0xfffffff5]{*[0xffffffd7]1}[0x6]b[0xffffffbe][0xffffffb2][0xfffffffa]3[0xffffffd8][0x1b]7[0x6][0xffffffee][0xffffffbd]t[0xffffffff][0xffffff90][0x14]iSm[0xffffff88]$y[0xffffff93]w[0xffffffce]b[0xffffffe9][0xffffff98][0xfffffff2][0xffffffee][0xffffffc2]w[0xffffffc0][0xffffffb5]4O:o[0xffffffcc]m[0x7][0xffffffff]A[0xffffffca]#[0xffffffd5][0xb]@[0xffffff8e][0xffffffa6][0xffffff85]2[0xb][0xffffff9a][0x1f][0xfffffff0]6pbH[0xffffffe6][0xffffff9d][0xffffffdd][0xffffff84][0xffffff94][0xffffffbb](jt[0xffffffa4][0xfffffff2]71[[0xffffffa9]7[0xffffffa9][0xffffffe3][0xffffff88][0xfffffffb]UJ[0xffffffba][0xffffffb8]qq[0xffffff9b][0xffffffd3][0xffffffcc]Fb3:[0xfffffff4][0xffffff9e][0xffffffcf]ylBw[0x0][0x1a][0xffffffa5];Bd[0xffffff9d]Rk[0xfffffff2][0xffffff84]y[0xffffff8d][0xffffff8b][0xfffffff4][0xffffffb0][0xffffff9c][0xffffffe3][0xffffffaf]Ib[0xffffffb2][0xffffffed][0xffffffb9][0xfffffff4][0xfffffff0]`[0xe][0x9]v[0xffffffeb][0xffffff90]&[\r][0xffffff97]8[0x1][0xffffffb2][0xffffff99][0xffffff9c]"ww[0xffffff88][0xffffffac][0xffffffd5][0xffffffa5]5r=8e~[0xffffff8f]/[0xffffffda]oGC[0xfffffffa]B[0xc][\r][0x18][0xfffffffe]v[0xffffffc4]|([0xffffffb4][0xffffffa7][0xfffffffc][0xffffffdd][0x1b]~[0xffffff9d][0xffffffd2][0xffffffbb][0xffffffb2][0xfffffff9][0xffffffe1][0xffffffca][0xb]Vx7[0xffffffd2][0xffffffd9][0xffffffa5][0xfffffffb].[0xffffffae][0xffffffb6]FyH[0xffffffb9]Z[0x16][0xffffffe2][0xffffffe2][0xffffffc0][0xffffffef][0xffffff81]1%MN]w:[0xffffffc1][0xffffffc9][\n]"
20:21:12.357 [main] DEBUG org.apache.hc.client5.http.wire - http-outgoing-1 << "[\n]"
20:21:12.357 [main] DEBUG org.apache.hc.client5.http.wire - http-outgoing-1 << "[0x4][0xf][\n]"
20:21:12.357 [main] DEBUG org.apache.hc.client5.http.wire - http-outgoing-1 << "[0xfffffff2][0xffffffc1]'[0xffffff94][0xffffff99][0xffffff9d][0xffffff9c][0x3]e[0xffffff94][0xffffff86]K[0xffffffc7]v'[0xffffffae]M[0x7][0x14][0x3][0xffffff85][0x14]sHj[0xffffffb0]b[0x2]/[0x6]|[0xffffff86][\n]"
20:21:12.357 [main] DEBUG org.apache.hc.client5.http.wire - http-outgoing-1 << "[0x16][0xffffffd8][0x2][0xffffffeb]![0xffffffd4]-[0x14][0x1b][0xffffffa2][0xffffffd3]t>Zs[0xffffffb8]L[0xfffffff0][0xffffff84][0xffffffe7][0xffffffc5]9&>[0xffffff8a]`[0xffffff90][0xffffffb8][0xfffffff1][0xffffff91]+H=[0xffffffff][0xffffff9d]w6[0xfffffff3][0xffffffb4] [0xffffffd9]>9>M[0xfffffff5][0xfffffffa][0x17]![0x7f][0xffffffd2]/CZ&|e[0xffffffa8]uBc[0xffffffbb][0xffffffe9][0xffffffa2]0[0xffffffb9][0xffffffe5][0xffffffc7][0xffffffe0][0xffffffa9][0xffffffd3]Z[0xfffffff6][0xffffffe2][0xffffffd0][0xffffff89][0xffffffc1][0xffffff89]D#[0xffffffc1]+q[0xffffffd0]4[0xffffffa1][0x16]e[0xffffff83]rli[0x6][0xfffffff2]v[0xfffffff8][0xfffffffd][0x17][0xfffffff7][0xffffff8e]r[0xfffffffa][0xffffff9f][0xfffffff3][0xffffff80][0xffffff86][0xfffffffe]N[0xffffffff]j[0x1a]y[0xffffff9d][0xffffff90][0xffffffa8][0xb][0x19]O)?[0xffffffd4][0xffffffda][0xffffffa2][0x12]#t[0x8][0x1e][0x2][0xffffffa5][0xffffffb2][0xffffffc6][0xffffffe1][0xffffffdb]j[0xffffffa3][0xffffffb6][0xffffff95]M[0xffffff97]S[0xffffffa4][0xffffff8a]#c[0xffffff86].[0x8]"
20:21:12.358 [main] DEBUG org.apache.hc.client5.http.wire - http-outgoing-1 << "[0xffffffba][0xffffff86][0xffffffa4]x'[0xffffffe0][0xffffff96]*[0xffffff8a][0xffffff9c][0xffffffb8]1[0xffffff80][0xffffffae]@[0xffffffea].[0xffffffe5][0xffffff9d][0xffffffa3][0xffffffd8]k[0xffffffb5][0xffffffa0][0xffffffeb][0xffffff8e][0xffffffad]X;[0xffffffb1]>![0xffffffad][0xffffff9d][0xffffff9d]Y[0xffffffaa]G[0xffffffb8][0xffffffb1]#[0xffffffdf][0xfffffff6][0xffffffbd][0xffffffcc]3P[0x6]u[0xfffffff4][0xffffff8e][0x12]5U[0xffffff90]'[0xffffff8e][0xffffff9d][0xfffffff0]t[0xfffffff7]Ye[0xe]o"G$}:$[0x1d][0xffffff99][0x11][0xffffffc9]%[0xffffff85]c<(![0xffffff9b][0xffffffe2][0x3]T[0x0]q[0xffffffe6]Kn[0xfffffff3][0xffffff92]}[0xffffff9b][0xffffffc3][0xb][0xffffffc6][0xffffffe3][0x11][0x1c][0xffffff9c]y[0x1f][0xffffffe4]Pj[0x19]![0xffffffa2]t[0xfffffffa]k[0xffffff8b][0xffffffea][0xffffff88][0xffffffc8]t[0xfffffff4][0xffffffd4][0xffffffc9][0xffffffe0][0x1a][0xffffff8c][0xffffffc3][0xffffff99]uI[0xffffffa5]C[0xfffffff0]g[0x7][0xffffff95][0xffffffaf][0xffffffc2][0x15][0xffffffa2][0xffffffd2])[0x1f][0x19]~[0x16][0xffffffcc]n[0xffffff95][0xffffff94][0xffffffcb][0xffffff89][0xffffffed]X[0xffffff94]6[0xffffffcf]][0x3][0xffffffe1][0xffffffcc]_y[0xffffff98][0xffffffb4]<[0x15][0xffffff9c]B\t[0xffffff88][0xffffffdd][0xffffffe0][0xffffffbc][0x1d][0xffffffcc]f6[0xfffffff5][0xffffffe8]*[0xffffffd2][0xffffffcd][0xffffff93][0xffffffc8][0xffffff85]0s%[0xffffffd5]kh[0x1e][0xffffffb0][0xffffffc2]+[0xffffff98][0x7][0xffffffbc][0x4][0xc]9[0xffffffd6]B[0xffffffba]i[0xffffffc6][0xffffffda][0x18][0xfffffff6]:4!v[0x12]mr[0xffffffd1][0xffffffe6][0x7]b[0xffffff93][0xffffffde]b[0xffffffc7][0xffffff90][0x1b]]#x[0xffffffe6]ecdV:[0x1a]bW[0xffffffd9]][0xffffffc0]9[0xffffffe0][0xffffffd2][0xffffffbd][0xffffffb6]\E[0x1a][0x19][0xffffffe0][0xffffff9e]&[0xffffffa7][0xffffff9d]>vb @[d[0xfffffff4][0xffffffb0]<x,p;[0xffffffe1][0xffffffce][0xffffff86]$P%[0xb]M{[0xffffffc6][0xffffffaf]Q2v0[0xffffffa9][0xffffffd0][0xffffffa3],q[0xffffffac][0xffffffc9]9:[0xffffffc7][0xffffff84][0xffffff80][0x16][0xffffffa2][0x1b][0xffffffb1][0x10][0xffffffd2][0xffffff9c][0xffffff95][0xffffffdd]c[0xfffffff2][0xffffffc3];"[0xffffffca][0xffffff9c]]cD[0xffffffc9][0xffffffc2][0xffffffc0]%Av[0xffffffdb][\n]"
20:21:12.358 [main] DEBUG org.apache.hc.client5.http.wire - http-outgoing-1 << "[0xffffffa6]+[0xfffffff2][0xffffffbe][0xffffffc0][0x4][0xffffffc2]J[0xffffffe5]$[0xffffffbd]I[0xffffffd5][0xffffffac][0xffffffa1]v[0xffffffde][0xffffffbf]}[0xfffffff1][0xffffffec][0xfffffff8][0xffffffe4][0xffffffc5][0xffffffef][0x3]MV[0xffffffe4]H[0xffffff99][0x15][0xffffff8a][0xffffffdc][0xffffff97]#[0xffffffcf][0x1f]5x[0xffffffd6]f[0xffffff83][0xffffffef][[0xffffff9f][0xffffffb3][0xffffff92]7[0xffffffef][0xffffffbf][0xf]`([0xffffffc0]=q[0xffffff8e][0xffffffb0]i[0xffffffe4][0x7f]L5[0xffffffb9]5[0xffffffe0][0xffffffa1]][0xffffffc2][0xffffff86]h[0xffffffe0]B4[0xffffffc0][0x1a]M=<[0xffffffe0][0x1b][0xffffffc0][0xffffffc8]X[0xffffff88][0xffffffce]RM_/[0xffffffa3][0xfffffffa][0xffffffe4][0xffffffc6][0xffffffc5]w[0xffffffb0][0x10][0xffffff9e]E[0xffffffd4][0xffffff8b]tF[0xffffffe3][0x0][0xffffffd5][0x15][0xffffff82][0x6]n[0xffffffd8]([0xfffffffc][0xffffff8b]g[0xffffff8d][0x1c][0xffffffef];[0xffffffe7]#[0xffffffa2]-[0xffffffc4][0xffffffb2][0xffffffb8][0x1][0xffffff99]x[0xffffffbd]/|$$c[0xffffffb0][0xffffffb5][0xffffffc3][0xffffffe8]V#[0xffffffee]Z[0xffffffe3][0xffffffb9]|f[0xffffffe1]R5[0xfffffff0][0xffffffc8][0xffffffa4]zJ[0xffffffaf][0xffffffb9][0xffffffe5][0xffffff9a][0x1d]m[0xffffffc7][0xffffffb0][0xffffff9b][0xffffffe2][0x1][0x16]q'[0x1d][0x11]6[0xffffff9b][0xfffffffa]\[0x6][0xffffffee]l[0xffffff8d][0xffffffd8]Y[0xffffffd4]Va[0x3]E[0xffffff99][0xffffff96][0xffffffa8][0xffffff8f][0xffffffd2][0xffffffed][0xffffffea]z[0xffffffb3][0xffffff81][0xffffffbb][0xffffffb1][0xffffff86][0xffffffe7]([0xffffffce][0xffffffb9][0x16][sjW,[0xffffffc8][0xffffffaf][0xffffffd9]5[0xfffffff9][0xffffff95][0xffffff89][0xffffffe9]c*[0xffffff80]I[0xe]t[0xffffffed]^[0xffffffba][0xffffff99]p[0xfffffff4][0xffffffc4][0xffffffc7]M[0xffffffea]4[0xffffffe2]`[0xffffff87][0xffffffed])[0xfffffff5][0xffffffe5][\r][0xffffffbe][0xfffffff2]"[0xffffffb2]Nu[0x14][0xfffffff2]~S[0xffffff9f][0xfffffffa][0xfffffffe][0xffffffd4]sX[0x17]C[0xffffffe8][0xffffffb2][0xffffffd3]@[0xffffffcc][0x1d]6[0xffffffc6][0xe]d[0xffffffcf][0xb][0xffffffff][0xffffffe2][0xffffff8e][0xffffffbf][0xffffffc3]:Q|[0xffffff90][0xffffff89][0xffffffb3]p?fZ}[0xffffff8b]*O[0xfffffff4][0xffffffdc]Oz[0xffffffb5][0x7f][0xffffffab]W[0xffffff81]X[0xfffffff3]`-[0xffffffa7]/L[0xffffffaa]Yq[0xffffff89]j![0xffffffbe][0xffffffcb][0xffffffd8][0xe]F[0xffffffc7][0xe]3[0xffffffe7]N[0xffffffc3][0xffffff88]{5[0xffffffe3]:N7[0xffffffc5]*m[0xffffffb1][0x3][0xffffffec][0x17][0x18][0x15]L0T[0xffffffbe]I[0x6][\r][0xffffff93][0xffffffb7][0xffffffc1][0xffffffbe]t4l[0x14]#[0xffffff84]!J~[0x9][0xffffffc1][0xfffffff4]f[0xffffffdf]=[0xffffffe2][0xffffffc8][0xffffff8b][0x1d][0xffffffbc][0xffffffe0][cr[0xffffff84][0xffffffdb][0xffffff9c]#[0xffffff96]$[0xfffffff0][0xffffffbd][0xffffffea][0x13][0xffffff8f]q[0xffffffe4]9[0xfffffff2][0xfffffffb][0xffffffe5][0xffffffb9][0xffffffe7][0xffffff87][0xe][0xffffffff][0xffffffaa][0xfffffff9][0xffffffd6][0x9][0xffffff97][0x10]7g[0xffffff98][0xffffffbe][0xffffffc3]i[0x8][0xffffffc1][0xffffffed]Kn?[0xffffffc8],F1[0xfffffff5][0xb][0xffffffdc][0xffffffa1]l7L[\r][0xffffff8a]|[0xffffffea][0x5]-&[0xffffffe3][\n]"
20:21:12.358 [main] DEBUG org.apache.hc.client5.http.wire - http-outgoing-1 << "s3[0xffffffb9][0xffffffc0][0xe]u[0xffffffa8]Lc[0xffffffa9][0xffffffa3][0x1c][0xffffffa3][0xffffffdc]V[0xffffffe4][0xffffff9c]q[0xffffffd3][0xfffffff0][0xffffff9e][0xffffffe7]C[0xffffff91][0x1][0xffffff9e][0xffffff90][0xffffffb8][0x19]W[0xfffffff3]z[0xffffffac][0x5][0xffffffcf][0xfffffff9]o[0xffffffd9]1[0x1e]1[0xffffffe3]![0x1e][0x0][0xffffff99][0xffffffc3][0xfffffff0][0xfffffff1]|[0xffffffc1][0xffffffeb]|=GHy[0xfffffff9][0xffffff8a][0xffffffa2][0x11][0xffffffdb]Y[0xffffffe2][0xffffffb1][0xffffffb6]g[0x1f][0xffffff98][0xffffffb8][0xfffffff3][0x1e][0xffffffbc][0xffffffa0][0x1f][0xfffffff1][0xfffffffd](Z[0xfffffff1]Bp[0xfffffff1][0xffffffc1]7[0x1c])[0xffffffd3][\r]\x[0xffffffd6][0x9][0xffffff84]S[0x14],T[0xffffffd7][0xffffff8b][0xffffffdc][0xffffff81]x'^"~Fi [0xffffffd4]'[0xffffffe3][0x13]l[0xffffffcf][0xffffffc3][0xffffffef]q![0xfffffff2]G[0xffffffe2][0xffffffc7][0xffffffff][0xffffffc1][0xffffff89][0xffffffe8][0xffffffbb][0xffffffc7][0xffffff98][0xffffffcf][0xffffffb9][0xffffffea][0xffffff8e][0xffffff9e]=N|lyW[0xffffffd9]Q[0xffffffa5][0xffffff87]N[0xe][0xffffffc3][0xffffff8f][0xfffffffc][0xffffff8a]G88i[0x18]H[0xffffffc9][0xfffffff9][0x19][0xffffffee]y[0xfffffff8]]&[0xffffffdf][0xfffffffa]A[0xfffffff8][0xffffffc1]O[0xffffffac][0xffffff8f][0xffffffee][0xffffffdc][0xfffffffd]$[0x14]e[0xffffffcf][0x3][0xffffffef]q[0xffffffc1][0xffffffb3][0xffffffc7][0x11][0xffffffc7][0xffffffa6][0xffffff85][0xffffffd5][0xfffffffb]8v[0xffffffe6]8[0xfffffffc][0xffffffd8][0xffffffa7][0xffffffce]u[0xffffffe5]j[0xffffff93][0x1c]C[0x1c][0xffffffd3]?C[0xffffffdd][0xffffffda][M[0xffffffee]].[0xfffffff1]i[0xffffffaa]y~[0xffffffc0][0xffffffb7][0xffffff88][0xffffffd0]wSn[0xe][0xffffffd7](yH[0xffffffa4][0xffffff9b]J[0xffffffe9][0xfffffff6][0x19][0xffffff96][0xffffffc3][0xffffffff][0xffffffee][0xffffffdc][0xffffff84]o[0xffffffa4][0xffffffe1]w[0xffffffdf][0xffffffb9]+[0xffffffa7][0xffffff90]x[0x16][0xffffffad][0xffffffb7][0xffffff97]9[0x18][0xfffffffb][0xffffff92][0x3][0xffffffe9]z[0xffffffce][0xffffffd1]+{N[0xffffffd7]][0x6]QL[0xffffff8a][0xffffffe4][0x18]|$a[0xffffffc6]=G@H%6[0xfffffff7]<[0xffffffe8][0x1e][0xfffffff7]H[0xffffffea] [0xfffffff1]Q[0xffffffef]C[0xffffff93]p[0xffffffdc][0xffffffbc]&[0xffffffe1][0xfffffff9][0xffffffe5]9[0xffffffe2][0xffffff81][0xfffffff5]V[0xffffffae][0xffffffc5][0xffffffee]y[0xffffffe6];[\r]w[0xffffffd1]q[0xfffffff8][0xffffffc9][0xffffffbf]c+[0xffffffc8][0xffffffe7]>[0xffffffe2]=|[0xffffffad]r[0xffffffce][0xffffffd8]s[0xffffffa9][0xffffff82].[0x14][0x1e]Gv[0xffffff81][0xffffffad][0xffffff98][0xffffff8b]P[0xffffffa2][0xffffff92]c[0xffffffa7][0xf][0xffffff90]9([0xb]#[0xffffffaa];$k[0xffffff9e][0x1f]0[0xffffffb9][0xfffffff6][0xffffff87][0xffffffba][0xffffff8b][0xffffff8b]Z[0xffffff8c][0xffffffef]cvP[0xffffffb0]"[0xffffffb0][0xffffff84]@[0xffffff91][0xffffffe5]>[0xffffffdf]Ns_[0xfffffff6]x[0xffffff84][0x17]6[0xffffffd0][0x18]o[0xffffff8b]5[0xffffffbd][0xfffffff6][0xffffffcd][0xffffffbb] [0xffffffd8][0xffffffdf]m[0xffffffbd][0xffffff9f][0xffffff8d]Q[0xffffffd8][0x10][0xffffff8f][0xffffffce]g[0xffffffe2][0xffffff9b]|[0xffffffe6] r[0xfffffffd][0xffffffc2][0x1d][0xffffffdf][0xfffffffe]<[0xffffffb2][0xffffff87][0x11][0x2][0xfffffff4][0xffffffea][0xffffff98][0x1d]G[0xffffff96][0xfffffffa][0xffffffe5][0xffffffda]s[0xffffffe7]c[0xffffffe0]&B[0xffffffe5]`[0xffffffa1]d[0xffffffec][0x0][0xfffffff4]5[0x17][0xffffffaa]v[0xffffffe7][0xffffff96][0xb][0xffffffda][0x14]l[0xffffff8e][0xffffffdb]7-[0x15][0xffffff97]O[0xffffffd3]M[0xb][0xffffffa1][0xffffffb7]o?[0xfffffffd]M[0xfffffff2]Q[0xffffffba]y: ;[0xffffffe8][0xc]D[0xffffffa7] u[0x0][0xfffffff6][0xffffff99][0xffffffbe]^[0xffffffb1][0xffffffbf]bU[0xffffff86]^[0x1c]`[0xffffffa5][0xffffffc5][0x6]D!=[0xffffff93][0xffffffd9][0xffffffe7][0xffffffb0][0xffffffee][0xfffffffa][\r][0xfffffffe][0x13][0xffffffe1][0xffffffb3][0xfffffff8][0xffffffa6][0xfffffffc][0xffffffaa]:[0xffffffc1]8[0xffffffb3][0xffffffb8]@[0xffffff9f][0xffffffe3]f[0xffffffe3][0xffffffaf]n[0xffffffdb][0xffffff9b][0xffffff8d]7[0xffffff8d]{[0xfffffffc][0xffffff8c]/e[0xffffffa7][0xfffffffa]|[0xffffffdd][0xffffffb4]e1V[0xfffffff4]'[0xfffffff9]^[0x18][0xffffffff]T[0xffffffa3][0xffffff85]q[0xfffffffe]=[0x9]_;[0xffffffe4]B[0xfffffff8]{[0xfffffffe]][0x9][0x18][\n]"
20:21:12.358 [main] DEBUG org.apache.hc.client5.http.wire - http-outgoing-1 << "[0xfffffff6][0xffffffd0][0xffffffbd]e[0xffffff83]c[0xfffffff6][0xffffffbd][0xffffffae]&n[0x13]v[0xfffffff2][0xffffffe2][0xffffffa9][0xffffffa2][0xffffffb1]o\[0xffffffb7]lV[0x14]"
20:21:12.358 [main] DEBUG org.apache.hc.client5.http.wire - http-outgoing-1 << "g[0xffffffae][0xffffffe1]=[0xffffff86]}[0xffffffc9]ZEH[0xffffffaf][0xffffffc9][0xfffffff9]r[0xffffffcb]F[0xffffffa7][0xe][0x10]/[0xffffffe2]![0x1f][0xffffffb7][0xffffffc9][0xffffffa5][0xc][0xffffffe0][0x11];}[0xffffff8f][0xffffffec]3[0xffffffa6][0xffffffd4][0xffffffec]5[0xffffff83]|[0xffffffd4]h[0xffffffc5][0xffffff94][0xffffffb5][0xffffff8c][0xffffffc5]g[0xffffffa2][0xffffff90][0xffffff81][0xffffffe7][0xffffffe1][0xffffffe0]5[0x1a][0xffffffde]Id[0xffffffa7][0xffffffcf]>[0xffffffcd][0xffffff8f]'[0xffffff8b][0xffffff9a]l[0xe][0xffffff89][0x10]qs[0xffffffec]8'"[0xfffffff2][0x15][0xffffff94][0xffffff91][[0xe][0xc]K[0xffffff80]@[0xffffff9c].N[0xffffff83][0xffffffb5][0xffffff8c][0xffffffd8][0xfffffff6][0xffffff8e]S[0x3][0xffffffeb][0x12][0xffffff99]yA-[0xfffffff2][0xffffffd1][0xffffffbe][0xffffffc3][0x1d]-[0x1f][0x9]hL[0xffffffbc][0xffffff8f]g[0xffffffbd][0xffffffa5][0xffffffb0]R{[0xffffffe6]at[0xffffffb4]s[0xffffff94][0x19][0xffffffbf][0xffffffe5]8[0x0][0xffffffc3]3[0xffffffae]!.[\n]"
20:21:12.358 [main] DEBUG org.apache.hc.client5.http.wire - http-outgoing-1 << "0O[0xffffffd0][0xffffff8a]h[0xfffffff9][0xffffffce][0xfffffff3][0xe]/[0xffffffe0][0xffffffb2][0xfffffff3][0xe][0xfffffff1][0xffffff98][0x18][0xffffff89][0xffffffbb][0xffffffcc];j6?[0xffffffef][0xfffffff8][0xffffffb2][0xffffffc4]mO[0xffffff9f][0xffffffad]i[0xffffffb0][0xffffffb3]>[0xffffffa7][0xffffff97][0x11][0xfffffff2]F[0xffffffe6][0xffffff91][0x19][0xffffffde].[0xffffffdc]v\#[0xffffffb4]V[0xffffff93][0xffffffb7]4_[0x7f][0xffffffa0][0xffffffd6][0xffffffd8][0xffffff91][0xffffffe2][0xfffffff5][0x1c][0xffffffbe]~[0x1e][0xffffffde][0xffffffb2][0xffffffef][0xfffffff4][\n]"
20:21:12.358 [main] DEBUG org.apache.hc.client5.http.wire - http-outgoing-1 << "[0x5][0xfffffff0][0xffffff98]i[0xffffff8d][0x5][0xffffffa5][0xfffffff1][0xffffffdb][0xffffffa9][0xfffffff7][0xffffffdf][0xffffff83]z[0xffffff80]W[0xffffffa1][0x1a][0xfffffff0]xH[0x5]H5[0xffffff9e]Z|[0x7f][0xffffffe1]~pF[0xffffffa8][0xffffffe5][0xffffffce][0xfffffffa][0xfffffff3]7+[0xffffffc4]k[0xffffff96][0xffffffbf][0xffffffad][0xfffffff0][0xffffffb6][0xffffffaa]x[0xffffffeb][0xf][0xfffffff4][0xffffffa7][0xf]|[[0xffffffa4]0[0xffffffcc]o[0xffffffb4][0x1f][0xfffffff1]V[0x8]?[0xffffffad][0xffffffd2][0xf][0xffffff92]T[0xfffffff3][0xffffffbe][0xfffffffe]j[0xffffffba]`dA[0xffffff9d][0xffffffbd][0x1a][0x7f][0xffffffff]7?[0xffffff9c][0xffffffad],[0xffffffed]{<0[0xffffffd0][0xffffffe3][\r]G[0xffffffc1]6#[0xffffffbe][0x1][0xffffffdb][0xffffffe7][0xffffffef][0xffffff96][0xffffffb7]t[0xffffffc2][0xffffff99][0xfffffff6]w [0xffffff8d]f[0xb][0xffffffab]x[0xffffffa7]9[0xffffffbd][0xffffffb3][0xffffffb7][0xfffffff0]6d[0xffffffec] [0xfffffff3][0x4][0xffffffef]6}[0xfffffffe][\n]"
20:21:12.358 [main] DEBUG org.apache.hc.client5.http.wire - http-outgoing-1 << "[0xffffffe3]=[0xfffffff6][0xffffff8a]\[0xffffffed][0xc]G[0xffffff9b][0x15][0xffffffef]yI[0x1b][0x10]Jjf[0xffffffb0][0xffffffc3][0xffffff9d][0xffffffb8][0xffffffb8][0xfffffffe]o[0x1c][0x10][0xffffff8f]B[0xffffffb7]x[0xffffff8f][0xf]x1[0xffffff8d][0x1][0xffffff9f]cC[0xffffffb6][0xffffffc7][0xffffffe9]j[0xffffff89]t[0xffffff95][0xffffffef][0xffffffad])[0x16][0xffffffcb][0xffffff8b][0xfffffff7][0x0][0xffffff95]h[0x5][0x1c]%m[0xffffffc0][0xfffffff6]8[0xffffff9b][0xffffffb9]W[0xffffffd6][0xffffff9c][0xfffffff7][0xffffffca][0xffffffda][0xffffffb0][0xf]^6[0xffffffce][0xffffff97][0xfffffff4][0xffffffc4][0xffffff9a][0xffffffad][0xffffffa2][0x8]7&[0xffffffdf][0x11][0xffffffec]"[\r][0xffffff83][0xffffff98][0xffffff9e][0xffffff8e]|[0xffffffbc][0x1b][0xfffffff3][0xffffff9b]h[0x16][0xffffffae][0x16]t[[0xffffffb0]M[0x7f][0xfffffff6][0xfffffff0][0xffffff86][0xfffffff4]%[0xffffffde][0xffffff81][0x1][0xfffffff5]uU[0xffffffdc][0xffffffad]+l[0xffffffe2]^[0xfffffffa][0xffffff93][0x9]R[0xffffffdf][0xfffffff0][0xffffffad][0xffffff93]? [0xffffff8f][0x6][0xffffff9f][0xffffffcb]K[0xffffff9e]o[0xffffff86]f[0xffffff8a][0xffffff97][0xffffff90]aC[0xfffffff2][0xffffff87][0xffffffb0][0xffffffa4],[[0x5][0xffffffad][0x3][0xb][0xffffffbf][0xffffffde][0xffffff85][0xffffff8d][0xffffffb7][0xffffffcb][0xffffff80][0xffffff8a][0x2][0xe][0xfffffff1]o[0x6][0xfffffffb]O[\r][0xffffffff][0xffffff81][0x19][0x7]d[0xffffffa5][0xffffffe9][0xffffff8c][0xfffffffd]4[0xffffffc3]b[0xffffff91]u[0xffffffc3]~[0xffffffa4]7R[0xfffffff4][0xffffffde][0xffffff8d][0xffffffff][0xffffffde][0xffffffc1]5f?![0xffffffb3][0xffffffe1][0xffffffd2][0xffffffe1]?:7N[0xffffff88][0xffffffdf][0xfffffffd]q[0x8][0xffffffb3][0xffffffb7][0xffffffd1][0xffffffef][0xfffffff5][0xc][0xffffffe0][0xfffffffc]1[0x1a][0x7][0xffffffa2]&[0xffffffc9][0x16]+[0xffffffa1]&[0xffffffe5][0x1a][0xffffffaf][0xffffff80][0xffffff9a][0xffffff84]w[0xffffffdb]2[0xffffffd9][[0xc][0xffffff8d][0xffffffa2]&[0xffffffed][0xffffff92][0xfffffffa]Ly$[0xffffff8c]#u[0xfffffffb][0xfffffff4][0xfffffff0]|[0x13][0xffffffd0][0xffffffa7]['[0xffffff88]'m[0xffffffdd])E<iF[0xfffffff9]"[0xffffffe3][0xffffff82][0xffffffe3][0xffffffc9][0xffffffa0][0x1c]&Y<i[0xffffffef]6[0xffffffc5][0xfffffffb]6Q[0xffffff93]^[0xffffffb4]_[0x1f]O?[0xffffff9e][0x1c]_[0xffffff92][0xffffff93]$GM[0xffffffe2]7y[0x1]5[0xffffffc9][0x1e][0xfffffff7]&=[0xffffffab][0xffffff8b][0xffffffcc]b}b[0xffffffb5][0x1c][0xffffffa7]i[0xffffffb4][0xfffffff5][0xffffffb6][0xffffffd9]6[0xffffff9a][0xffffffce][0xffffffa4]ov[0xffffffec][0xffffff9e]aw,[0xffffffa7][0xffffffdb][0x1a][0xffffffa3]I[0xffffffc1]U"X2o[0xffffffee]6x[0xffffffa5]fMo[0xffffff9f]#[0xfffffff3][0x1c][0xffffff88][0x11][0xffffff9d]U[0x2],[0xffffffc2]+[0xffffffe9]DX[0xffffffa2][0xffffffad][0xffffffcc][0xffffffce]@g[0xffffff84][0xffffff91][\n]"
20:21:12.358 [main] DEBUG org.apache.hc.client5.http.wire - http-outgoing-1 << "[0xfffffff0]J[0xffffffad]^[0xffffffab]c[0xffffffb4]c[0xffffffda][0xffffff87][0xfffffff8][0xffffffb8][0xffffff83][0xffffffeb]F[0x7f]}[0xfffffffc][0xffffff93]yr[0xfffffffe][0xffffffae][0xffffff84][0xfffffff6][0xffffff81][0xfffffff1][0xffffffb9][0x5]^)[0xffffff9e][0x16]B[0xffffff8f][0x15][0xffffff99]./[0xffffff90][0x0]:clb7[0xffffffcd]mdZi,`[0xffffffef]2C[0xffffffc7]Z[0xffffffba]ri[0xffffff85]R-[0xfffffff2][0x16][0xffffffca]}[0xffffffcd]8i][0xffffffdb][0xffffffd7][0xffffff8e][0xfffffff3]ui,e[0xffffffd8]![0xffffffc7][0xffffffe7]"[0xffffffc2]z[0x19][0xffffffc6]+[0xffffff8b]:[0xffffff9f]ns[0xffffffe5][0xffffffb4][0xffffffc0]]2[0xb]\9[0xffffff86][0xffffffd9][0xffffffa5]_[0xffffffe7][0xffffffb8][0xfffffffb][0xfffffff0][0xffffffdb]$[0xffffff82][0xffffffd7][0x1e][0x18][0xffffffed][0x2][0xffffffee]~n[0x1b][0xffffff93][0xffffffb9][0xffffffd3][0xffffffab][0xfffffff0][0xffffffe4]@[0xffffffb9][0xffffffd6][0xffffffb0]K[0x5]jv[0xffffff88]H\b[0xffffff97][0xffffffb8][0xfffffff2][0xffffffc6][0xfffffff6]G[0xfffffff1]q[0xf]!.[0xffffffb1]?[0xffffffc6]][0xffffffdf][0xb][0xffffffbb][0xffffffa4][0xffffff84]8[0xf]DSBL_[0xffffffd2][0xfffffff7]{[0xffffffde]d[0xffffffcc][0xffffff94][0xffffffb8]][0xffffffa1][0xffffffa6][0xffffffd6]B[0xffffffe4]D[0xffffffed][0xffffffd9][0xffffff94][0x12][0xffffffe2][[\n]"
20:21:12.358 [main] DEBUG org.apache.hc.client5.http.wire - http-outgoing-1 << "q[0xffffffbb]o[0x18][0x5]B[0xffffff8c][0x2][0x19]][0xffffffa3][0xffffff8f]B[0x7f][0x7][0xffffff90][0xffffffe2][0xffffffca][0x8]x[0xffffffa5]R\[\r][0xffffff8d][0xffffff89]k/[0xffffff95][0xffffff8c]b[0xffffff80]O[0xfffffff1]q[0xf])[0xfffffffe][0xffffff94]|OH%[0xffffffc0][0xffffffd7][0xffffffc4]w[0x6]Ec[0xffffff92]l[0xffffff86][0xfffffff4][0x13]F[0xffffffb1][0xffffff9a][0x1b][0xffffffc9][0xffffffe3]E[0xffffffad]:[0x14][0xffffffc4][0xffffffe1]_[0xffffffc3][0xffffffaa][0xffffffc3][0xffffffdd]"[0xffffffe2]^[0xffffffab][0x5][0xffffffcc][0xffffffc5]:[0xffffff8d][0xffffffa9][0xffffffb5][0xffffff91]D[0xffffffba]wH[0xffffffcc][0xffffff8a][0xffffffaf][0xffffffde]gH\[0x19][0xffffff8c][0xffffff89][0xffffffcb].UGM[0xffffffa9]0[0x6]o[a[0xffffffd5][0x17]re[0xffffff82][0x16]t[0xffffffc5]jM[0xffffff91][\n]"
20:21:12.358 [main] DEBUG org.apache.hc.client5.http.wire - http-outgoing-1 << "[0xffffffe3][0xffffffed]A[0xffffffd3][0xffffffac][0xfffffff3]/1[0xffffffcc][0xffffffd5]p4X q[0xffffff96][0xffffff8a]}y>[0xffffffd5]~[0xffffffa2][0xffffffb7][0x3][0xffffff9e][0xf]_[0x1e]}[0xfffffff5]Q[0xffffffb8][0xfffffffc][0xffffff8d]D[0xffffff9d][sA[0xfffffff2][0xffffffe1][0xffffffb4]Z[0xffffff94]P[0xffffff8b][0x12]"[0xffffffc2]}[0x7][0xffffffe3][0x13]n_*`sa[0xffffff8d][0xffffff91][0xffffffb9]p4[0xffffff98]X^[0xffffffe8][0xfffffffc][0xffffffc1]^[0xffffff94]mZ[0xffffff94][0xffffffd8][0xffffffb6]"[0xffffffd1]l[0xfffffff6];D[0x1f][0xffffffcd][0xffffffd3][0xfffffff0][0xc][0xffffffdd]D5[0xffffffc0][0xffffff83][0xffffffc4][0xffffffc1][0xffffff9d][0xfffffffb][0xffffffd6][0xffffffdf]D[0xffffffc6][0xe][0xffffffbf][0x1a]A[0xffffffe8][0xfffffffc][0xffffff94][0xfffffff8][0xffffffe2][0xffffff9b][0xffffffc2][0xffffffce][0xffffffe2]K+[0xffffffca][0xffffffe5][0xffffffe2][0xffffffbb];[0xffffff8c]I[0xffffff89][0xffffffaf]Z[0xffffff88][0xffffffb8]-[0xffffff9a])[0x15]S[0xffffffdf][0x15][0xffffffce][0xffffff94]4[0xffffffa5][0x16]"[\n]"
20:21:12.358 [main] DEBUG org.apache.hc.client5.http.wire - http-outgoing-1 << "[0x16]"[0xffffffb6][0xffffff89]oK[0xffffffef][0xffffffe9]D[0xffffffbc][0xffffffcb][0xffffff8b][0xffffffaf]i[0xffffff82]P[0xffffffda];[0xffffffcc][0xffffff82]0[4[0xffffffbe][0xffffffcf][0xffffffe8][0x17][0xffffffea][[\r][0xffffffa4][0xffffff89][0xffffffbf][< [0xffffffa4][0xffffff89]7X[0x4]i[0x1a][0xffffff8d]G[0xffffff9d][0xffffff96]=1:[0xffffffa3]No?HSzO[0xffffffbb]euM[0xffffffc3][0x1c]Y[0x6]^[0xffffff95]N[0xffffff80]h[0x1a][0xffffffd9]N[0xffffffa7][0xffffff83][0xfffffff7][0xffffffaa]-[0xffffffdb]J M[0x17][0x17][0x1c][0xffffffd3][0xffffffe4][0xffffffc7][0x5][0xffffffd3][0xffffffd8][0xffffffdb][0xffffff96][0xffffffff][0xffffff81][0xffffff8f]yf[0x13][0x11]3[0x18][0xffffffd9]bo[0xffffffdc]N[0xffffffec][0xfffffffb]},[0xffffffdf][0xfffffff0][0x1c][0xffffffda][0xfffffff6][0xfffffffb]do[0xffffff86][0xf]+[0xfffffff8][0xffffffc7][0xffffffe8]=[0xffffffef]c|OaA[0xffffffbb]"[0xffffff8f][0xffffffb8][0xb]P[0x0][0xffffff9c][0xffffffd0]F[0xffffffc7][0xffffffe8]>I[0xffffffa1]Z[0xffffffa8][0xffffffa0][0xffffffac]k[0xffffff83]W[0x12][0x10][0x5][0x0]Y[0x18][0xffffff92][0x7f][0xffffffe5]0 [0x3]a=[0x8]E[0xffffffc4][0xffffffff]b[0xffffffc5]X[0xffffffa0][0x10][0xfffffff9]b[0xfffffff5][0xffffff8b][0xffffffb8]"
20:21:12.359 [main] DEBUG org.apache.hc.client5.http.wire - http-outgoing-1 << "*kA[0xffffffcd]G^)W[0xc][0x1a]C[0x19][0xfffffffc][0xfffffff5][0xfffffffc][0xfffffffc][0xffffff8d]6[0xfffffffc]+[0xffffffbc][0xffffffed][0xffffffd9]:[0xffffffb8][0x4]-[0xffffffa0][0xffffffbf][0xffffffb1]4w[0xfffffffa][0xffffffb7][0xffffffce]C[0xffffffe0]>[0xffffffd5]1y[0xffffffee][0x19]k[0x0]`!t[0xffffffab][0xffffffa8]AA[0x4][0xffffffe0]P#A[0xffffffe8]`([0x2]^[0xffffffbb][0x11][0x6]j"[0xffffffd5][0xffffffcc][0x1c][0x1c]4[0xffffffa0][0xffffffa2][0xffffff92][0xffffffa2][0xffffff83]4[0xffffffa8][0xffffffa9][0xffffffa1]x[0xfffffff6][0xffffffe6]U[0xffffff86]'[0x12][0xffffff97][0x12][0xffffffcc]%[0x9]&[0xffffff88][0xffffffa4]l[0xffffffc9]@Y{7}[0xfffffffa]![0xfffffff2][0xffffffb1]lV[0x12][0xffffff97][0xffffffba]r[0xffffffea]Ng8[0xffffff8d][0xffffffff][0xfffffffa][0xffffffcf][0xffffffff][0x1d][0xffffff82][0xffffffdd]2[0xffffffb1]`[0xffffff94][0xffffffa7][0xffffffb2][0xffffff83]3[0xffffffe2][0xffffff82]0[0xf]q2[0x18][0xffffffaf]x[0xffffffc5]=[0xffffffcf][0xffffffe7][0xffffffa0][0xffffff93][0x1c][0x8][0xffffff85][0xffffff97][0xffffffc9][0xffffffbb][0xffffff91]%-[0xffffffa7]H^\<]gf02[0x1][0xffffffab]3H|[0x9][0xffffff84][0xffffffc1][0xffffffbe][0xffffffe6][0xffffffc1]t[0x11]3&[0xffffffd2][0xffffffad]KG[0xffffffb9][0xffffffe8]#&[0x2][0xffffffbf]*t[0xffffffa1]d_[0xffffffe5][0xfffffff6][0xffffffa8][0x13][0x8][0xffffffa4][0x4][0xffffffe8],H[[0x7][0xffffffb1]*F[0xffffffae][0xfffffff0][0xffffffb3]e[0xffffffa7][0xffffffc4][0xffffffaa]#[0xffffffc7][0xffffffe7][0xffffffa4][0xffffffb1][0x19]Lp[0xb][0xffffffcf][0x3][0xffffff9b]`[0xffffff90][0xffffff9c][0xffffffa7][0xffffffa6][0x19]um[0xffffffd8][0xffffffa0][0x1a][0xffffffbe][0xffffff82][0xffffffe9][0x12]6DW[0xffffffea]xm[0xffffffd8]x[0xffffffce][0xffffff83][0xfffffff6][0xffffffb0]qB[0xffffffe3]#=[0xfffffffd]5\[0xffffffd1]![0xffffffef][0xffffff9f][0xffffffa6][0xffffff99]h[0xffffffe0]_[0xfffffffe][0xfffffffa][0xfffffffa][0xffffffe4][0xffffffc5][0xffffff9d]Zin[0xffffffea][0xffffff86][0xffffffbc]j[0xffffffbb]v[0xffffffa7]U[0xffffffda][0xffffff9d]}Z[0xffffffe3]'[0xffffff98][0xffffffaa]i[0xffffff99][0xffffffce][0xffffffd3][0xffffffdc]<[0xb][0xffffffd3][0x4][0xffffffa4]t[0xffffffc5][0xffffffc6][0x11][0xffffff90]5[0xffffff80]|[0xffffffad]_[0x1d]~[0xffffff9c]W[0xffffff85][0xffffffc5]V[0xffffff97]x[0xffffffcd]Hx[0xffffffa3][\r][\r]=[0xffffffc5][0xffffffbd][0x4][0xffffff90][0xffffff98]%[0xffffffd8]9[0xffffff9b]/$[0xffffffaa]VSMG[0xe][0xffffffc3][0xffffff90][0xffffffc8][0xffffff9f]![0xffffffe7][0xffffff95][\r][0xffffffa1]0[0xe][0xffffff91]I[0xffffffc4][0xffffff94]+[0xffffff86]BH[0xffffff8c][0x9][0xffffff9b][0xffffffd4] [0xffffff8c]Y[0xffffffab][0xffffffc8][0xffffff9f][0xffffffc7][0xffffff95]!![0x16][0xffffffbe]G[0x5].%_[0xffffff8a][0xffffffe6][0xffffffad]5[0xffffffc2]/W[0x0]%[0xfffffff1][0xffffff9b][0xffffff8c][0xffffffdf]R[0xffffff82][0xffffff91][0xffffffc6][0xffffffc0]cr[0xffffffd2][0x13]A[0xffffff8c][0x17][0xffffffb3],V[0xffffff80]L[0xfffffff6][0xffffffea][0xffffffe6][0xffffff91][0xffffffe7][0x1c][0x0][0xffffff84]{[0xfffffff1]Cj[0x4][0xffffffa8]![0x14][0xffffff8c][0xffffffca][0xffffff98][0xffffff86][0xffffffee][0x14][0xffffffe5]M[0xffffff93][0xffffff99][0xffffffbf][0xfffffffe][0xffffffe0][0x2][0xf]'[0xffffffb5][0xffffffde][0xfffffff4][0x14][0xffffffd0]![0xffffff98][0x4][0xffffff98][0xf][0xffffff9c]ca[0xffffffd6][0xffffff9a][0xffffffe7][0x17].i\[0xffffff94]{e@[0x18][0xffffffc2][0xffffffed][0xffffffa4][0xffffffec][0x0][0xffffffda][0xffffffa5]sC[0xffffff97]@[0xffffffde][[0x19]&[0xc]o[0xffffff87]0[0x16][0xffffff84]4[0xffffffb2][0xfffffff1]<``6t:[0xb][0xffffffcb][0x2]k[0xffffffc2]_[0xffffff85][0xffffffd0][0xffffffe1])[0xfffffff0]*s[0xffffffe4][0xfffffffe][0xffffff8e][0xfffffff1][0xffffff92][0x1f][0xfffffff6][0x5][0xc][0xffffffbb][0xffffff9c][0x1][0x16][0xffffffe0]k[0xffffffc1][0xffffff8a][0xffffffc1][0xffffffb6]`[0xffffffb8]w[0xfffffff9][0x7][0x2][0xffffffdd]][0xffffffa3][0xffffff9b][0x19][0xffffff90][0xffffffce][[0xffffffe4][0x1f][0xffffffe3][0xffffff82][0xffffffc9][0x1][0xffffffa9]i[0xffffffc7][0xffffff81][0xffffffbf]\[0xffffffa2][0xffffffa9][0xffffffb4]~z[0xffffffce][0xffffffd4][0xffffffb2]o[0xffffffe0]4@Qt[0x17][0xc]F[0xffffff98]V4[0xffffff91])[0xffffff8e][0x7][0xffffff94]`[0xffffffc4][0xffffffa5]`C[0xffffffa4]Jb[0x1f]*[0xffffffb0][0xffffff8b][0x11]%[0xffffffd6][0x10]h[0x16][0xffffffac][0xe]njoP[0xffffffc6]xm[0xffffffdc][0xffffffe1][0xffffffe7][0xffffffdf][0xffffff8e]^[0xfffffffc][0xfffffff8][0xffffffe2][0xffffffe4][0xffffffc5][0xffffffe9][0xfffffff9]oG[0x3][0xffffffed][0xffffffcf][0xffffffef][0xffffffde][0xffffffbd]:[0xfffffffe][0xfffffff7]?[0xffffff86][0xffffffe2][0xffffff91]BP[0xffffffc7][0x11]|[0xffffff87][0xffffff8c][0xffffffb8]E[0xffffffd3][0xffffff8b]![0xffffff9f]Rt<1[0xffffff8e]s[0x1c]l[0xffffff84]|[0xffffffc6]K[0xffffffcd][0xfffffff7][0xffffffa8][0xffffff9e][0xffffffaf][0xffffffec]0[0x1f]Y[0xffffff8e][0xffffffdb][0xffffffa2][0xfffffffb][0xffffff88][\n]"
20:21:12.359 [main] DEBUG org.apache.hc.client5.http.wire - http-outgoing-1 << "[0xffffffb0][0x12]z[0xffffff8b][0xffffffc6][0xffffff97][0x8]|t[0xffffffed]|z,][0xffffffa3]t0[0xffffffa3][0xffffffd6] [0xffffff91][0x4][0xffffffb3][0xffffff95][0xffffffd5]:[0x16]l5[0xffffffc1][0xffffffc6]K2[0xffffffe1]1UY[0xffffffb5][0xffffffe1][0xffffffe2][0xffffffb9][0xffffff9a][0xffffffcb][0xffffff9b][0xffffffde]<[[0xffffffc5][0x5][0xffffffd0][0xffffff86][0xffffffb5]Z[0xffffffe2][0x5][0xffffffa2][0xffffff92][0xffffffc7][0x0]xq[0x1f][0x5]%a[0xffffffa1][0x7f][0xc][0xffffffa0][0xffffff92]L[0xffffffdc][0xffffffb5][0xffffffed][0xffffffb5]?[0xffffffbf]y[0xfffffffd][0xfffffff6][0xfffffffc][0xffffffdf][0xffffff87] [0x18]1[0xffffffad][0xffffff80][0xffffffce][0xfffffff8]6[0xffffffa3][0xffffffde][0xffffffd0][0xffffffc4][0x0]e[0xffffff88]O_[0xffffffec][0xffffffc7]Z[0x17]C[0xb]S[0x9][0xffffffb2][0xffffffd1][0xffffffa9][0xffffffaa]k[0xfffffffc][0xffffffa8][0x1e][0x1] [0xffffff86]y[0xffffffc2][0x1e][0xfffffff9]|[0x14][0x18][0xffffff9e][0xffffff88][0xf][0xffffff84][0x18]8>[0xffffffa2]([0xffffffc8]Le{[0xfffffffd]df4[0xffffffeb]:[0xfffffffe][0xffffff9f][0xffffffec]e![0xffffffbb][\n]"
20:21:12.359 [main] DEBUG org.apache.hc.client5.http.wire - http-outgoing-1 << "FV[0xffffff86][0xffffffa9]B[0xffffffaf]Rt%9Ab[0xffffffa2][0xf]?[0xffffffc2][0x9][0xffffffe9]Z[0xfffffff6][0xffffff8e]d[0xffffffcf][0xffffffed][0xffffff98]X[0xffffffb5][0xfffffff4]Vs[0x16]X[0xffffffd0][0xffffff93]==[0xffffffcb][0xffffffe2][0xb][0xffffffc5][0x1b][0xffffffa2]z[0xfffffff5]D[0xffffffc0][0xffffffa1][0xffffffde][0xffffffa6][0xe];[0xffffff87][0xffffffaf][0xffffff8a]A[0xffffffed]RS,[0xffffffee][0x1e]6[0x1d];[0xfffffff4]r5[0x14][0x17][0xffffff9f][0xffffffa9][0xffffffd9][0xffffff9c][0xffffffd2][0xffffffc2][0xffffffa9]O[0xffffffbc][0xffffffe0].[0x1e][0xffffffbb][0x13][0xffffffa2][0xffffffa3]d[0xffffffa6][0x1][0xffffffa6]&![0xffffffab]4[0x1]{b![0xfffffff0][0xffffffc2][0xffffffc7]M[0xffffffc9][0xffffffcb]g[0xffffffd3]-[s&[0x13][0xffffff84]S[0xfffffffc][0xffffffa2][0xffffffb0]([0xffffffba]x"[0xffffffad][0xffffff8b][0x1e][0xffffffb5]Lg[0xffffff8c]G;[0xffffffbb][0x9]"[0xffffffc0]Q[0xffffff90][0xffffff91][0xe][0xffffffff][0xffffffa0][0xffffff86])[0xffffffcc]O[0xfffffff7][0xfffffff5]*[0xffffffa2][0xffffff84][0xfffffff6][0x19][0xffffff82][0x13][0xffffffc6][0xfffffff6][\n]"
20:21:12.359 [main] DEBUG org.apache.hc.client5.http.wire - http-outgoing-1 << "g[0xffffffee][0x12]h,[0xffffffed][0xffffffc4][0xffffffff][0x4][0xffffffe1][0xffffffb6][0xffffffe2]C[0xffffffd5][0xffffffb4][0xffffffb8]&1[0xfffffff3]dh[0xfffffff1][0xffffff80][0xffffffd0]x[0xffffffba][0xb][0x11][0xfffffff4]e[0xffffffa7][0xffffffe2][0xffffff8a][0xffffff86],}[0xffffff8d]s4.n[0xffffffa5][0xffffffa4][0xffffffd0][0xffffff95][0x15][0xffffffd0][0xffffffc6]0[0xffffff96]5D[0x3][0xffffffe3][0xffffffc1][0xffffffd8][0xffffff81][0xfffffffb]u[0xffffffe6][0xffffff8e][0xffffffa1]e[0xffffffc9][0x1c][0xffffffff][0xfffffffe][0xffffff86][0xfffffff4][0xffffff8d][0xffffff8c])[0xffffff90]a+[0xffffffc0]=[0x1b][0xffffffc8]Z[0xffffffd3][0xffffff8c][[0xffffff96][0xffffffd6][0xffffffc5][0x9][0xffffffa0]:[0xfffffffc]`[0xffffffac]LxrH> [0x13][0xffffffcf][0xffffff9a][0xffffffd2][0x14][0xffffffc7][0xfffffff3]k][0xfffffff2][0xffffffc1])[0xffffffc3][0xffffff9d]>[0xffffffe7]O[0x8]^[0xffffffee][0xfffffff8][0x1a]^[0xb][0xffffffc4][0xffffffe0][0xffffffd4][0xfffffff9]0[0xffffff82][0xffffff96][0x4][0xffffffa9]!;c[0xffffffe1][0xffffffa4][0xffffffe4][0x12][0xffffffb2][0xffffffa7][0x1a][0xffffff8d][0xffffff96]|[0xffffff8c][0xffffff89]G[0x1b].[0xffffffcf][0xfffffff7]g[0xffffffc7])UL[0xfffffff7][0xfffffff6][0xffffff9a]A[0xffffffc0][0xffffffa8][0xffffffc2][0xffffffb3][0xffffffd0]rF[0xffffffec][0x14][0xffffff91][0x1b]{rp[0xffffffa4]h[0xffffffdc]8~[0xffffffc7]Od(H6C[0x19]}[0xffffffe2]8[0xffffffac]h3[0xffffffce][0xffffffec][0x14][0xfffffff1]e:[0xffffffb0][0x1e][0xffffffbb][0xffffff98]c[0x0]xF[0xffffffd4][0x13][\r]Cp[0x5][0xffffffc2][0xffffff8f][0x8][0x12] [0x7][0xffffffd7][0xffffff8e][0xffffffe7][0xffffffc5][0xffffffa7][0xfffffff5][0xffffffdf][0xffffff93]|Ec[0xfffffffa]~X[0xffffffc0][0xffffffde][0xffffffd9][0xffffffd3][0xfffffff3][0xffffffad]h>[0xffffffdc][0xffffffa0][0xffffffca][0xffffffc7]Sx[0xffffffd2][0x14][0xffffffcd][0x7]s+[0xffffffcf][0xffffffd8][0xffffffd9]sb[0xffffffed][0x1][0xffffffae][0xffffffc8][0x1f][0xffffff89]_[0xb]E[0xfffffff3]Q4[0xffffff9f]e8h4[0x18][0xffffffd6][0xffffffad][0xffffff9c]I[0xffffffb6][0xffffffc7]d[0xffffff93][0xffffff9e]f[0xffffffee][0x15][0xffffffe6]SM[0xffffffd1]|2[0xffffffc3][0xffffffab]h>[0xffffff82][0xfffffff7][0xffffffa6]h>,[0xffffffca]P4[0x1f][0x1a][0xffffff85]w[0xb]E[0xfffffff3][0xffffffd9]K[0xffffff8c][0x5][0xffffff93][0xffffff8b][0xb]-[0x11]0[0x12]>[0xffffff90][0xffffffa2][0xfffffff9],j[0xffffffef][0xffffffce][0xffffffd8][0xffffff93][0xffffff8d][0xfffffff0][0xffffffb3])[0x4][0xffffffad][0xffffffa2][0xfffffff9]l[0x18][0xffffff98]4[0xffffffcd][0xffffff87]=[0xffffffb5][0x15]\[0xffffffe7][0xffffff8e][0x4][0x15][0x5][0xffffffd7]y[0xffffffa4][0xffffffe0]:A[0xffffff82]tJ[0xffffff81][0xffffff9c][0x14]\G[0x10][0xffffffad][0x14]\"
20:21:12.360 [main] DEBUG org.apache.hc.client5.http.wire - http-outgoing-1 << "G[0xffffffc1]u[0x14]\[0xffffffa7][0xfffffff1][0xffffffb5][0xffffffc3]u[0xffffffe4][0xffffffca]{[0xfffffff1][0xffffffab][0xffffffdf][[0x13][0x1c]K[0xffffffea][0x1][0x1c][0x1d]"[0xffffffeb][0xffffffd5]h[0xffffffa3]~`[0xffffffbb]I^[0xffffff83]C[0xffffffd1]pD[0xffffff8b][0xffffffd5][0xffffffd0]p[0xffffffb2][0xffffff8d]W@[0xffffffc3]i%4[0x1c]q[0xffffffac]"[0x1a][0xffffffce]3[0xfffffffe][0xffffffea][0xffffffde][0x19][0xffffff9f][0xffffffe3][0xffffffc5][0x18][0xffffffcb][0xffffffd7]f[0xffffffc9][0xffffffc2]f[0xffffffaf]m[0xffffffa0][0xffffffb2]x:U[0xfffffff8][0xffffffa7][0xffffffce][0xffffffcf][0xffffffff]8[0xfffffff5][0xffffffec][0xf]/n^[0x1f][0xffffffbf][0xfffffffb][0xfffffff8][0xfffffffa][0xffffffd9]w[0xffffffdf][0xffffffd1]P_[0xffffffa1][\n]"
20:21:12.360 [main] DEBUG org.apache.hc.client5.http.wire - http-outgoing-1 << "H[0xffffff90]w[0xffffff93][0xffffffb2]_[0xffffff82][0xffffffe2][0xffffffcf]R^[0xffffffe9][0xffffffb5][0xffffff96][0xffffffc8][0xfffffff7][0xffffffe6][0xffffffc5]|[0x1b][0xffffffbc][0xfffffff5][0xffffffbf]\}G[0x17]k[0x1a][0xffffff88]6[0xffffffe8][0xffffffb8]G[0xfffffff8][0xffffffc5]*[0xffffff80][0xffffff8b][0xffffffa3][0xffffffdc][0xffffffd7][0xffffffbf][0xffffffde]iB[0xffffffcb][0xffffffe7]z[0xffffff91][0xffffffe2]z[0xffffffad]o[0xffffffbf][0xffffff97]S-[0xffffffb7][0xfffffffb][0xffffffed])9[0xffffffc5][\r][0xffffffdd][0xffffffc5]2[0xffffff91]o[0xfffffff1]N[0xffffffc4][0xffffff9c]|c[0xffffff87]s[0xffffffb0][0xffffffad][0xffffffb5]|[0xffffffd7]<[0xffffffde]|[0xffffff83][0xfffffffb]f[0xfffffff3][0xffffffe6][0xfffffff7]g[0xffffff90]0L>[0xffffffee]O[0xffffffcb][0xffffffcf][0xffffffe7]"[0xffffffb6]D[0xffffffbe][0xffffff85][0xffffffc3]8[0xffffffdb][0xfffffff2][0xffffffad][0x1e][0xffffff94][0xffffffaa]c[0xffffff9c]|x[0xffffffd5]<=?!SU[0xffffff8e][0xffffffaa][0xffffffc3][0xffffffc5][0xffffffa2][0xffffff80][0xffffffaa]ct[0xfffffffb][0xffffffad][0xffffffb6]e[0xfffffff7][0xffffff9a][0xfffffff0][0xffffffbd][0xfffffff5][0xffffffc7]c[0xffffffcb]@[0x2][0xffffff9a][0xffffffdd][0xffffffb3][0xffffffc7][0xffffff96]nw[0xffffffc6][0xffffffd6]x[0xffffff84]t[0xffffffe0][0xffffffb6][0xffffffd1][0x1f][0x11][0xfffffff3]@X[0x5][0xfffffff0][0xffffffd3]mp:F[0xffffffcd][0xffffffec][0xffffff9d][0xffffff9b]&[0x3][0xffffffe5]l[0xffffffc6][0xffffffe9][0xffffffc8][0xffffffad][0xffffffda]:4[0xffffffaa]"[0xffffff9c][0xffffff8e][0xffffffde]3[0xffffff9b][0xffffffad]n[0xffffffec][0xffffff9b][0x10][0x1f]w[0xfffffff0]M\[0xffffffbf]>~[0xfffffff5][0xffffffe9][0xfffffff4][0xffffffd8].[0xfffffff1]M`[0xffffff9c]7[0xffffffe2]t[0xffffff98][0xfffffff8][0x15][0xfffffff8][0xffffffd6]rs[0x2][)[0xffffff89][0xffffffce][0xffffff9b])[0xfffffff2][0xfffffff7][0xffffffcd][0xffffffad][0xfffffffd]l[0xffffffc5][\r])[0xffffff89][0xffffffde][0xffffff9f][0xfffffff9][0xffffff90][0x1f]I%[0xffffffd1];[0xfffffff9][0xffffffdf][0xffffffb6]!y[0xffffffcc][0xffffffbe][0x1][0x7]\[0xffffff81][0x1][0xffffffae][0xffffffdb]no@[0xfffffff2][0xffffffc4][0xffffffa2]i[0x8][0xffffffd1]\-Q[0xffffffbc][0xffffffcd][0x19]_X[0xffffff80]R[0x1e][0xffffff99]:!y[0xffffffd6][0xffffffb6][0xffffffa9][0xffffffc2][0xffffff81][0x1][0xfffffff5][C[0xfffffff2][0x14]([0xffffffe2]![0xffffffbe][0xe]H$[0xf]S[0xffffffef]N[0xffffffec]@[0x16][0x1f]w[0x17][0xfffffff3]_K[0x1c][0xffffffc8]q[0xffffffd7][0xb][0xffffff90]<J[0xffffffcc]i[0xffffff86][0xffffffc5]_*T[0xffffffbc]][0xffffff80]'[0xffffffcb]+[0xffffffa4][0xffffff8a][0xffffffb7]#[0xffffff96][0xffffffa4]P[0xffffffc8]r[0xffffffcb][0xf][0xffffffd6][0xffffffd7][0x13]o[0xffffff97][0xffffff98][0xffffff99][0xffffffb7][0xffffff8a]y[0xf]f[0xffffffe6]N[0x1]M[0xffffffa2]i[0xffffffc0]P[0xffffffd7][0xffffffda][0xffffffa6][0xffffffe7][0x8][0xffffff82][0xffffff8d][\r][0xffffff88][0xffffffb5][0xffffffb5]@[0xfffffff9][0xffffffde][0xfffffff5][0xffffffbc][0x1a][0xffffffae][0xf][0xffffff8f][0xffffffc6][0xffffffb3]z[0xffffffde][0xffffffdd][0xffffff85](![0xffffff83][0xfffffff3]-z[0xffffff9e]Aa[0x10][0xffffffe6][0xffffff99]A%[0xffffff94][0xffffff9a]+5[0xffffffdf]sQ[\n]"
20:21:12.360 [main] DEBUG org.apache.hc.client5.http.wire - http-outgoing-1 << "%[0x1d]-x[0xffffffe5][0xffffffc6][0xffffffc0] _[0xffffffa3].[0xffffffc9][0x1f][0xffffff9f][0x1][0x17]_[0xfffffffa][0x7f][0xffffffe0][0xffffffdb][[0xffffff86][0xffffffa6]v[0xffffff9b][0xffffffa5][0xffffff86];[0xffffffe3][0xffffffd8][0xfffffff2]Z[0xffffffaa]B[0xfffffff3][0xffffffc3][0xffffff84][0xffffffe6]z[0xffffffbf][0xffffffdf][0xffffffeb][0x16][0xffffff84][0xffffffe6]f[0xffffffbb][0xffffffdf]lw[0xffffff8b][0xffffffe1][0x14])[0xffffffa1]n3[0xfffffff0]DYp[0xffffffae][0xf][0xfffffff8]6[0xfffffff7])[0xffffffe6][0xffffff95][0xffffffc1][0xffffff81]x,[0xffffff9e]]g[0xffffffe9][0xffffffec][0xffffffc2][0xffffffa7][0x10]R[0xfffffffe][0xffffffeb][0xffffff96]u[0xffffff96][0x2]8[0xffffff90][0xffffffd2]q[0xffffffa5][0xffffffe3]J[0xffffffc7]c.[[0xfffffffe]9[0xfffffff0][0xffffff90]V[0xffffffc1]K[0xffffffa2][0xfffffff2]-[0xffffff94][0xffffff8b]&H[0xffffff9b]=[0xffffff8a])[0xfffffff3][0xffffff94][0xffffff8b]V[0xffffffdb][0xffffffd0][0xfffffff5]N!b([0x1d]n[0xfffffff7][0xffffffb6][0xffffffab][0xffffffb8][0xffffffc1][0xffffffb6][0xffffffb9]O[0x15][0xffffffaf][0x6]1[0xffffffc4][0xffffffa3][0xfffffff1][0xffffff98][0xffffffb2])>[0xffffffee][0xffffffbe][0xffffffba]b[0x7f]J[0xffffffde][0x1b][0xffffffe4][0xfffffff9]n[0xffffffb4][0xffffffba][0xffffff92][0xffffffa0]9T(NX[0xfffffff3][0xfffffff5]W[0x1]jaE-[0xffffffac][0xffffffc0]z/[0xffffff97][0xffffffda][0xffffffd8][0xffffff97][0xffffff8c][0xffffff87][0xfffffff2]"[0xfffffff3][0xfffffff6][0x12][0xffffffde][0xffffffea]t[0xfffffff1][0xffffffc2][0x12][0x9][0xc]y[0x9][0xffffffa7][0x0][0xffffffbd]C[0x7f]([0xffffffc0]%[0xffffffa7]#q[0xfffffff6]nqK$^[0x19].y[0xffffffd3]2ye[0xffffffa0]"[0xfffffffe][0xfffffff6][0xfffffff7][0xffffff80][0xffffffa0]"[0xffffffde]`[0x1][0xffffffa8][0xffffffa8]ot[[0xffffffdd][0xffffffd6][0x4][0xffffffef]W[0xffffff9b]N[0xffffff82][0xffffffce][0xffffff99]M3U`[0x5]>[0x7]%[0x14][0x17]Q`y[0xffffff98][0xffffffd3]W[0xffffff8d][0xfffffff4][0xffffff8e][0x9][0xffffff8a][0xffffffa8][0xffffff80]{[0xfffffff3][\n]"
20:21:12.360 [main] DEBUG org.apache.hc.client5.http.wire - http-outgoing-1 << "[0xfffffffb][0xfffffff8][0xffffffe3][0xffffff95][\r];[0xfffffff7][0x10]Y[0xfffffff3][0xffffffae][0x1d][0xffffffa1][0xffffffa8][0xffffff98][0xffffff83][0xffffffdf]:[0x1][0x1c][0xffffffe7][0xffffffd6][0xffffff88][0xffffffd9][0xffffffd8]a[0xffffffab][0xffffffb7][0xffffff96][0xffffffe2]g[0xffffff99][0xffffffef][0xffffffc4]9*[0xffffffc8][0xffffffd6]L[0xfffffffe][0xffffffe6][0xffffff92]sz[0xffffffcc]JB[0xffffffc2]m[0xe][0xffffff80][0x1]k[0xffffff8f][0xffffffbb][0xffffffa9][0xffffff93][0xffffffc6]4{[0xffffffe6][0xffffffd8][0xffffff97][0xffffffc2]Q+[0xffffffcc][0xffffffde][0x4][0xffffffc5] [0xffffff8e][\n]"
20:21:12.360 [main] DEBUG org.apache.hc.client5.http.wire - http-outgoing-1 << "7#[0xf][0xffffffff][0xffffffec].[0xffffff96]pf[0x13]q[0xffffffeb][0xffffffbb][0x9][0xffffffba][0x3][0xffffff83][0xffffffbe]@'[0x10][0xffffffbf][0xffffffe5][0x19]!/[0xffffffa8]en[0xffffffee]ef[0xffffffed][0xffffffb5][0xffffffe6]9[0xffffff9f]`2![0xffffff9c][0xffffff83][0xffffff80][0xffffffc0]<[0xffffff85][0xffffffeb][0xffffff9b][0xffffffc8][0x10][0xc]I[0xffffff84][0xfffffffa]k[0xffffffb0]O[0xffffffcb][0x16]@J[0xffffff80][0xffffffdf][0x1c][0xffffffb6][0xffffffe2][0xffffff80][0xffffffe8][0x11][0xffffffe0][0x0]0[0xffffffe8]B\[0xfffffff0][0xffffff93][0x15]a[0xffffffa4]b[0xffffffe1][0xffffffc9]5[0xffffffd8]T[0xffffffe8][0xfffffff2]Q\[\r][0xffffff90]J.[0x2]][0x11]>[0xffffffe1][0x7]aH[0x4]n[0xffffffd6][0x6]4[0x4][0xffffff8c][0x4][0xfffffffe][0xffffffee][0x1a].q[0xffffffba][0x2]^[0xffffffe2]d[0xffffff97]0[0x1e][0x1a]Z[0xffffffb4][0xffffffb1][0xfffffff4][0xffffffc9][0xffffff99]=[0xfffffffc][0xffffffe1][0xffffffc5][0xffffffb9][0xffffffd6][0x10][0xffffffc5]H[0x1b][0xffffff9f][0xffffff93][0xffffffe2][0xffffffbd][0x7f]P[0xffffff81][0xffffffd6]FRz[0xffffffb0]1[0x1][0xffffffd0]U[0x0]f[0xffffffc8]`[\r]#8s[0xfffffffa][0xffffffe3][0xffffffb7][0xffffff9a]d[0x1b]h[0xffffffc9][0xffffffe6][0xffffff80]ID[0x18][0xffffff89]K[0xffffffe6][0xfffffff1][0xffffffff]!p[0xffffffa6][0xffffffda]KL![0xffffffe7]&[0xffffffe5][0xffffffdc][0xffffffe6]d$[0xffffffea][\r]0[0x8]([0xffffffc4][0x7][0xffffffa2][0xffffff82][0x3][0xffffff9b]wm[0xffffff86]:u[0xffffffda][0xffffff9f][0xffffffff][0xfffffffa][0xfffffffa][0xffffffec][0xfffffffc][0xfffffff4][0xffffffd9][0xffffffc9][0xb]\"f[0x17][0xffffffa7]c[0xffffffc2][0xffffffcc]=[0xffffffa6][0xffffff83][0xffffffa2]I[0xffffff8b][0xffffff9f]|[0xffffff8a]U[0xffffffc4].[0x17]p[0x1]N[0xffffffe3][0xffffffd5][0x1b][0xffffffcd][0xffffffb3]n`Og[0xffffffa6]|i[0xffffffdf].<r2[0xe]op[0xffffffbc][0xfffffff5][0xffffff81][0xffffffb8]p[0xffffffc7][0x7f]4p[0xffffffbf]C[0xffffffbf][0x1a][0xffffffe8]i[0xfffffffa][0xfffffffc][0xffffffd1]0+[0xfffffff9][0xffffffc9][0xffffffbd] [0xffffffc9][0x5][0x1c]cE[0xffffffdc][0xfffffff3][0xffffffa9]([0xffffffae][0xffffffb8][0x7f][0xffffffea]X[0xffffffd6]i8[0xffffff9b][0xffffffcc][0x11][0xffffffa2][0xffffff92]v[0xffffffd8]H[0xffffffea]s>[0xffffff91][0xe][0x7f]:Q.[0xffffff90][0xffffff98]X4P[0xffffff91][0xffffffbf][0xffffffac]y[0xffffffd4]>[0xffffffc8][0x1a][0xffffff80][0x6][0xffffffd1]X0q[0xfffffffe][0x18][0x15][0xfffffff1][0xffffff9e][0x1c][0xffffffcc][0xc][0xffffff8c][0xffffff82][0x5]X[0x4][0xffffff9d][0x0][0xffffffd8]D[0xfffffff8][0x19][0xffffffb7]^[0x1d][0xffffffa4]"[0xffffffcc][0xffffffd5][0xffffff89][0xffffff83][0xffffffe2][0xffffff95][0xffffff98][0xffffffb6]Dcp[0xffffffe1][0xffffff99][0xffffffe6]#*[0xffffff8d][0xfffffff3][0xffffff9d][0xe]mO[0xffffffd0][0xffffff80][0xffffffb4][0xffffffdb][0xfffffffe][0xffffff97]d[0x12][0xffffffd3][0xffffffc8][0xffffffc2]3/[0xffffff80]#[0xffffffda][0x10][0xffffffe7][0x1d][0xfffffff9]4[0xffffffdf][0xffffffd0]#0f[0xffffff9c]:[0xffffffac][0xfffffffa][0xffffffc0] [0xffffffd0]Gb[0xffffff8c][0xe]a[0xffffffa8][0xffffffc7][0xffffff9d][0xffffffc7][0xffffffea]9j[0xffffffda]0[\n]"
20:21:12.360 [main] DEBUG org.apache.hc.client5.http.wire - http-outgoing-1 << "V[0xffffffce][0x10][0xffffffa8][0xffffff81])[0xffffff98][0xffffffc0][0xffffffa0]'L[0xffffffe8]<h/[\r][0xffffffc8])[0xffffffdc][0xfffffff8][0xffffff9e][0x17][0xffffff82][0xffffffe5][0xffffff80][0xffffff8a][0xffffff8a]Cw1[0xfffffff1][0x1f]?[0x19]>[0xffffffd5][0xffffff86][0xffffffc0]`,[0xffffffd8]O@}[0xffffff88]V[0x18]&[0x1][0xffffffbf][0xffffffc3]"
20:21:12.360 [main] DEBUG org.apache.hc.client5.http.wire - http-outgoing-1 << "[0x1e][0xb][0x2][0xffffffe0][0xffffff80][0xffffffbd]  [0x7][0xffffffe2][0xffffffe0]RTj[0x19]<[0x1][0xffffffa1][0xffffff9f][0xffffffd0][0x1b][0xffffffa2]5[0xffffffe0][0x8][0x10][0xffffff88]:[0x7f][0xffffffc4][0xffffffd4][0xffffffc7]nHl[0xffffff99][0xfffffff1]K?[0xffffffa0]Wf[0xffffffe8][0xffffffda]0u[0xffffff8e][0xfffffffc][0xffffffa0][0xffffffb8]&[0xffffff84][\n]"
20:21:12.360 [main] DEBUG org.apache.hc.client5.http.wire - http-outgoing-1 << " #[0xffffffbf][0x1c][0xffffffab][0x7f][0xffffffff]N[0xffffffeb][0xffffffb4]9U[0xffffffca][0xffffffca] xX[0xffffffb3]t[0xffffff82]@[0xffffff9b]x[0xffffff98][0xffffffd5][0xffffffc0][0xffffff80]H([0xffffff84][0xffffffdc][0x10][0xfffffffc]0[0xffffffd9]IR[0xffffffd1]5[0x4][0xffffffcc][0xfffffff9]*[0x0]#[0x7]#[0x4][0xffffffc5][0xffffffe1][0xffffffe4][0x1c][0xffffffba][0x13][0xffffffac]`[0xffffffde][0xffffff9d]M[0xffffff9e][\n]"
20:21:12.360 [main] DEBUG org.apache.hc.client5.http.wire - http-outgoing-1 << "d[\n]"
20:21:12.361 [main] DEBUG org.apache.hc.client5.http.wire - http-outgoing-1 << "[0xffffffe3][0xffffffff]$[0xffffffe4][0x6][0x1a][0x8]N*[0x1b]c[0x1f][0xffffffa1]f4B8#[0xe][\n]"
20:21:12.361 [main] DEBUG org.apache.hc.client5.http.wire - http-outgoing-1 << "[0xffffffa2][0xffffff96]"[0xffffffde]av[0xffffff83]@[0xffffff9f][0xffffffec],[0xffffff8a][0xffffffe6]9[0xffffff93][0xffffffb1][0x14][0xffffff8a][0xffffffe6][0x19]a[0xffffffaa][0xffffffd2][0x2][0xffffffc3][0xffffffee]l[0xffffffa1];e[0xffffffc2]*[0xffffffcf][0xffffff8e]t[0xffffff9d][0xffffffb1]10[0x9][0xffffff89][\r][0x2])[0xffffffa7][0xffffffcb][0xffffffce][0xffffff8e][0xffffffc3][0xffffffda][0xffffffa2][0xffffff9e][0xffffffa4][0xffffff88].[0xffffffa8][0xffffffc0][0xffffffcc][0xffffffcb][0x0]C[0x17][0xffffffc4][0xffffffec]NC[0x1b]0[0xffffff81]9[0xffffffc1][0xffffff8b]1[0xffffff84][0x4][0xf][0x5][0x7][0xffffff98];c*\[0x1a]02I[0xffffffa2][0xffffffbe][0x10]#1[0x10][0xffffff98][[0xffffffb8]u[0xffffffe2][0xffffff87][0x7]Z[0xffffffe7];[0xffffffef]p*[0x19]([0x8][0xffffffa9]=o*[0xffffffe9]4[0xffffffce][0x2][0xffffff83][0xffffffcf][0xffffffe0]-L[0xffffff96][0xffffffaf]H[0xffffffd5][0xffffff80][0xfffffffe]Y[0xfffffffa]K[0xffffff86][0xffffff96][0x3]T[0xffffff86]O[0xffffffa2]I[0x0][0x18][0x11][0xffffffb1]Ch[0xe]Z[0xffffffd1][0x7f][0xfffffffd][0xffffffe7][0xffffffff]/[0xffffffc0]![0xffffffec]AGh7[0xfffffff4][0xb][0xffffffbf]E[0xffffffa7]hp02[0x5][0xffffffd2][0xffffffce][0xffffff9b]"[0xffffff82][0xe][\n]"
20:21:12.361 [main] DEBUG org.apache.hc.client5.http.wire - http-outgoing-1 << "[0xffffffbc][0xfffffffb][0xffffff97][0xfffffff4]l[0xffffffc4][0x1d]&[0x6][0xffffff99]!t@[0x10]Aq[0xffffffd3][0xffffffb4][0xfffffff2][0xffffffb1][0xffffffab][0xffffff88][0xe][0xffffffd2][0xffffffd8]cF[0xffffffe0]h[0xffffffce][0xffffff84][0xffffffb0]3[0xffffff98][0x4][0xffffffac][0x10][0xffffffba]&[0xffffffca]=[0xffffffc7]@4[0x14][\n]"
20:21:12.361 [main] DEBUG org.apache.hc.client5.http.wire - http-outgoing-1 << "N[0xffffff95][0xfffffff3][0xffffff8d])[0xffffff80][0xffffff9b][0x1e]S[0x9]6')[0xffffffa1][0xffffff9d]6[0x1c][0xffffff88][0xffffff87][0xffffff96]07[0xffffffa7][0x1f][0x12][0xffffff81][0xffffffe3][0xffffffce]W[0xffffff99]{!G2y[0xffffffce][0xffffff99]w[0x18][0xffffffdb][0xffffffe1]s[0xffffffae])[0xffffffb5]s<[0xffffffc8][0xffffff87]t*[0x12][0xfffffff9][0x0][0xffffffe8][\n]"
20:21:12.361 [main] DEBUG org.apache.hc.client5.http.wire - http-outgoing-1 << "[0xffffffe1][0xffffffc6]i:[\r]W[0xffffffd1][0xffffffa4][0xffffffd6][0x1b][0xffffffd2][0xffffff8f][0x13][0xfffffff7][0xffffffa3][0x1c]+[0x6][0xffffffcb]k[0x18]u#[0xffffffc7][0xffffffd3][0x19][0xffffffad][0x12]hL[\r]w[0xffffffa1]g}[0xffffffa4][0xffffff98][0x1][0x3][0xffffff8f][0xb][0xffffffc0]yI[0xffffff9f][0x18][0xe][0xffffff87][0xffffff8e]&Kb[0x13]*[0xf][0xffffffd7][0x11][0x12][0xffffffc9]&0[0xffffff9b][0xe][0xffffffb8][0xffffffc7][0xffffff99][0xffffffa7]R\g[0xffffffa2]xq[0xffffffac][0xc][0xffffffb5]u[0xffffffe8][0xffffffc1][0xffffff94][0xf][0xffffff8a][0xffffffd4][0x15]f[0xffffff83][0xffffff86][[0xc][0xffffff8f]\[0xc][\n]"
20:21:12.361 [main] DEBUG org.apache.hc.client5.http.wire - http-outgoing-1 << "[0xffffffd5])[0xffffffc7]Ef'[0xffffffb2][0xffffffb1]D[0xfffffff1][0xffffffad].[0xffffffea][0xffffff86][\n]"
20:21:12.361 [main] DEBUG org.apache.hc.client5.http.wire - http-outgoing-1 << "[0xffffffc5]Oh [0x8][0xffffffda][0xffffff94]-Z[0xffffffac][0xffffffb1][0x1e]\[0xffffffb9][0xffffffce]5[0xfffffff1][0xffffff8e][0xffffff9e][0xffffff92],[0xffffffb1][0xffffffdf][0x8][0x12][0x10]z,[0xffffffc2][0x1b]v&[0xffffff88][0xfffffff9][0xf]ZWV[0xffffffe6][0xffffffa4]o[0xffffffae]+k[0xffffffa0]<,[0x15][0xffffff96][0xffffffc5][0x7f][0xe]QX[0xffffffd6]8Pe[0xffffffd9][0xffffffa6][0xffffffd9]j[0xffffffe1][0xffffff9d][0x5][0xffffffc6][0xffffffe3]P[0xffffffb9][0xfffffff4][0xffffffa2][0xffffffc5]jr[0xffffffe9][0xffffffb3][0xffffff8d]W[0xffffff90]K[0xf][0xffffffa2][0xffffff95]L[0xffffffbb][0x14][0xffffffc7]R[0xffffffb9][0xfffffff4]*[0xffffffb7]'[0xffffffda]#]E[0xffffffbd][\r][0xffffffde]c[0xffffffb0][0xffffffbe][0xffffff9e][0xffffffdc][0xffffff9e][0xffffff8d][0x15]j?[0xffffff9d]|[0xfffffff8]I?=[0xffffffbf][0xffffffa4][0x5][0xffffffec]\.=[0x17][0xffffff8b][0xffffff82]\[0xfffffffa]9j,3[0xffffff8b][0xffffffcd][0x1d]2[0xffffffe5]{[0xffffffa8]'[[0xffffffd3][TRVo[0xe]Z[0xc][0xffffff96]]Xx[0xffffff96][0xffffffad]f[0x19]([0xffffffc2]h[0xe]Z[0x15][0x15][0xffffff9e]E[0xfffffff2][0x12][0x1e][0x13]2[0x17]G|[0xffffffda][0xffffffbe][0xfffffff8]?m[0xffffff9f][0xffffffb2][0xffffffb1][0xfffffffb][0xffffff89][0xc]D[0x1b][0xffffffea][0xb]`[0xc]k[0xfffffffc][0xffffffbb]F[0x1d][0x3]Y[0xffffff9f][0xffffffd2]0[0xffffffab]\[0x1c][0xfffffff5][0x2][0x0][0x9]5[0xffffffb7][0xffffffca][0xffffff98]Q[0xffffffb9]8[0xffffffff][0xffffffcd]2+[0xffffff9b][0xffffffdd][0x16]i[0xffffffd3][0xfffffffa][0x1b][0xffffff80]v[0x1b].[0xffffffd1][0xfffffff5][0xfffffff5][0xffffffff][0xffffff94][0xffffffae][0x1a][0xffffffdd][0xffffff81][0xffffffa9][0x17][0xffffffad][0xffffffff][0x17]mS[0xffffffc5];\[0xffffff88][0xffffffdf]Z[0xffffff9a][0xfffffffc][0xffffffba] [0x1e]0K[0xffffff9e][0xffffffa4][0xfffffffb][0xffffffff][0xffffffb6][0xfffffff7][0xffffffad][0xffffffcb]m#i[0xffffff96][0xffffffaf][0xffffff82]p[0xfffffffd])[0xfffffff7][0xffffff9a][0x12][0xffffffae][0xffffffbc][0xffffffed][0xfffffff6][0xfffffff6][0xffffffb8],W[0xffffffb5][0xffffffab]K[0xffffff92][0xffffffcb][0xffffffa6][0xffffffab][0xffffffba][[0xffffffed][0x10]A[0x12][0xffffffa2]`[0xffffff81][0x0][0x7] usT[0xffffffc4][0xffffffbc][0xffffffc6]D[0xffffffec][0xfffffffe][0xffffffdd][0x7][0xffffff9b]'[0xffffffd9][0xfffffff3]}[0xffffff99][0xffffffb8][0x10][0x4][0xffffffaf]&4[0xffffffdd][0xffffffae][0xffffff9c][0xffffff98][0xffffff8a]6[0xffffffc4]Df"[0xffffff91]y[0xffffff90][0xfffffff8]p[0xffffffbe]s[0x1c]=[0xfffffffd][0xffffff8c]+[0xffffff8f][0xffffffb6][0x4]r[0xffffffe3][0xfffffff4][0xffffffe4]t[0x3][0xffffff90]C[0xffffffba]v~[0xf][0xffffff9f].[0xffffff85][0xffffffe4]*'u[0xffffffc4][0xc]H[0x1][0xffffffc7][\n]"
20:21:12.361 [main] DEBUG org.apache.hc.client5.http.wire - http-outgoing-1 << "[0xffffffc9][0xffffffe7][0x3][0xffffff91][0x12]M[0xffffffca][0xffffffbf][0xffffffe5][0xffffff8f][0xfffffffb][0xffffffbf][0xffffff97]O[0xffffffb9][0xffffff9b]8[0xfffffff2]V[0x7][0xffffffce]^&[0xffffffc8][0xffffff93][0xffffffe5]o[0xffffffb9]f[0xffffffab][0xffffffd3][0xffffffae][0xfffffff8][0xffffff92][D[0xffffffe9]NW[0xffffffaf]d[0xffffffe3]T[0xffffff95]yJ$/![0xffffffe2][0xffffff81][0xffffffa1][0xffffffdc][0xffffffee][0xffffffb4]e[0xffffffb4][0xffffff82][0xfffffff7][0xffffffe4][0xffffff9d]R"?[0x12][0xfffffff8][0xffffff83][0x1f][0xffffff83][0xffffffc1][0xf][0xffffffbf]\[0xf][0xffffffcd]_[0xffffffbe][0x1b]Zg[0xffffffc1][0xffffffe8]D[0xffffffec][0xffffffc9][0xffffffcf]{[0xffffffe3]m[0xffffffa0]\[0xffffffa5];!IEA[0xffffffb9][0xffffff82][0xfffffff2][0xffffffad][0xffffff93][0xffffff95]~'[0xffffffac][0xffffff9c][0xffffff8d]P[0xe][0xfffffff2][0xffffff8d][0xffffffa1]W[0x10][0xffffffe4]-[0xffffffa3][0xffffffd9][0xffffffb6][0xc][0x1b][0xffffffbf][0xffffff94]y9E[0xffffffa4]nw[0xffffff9d][0xffffff8d]h[0xffffff8e]2[0xffffff9d][0xffffffba][0xffffffb8][0xffffff95][0xffffffab][0xfffffff6][0xffffffe5][0xffffff8c][0xffffffe6][0xffffffb5][0xffffffa4];[0x9][0xfffffffc][0xffffffee],[0xffffffa0]9[0x6]i[0xffffff93][0xffffff83]c[0xffffff8a][0xffffffe6]7[0x1b][0xffffffd0]\%;[0xffffff89][0xffffffa0][0xffffffa4][0xffffffc2]r[0xffffff85][0xffffffe5][\n]"
20:21:12.361 [main] DEBUG org.apache.hc.client5.http.wire - http-outgoing-1 << "[0xffffffcb][0xffffffe1][0xffffff90][0xffffff9d][[0x7f][0x1d]o[0xffffffc2]r[0xffffffd3]6[0xffffffac]6m-[0xffffffcb][0xffffffdb][0xfffffff2]V[0xffffffdb][0xffffffb0]-[0xfffffffa]a[0x1d][0xffffff94]cc^[0xffffff99][0xffffffb9]Z[0xffffffda][0xffffff98]s[0xffffff99][0xffffffa7][0xffffffdc][0xffffff98][0xffffffd7][0xffffff95][0xffffffec][0xffffffc4]@[0xffffffde].FXp[0xffffffb4]5[0xffffff90]o[0xffffff8c][0xffffffb0][0xffffffa8]T'[0xffffffb5]#[0xffffff9f][0x11]gP[0x5]W[0xffffffb6][0xffffff94][0xf][0xfffffff8][0xffffff9d][0xffffffec][0xffffffc8]7[0xffffffa4]:[0xffffffd9]M[0xffffffb3][0xffffffa9][0xffffffeb][0x0][0xffffffa2]2[0xffffff88][0[0xfffffff4]5+R[0xffffff9d][0x16][0xffffffb7][0xffffffe3][0x6][0xb]u[0xffffff95]i[0xfffffff2][0xffffffa5]2[0xffffffb5][0xffffffa5]:[0xffffffad][0xffffffda][0xffffff8e][0xffffffd7][0xffffff92][0xffffffea]$[0xffffff82][0xffffffe2][0xffffffc5]o[0xffffff9d][0xffffff8e][0xffffffbe][0xffffff85][0xffffffec][0x0][0xffffffef][0xffffffc4][0x11]"[0xffffffdf][0xfffffff4][0xffffffad]S%:)[0x0]W[0x0][0xffffffbe][0xb][0xffffffa1]F[0x1][0xfffffff8][0xffffffa3][0xfffffff7][0xffffffac][0xffffffeb][0xffffff98]MDN*>s[0x1a][0xffffffa6]a[0x1b][0x1c]kY[0xffffffbf][\r]7[0xffffffb7][0xffffffd8][0xffffff86][0xffffff8b]2O[0xffffffb9][\r][0xffffffaf]-[0xffffffd3]Ips[0xe][0xffffff98][0xffffffe9]$*[0xffffff94][0xffffff99]N[0xffffff9c][0xffffffde][0xffffff90][0xffffff9a]uS[0xfffffffe][0xffffff81][0xffffffeb][0xffffff87][0xffffff94][0xffffff9b][0x13][0xffffffc2][0xffffff9e][0xffffff92][0xffffffd2]B[0xffffffae][0xffffff88][0x11][0xc][0xffffffba]41[0xffffffe9]s[0xffffff9e],s[0xffffffc2]E[0xffffffce][0x12][0xfffffff3][0xffffffde]A[0xffffff9b][0xffffff85]k[0xffffff90]y[0xffffffa4][0x13][0xffffffcd][0xffffff9e][0xfffffff2]{[0xffffffee]@[0xffffff92][0xffffff86]u#[0x19][0xffffffb2][0xffffff82][0xffffffc2][0xe][0xffffffde]9[0xfffffff3][0xffffffd3][0xffffff91][0x7][0xffffff80],[0x8]v[0xffffffd1][0xffffff94][0xffffffb9])Dl[0xffffff85][0xffffffd5]*[0xffffffd5][0xffffffb1][0xffffffc0]Xg[0xfffffff3]G[0xffffffb6][0xfffffff7][0x1c]y.[0xfffffff8][0xfffffff7]L[0x11][0xffffffff][0xfffffff1][0xfffffffd][0xfffffff9]Y[0xffffffe6][0xffffff95][0xffffffc9][0xc][0xffffffe3][\r][0xfffffff9]"
20:21:12.362 [main] DEBUG org.apache.hc.client5.http.wire - http-outgoing-1 << "[0x0][0xffffffa8][0xffffff9c]sU[0xfffffffa][0xffffffd5]Y;[0xffffff92]G{[0xfffffffc]9[0xfffffff5][0xffffff84][0xffffffa5][0xc][0xffffff96][0xffffff99];E[0xffffffa6][0xffffff93][0xffffffcc][0xfffffff9][0x11][0xffffffcc]d2&[0xffffff95][0xe][0xffffffae]E[0x16][0xfffffff6]_p[0xffffffa1][0x13][0xffffffed]/[0xffffffee]l[0xffffffa1][0x17]K[0xffffffd9][0x0][0x17][0x19][0xffffffcf][0x1b][0x9]*[0xffffffc8][0x11][0xfffffff9][0xffffff88][0xffffffac]#([0x8][0xffffff8f][0xffffff88]3[0x1d]a[0xffffffd8][0xffffffac]v[0xffffffc9]y[0xffffffb4][0xffffffc4][0xffffffe5]F[0xffffffb6]H[0x2][0xffffff9a][0xfffffffb][0xffffffa8][0xffffffa8]F[\r]?dP[0xffffffd9][0xfffffffb]2[0x1d][0xffffffa5][0xfffffffc][0x13][0xffffffc6][0xffffff9f][0xffffffcd] E[0xffffffef][0xffffffc1][0xffffff90][0xffffff8f]0[0xfffffffe]D[0xffffffb4][0x7][0xffffffc1]9[0xffffffcd]Z[0xffffffe2]%[0xffffffb6]`[0xffffffcc][0xfffffffa][0xffffffb2][0xffffffc4][0xffffff83][0x16]7[0x14][0xffffffe9]"[0xffffffcc][0xffffffd1]/[0xffffffde][0x1d]t;[0xffffffab][0xffffff94][0xffffff92]Y[0xffffffb8]{2[0xffffffdf]g[0xffffffa1]_}L[0x13][0xfffffff0][0xffffffc7]\[0xffffffca][0xffffffc9]`[0xe]sj[0xffffffcb]YyM9G[0xffffffbf][0xfffffffa][0xffffffc2][0x16],[0xffffff9c][0xffffffd9][0xffffff9a]T[0xfffffff6][0xffffffad]0[0xffffffbf]D[0x1d][0xffffff99]/&[0xffffffcd]Z[0xfffffff6]([0xffffffc5][0xffffffb4]dOz[0xffffffca]nK[0xfffffffd]GK[0xffffffee][0xffffffc0][0xffffff8d]d[0xfffffff6][0x10][0xffffffc8]l[0xffffffb4][0xfffffff2]([0xffffff91][0x5]4[0xffffffcd][0xffffffc8][0xffffffec]Nk[0xffffffda][0x9]2:[0xffffffa2];[0xffffffd0][0xfffffffe]b[0xffffffe2]p{[0xffffff9c][0xffffff9b][0xffffffb0]`>[0xffffff9c][0xffffff9a][0xfffffff8][0xffffff8a]zG[0xffffff9c][0xffffff94]$[0xffffffeb]Mo[0xffffff8c][0xffffffb4]v%/To[0x2][0xffffffb6][0xffffffb7][0x1b][0xffffff93][0xffffffef]1q[0xffffffe9]Q[0x17]{[0xffffffa4][0xffffffa6]v[0xffffffd5][0xffffffa9][0xffffff81]p[0xffffff82][0xffffffa4][\r][0xffffffa2][0xffffffd4][0xffffff8b][0x1a][0x6][0x1e].[0xffffff90][0xffffff9a][0xfffffff6][0xffffffe0][0xffffff83][0xffffffae][0xffffffd3][0xfffffff5][0xffffff91][0xffffffe7]k[0xffffff81][0xffffffe1][0xffffffde][0x1f][0xffffffcd]1[0xffffffe5]p[0xffffff9b]S[0xffffff93][0xffffffec][0x9][0xffffffe6][0xffffff9d][0xffffffb4][0xffffffe4]u[0x3][0x1a][0xffffff89])[0xffffffdd]^[\r]K[0x12][0xffffff85][\n]"
20:21:12.362 [main] DEBUG org.apache.hc.client5.http.wire - http-outgoing-1 << "[0xffffff9e][0xffffff9f][0xffffffeb]'[0x3]5X<[0x11]Y>[0xfffffffe][0x4]:[0xfffffff9][0xffffffb8]%i[0xffffffd6][0xffffff92][0xffffff9c][0xffffff9a]X[0xfffffffd][0xffffffe5]>[0xffffffa4][0xffffffb7][0xffffff91][0xffffff9c]k)-[0xffffff85][\r][0xffffff92][0x9]d[0xffffffe0][0xffffffdd]L[0xffffff99]-i[0xfffffff2][0x9]7@@#{G[0xfffffff9]/[0xffffff84]M2[0x7f][0x9]&[0xffffffb1]>F_f[0xffffff8f]P[0xffffff8f]R[0xffffff9f][0xfffffff9][0xfffffff4][0xffffff9a][0xb][0xffffffe3][0xfffffff0]S4[0xffffff86][0xffffffb1]3%[0xffffff83]a[0xffffffc0][0xffffff90]{,3[0xffffff9f][0xffffffbc]{d[0xffffffce][0xffffffd0][0xffffffbf][0xb][0xffffffce][0xffffffba][0xffffff9c][0xfffffff6]H[0xffffffc3]+[0xffffff86]x[0xfffffff3]@ 1K[0xffffffd6]-RZ[0xfffffffc][0x9][0xffffffa6][0x1f]r[0xffffffda][0x2]F5[0xffffffad][0xffffffd0]b![0xffffffad]1M[0xffffff87]BzTC[0xffffffde]6J[0xffffffab]d4[0xffffff96][0xffffffe9]:[0xffffffe9][0xffffff90][0xffffff88]Z[0xffffffe4][0xffffff94]([0xffffffa6][0x1][0xffffffe4][\r][0xffffffe3][0xc][0xffffffb9][0xffffffb2][0x0][0xffffff98][0xffffff9c][0xffffffdc][0xffffff87]z[0xffffffe9][0xffffffba][0xffffff90]x[0xffffff99]_Zq^d[0xfffffff3]-[0xffffff9d][0x18][0xffffff98][\n]"
20:21:12.362 [main] DEBUG org.apache.hc.client5.http.wire - http-outgoing-1 << "[0xffffffee]h[0xffffffc4][0x19][0x10][0xffffffa0]:[0xffffffc0]j[0xffffff97][0x13]8[0x16][0xffffffa6][0xffffffcb].[0xffffff83][0xffffffd2]_j[0xffffff80][0xffffff96]"[0xffffff81][0xffffffb1][0xffffffb8][0xffffff9c][0x15][0xffffff88]Ly[0xffffff94][0xffffffdc][0xffffff8d]c[0xffffffd9][\r][0xffffffce]IA[0xffffff9e][0x10]<[0xffffff8b][0xffffff91][0x1e][0x16][0xffffffc5][0xf][0xffffff85][0xffffffd9]#j[0xffffffaa][0xffffff9e]Bl:/[0xffffffae][0xffffff87][0xffffffa6][0x10]_[0x12][0xffffffc6][0x3][0xffffffb7][0x5]5![0x1f][\r][0xffffffe3][0xffffff94]'[0xffffffa5][0x16][0x6][0xffffffe6][0xfffffffd][0xffffff9f]_[0x1a]<[0xffffffe7][0xffffffb0][0xffffffae]eB[0xffffff88][0xffffff98]14[0x1a]<[0x1f][0x3][0xffffff9a][0xffffffe9][0xffffffa8]*[0x7f]@b^R[0xffffffee]+N[0xffffffc8]G[0xffffffa8][0xffffff87][0xfffffff9]Hu[0xffffff89][0x4]'[0xffffffd4][0xffffff87][0xffffffbc]MY%[0xffffff8c][0xffffffae])3[0xffffff90]3[0xffffffd4][0xffffffe8])[0xffffffb8]`[0x6][0xffffff8c][0xffffffa4][0xffffffac]4_[0x13][0x11]~[0xffffffac]h[0xffffffa4][0xffffffc6][0xfffffffb]t[0xffffffdd][0xffffffe9][0xffffffac]H[0xffffff9b][0xffffffc7][0xffffffb0][0x18]&-[0x9][0xffffffd9]4R[0xfffffffd]8[0xffffffa7][0xffffff89]0[0x3][0xffffffd5][0xffffff8b][0xffffffb1][0xffffffc9][0xffffffda][0xffffffb8][0xffffffe2]zC[0xffffffed][0x1a]I[0xffffff90][0xffffff94][0xfffffff9]K[0xffffffc9][0xffffff86]r[0xffffffb6]ya[0xffffff82][0xffffffcc]Fz[0xffffffc0]a[0xffffffda]"[0x9][0xffffff99][0xffffffbd][0xffffffc3]E[0xfffffffa]\6.[0xffffffca]c[0xffffff97][0xffffffb3]B[0xffffffdf]y[0xffffffc9][0x14]([0xffffffe9][0xffffffed]h[0xffffff85][0xffffffaa]<v[0xffffff95][0xffffffc7][0xffffffee][0xffffffec],[0xffffff9a][0xffffffe5][0x9][0xfffffffd]b[0xffffff9b][0xffffffa1]<v[0xffffffe5][0xffffffaa][0x1a][0xffffffce]v\Q;[0xfffffff8][0xffffffbd][0xffffffc2]FXd[0xffffff9d][0xffffff93][0x3]![0xffffffa1][0xffffffe2]E[0xffffffff]Mx[0xffffffeb][0x6][0xfffffffe][0xffffffe8]U[0x14][0xffffffc5][0x0]`[0x12]J[0xffffffd8][0xffffffb1]yN[0xffffffa5]F[0xffffff9a][0xfffffffa]|r[0xffffffc4]~}0[0xffffffc8][0xffffff9c][0xffffffcd][0x13]65[0xfffffffc][0xffffff86][0xffffffd2]X[0xfffffff1][0xffffff9e]s[0xffffffb4][0xffffffdc][0xffffff88]h[0xfffffffc][0xffffffd4][0xffffffbd][0xffffffc7][0x3][0xffffffe4][0xffffffd1][0x13][0xffffff9d][0xffffffda][0xffffffb1][0xffffffe1][0x1d][0xffffffae]{[0xffffffb1][0x1d][0xffffffd9]6[0xffffffb2]W[0xffffff9f][0xffffffa4][0xffffffed][0xffffff85]vD[0xffffffdb]H[0xffffffd9][0xffffff97]v[0xffffffaa][0xfffffff5]]s[0xffffffde][0xffffff86]l3z?[0x1f]^[0xffffffe3]>[0xffffffdf][0xfffffff8][0xffffffbb]b[0xfffffff6]6[0xffffffb7][0xfffffff8][0xffffffac]P[0xffffffbd]h[0xffffff90][0xffffffe6][0xffffffd8]v[0xf][0x9][0xffffffe5][0xffffffb1][0xffffffab]<viC[0xffffff91]b[0x12] $[0xfffffff0][0xffffffa4][0xfffffffd][0xfffffffc][0xffffffbb]T(b[0xffffffc7][0xffffff95][0xffffffb2][0xffffffcd][0xffffff9c][0xffffffad]lGL[0xffffffde][0xf]![0xffffffe9]9[0xfffffff4]"[0xffffffc4][0x19]H[0xffffffeb][0xffffffe2]="[0x4]^XC[0x17]*[0xffffffdb]I[0xffffffbb][0xffffffa0]<v[0xffffff95][0xffffffc7][0xffffffae]|t[0xffffffbe][0xffffff8c][0xffffffc7][0xfffffff3][0x9]^[0xffffffd5]xj@[0xffffffb5][0xffffff81][0xffffff9e][0xffffffd9]Y[0xfffffff8][0xffffffca][0x1f]}[0xffffffdc][0xffffffdb][0xffffffd6]My[0xffffffec]*[0xffffff8f][0xffffffdd]j[0xffffffdf][0xffffffd3]B[0x18][0xffffffec][0xffffffe2][0x4][0xffffffc1]4[0xffffff84][0xfffffff5][0xffffffe4][0xffffffa6][0xffffffa5]0[0xffffffdb]v[0xffffff91][0xfffffff3]P[0x1e][0xffffffbb][0xffffffca]c[0xffffffd7][0xffffffab][0xffffff9e]k[0x8][0x7]7[\n]"
20:21:12.362 [main] DEBUG org.apache.hc.client5.http.wire - http-outgoing-1 << "[0xffffffe1]`[0xffffffc8][0xffffff9d] [0xfffffff0][0xfffffffb]2[0xfffffff0]bH[0xffffffc8]@[0xffffffa4]j[0xffffffcf][0x9][0xffffff97][0xffffff90][0xffffffe2][0x19][0xffffffb6][0x12][0xfffffff1][0xffffffac]ARW[0xffffff8c][0xffffff9d][0xb][0xffffffaa]49j[0xffffffee]2[0xffffff8f][0xffffff95][0xf][0xffffffae][0xfffffff2][0xffffffc1][0xfffffffd][0xffffffef][0xfffffff5][0xffffffc1]=%[0xffffff85][0xffffffb3][0xffffffb7]^[0xffffff88][0xf]Y~am[0x14]h[0xffffffd0][0xffffff9f][0xffffffe6][0xffffffe3]1h[0xffffffed][0x13][0x14][0x14][0xffffffd3][0x1e][0xffffffba]c[0xffffffda][0xffffff8f][0x10][0xffffffc8][*~<y[0xffffff98]]'[0xfffffff3][0xffffff90][0xffffffb4][0xffffffde][0xffffffb8][0xffffffe8]/[0x1]>QAs[0x11][0x1f],[0xffffffa3][0xffffffdb][0xffffffa5][0xffffffe2][0xffffff9c][0xffffffef]v[0xffffff8b]"[0xfffffffe][\r][0xffffffa4][0xffffffc5][0xffffffe8][0x4]0[0xffffff88][0xe]+[0xffffffba][0xffffff93][0xffffffaa][0xffffffc1][0xffffffe4][0xffffffb5]B[0xffffffa2]![0xffffffc2];[0xffffffc1][0xffffffe5]0[0xffffff9a][0xffffff87][0xffffffb0][0xffffffbc][0x2][0xffffffdf][0xffffffe9][0xffffffcb]5wP[0xffffff89][0xfffffff7][0xffffffe0]%[0xffffff90][0xffffffee][0xfffffff9][0xffffffed][0x10][0xffffffe9][[0x6]|[0xffffffbd]:V[0xffffff9b][0xffffffd4][0xfffffff0][0xf]%[0xffffffb9]#k[0xffffffac]Grg[0xffffffb1][0xfffffff2][0x1a]$w[0xfffffff0][0xfffffffd][[0xffffffa6]=[0xffffffa4]C[0xffffffa3]$w[0xffffff94][0xffffffe4][0xffffffce].[0xc]!%[0xffffffb9][0xfffffff3]uI[0xffffffee]<[0xffffff9c][0xfffffff7]^;[0xffffffa7][0xffffff8f]c[0xffffffb2][0xfffffffd](I[0xffffffee][0x8][0xffffffb0][0xffffffa8]MrG[0xffffffef]4[0xc][0xffffffa7]gZ][0xb]z:[0xffffff9c]^[0xffffffb6],[0xffffffb9][0xffffffd3]nd[0xffffffa5][0xffffffec]N[0xffffffd7]`[0x1][0x9][0xffffff81][0xffffffe4][0xffffffcf][0xffffffba][0x17][0xffffff9f][0xffffffd7][0xffffffbb]Z[0xfffffff3][0xffffff97]I[0xffffffd2][0xffffffbd][0xffffff85]L[0xffffffa6][[0xffffff94]~@[0xe]8[0xffffffb3][0x10][0x12][0x9][0xffffffe2][0xffffffc7][0xffffffed]&[0xffffffec][0x1f][\r]r[0xffffffdb]%[0xf]Xy[0xffffffb4]E[0x1e][0xffffff81][0xffffff89][0xffffffb1]{<[0xffffffed][0xffffffbd]Y[0xffffff93][0x10][0xffffff86]1T[0xffffff92];[0xffffffd7][0x12]`TF[0xffffff98][0xffffffca]%P[0x19]a[0xffffffbb]e[0xffffff84]Y-[0xffffffca][0x1a][0xffffffa8][0xffffffc8][0xffffffee][0xffffffed][0xffffffd8][0x16]l[0xffffff9d][0xffffff96]y[0xffffffa8][0x19]`[0xffffffc2][0xffffffcd][[0xffffffaf][0xfffffff4][0xffffffbe]*[0xffffff80]jV[0xffffffa6][0xe][0x1e]*[0xffffffb0]oIqg[0x19][0xf][0xf][0xffffffb1][0xffffffcf][0xffffff97][0xffffffbe][0xffffffb4][0x2][0xffffffb9][0xffffffd3][0x1d][0xffffffae]<[0xffffffda][0x1e][0xffffffc7]_n[0xffffffc0]"
20:21:12.362 [main] DEBUG org.apache.hc.client5.http.wire - http-outgoing-1 << "q[0xffffffa5][0xffffffb8][0xffffffa3][0xffffff80][0xfffffffc]3$*[0x12][0xffffff95]S[0xffffffb0][0xffffffcb][0x1b][0xffffffc3][0xffffffef]$[0xffffffa7]`Sj/[0xfffffff2]z[0xfffffff5][0xffffff8e][0x1][0xffffffc8].g[0xffffff85][0xffffffb5]u[0xffffffbd]2[0xffffffaf][0xffffffb7][0xffffffb8][0xfffffff3][0x15][0xffffff92][0xffffff94][0xffffffcb]9a[0xffffffcb]e[0xffffff9e][0x12][0xffffffc8]k[0x14][0xffffffdc][0xffffffa1][0x1d][0xffffffb9][0xffffff9e][0x9][0xffffffee][0xffffff88][0xffffffa3][0xffffffad][0xffffff91][0xfffffffc]d[0xffffff9d][0xffffffe0][0xe]=[0xffffff81]J[0xffffffda][0x12]J[0x5]S[0xffffffd9]`[0xffffffb1][0xffffffad][0xffffffac][0xffffffd2]NS[0xffffffda]i[0xffffffe1]F[0xffffff91][0x6][0xffffffab][\r]w[0xfffffff1]*[0x1f],@V[0xffffffab]C[0x9][0xffffffac]kv[0xffffffe5]Y[0x18]c=[0xffffff98][0xffffff8b]P[0xffffffc7][0xffffff93][0xffffff83]y=z;[0x1c]^Y[0x0]sc[0x1b][0xfffffff5]4[0x19]^[0xffffffd9][0x4][0xffffffe6]JoG[0xffffffe9][0xffffffed][0xffffffa8]My[0xfffffff7]Y[0xfffffffa]r[0xffffffe6]N[0xffffffb7]0oT[0xffffff9b]r0[0xffffff9c][0xffffff9f]uM[7u[0x7][0xffffff92][0xc][0xffffffe5]M[0xffffffb9][0xffffffd1][0xffffff81][0xffffffc2]ce[0xffffff9e]o1[0xffffffbe][0xffffffe2][0xffffffac][0xffffffc8][0xfffffff3]]([0xffffffc3][0xffffffae][0xffffff87]O[0xffffff89][0xffffffe4][0xffffffb5][0xffffffc9][0xffffffed]0[0xffffff8e]gr;[0xffffffe2]h[0xffffffeb]Myo[0xffffff9d][0xffffffa0]1m[0xffffffca][0xffffff95][0xffffffdc][0xffffff8e]RkP[0xffffff91][0x15][0x15]Y[0xffffff99][0x2][0xffffff97][0x17]D[0xffffffd3]6[0xffffffca][0xffffffed][0xffffffe8][0x1d][0xffffffa7][\n]"
20:21:12.362 [main] DEBUG org.apache.hc.client5.http.wire - http-outgoing-1 << "[0xffffffc3][0xffffffed][0xffffff8e][0xffffffd9]\[0x1f]YA[0xfffffff8][l[0xffffffb4][0xffffffd7]l[0xffffffc6][0xffffffa9]Lm[0xffffff8a]i[0xffffffab]B[0xffffffe4][0xfffffff5][0xffffffa8][0xffffffed]0b[0x13][0x19]&[0xffffffff][0xffffffcc][0xffffff89]x[0xffffffd4]F[0xffffffdd]K[0xffffffb9][0xf][0xffffffff][0xffffffb0]!<[0xffffffae][0xffffffd4]v[0x14]~+[0xfffffffc]V[0xfffffff8][0xffffffbd]+~;[0xffffffa6][0xffffffd9][0xffffff82][0xffffffde][0xffffffce][0xfffffff2][0x1e][0xffffffbc][0x3]S[0xfffffff1][0xffffffd6][0xfffffffa]h[\n]"
20:21:12.363 [main] DEBUG org.apache.hc.client5.http.wire - http-outgoing-1 << "[0xffffffc0][0xffffffd9]Z[0xffffffe1]*R[0xffffffdc][0xffffff83][0xffffff8b]2O[0xffffffb9][0x7][0xffffffaf]MkG[0xffffff90]r[0xe][0xffffffa8][0xffffffb5]#*[0xffffffac][0xffffffd2][0xffffffda][0xffffff81][0xffffff8b]3[0x1c]M[0xffffffc9]W[0xffffff94][0xffffff94]?f[0xffffffa4][0xffffff8d]3[0xffffff81]%u2[0xffffff83][0xffffffb5]s[0xffffffea][0xffffffc6][0xc][0xffffffd5][0xffffff91]k[0x8] [0xffffffc0][0xffffffcd]w[0xffffffc4][0xffffffda][0x2][0xffffff90][0xffffffd2][0xffffff81]'1[0xfffffff2][0xfffffff3]S[0xffffffc1][0x1e][0xffffffc8][0xffffffaa][0x14][0xffffffe4][0x3][0xffffff90][0xffffffd2][0xffffffff][0xffffff93][0x1b][0xffffff8f][0xffffffa1][0xffffffcd][0xffffff81][\n]"
20:21:12.363 [main] DEBUG org.apache.hc.client5.http.wire - http-outgoing-1 << "I[0xffffffcf][0xffffff83]dW[\n]"
20:21:12.363 [main] DEBUG org.apache.hc.client5.http.wire - http-outgoing-1 << "[0xffffffbf]s[0x15],/[0x2][0xffffff87][0xffffffcb]L[0xffffff95][0xffffffe6]#$[\r][0x6],="[0xffffffe4][0x3][0x6] [0xffffffef][0xffffffb0]H[\n]"
20:21:12.363 [main] DEBUG org.apache.hc.client5.http.wire - http-outgoing-1 << "[0x9]t[0xffffffb0]8G[0xffffffaa][0xffffffd9][0xffffff83]?[0xb]y[0xf]wH[0xffffff99][0xffffffa8][0x11][0x14][0x19][0xffffffc8][0xffffffc1][0xffffff95]D[0xc]. [0xffffffb2]2[0xffffff82][0xffffffb4][\r][0xffffffa9]<[0x14]ez[0xffffff84][0x11]h&$[0xfffffff0][0xffffffab][0xffffff87]Z[0xffffffa1][0x12][0xffffffe2][0x6][0xffffff90][0xfffffffa]`q[0x9]8o[0xffffff92]n[\n]"
20:21:12.363 [main] DEBUG org.apache.hc.client5.http.wire - http-outgoing-1 << "[0xffffffbc][0xffffffc4][0xffffffd9][0xffffffbd]5[0xffffffa2][0xffffffe1][0xffffff88][0xffffffa3][[0xffffffae]37[0xffffff8b][0xffffff85]0[0x11][0xffffffcb]0[0xffffff84]C[0xffffffef]#[0x1b][0xffffffdc][0xffffffa2] ][0x5]([0xffffffee]d.[0xffffffcc][0xffffffe2][0x18][0x15][0xffffff8e][0xffffffb7][0xffffff97]n0[0x1][0x1][0xfffffff8][0x12]z>3h[0xffffffd4]@[0xfffffff4]AV[0xffffff84][0xffffffea][0xb][0xffffffb5]`P[0xffffffa1].[0x11][0xffffff8f][0xffffffb2]nVx[0xffffffb4][0xffffffbf][0xffffff9f][0xffffff83][0x1b][0xc]n>]`[0xffffffde]/[0xc]b[0xffffffea][0xffffffc6][0xffffffd9][0xffffff80][0xfffffff4][0x11][0xffffff8e][0xffffffd8][0xffffffad][0x16][0xffffffff][0xffffffa6]q[0xffffffa6]c[0xffffffe2][0x18]Gw[0xffffffd4][0xffffff98][0xffffffa6][0xffffffe1][0x12][0xffffffd1][0xffffff8f]+[0xffffff9f][0xfffffff4]hX[0xffffff91]A[0xffffffaa][0xffffff80][0x14][0xfffffff4]'[0xffffff84][0xffffffd1]wRh[0xffffff8c].3[0xffffff8c][0xffffffc2][0x6][0xfffffff5][0xffffffdc][0x1f]C[0xffffffce][0xffffff85][0xffffffee][0x7f][0x1f][0xffffff84][0xfffffffc]<[0xffffffad][0xffffffb9]l[\r][0xf][0xffffffcd][0x11][0xffffffaa]=[0xffffffeb]fV[0xffffffbf][0xffffff94]|[0xffffffc8][0xffffff8d][0xffffffe4][0xffffffa1]tA[0xffffffe3][0xffffffca][0xffffff9a][0x11]h[0x8]f[0xffffffb0]h[\r][0xfffffff2]([0x10]W![0xfffffff5][0x10]2[0xffffffce][0xffffffc6][0x1f]ew[0xffffffa4][0xffffffeb]5[0xffffffee][0xffffff82]O[0x16][0xffffffbd]l[0xffffffd6]L[0xffffffe5][0xffffffc5]%j#[0xffffffc8][0xffffffd2][0xffffff84][0xffffffa4][0xffffff99]A[0xffffffb3][0x1a]R[0x1b]$\Q[0xffffff94]h[0xffffff82][0xffffffa7]:k[0xffffffe0][0xfffffff0]=cm[0xffffff8d]B?[0xfffffffa]`[0xffffff92]u[0xb]w[0xfffffff0][0x17]![0xffffffbf][0x1][0x1]!R[0xffffffa6]@>"[0xffffff8c][0xffffff8b][0xffffffc5] [0xffffffce]![0xffffffc1][0xffffffb0][0xffffffa4]b[0xffffffb4]p[0xffffffe7][0xffffff96][0x14][0xffffff98][0xffffffe0][0xffffffc7]\1)[0xffffffb9][0xffffff97][0xffffff99]cm"[0x4]Oh[0xffffffce]O"[0xffffff92][0xffffff95][0xffffffa1]![0x14]-[0xffffffc6][0xfffffff3]d6[0xffffffbc]L[0xffffff9d]mI[0xffffffe2]&[0xffffff9d][0xffffffee][0xffffff85][0x1b]G[0xffffff82][0x1f][0xffffffe4][0xffffff97]K+[0x14][0xffffffc9][0xffffffe0][0xffffff98]h4[0xffffff9f]Y:[0xffffff89][0xffffffa6][0xffffffcc][0xffffffc5][0xffffffa2]e[0xfffffff0]Gn[0xfffffffc]B[0xffffff9a][0xffffffe3]~[0x14][0xffffffed]p[0xfffffffe]f[0xffffffc2][0xffffffcb]NX=[0xffffff8b]N[0xffffffc0]a[0xffffff97]u[0xffffff82][0xffffffb4][0x1e][0x6][0x18][0xffffffc2][0x1d][0xffffffda][0xffffffb7][0xffffffb6][0xffffffde]f[0xffffffef]X[0x16][0x14][0xffffff80]J[0x16][0xffffff92][0xffffff94]b[0xffffff88][0xffffff8b][0xffffff88]Z8[0xffffffbb]M[0xfffffffb][0xffffffd6][0xffffffd1][0xfffffff5][0xffffffe7][0xffffffa4]c[0xffffff82][0x1c]w[0xffffffe1][0xfffffff1]KF[0xffffffb3][0x3],[0xffffffb6][0xffffff9b][0xffffffdc][0xffffffd6][0xffffffb7][0xffffffff][0x17][0xffffffcf][0xffffff9b]6^[0x6][0xffffffd0][0xffffffed][0xffffff81][0xffffffe5][0xffffffb8][0xffffff98]s[0xffffffd2]>[0x1a]}[0xffffffe0][0xffffffab][0x19]B1)[0xffffff84][0xfffffffb]w&*[0xffffffc3]w<[\n]"
20:21:12.363 [main] DEBUG org.apache.hc.client5.http.wire - http-outgoing-1 << "[0xffffff90][0xffffff89][0xffffff97]_'[0xfffffff5][0xffffff85][0xffffffdc][0xffffff93][0xffffffe9][0xffffffb7][0x7][0xffffffe8]~E[0xfffffff3]@[0xffffffde][0xffffffac][0xffffffd1]|[0x1a]@[0xfffffff7][0xffffff8b][0xffffffe5][0xffffff91]2[0xffffffe9][0xffffff9a][0xffffff8a]Qc[0xffffff97][0xffffffe1][0xffffff85][0xffffffee][0x14][0xffffffbd][0xffffff95][0xffffffa1][0xffffffda][0xffffff92][0xffffff80][0x17]@+[0x1d][0xffffffab] [0x14][0xffffff8e][0xffffffcf][0xffffff89]F#%[0xffffffae][0xffffff99]Q[0xffffffca][0xf][0xffffffe9][0xffffffc3][0x0][\r]8[0xffffffba][0xffffffd3][0xffffffd1]1GPx[0xffffffb4][0xffffffe0][0xffffffe8][0x1c]jK[0xffffff89][0xffffff84]oN>j<[0xfffffff0][0xffffffa9][0xffffffc0]J:[0xffffffdb][0xffffff84]J[0xb]-[\n]"
20:21:12.363 [main] DEBUG org.apache.hc.client5.http.wire - http-outgoing-1 << "O[0xfffffffc]$[0xffffff9a][0xffffffa2][0x14]1[0x0][0xffffff98][0xffffffcc][0xffffffdc])[0xffffffae][0xffffffdc]B[0xffffffe5][0x0]aN]\[[0xfffffff5][0x5][0xffffffd6][0xffffffba]&[0xffffff92][0xffffffd3][0xffffffe5][0x4][0xffffffc0]\[0x1f][0xffffffa3]r[0xffffffba][0x14][0xffffff91][0xffffffed][0xffffff98]{&[0xffffff97][0xffffffc6][0xc]N[0xffffffe0][0xffffffa3][0xffffffe4][0x1a]9)[0xffffffa2][0xffffff97]E[0xffffffe8][0xffffff93]#[0xffffffc4]XZ[0xffffff90]5J[0xffffffc1]\\[0x5]dc[0xffffff80]E[0xffffffb4][0xffffffc4][0x1f][0xffffffb4][0x1b]08[0xffffffd3][0xffffffa5][0xffffff9c][0xffffffcb][0x12]EC[0xffffff88]vh[0xfffffffe][0x15]=[0x14][0xffffffae]\8[0xffffffb2][0xffffffaf][0xffffffec][0x1][0x6][0x1d]C.[0xffffffe7]f[0xffffffe1][0xffffff99][0x1]-[0x19]q/[0xffffff8c][0xffffffec]^[0xffffffb0][0x12][0xf][0xffffff8a][0xffffff8b]N[0xffffffe0][0xffffffe1]t[0xffffffe7][0x2]#[0x0]#X"[0xffffffa4][0xffffffa4]U13H[0xffffffef][0xffffff8d]4[0xffffffb6][0xffffff8a][0xffffff97]H:</[0xffffffb4][0xffffff8b]k8Z[0xffffffc7][0x1f]_[0xffffffe4][0xffffffcf][0xffffffa9][0xffffff82][0xffffffae][0xffffff9a]h![0x15][0xfffffff1][0xffffffd1][0xffffff8f][0xc][0xffffffb3][0xffffffa8][0xffffffdc]v[0xfffffff1][0x1d]l-1[0xffffffb1][0xffffffb5]s[0xfffffff2]?[0xf]>[0x16][0xffffffda]-[0xffffffb6][0xffffff93][0xffffff9e].[0xffffffa5]~X[0xffffff97]I[0xb]"([0xffffffd5][0xffffffc5][0xfffffff8][0xffffff9f]1<[0xffffffdf]YQ[\r][0x1c][0xffffffde][0xffffffd9]|J[0x2]<[0xffffffa2]U[0xffffff9a][0xffffffea][0xb][0xffffffda]L[0xffffffb4][0xfffffff4]R[0xfffffff8][0xffffffc6]9H[0xffffffe8][0xfffffff0][0x3]vv[0xffffff97][0xffffff9e][0xffffffd3]X[0xffffffef][0xfffffff4][0x14][0xfffffff4][0xfffffff2][0x7][0x10][0x1]5<[0xffffffa0][0xffffffa5][0x6]Q[0xffffffde][0xffffffbe]{[0xffffff8b][[0xffffffc1]O[0xffffff80][0xffffffd4][0xffffffbb][0xffffffbc][0xffffffa0]+$[0x1e]:[0xffffffd0]C[0xffffff92]3[0xffffff95][0xffffff9e][0xffffffb1]i1[0x8][0xfffffffa][0x1]zW[0xffffffa2],[0xffffff9e]IX[0xffffffd2][0xffffffd2][0xfffffffc][0x1a][0xfffffffa]X[0x4][0xffffffff][0xffffffa2][0xffffff96][0xc][0xffffffa3]aB_[0xffffffba]=[0xffffffb9][0xffffffae]][0xffffffba][0xffffff81][0xffffffc8][0xffffffee][0xffffffbe]|[0xffffffe3][0xffffffa7]9[0xffffff98][0xffffffdf][0x3][0xffffffab][0xffffffb5]^[0xffffffe8][0xffffffee][0xffffffad][0xffffff8b]eN[0xffffffcf][0xfffffffd]t2E[0xffffff83]OX[0xffffffeb][0x1f]a[\r][0x1f][0x0][0x0][0xfffffff3][0xfffffffb][0xffffffcc][0x1b][0xffffff87][0xffffffa5][0xffffffcd][0x1]N[0xffffff95]"
20:21:12.363 [main] DEBUG org.apache.hc.client5.http.wire - http-outgoing-1 << "[0xffffffe0][0xffffff85]I[0xffffffcd][0xfffffffe][0xffffffe2]<[0xffffffb3][0xffffff82][0xffffffc8][0x5]~[0xffffff91]8[0x12][0x9]{[0x15].[0xffffffe1][0xffffffcd][0xffffff84][0xffffffb0][0x9][0xffffffd3];[0xffffff8d]N[0xfffffff3]v[0xffffffe9]|[0xffffffea][0xffffff85][0x7f]6[0xffffff9b]6[0x3][0xfffffff4][0xffffffaf]xbc+[0xffffff82][\r]U0[0x1f][0xffffff93][0xfffffff6]Xv[0xffffff81]#?[0xffffffa1][0xffffffdb][0xffffff90][0xffffffdf][0xffffffb1][0x6][0xffffffdf]1[0xffffffda][0x16][0xffffffa1]F[0x14][0xffffffbb][0x16][0xffffff8f][0x17][0xffffff82]>[0xffffff94][0xffffff9d][0x6][0xffffffee][0x3][0xffffffee]<[0xb]?[0xffffffb1][0x1]=u[0xffffffad]p[0xffffffeb][0xffffffc4]XK[0xffffffe1][0xffffffaf];/[0x8][0x1a]Bu[0xffffff8a][0xffffff84][0xffffffa6]2[0xffffffb5](,[0xffffffc4]\[0xffffffc6])W[0xffffff86]*LlQ[0xffffffcd][0xffffffc5][0xffffff8f]$L[0xfffffff8][0xffffffa0][0xfffffffd][0x4]M9[0xfffffffc]k[0x1e][0x17][0xffffffe7][0xfffffff7][0xffffffa9][0x1b]BS1[0x1a]2>[0xffffff89]g[0xffffff9e][0xffffffd8]qy[0xfffffff4][0x7],+[0xffffffd2][0xffffffd3][0xffffffca][0xffffffa8][0xffffffe2][0xffffff98][0xffffffdf][0x12]0[0xffffffe4][0xffffff9b][0xffffffd7][0x15][0xffffffb6]QW[0xffffffd1]}#[0xffffff89][0xffffffe6][0xfffffff1][0xffffffd0]k[0xffffffa0][0xffffffa2][0xffffffe4]H[0xffffff92][0xffffffc0][0xffffff8f][0xffffffa2]x|[0xc]1[0x15]Z[0xffffffd0][0xb][0xffffff84][0xfffffff0][0xffffffc2][0xffffff92]:[0xffffffce][0xffffffc6][0xffffff9f][0xffffffaa]M[0xffffffff]S[0xfffffff2]RJ^*[0x3][0xffffff93][0xffffffe3][0x1d]DnD[0xffffff8e][0xffffffb6]L[0xffffffd1][0xffffffa6][0xffffffd9]t[0xffffffd1][0xffffff97][0x1a][0x1a][0xffffffaf][0xffffffb0][0xffffffb4]ox[0x7f]4[0xfffffff4][0xffffffa6]XE5[0xffffffe8]X[0xffffffac]hi[0xffffffa1][0x1b]%[0xffffffd5][0xffffffa7][0xfffffffa]z[0xffffffa1][0xffffffe4][0xffffffa5]&PHe[0xffffffa5][0x1f]q[0x3][0x16]t[0xffffff9f]v[0x1c][0xfffffff7][0x1d]f[0xffffffa0][0xffffff92][0xffffff97]J_o/[0xfffffffa][0xffffffa7]J^[0xffffff8a][0x1d][0xffffff8b][0xfffffff9][0xffffffa1][0x8]s[0xffffffcc][0x1c][0xffffffd2][0xffffffb0][0xfffffff7][0xffffffc2]s[0xffffffb1][0xfffffff0][0xffffff87]m[0xffffffa4]z[0xffffff94][0xffffffbc][0xffffffd4][0x1][0x6]Q>[0x1b][0x0][0xffffff8f][0xffffffaf][0xffffffc4][0x16][[0xffffffa0][0x3]$[0x11][0xffffffe4][0xffffffdb][0xfffffff4][0xffffffae][0xffffffda]o;`C[0xffffffa1][0xffffff91][0xffffffac][0xffffffd5]B[0xffffffd0][0xffffffa6](`[0xffffffb3]y[0xffffffc6][0xffffffec][0xffffffd6]n[0xffffffde][0xffffff8c]lY[0xffffffc9]Kao[0xfffffff0]!T[0xfffffff2]R[[0xffffffc1]S:[0xffffffd9][0x10][0xffffff96][0xffffff9d][0xf]gG[0xfffffff9]l[0xffffffc2]+[0x1a][0xffffffc2][0xffffff9b]$u[0xffffffcb]j[0xffffff87][0xffffffd9][0x6][0xffffffbe][0x10][0xffffffca][0xffffffd8][[0xffffff96][0xffffffe9][0x15][0xffffffde][0xffffff9d]([0xffffffac]q[0xffffff8c][0xffffffca][\n]"
20:21:12.363 [main] DEBUG org.apache.hc.client5.http.wire - http-outgoing-1 << "O[0xfffffff2]4[0x16][0xffffff92][0xffffffc5]T[0xfffffff6]n`Q[0xfffffff7]I[0xffffffc9]K[0xffffffbd][0xffffffe7]'[0xffffffd5]1^[0xffffffa4][0xffffffe9][0xffffffbf][0x13][\n]"
20:21:12.363 [main] DEBUG org.apache.hc.client5.http.wire - http-outgoing-1 << "[0xffffff85][0xffffffc4][0xffffffc7]r[0xffffff90]$:2z[0xffffff94]^[0xffffffc7][0xfffffff7][0x1e][0xffffffff][0x14]q[0xffffffb3]Y#[0x2]8y}|L[0xffffffa0][0xffffffcf][0xffffffcd][0xffffffe2][0xffffffb5]2[0xffffff9e]#[0xffffffda][0x17]K[0xffffffd9][0xfffffffc][0xffffffbc][0x1c][0xffffffcb][0xffffffe8]'G~t,[0xfffffffe]Ei[0xffffffc8][0xffffffa2]([0xffffff9f](>E[0xffffffe4][0xffffffc5][0xfffffff9]8[0xffffffab]6[0xffffff8f]Z[0x8]5[0xfffffffe]5[0xffffffd5]fE[0xfffffff3]y.t[0xffffffd2][0xfffffff7][0x14][0xffffffe7]Q[0xfffffff2]R"J[0xffffffc8]q[0xffffffb2][0xb]l[0xffffff9d][0x11]`[0xffffffa1][0xffffffed]#"[0xffffffdc][0x8][0xfffffff3][0xffffffec][0xffffffa7]L4[0xfffffff6]f[0xffffffc4]mC-[0xffffffd0]Q[0xffffff97]j[0xffffff8a][0xffffff88][0xffffffd4]xCH[0x18]jC[0xffffffe8] [0xffffffb1][0xfffffff1][0x4]\[0x17][0xfffffff6][0xffffffab]~t[0x15]6[0xffffffd2][0xffffffea][0x1a][0xffffff85][0xffffffea][0xfffffff8][\n]"
20:21:12.363 [main] DEBUG org.apache.hc.client5.http.wire - http-outgoing-1 << "[0xffffffd2][\r][0xffffffaf][0xffffffbc][0xffffff8c]=[0xffffff9b][0xffffff98][0xffffffc8]m[0xffffffb3][0xffffffbc][0xc][0xffffffae][0x19]J[0xffffffa6]_[0xffffffa8]<[0xffffffa6][0xffffffe4][0xffffffa5][0xffffff82]oH[0xffffffb5][0xffffffaa]<7 [0xffffff80][0xffffff89][0xffffffcf]3{[0xffffffde]*[0xfffffff1][0xffffffcd][0xffffff83][0xffffffef]P[0xffffff8f][0xffffff82][0xffffffef]2[0x4][0xffffffa0][0x9][0xffffffad]L|[0xfffffff8][0xffffffd8]w[0x16][0xffffffcf][0xffffff94][0xffffffbc][0xffffff94][0xffffff92][0xffffff97][0xffffffca][0xffffffe5][0xffffffa5][0xe][0xffffff91][0xffffffb5]m[0x18][0xffffff8e][0xffffffde][0xffffffb6]L[0xffffffd2][0xffffffdd]8[0xffffff94]:[0xffffff93][0xffffffac][0xffffffb1][0x1e]u[0xffffffa6][0xffffffc5][0xffffffca]kPg[0xffffff82]CJ[0xffffffaa][0xffffffce]$[0xffffffdb]R[0xffffffea]LJ[0xffffff9d]i[0x17]F[0xffffff99]Rg[0xfffffffa][0xffffffba][0xffffffd4][0xffffff99][0xffffffee][0xffffffcf]z/[0xffffffed][0xffffffd3][0xffffffc7]7[0xf][0xffffffcb][0xffffffea]L[0x2],[0xffffffea]Sgj[0xffffffb2]:[0xffffff93][0xffffffde][0xffffffb5][0xffffff9b]][0xffffffd3]Y[0xffffffa9][0xffffffce][0xffffff94][0xffffff96]rZ[0xffffff92]%}xu[0xffffffa6][0xffffff96][0xffffffe3][0xffffffd0][0xffffff93]B"[0xffffffa3]<[0xffffffda]L[[0x1e][0x1a]g[0xffffffbd][0xffffffd7]4~kh[0xffffffcb][0x18]C[0xffffffa5][0xffffffce][0xffffffa4]D=[0xffffff94][0xffffffa8]G[0xffffff80][0xffffff94][0xb][0xffffff95]?[0xffffff88][0xffffffe0]N)[0xfffffff5]d[0xffffffa3][0xffffffa8][0xffffff87][0xffffffd1][0xffffff81]fg[0x5]w[0xffffffd9][0xffffff84]<Su[0xffffffee]I[0xffffff86][0xffffff98][0xffffffed][0xffffffae][0xffffffc1][0xffffffa9][0xffffff81][0x15][0xffffffb9]'[0xffffffc5]2V][0xffffffe9][0xffffff83][0x0][0xffffffbf]%y[0xffffffa6]e@<[0xffffffc4]F_[0xffffffca]31t7S[0xffffffb7]gy[0xffffffb4]5[0xffffff90][0x7f]Z[0xffffffe7][0xfffffff6]L[0xfffffffd]V[0xfffffff2]L[\n]"
20:21:12.363 [main] DEBUG org.apache.hc.client5.http.wire - http-outgoing-1 << "[0xffffffc9][0x15][0xffffff92]+$[0xf]g[0xffffff97][0xffffffb3]=[0xffffff90][0xffffffdc][0xffffffd4][0xffffffed]V[0xffffffab][0xffffffb5][0xffffff9c][0xffffff85][0xffffffd2]j[0xffffffb7][0xffffffdb]F[0xffffffa5][0xffffffa4]G[0xffffff86][0xffffffd2][0xffffff9d][0xffffffae][0xffffffc9][0xfffffffa][0xffffffa5][0xffffffeb][0xffffff90]<-SG[0x12][0xffffffca]*$[0xffffffaf]O[0xffffff9f][0xffffff89][0xffffffc1][0xffffffdb][0xffffffee][0x14][0xfffffff7][0xffffffe4]6[0xffffffb2][0xffffffe5]7[0xffffffa5][0x12][0xffffffca]=[0xfffffff9][0xffffffc9][0xffffffcd][0xffffff86]=[0xffffffb9][0xffffffd2]gRP[0xffffffae][0xffffffa0]\A[0xfffffff9][0xffffff9e]Pn8v[0xffffffd3][0xffffffa9]P[0xffffffda]3 [0xffffffa6]j[[0x1d]}=[0xffffff9a][0xffffffb7][0xffffffba]Nk[0x13][0xffffff9a][0xffffffa7]e[0xffffff9e][0x1c][0xffffffcd]k[0x11]h[0x12]h[0xffffffbe][0xffffffb0]1[0xffffffb7][0xffffff91]w[0xffffffb9]-[0xffffff9a]o[0xffffffda][0xffffff98]+[0xffffff81]&%[0xffffffd0][0xffffffa4][0x4][0xffffff9a]T[0xffffff80]e[0xffffff9f]m[0xffffffb9][0xffffffd1]nA[0xffffffa2][0x9]`[0xffffffb4]$[0xffffffd0][0xffffffd4]j7[0xffffff81][0xfffffff2][0xffffff9b][0xffffffa0]\Hw[0xffffffac][0xffffffdb][0xffffff98][0xffffffa7][0xffffff81][0xffffffeb][0xffffffa7][0xffffff84][0xfffffff2][0xffffffba][0x14][0xffffff9a]ZN[0xffffffcb][0xffffffd2][0xffffff9d][0xffffffd4][0xffffffc8]@[0x1e]m[0x5][0xffffffe4][0xffffff8f][0xffffffa7]wgk[0xffffff8d][0xc]([0xffffffc2][0x2][0xffffffa6][0xffffff82]e[0x1e][0x9]9[0x16][0xffffffe4]xy[0xffffffd8][0xffffffa0][0xffffff84][0xfffffff3] [0xffffffa0][0x17][0x1f][0xffffffe4]0![0xffffff8b][0xfffffff3]Y[0xfffffff7][0xfffffff3]3[0xffffffe4][0xffffff95][0xfffffff9]![0xffffff85][0xffffffd1][0xffffffc2][0x11]%;[0xffffffce]f[0xfffffff2]%[0xffffffc1][0xffffffea]t[0xc][0x13][0xffffff8f][0xffffffde][0xffffffe2]S[0xffffffe5][0xffffffe7][0xffffffe6]/[0x7f]=[0xb][0xffffff86][0xffffff9f]N[0x1d]8)<[0xffffff9c][0xffffffbe][0xfffffffc]#[0xffffffbd][0x17] [0xffffff83][0xc]_5[0xffffffca]R[0xffffff9c][0xfffffffc][0xffffffc7][0xffffffe4]HX[0x8] [0xffffffbd].F[0xffffffba][0x1a][0xffffffe5][[0xffffffb2][0xfffffff5][0xffffffd1][0xfffffffc]X[0xffffffd4][0xfffffffe][0xffffffa7][0xffffffdb]?[0xffffffd2]Sl[0x1c][0xffffffcb]:H[0xffffffe7][0xffffffe4][0x19][0xffffffbd][0xffffff98][0xffffffc5][0x1b][0xfffffff7]R[0xffffffc5][0xffffffee][0x12]q[0xffffffb0][0xffffffd4]~[0xffffffc1][0xffffffba][0xffffffa0]X[0xfffffff2]*[0xffffffa2],.[0xffffff90][\r][0xffffffcb][0xffffffdd][0xffffffad][0xffffffd2]`[0xffffffcb]N<[0xffffffce]NC[0xffffffdf][0xffffffc4][0xffffffbf][0xffffff91][0xffffff91][0xffffffb4]O[0x15]8[0xffffffed][0xfffffff3]qD)[0xffffffa0][0xffffff97]4&[0xffffffbf][0xffffffd1][0xffffffc5]#[0xf]u[0xffffffc7][0xffffffee][0xfffffff0])[0xfffffffb][0xffffffee][0xffffffb7][0xfffffff3][0xffffffab]:[0xffffffdc][0xffffffc7][0xffffffc7]B[0xffffff9d][0xfffffff3][0xffffff81][0xffffffc8]K[0xffffffa6][0xffffffac]m\[0x1d]2[0xffffffb8][0xffffff90][0xffffffdc]-r[0xfffffff6]w[0xffffffbc]J[0xffffff9c]J5pZ[0xffffffda]nc[0xffffffbd][0xffffffbb]X^~[0x1]H[0x1a]E[0xffffffd2][0xffffffda][0xffffffe7][0xffffffe3])[0xffffffc8][0xffffff8b][0xffffffee][0xfffffff0][0xffffff81][0xffffffee][0x10]X`[0x1e][0xffffff98][0xffffff8c][0xffffffa3]K[0xfffffff1][0xffffffdb][0xffffffae]}Y8[0x19][0xffffffd5][0xffffffc9]`[0xffffffc7][0x7][0xffffffdc][0x7f][0x1c]![0xffffffa5][0xffffffdd][0xffffffbb]tG[0xffffffa0]l=[0xffffffeb]^A[0xffffffc4][0xffffffc0][0xfffffffb][\r][0x10])[0xffffff96]J[0x15][0xfffffffe]n[0xffffffd0]V[0xffffffb2][0xfffffff4][0xe][0xfffffffe][0xffffffaf]B[0x1f][0xffffffcf][0xffffffd4][0xffffff9b][0xffffff9d][0xffffff8e][0xffffffb9][\n]"
20:21:12.365 [main] DEBUG org.apache.hc.client5.http.wire - http-outgoing-1 << "}[0xffffffdb]=[0xffffffc3][0xffffffec]Z[\r][\n]"
20:21:12.366 [main] DEBUG org.apache.hc.client5.http.wire - http-outgoing-1 << "3DAA[\r][\n]"
20:21:12.366 [main] DEBUG org.apache.hc.client5.http.wire - http-outgoing-1 << "v[0xffffffd7]j[0xffffffaf][0xffffffde]H[0xffffffa7]el[0xffffffd6][0xffffffef]xJ[0xfffffff4][0xffffffcd]a[0xffffffec][0xffffffd0][0xffffffc1][0xffffffed][0x2][0xfffffff4][0xffffffd2]7K[0xffffff8c][0xffffffcf][0xffffff96]{[0xffffffe8]m[0xffffffa0][0x17][[0xffffffff][0x5][0xffffffe8]e`[0xffffffab][0x0][0xffffffde][0xffffff97][0xfffffff3]Y[0xffffff84][0x4]Yo[0xffffff94]Q'[0x8][0x6][\r][0xffffffb3][0xffffffed][0xffffff94]UWS[0xfffffff8]}[0xfffffffd]p~[0xfffffff2][0xffffffe1][0xfffffffe][0xfffffffc][0xb][0xffffffe0]W[0xffffffd4][0xfffffffe][0x5][0xfffffff0][0xffffffbb][0xffffffdc][0xffffffe9][0xfffffff5] [0xffffffbc]\~'(.[0xffffff9d][0xffffffbe]? WW[0xfffffff4]%[0xffffffb0]\[0xffffffae][0xfffffff1][0xffffff8b][0xffffffc0][0xffffffb9]\[0xffffffd9][0xffffffe1] z[0xffffffa9][0xffffffe6]/[0x5][0xffffffea]r[0xffffff85][0xffffffbb][0xffffffc2]u[0xfffffff9][0xfffffffc][0xffffffdd]A[0xffffffbb]\[0xffffffc3]a[0xffffffa0][0xffffffbb]\k[0x9][0xfffffffd][0xffffffeb][0x6][0xfffffff0][0xffffff8e]m[0xffffffb6][0xffffffaa]\[0x7][0xffffffcc]v[0xffffffd3]h[0xffffffb7]W"8S?[0xffffff9c]v[0xffffffd7]Z[0xffffffa5]pZ[0xfffffff8]D)[0xffffffca]<1[0xffffff82]K4[0xfffffffc][0xffffffed]#[0xffffffd9][0xffffff96][0xffffffc5][0x3]d[0xffffffd3][0xffffffaf][0x7f][0xffffff8e][0xffffffae]v[0x3][0xffffff93][0xffffffa7][0x1f][0xffffffdf][0xffffffea]G[0xffffffa6] [0xffffffd5][0x1c]P]IT([0xffffffd5][0xffffff95][0xffffff90][0xffffffe3]E[0xffffffb2][0x8]P[0x2][0xffffffba][0xfffffff3]I6[0xffffffe9][0xffffff9a][0xffffffa5]c[0xffffffd8][0xffffff8b][0xffffffac][0xffffffa4][0xffffff83][0xffffffc4]b$L[0xffffffbb][0xffffff9e]OP[0xffffff84][0xffffffb2]]`[0xffffff9b]+[0x14][0xf]R[0x5][0xc][0xffffffec]1[0xffffffc0][0xffffffc0][0xe][0xffffffbc][0xffffffd0]G[0x19][0xffffffa9]a@[0xfffffff9][0xffffffff][0xffffffd0][0xfffffffe][0xffffff90][0xffffffe2],[0xffffffdd]4+@[0xffffffd3][0x1a][0xffffffa9][0xffffff92][0xffffff8f][0xffffffe6][0xffffffb4][0xffffffb4]o[0xffffffe9]T[0xffffff96]5[0xfffffff2][0xffffffe2][0xffffffe7]T[0xffffff86]~[0xffffffcf][0xffffffaa][0xffffffb2][0xffffff8e][0xc]c[0xffffffb9][0x8][0x15][0xffffffdb] :D}[0x1e]^C[0x0][0x0][0xffffffaa]G[0x1]'[0xffffffeb][0x17][0xfffffff4][0xffffff84]V[0xffffffc9][0x9][0xffffff91]&A[0x7f][0x1e][0xffffff92]\[0x8][0xffffffc4][\n]"
20:21:12.366 [main] DEBUG org.apache.hc.client5.http.wire - http-outgoing-1 << "[0xffffffde][0xffffffe2][0xffffffec][0xffffffe9][0xffffffec];[0xf]W[0xffffffe1]GqQ5[0xffffff88][0xffffffb3][0xfffffffe][0xffffffa1][0xffffffea][0xffffff84]\[0xffffffe9]D[0xffffffeb][0xffffff8b][0x7f][0xffffff90][0xffffff80][0xffffff81][0xffffffe8]>[0xfffffff4]+[0xfffffffc][0xffffffab][0xffffff87][0xfffffffe][0xb][0xffffffad][0xf])[0xffffff83][0xffffff89][0xf]][0x10][0xffffffba][0xffffffc4][0xffffffec][0xffffffaf]t[0xffffffd0][0xfffffff7][0xffffffc7]!4<[0xfffffffa]Z4e[0xffffffe5][0xffffffa9],[0xffffffcf]_[0xffffffd3][0xfffffff2][0xfffffffb]B[0xffffff97][0xffffff90]uF[0xffffff83][0xffffffcc][0x13]z[0xffffff83]![0xffffffa5][0xffffffbe]I[0xfffffff9][0x15]H[0x1c][0xffffffe0][0xffffff95][0x7][0x1a]2B[0xffffff8c][0x6][0xffffffea][0x7][0xffffffbe][0x14] [0xffffffc8][0xffffffee][0xb][0xffffffa9]=[0xffffffe1]>#[0xffffff93][0xffffff80][0xffffffee][0xffffffea]][0xffffffcc][0x2]"Ys4[0xffffff88]K[0xfffffffa]?[0xffffffe9][0xffffffb9]wP:[0xffffffe1]+[0x1d]@[0xffffffc0][0xffffff85]T;H]A[0xffffffcc][0x15][0xc][0x13]I.x[0xffffffe3][0x18]~[0xffffffab][0xffffffa3]>_`[0xffffffbf][0x11]FH*[0xffffff98]`^[0xfffffff5][0xffffffc5]@\[0x5][0xffffffee][0xffffff98]EQ[0xffffffd0][0xffffff85][0x7]1[0x19]H[0xffffffdb][0xffffffc3][\r]H[0x3][0xffffffe5]A[0xffffff88]e%SoH[0x1a]O[0xffffffac][0xffffffad][0xffffffc2]W[0xffffff8c][0xffffffad]cv[0x19][0xffffffac][0xffffffc0]!E[0x14][0xffffffce][0xffffffc5]P[0xfffffff5][0xb]c[0xffffffb5][0xffffffd8][0x9][0xffffffee]/[0xffffffb4][0xffffff92]([0xffffff95][0xffffff81]jr[0xffffffa7]BM[0xffffff87][0xffffffb4][0xffffff93][0x4][0xffffffaf][0x1d][0xffffffb2]([0xffffffb8]aW[0xffffff90]s`[0x9][0xffffffa7][0xffffffd2]Xa[0x1][0xffffffc8][0xffffffcb][0x14][0xffffffd2] [0xffffffc5][0xb]B[0x5][0xffffffa8]|J[0xffffffb2]+[0xffffff98]I[0xffffffe2]*Y[0xffffffbe][0x2]W[0xffffff9e][0xffffffea][0xffffff98][0xffffff90]|[0x8][0xffffffea] [0xffffffd1][0x16]R[0xffffffde][0xffffffa2][0xfffffff1]..[0xf][0x16][0xfffffff1][0xffffff92][0xffffffdd][0xffffffbb]#M[0xffffffaf];[0xfffffff7]A[0xffffffb6][0x8]u[0x13]$ [0xffffff88]AKO[0xffffffcf].[0xffffffb3][0xffffffb1][0xffffffa0][0xffffffdd]!Z[0x14][0xb]w[0x14][0xffffffd1][0xffffffac][0x12][0x3][0xffffffeb]J[0xffffffdd]'[0xffffffa1][0xfffffffe][0xffffffc1][0xffffffb7]m[0x18][0xffffffc1]Fb8[0xb][0x1e]D[0xffffffc5]B[0xffffffa9]G[0xffffffeb][0x7f]f}[0xffffff90][0xffffffae]Fo[0xffffffcb][0xffffffbf]A1Jh[0xffffffcc]Po!I[0x4][\r][0xffffff8c][0x19][0x4]/|N[0xffffffdc][0xffffff81][0xffffffc8]Y[0xffffffa1][0x17][0xffffffb4]8[0xffffff84]d[0xffffff93][0xffffff90][0xffffff98]YX[0x3]Ei[0xffffffa4][0xffffff82][0xffffffe8]P[0xffffffe1][0xfffffff4]t([0xffffffe4][0xffffffd8]a:[0xffffffcf][0xffffffa2]a[0x14][0xffffffa4][0xffffff83][0x8]y[0xffffffb3][0xffffffe9][0x14]S[0x13]"PS[0x12]J+[0xffffff8a][0xffffffbb][0xffffff90] UA[0xffffff9b]'[0x1d][0xfffffff6]L[0xfffffff6][0xffffff89][0xfffffff4][0xffffff94]([0xffffffbf][0x0]S[0xffffff87].[0xffffff83][0xffffffee]}?K[0xffffffd1][0xffffffea][0xffffffca][0xffffffc9][0xffffff88]{w[0xffffffe5][0xffffffdf]C[0x17][0x5][0xffffffda]Lq$[0xffffffd4]vx6[0xffffffa7][0x1d]s[0xffffff9a][0xffffff85][0xffffffde][0xffffff9e][0x3][0xffffffc3][0xffffffae][0xffffffdd]yP[0xffffffbc][0xffffff89]T[0x3][0x4]Bpk[0xffffff8b][0xffffffeb][0xfffffff5][0xffffffa5][0xffffff9c][0xffffffcd]#[0xf][0xffffffbf]S[0xffffffea][0xc][0xffffffb4][0xffffffbc][0xfffffff2][0xffffff82]$[0x12][0xffffff93]6[0xffffff90][0xffffffc1][0xffffffa2][0xffffffe7][0xffffffc6][0xffffffd0][0xffffff89]"[0xfffffff5]0WNA[0xffffffe0][0xffffffe0][0x18]w[0xffffff92][0xffffffc6][0x6][0xffffffef]b[0xffffff85]~[0xffffffe4][0xffffffba]s2[0xffffffad][0xb][0xffffffc3][0xffffff83][0xffffff88][0x2][0xffffffd0][0xffffff97][0xffffffc4]b[0xfffffff4]#[0xffffffab][0xffffffb9]^$[0xffffffe6][0xfffffffb][0x8][0xffffff8a][0xe][0xffffffe9][0xffffffc0][0xffffffbc]y{kc[0xffffffa2][0xffffffcd][0xffffffee][0xffffffa2][0xfffffff8][0xffffff86][0xffffffa6][0xfffffffa][0xfffffff0][0xffffffa6][0xffffffb0][0xffffff96][0xffffffce]!0[0xffffff86][0xfffffffc][0x1f][0x17][0x1d]N[0x1e] ;4[0xffffffc9]4xX[0xfffffff6][0x4]R'X1XY[0xfffffffd] [0x1a][0xffffffba][0xffffffc1]5t[0xffffffe2][0xfffffffa][0xffffffe8]o[0x12][0x5][0xffffffb7],D'[0xffffffe6][0x18]f[0x10][0x1a]ij[0xffffffee][0x8][0xfffffff1][0xffffff96][0x4][0xffffffe7][0x14][0xfffffff5][0xffffff81][0xffffffee]H[0xffffffe8][0xffffff8a][0xffffffe4][0xffffffd2]h[0xffffff92]Q[0xfffffff7][0xffffffe5]D[0xffffffa1][0x7f][0xffffffca]1[0x12][0xffffffb5]`[0xffffffbd][0xffffffd2]=[0xffffffbc][0xffffff8b][0xffffffa1][0x1d][0xffffff84][0xfffffffa]DW_@[0xffffffff]L[0xffffff88][0xffffffe7][0xffffffd1]o[0xfffffff9][0x1c]+V(`n[0xffffffce]>[0xffffffee][0xffffff9a][0xffffffe6]^[0xffffffe1][0xffffff91][0xffffffa2]5si+[\r]+[0xffffff89]WF[0x6][0x12]%[0x1d]<RJ[0xffffffa2][0xb][0xffffffb0]E[0x5]hD[\n]"
20:21:12.366 [main] DEBUG org.apache.hc.client5.http.wire - http-outgoing-1 << "i[0x1]c[0xffffffd1][0xffffffc9][0x1][0xffffff82][0x1b][0x15][0xffffff9d]f[0xfffffff4]#[0xffffffd5]2R[0xffffffd1][0xffffffc1][0xc] [0xffffffb1][0x1a][0x17][0xffffff8f][0x18][0xffffff8f][0xffffffb5][0x15]4[0xffffff96][0x17],[0xffffffdc][0xffffffd2][0xffffffe2][0xffffff90][0xffffff90]T[0xffffff94][0xffffffb8][0xffffff95]|[0xffffffa6][0xffffffc0]-[0xffffffb9]n[0xffffffb3]y3[0xfffffff0]i%Jq[0xffffffa9][0xffffffbb]T6[0xffffffe9][0xffffff8a][0xffffff90][0x17][0xffffffcf][0x7][0xffffffd2]+s[0xffffffb5]K[0x9][0xffffff92][0xffffff97]P0[0xffffffcb][0xe][0x1a]8[0xfffffff3][0x12][0xffffff8b][0xffffff99]P [0xffffff8a][0x1f]^@[0xffffffbe][\r]r=#[0xffffffea]_*TCc)n[0xfffffff7][0xb][0xffffffe0]1[0xffffff8d]0[0xffffffe4][0xffffffbb][0xffffffe8][0xffffff99][0x11][0xffffffcd][0xffffffc7][0xffffffd7][0xffffffe2][0xffffffd9][0x1]U-[0xffffffc2][0xffffffbc][0xffffffac][0x1a][0xffffffa8]P[0xffffffe1][0xffffff86]_[0xffffffcb][0xffffff8b][0xfffffff3][0xffffffee][0xffffff91];[0xffffffc6]*[0xffffff8b][0xffffffc5][0xffffffd5][0x13]j[0x1f]B[0xffffffff]^[0xffffffd6][0xffffff9c]h[0xffffffdf]"[0xffffffc6]x[0xfffffffe][0xfffffffe][0xffffff85][0xfffffff6][0xffffff93][0x1f][0xffffffce][0xffffffef][0xffffff9f]/[0xffffffce][\n]"
20:21:12.366 [main] DEBUG org.apache.hc.client5.http.wire - http-outgoing-1 << "[0xffffff8e][0xb]`|iOD[0xffffff8f][0x18]1f$[0xffffffe1][0xffffff97]W[0xffffffad]][0xffffff91][0xffffffd4]#[0xffffffa9][0x12][0x9][0xffffffa1]/[0x1e][0xffffff91]E[0xffffff85][0xffffffa5]_I+([0xffffff99][0xffffff8d]H[0xfffffff1][0xffffff8d][0xffffffee][0x7][0xfffffffe][0x9][0xffffffd5][0x0][0xffffffa1][0xffffff87]'[0xffffffba].[0x1e]1[0xffffff85][0xffffffd1][0x7][0xffffffca]k[0xffffff83][0xfffffff9]8E[0xfffffff5][0xffffffb4]i[0x1a][0x12][0xffffffd8][0xffffffef][0xfffffff0][0xffffffa8][0xffffffb1]<[0x1f][0xffffffcb][0x8]![0xffffffe5][0xffffff88][0xffffffc6][0xffffffcd][0xffffffbb][0xffffffba][0xffffffc2][0xffffff9f][0xffffffb3]K[0xfffffffd]'[0xffffff97][0xffffffe2][0xffffffa1][0xffffffb1][0xffffffbc][0xffffffe8][0xffffffbf][\n]"
20:21:12.366 [main] DEBUG org.apache.hc.client5.http.wire - http-outgoing-1 << "[0xffffffa2][0xffffffc4]K[0xffffff93][0xffffff92][0x13][0xffffffe8][0x1]&[0xffffffde][0xffffff8e][\n]"
20:21:12.366 [main] DEBUG org.apache.hc.client5.http.wire - http-outgoing-1 << "[0x1f]X[0xffffffcb]|[0xffffffda][0xffffffb1][0xffffffcc]p[0xffffffae][0xffffffa8]1KpF{[0xffffffac]+[0xfffffff2]N[0xffffff9e][0xfffffff3][0xffffffa5]M-TVheA[0xffffffcc]f[0xffffffc7]FvP[0x7]P[0xffffff9a]9G2mOi[0xffffffe6]([0xffffffcd][0x1c][0xffffff82][0xffffff93]S[0xfffffff7][0xffffffde][0xffffff9f][0xffffffc0][0xffffffb0]D J}"
20:21:12.367 [main] DEBUG org.apache.hc.client5.http.wire - http-outgoing-1 << "+o[0xffffffb1][0x1d][0x1]eJ3G|[0xffffffbd]W[0xffffff9a]9[0xffffffa3][0xfffffff4]Y[0xfffffff4][0x1e];[0xffffff9a][0xffffffbf]x[0xf]I[0xffffff85][0xffffffd6][0xffffffc6]E[0x7f]I[0xffffffcf]f[0xffffffc7][0xffffffe9][0xffffffba][0xffffff8d][0xfffffff0][0xffffffd0]R[0x1b]b[0xffffffaa]*[0xffffffcd][0x1c][0xffffffbc]([0xffffffd5]1[0xffffffdc]U[0xffffffda]<b[0xffffffc8]?[0xffffff84][0xffffffb4][0xf][0xffffffed]E[0xffffffaf][0xffffffdc])$[0xffffff90]=[0xffffff91]f^C[0x17]*[0xffffffdb]I[0xffffffbb][0xffffffa0]4s[0xffffffea][0xffffffd1][0xffffffcc][0xffffffd9][[0xffffffdf]D)[0xffffff98]@[0xfffffff9]%[0x17]W[0xffffffcb][0xfffffffe][0xffffffd5][0xffffffa0][0xffffffd0][0x1b]o[0xffffffa8][0xffffffbf][0xffffff91][0x11][0xffffffd2][0x6][0xffffffe4][0xffffffab][0xffffff87]7<[0xffffff91]Im$[0x15][0xffffffa0][0xffffffd9]S[0xfffffffd][0xffffff81][0xffffffa4]F[0xffffffa4][0x16][0xffffff8e]R0[0xffffff89][0xb][0xffffffa3][0xffffffad][0x14]LXjdan[0xffffffe0]iy[0x0]u[0xffffff9b][0xffffffaf]B[0xffffffc1][0xffffffe4][0xffffffd9]![0xffffff88][0x0][0xffffff86]n[0xffffffdb][0xffffffb6]c[0xffffff92][0xffffffcf][0xffffffe9][0xffffffa1][0xffffffe4],d[0xffffff8d][0xfffffff5][0xffffffc8]Y,V^[0xffffff83][0xffffff9c][0x5]4[0xffffffcd]1[0x16]L>[0xffffff90]m)9[0xb]%g[0xffffffa1][0xffffffe4],[0xfffffff0][0xffffffb5][\r][0x12][0xffffff82][0xffffff8b],[0xffffff9d][0xffffffe3][0xffffffaf][0xffffff89][0xffffffae]P$=[\r][0xffffff9b][0x1f]&[0xffffffbf]$[0x7f][0xffffffff][0xfffffff5][0xfffffffb][0xffffffc7][0xffffffbf][0xfffffff7]^[0xffffffdf][0xffffff9d][0xffffff9d][0xfffffffc][0xffffffac][0xffffff83]gJ$[0xffffffcd][0xffffff99];[0xffffffbe][0xc]![0xffffffd5][0x8][0xffffff86]&}y[0x17]`Q[0xffffff9f][0xffffff9c][0xffffff85][0xffffffdd][0xffffffd0][0x5][0xffffffe3][0xc]r[0x16][0xffffff9c]R[0xffffff9d])[0xffffffc8]_[0xffffffba]3[0xfffffff4][0xffffffc1][0xffffffd4][0xffffff8d]vCOK[0xffffffd9]N[0xffffffd7]d[0xffffffee][0xffffffda][0xffffffe1][0xffffffe5],[0xffffff9a][0xffffffad][0xffffff96][0xffffffe9]4[0xffffffd3][0xffffffd4]9y[0xffffffb4][0xffffff99]([0xfffffff6]7[0xffffffeb][0xffffffec][0xfffffff1][0xffffff8d]q[0xfffffff6]i][0xffffffea][0x1c][0xffffffc6]P[0xffffffc9]Y[0xffffffa8][0xffffffcc][0xffffffb9]}[0xffffff99][0xffffffbc]eHRd[0xffffffb1][0x7f]I1[0xffffffa1]5l[0xffffffdf]Mr[0x16]f[0xffffffd3][0xffffffec]8[0xffffffad]*[0xffffffba][0xffffffaf]i[0xffffffad][0xffffffc8][0xffffffb5][0xffffffc8][0x10][0xffffffb3][0xffffffbd]:m[0xffffffae]X[0xffffff86]Q[0xffffffb5][0xe][0xffffffae][0x18][0xffffffc0]oI[0xffffffce]b[0x19][0x10][0xf][0xffffffb1][0xffffffd1][0xffffff97]r[0x16][0xc][0xffffffdd][0xffffffed][0xffffff96][0xffffffdc][0xffffffe2][0xffffffca][0xffffffa3]m[0xffffff81][0xfffffffc][0xfffffffc]d[0xffffffb8]&[0x7][0xffffff9a][0xfffffffa][0xffffffad][0xffffffe4],[0x14][0xffffff92]+$[0xffffffdf][0xffffff98][0xffffffb7]S~h}M[0xfffffffb][0xffffffe8]/A[0xfffffff2][0xffffff96][0xffffffae];-[0xffffffd0]{[0xffffffcb]ys[0xffffff8e][0xffffffe3][0xffffffd8]mH5H?[0xffffffaf][0xffffffaa][0xffffffcd][0xffffffaf]c[0xffffffac]N[0xffffffdc]H[0xffffffa1][0xffffff9c][0xffffffca][0xffffffb0][0xffffffe6][0xffffffc5]SBy}z[0x16][0xffffff8c][0xffffffde][0xffffffce][0x2][0xffffff96];[0xffffffd0][0x2][0xffffffd9][0xffffff94][0xffffffbd]!7[0xffffffe5][0xffffffbd][0xffffffad][0xffffffb0]<O[0xffffffdd]~[0xfffffff1]Lf[0xffffffcf][0xffffffa9][0x14][0xffffff8e][0xffffff85]<[0x15][0xffffff95][0xffffffc2][0xffffffe1][0xffffffcb][0x4]G[0xffffff91][0xffffffd5]X[0x19](P[0xffffffbb][0xfffffff2][0xffffffdf][0xffffffdf][0xffffffae][0xffffffbc][0xffffffdd][0xffffffb6][0xffffffdb][0x15][0xffffffbb][0xfffffff2][0xffffffb6]a[0xffffff9b][0xffffffed][0xffffffd6]z0[0xffffffa7]H[0xffffffc6]*9[0xffffff8b][0xffffffa5]h[0xffffffc7][0xffffff93][0xffffff83]y-r[0x16][0x2][0xffffffcc])[0xe]O[0xffffffb1]gy[0xffffffb4]=[0xffffff98][0xffffff8f]7l[0xffffffcc][0xffffff95][0xffffff9c][0xffffff85][0xffffff92][0xffffffb3]Pr[0x16]J[0xffffffce][0xffffffa2]*[0xffffff9d]zS[0xffffff80][0xffffffc5]p[0xffffff9a][0xffffffba]nU@[0xffffffb9][0xffffffa5][0xffffffb7][0xffffffda]z[0xffffffbb]Z[0xffffff99]h[0x9][0xffffffa6]+[0xffffffe4],[0xffffff96][0xffffffca]<%[0xffffff94][0xffffffd7]%gA[0xffffffd0][0xffffffdd]4R9[0xb]y[0xffffffb4]%[0xffffff90][0xffffff9b][0xffffffa7]ks[0xffffffaa])[0xffffffc2][0xffffffa2][0xffffffe4],H;[0x3][0xffffffcc][0xfffffffd]L[0xffffffa7]c[0xffffffa7][\r]xv[0xffffffe2][0xfffffffe][0xffffffd9][0xffffffd3][0xffffffe5]*[0xffffffbe]$o:[0xffffffaf][0xffffffeb][0xffffff8b]2[0xffffffa6][0xfffffff3]j[0xe][0xffffffb7][0xffffffd1].[0xffffffd4][0xfffffff9][0xffffffa5]Y[0xffffffd2]yU[0xffffffbb][0xffffffe6]G[0xffffffe7]g[0xffffffee][0x1e]"[0xffffffc9][0xffffffcf]=LNt[0xffffffb1]/O)ga[0xffffffda]m[0xffffffc8][0xffffffbf]U[0xffffff88]|[0x1a][0xffffff9d][0xffffff8e]e[0xffffffad]G_[0xffffffc7][0x1][0xffffff8d]a[0xffffff85][0xffffff9c]E[0x16][0x15]A[0x19][0xffffffd6]t~J[0xfffffff4][0xffffffad]E[0xffffffce]B[0xffffff84][0xffffffb3][0xffffffad][0xffffff85][0xffffffe0][0xffffffb6][0xffffffb5]%[0xfffffff4][0x1a][0xffffffe7]'[0xffffffa7][0x1b][0xfffffff6][0xffffffd0][0xffffffe8][0xffffffb3][0xffffff92][0xffffffb3](h[\n]"
20:21:12.367 [main] DEBUG org.apache.hc.client5.http.wire - http-outgoing-1 << "[0xffffff95][0xffffffa2][0xffffff98][0x18][0xfffffff6][0xffffff9d][0xffffffa0][0xffffffb8][0x1c][0x4][0xffffffdd][_[0xffffffa8][0xffffffba][0xffffffa2]/[0xffffff81][0xffffffe5]r[0xffffff8d]_[0x4][0xffffffce][0xffffffe5][0xffffffca][0xe][0x7][0xffffffd1]K5[0x7f])P[0xffffff97]+[0xffffffdc][0x15][0xffffffae][0xffffffcb][0xffffffe7][0xffffffef][0xe][0xffffffda][0xffffffe5][0x1a][0xe][0x3][0xffffffdd][0xffffffe5]Z[0xffffff9f]X[0xffffffce][0xffffffc2][0xffffffd0][0x11][0xfffffff1][0xffffff80][0x1c]s9[0xffffffac]m#[0xe]b[0xffffffae][0x10]$[0xffffffca][0xffffffd0]Y_[0xffffffad][0xffffffb8][0xffffffbf]T[0xffffffe6][0xffffff89][0x11][0xffffffbc][0x1e]9[0xb]A[0xffffffaa]9[0xffffffa0][0xffffff9c][0xffffff85][0xffffffa8]P[0xffffffca]Y[0xffffff90][0xffffff92][0xffffffc1][0xfffffff7][0xffffffc8][0xffffffef][0xffffffe6][0xfffffffc]Q[0xfffffffa][0xffffffaf][0xffffffa1][0xffffffbd][0xffffffbc][0xffffff8d][0xfffffffc],[0xffffffdf][0xffffff98][0xffffff92]7[0xffffff91][0xffffffc2]{Ci[0xfffffffc]iB6r[0xffffffd0][0xffffff91][0xffffffcb]M[0xffffffc9][0xffffffac][0xffffffc8][0x3][0xffffffbe]Fvi2[0xffffff8b][0xffffffa6][0xffffffd3][0xffffff85][0xffffffd4][0xfffffff3]_S[0xffffffbd][0x3][0xffffffa1]bAUP[0xffffff96][0xffffffef]]V[0xffffff87][0x17]R[0xffffffa6][0xffffffac][0x10]X[0xffffffc0][0xffffff8f][0xffffffc9]5[0xfffffff2]Oi>d[0x12][0x6]L'[0xffffffd2][0x17]s^S5[0xffffff85]y[0xffffff88][0xffffffaf]*#[0xffffffb6]rC[0xffffffad][0xf][0xffffffdc];[0xffffffee](RPe[0xffffffe7][0xffffffe8]R4j[0x16][0xfffffffb][0xffffffe2])Rs[0x13][0xffffffcd][0xffffffbb]G[0xffffff82].j[0xffffff80]/[0xffffffdf][0xffffff91][0xffffffa6][0xfffffff5]Hr[0xffffff80][0xfffffff3]v[0xffffffa1][0xffffffa2][0xffffffe1][\r]o[0xffffffa2][0x11][0x1b][0xffffff93][0xffffffd2][0x19]H[0xffffff92][0x1d][0xffffffc2][0xffffffd7][0x11]Q[0xffffffed]\[0x2][0xffffff80]rl[0xffffff91][0xfffffff6][0xffffff9a][0xffffffcc]!^[0xffffff91]$P[0xffffff8f][0xffffffc8].[0xffffff84]z[0xffffffce][0x1d][0xffffffc7]8 {[0x19][0xffffff89][0xffffffc9]H[0xffffffa1]([0xffffffe4][0xffffff87]S[0xfffffffa]?[0x9]>[0xffffffe0]4[0x12]T[0xffffff80]{[0x1f]esg[0xfffffffa][0x3][0xffffffb2][0xb]n[0xfffffff8][0x0]M[0xffffff8a]P[0xffffffc8][0x7][0xffffff90]`B[0xffffff84][0xffffff8c][0xffffff8c][0x9][0x12][0xffffffc1][0x7]iV6][0x1b][0xfffffff2][0xffffffb2]A[0xffffff82][0xffffffe6][0xffffffbc]r[0xffffffd1]wN[0xffffffd9][0xffffffa5]_[\n]"
20:21:12.367 [main] DEBUG org.apache.hc.client5.http.wire - http-outgoing-1 << "[0x17][0xffffffa7]![0xffffffef][0xffffff98][0xffffffb3][0xffffffb5][0xffffffd3][0xffffffcc][0xffffffe0]\[0xffffffd0][0xffffffe0][0xffffffe8]@[0x1c]Y[0x1d][0xffffff9f][0xffffff9f]t[0xffffffe2][0xffffff85][0x1e][0xffffff8c]#+j[0xffffffac][0xffffff89]#[0xffffffbb]Py-[0x1c][0xffffffd9][0xffffffcc][0xfffffff2][\r][0x1f][0xffffffec]hh[0x14]GVqd[0x15]G[0xffffffb6][0xfffffff2][0xffffffd3][0xffffffd7][0xffffffd7][0xffffffb4][0x7]Z[0xffffffcd][0xffffff91]==[0xfffffff9][0xffffffa0][0xffffff9f][0xffffff9f][0xffffffbc][0xffffffbc][0x7]F.qd[0x9],[0xffffffea][0xffffffe3][0xffffffc8]Z[\r][0xffffffc3][0xffffffec][0xffffff99]V[0xffffffd7][0xffffffb0][0xffffffba][0x16][0xffffffbf][0xffffffc6]Vrd[0xffffffd3]R[0xffffffa6][0xffffffd1][0xffffffb5][0xfffffff9][0xffffffcb]R[\r][0x1c]YP[0x14][0xffffff9a]f[0xfffffff6][0xfffffff6])[0xffffff8e][0xffffffb6]x[0xfffffffb][0xffffffc4][0xffffffb8][0xffffffdd][0xffffff98][0xffffffa7][0xffffff9f][0xffffffd6][0xffffffbf]}*[0xffffffcb][0xffffffb7][0xffffffcc][0xffffffea]K[0xffffffbd][0xffffff81][0xffffff8e]H[0xffffff90]U[0xffffffbe]F[0xffffffae][0x17][0xffffff90]#[0xffffff91][0xffffffac]e[0xffffffda][0xffffffbe]z[0x3][0xfffffffd][0xffffffdd]}[0xffffff8d]o[0xffffffdb][0xffffff9d]v[0xffffff95][0xffffffe5][0xffffff9b]aZ[0x16][0xffffff84][0xffffffca]+[0xffffff88]UE[0xffffffc4]l[0xffffffae][0x8]!.[0xffffff95][0xffffffa9][0xffffffe7][0x5]t[0xffffffd9][0xfffffff2][\r]oJ[0xffffffa5][0xffffffa4][0xffffff81]Crd[0x9][0xffffffba][0xffffffad][0x5] [0xffffffb7][0xffffffb6][0x9]#[\n]"
20:21:12.367 [main] DEBUG org.apache.hc.client5.http.wire - http-outgoing-1 << " [0x7f][0xffffffdc][0x4][0xffffffe4][0xffffff8a]#[0xffffffab]8[0xffffffb2][0xffffff8a]#[0xffffffab]8[0xffffffb2][0xfffffffb][0xfffffff9][0x4]A[0x11][0xffffffdb][0xffffffd1][0xffffff9b][0xfffffff8][0xffffffea]S[0xe]&[0xffffffc2]&hE(1Cil[0xffffff92]W[0xffffffb1][0xffffffaa][0xffffff96][0xffffffca]<%[0xffffff92][0xffffffd7]H[0xffffff91]e([0xffffffcf]XU[0xffffffe2]h[0xffffffeb]=[0xfffffff9][0xffffffe3]zV[0xffffff95]t[0xffffffef]T[0x14][0xffffffd9][0xffffffee][0xfffffff1][0xffffffb1][0xffffffda][0xffffff94][0xffffffab]My[0xffffff82]y[0xffffffe0]Vy[0xffffff88],[0x7f]~[0xffffff81][0xffffff9b][0x5]^a[0xffffffb6][0xffffffb7][0xffffff92]([0xffffffd7][0xfffffff0]/[0xfffffff1]Yh[0x13][0xffffffaf][0xffffffca]l[0xffffffeb]6L[0xffffffdf][0xffffff96][0xffffffa1]"
20:21:12.368 [main] DEBUG org.apache.hc.client5.http.wire - http-outgoing-1 << "[0xffffffbc][0xffffffd9]l[0xffffffda]-[0x1d][[0xffffffce]u[0xffffffdb]rgu[0xffffffbe]C[0x6][0xffffffe6]i[0xffffff99]'[0x7][0xfffffff3]z([0xffffffb2][0xc][0xffffffdf][0xffffffa9]<CS[0x1c]m[0xf][0xffffffe6][0xffffffaf][0xffffffd7]~[0xffffffde][0xffffffd7][0x1b][0xffffff8a]"[0xffffffab]([0xffffffb2][0xffffff8a]"[0xffffffab]([0xffffffb2][0xfffffffb]Qd[0xffffffad]&[0xffffffa8][0xffffffb0][0xffffffcb]Pn[0xffffffe8]-[0xffffffcb]4A[0xffffffde]Z[0x7][0xffffffe5]f[0xffffffd7][0xffffffde][0x18]aA[0x19][0xffffffde][0xffffffbb]?%[0xffffff94][0xffffffd7]F[0xffffff91][0xffffffb5];[0xffffffb0]:[0xffffffcd][0xffffffd4]$[0xffffffc4][0xffffffd1]V@[0xffffffde][0xfffffffb][0xffffff9b]q[0xffffffd6][[0xffffffaf]&[0xffffffa1][0x1c][0xffffffdf][0x6][0xffffff9c][0xffffff88][0xffffff95][0xffffffd1][0x15]1iv[0xffffffe2]e[0xffffffe5]<[0xffffffc7][0xffffffbd][0x19]Y[0xffffffe5]*[0xffffffbe][0xffffff84][0xffffff8b][0xffffff95][0xffffffd7][0xfffffff5]E,[0xffffffac][0xffffffbc][0xffffff9a][0xffffffc3]E[0xffffffbf][0xb]u~)[0xfffffff3]*[0xffffffaf]jW[0xffffffce]U~[0xffffffe6][0xffffffee]_[0x1a][0xfffffff3]s[0xf][0xffffffb3][0xffffffa1].[0xfffffff6][0xffffffe5]I)[0xffffffb2][0xffffff8e][0xffffffa1][0xffffffb7][0xffffffc9]"[0xffffffb9][0x1c][0x14][0xffffffe9][0xffffffd8][0xffffff86][0xffffff81][\r]v5[0xfffffff8]Z=[0xffffffc3][0xffffffee][0xffffffda]F[0xffffffd7]tV[0xffffff87][0xffffffb7][0xffffffd3]2[0xffffffc2]][0xfffffff9])[0xffffffc1][0xffffffb7][0x1e][0xffffff86],o[0xffffff9a][0x1d]@[0x2]g[0xffffff99][0xffffff89][0xffffffa3][0xffffffad][0xffffff90][0xffffff97][0xffffffbe]Q>~[0xffffffd8][0xffffffb0][0xffffff85]V[0xc]Y[0x15][\n]"
20:21:12.368 [main] DEBUG org.apache.hc.client5.http.wire - http-outgoing-1 << "[0xffffff99]][0xfffffffa]*[0x14][0xffffffa2]B![0xfffffff0][0xffffffd2][0xffffffcd]m[0xffffff95][0xffffff8e]79v[0xffffffda][0xffffffba]aWEB[0xc][0xffffffdb][0xffffffb1][0xffffffda][0xffffff9d][\r][0xffffff91][0x10][0x1b][0xffffffdc][0xffffff8f][0xffffffd5][0x8][0xffffffce][0xffffffe4][0x10][0x13]e[0xffffffec][0xffffffa7][0xffffffde]>[0xffffffe7]hx`[0xffffffc3]7|[0xfffffffd][0x4][0xffffff82][0x1f][0xffffff94]!K[0x15][0x16][0x18][0xffffffb2]/G[0xffffffd2][0xffffffb7]M0d[0xffffffcf][0xffffffbc];[0xffffffd8]v5>%#[0xf]F(c[0xf]&g[0xffffffe4][0xffffffd9]E[0xffffffe4][0xffffffd1][0x8]N1[0xffffffcc][0xffffffc8][0xffffffbc][0xfffffff8].[0xffffff8e][0xffffffee][0xffffffc8][0xffffff93][0xffffffab][0x17]E[0xffffffc1] [0xffffffba][0xffffffff][0xffffffc8][0xffffffce]Y[0xffffff8b][0xffffff86]=[0xffffff81][0xb][0xffffffca][0xffffffe7]5l[0xffffff91]$[0x1f][0x15][0xffffff94]T0[0x14][0xffffff88]]J[0xffffffb6]8[0xffffffa2]r[0xffffffe2][0xffffffb5][0x16]L[0xffffff9c][0xffffffe0][0xffffffc2][0xffffffe4][0xffffffc5]`[0xffffffbd][0xffffffe6]VJ[\r][0xffffffed]M[0xffffffee][0xffffffcc]$X[0xffffffa2][0x13][0xffffffd0]Ua}[0x3][0xfffffff6]([0xffffffda][0xfffffff6]`.4t[0xffffffa7][0xffffffee][0xffffffc0][0xf][0xfffffffc][0xffffff99][0xfffffff4][0xffffffb4]b[0x7f]04u[0x16][0xffffff85][0xffffffef][0xffffffa1]f[0xfffffffc][\n]"
20:21:12.368 [main] DEBUG org.apache.hc.client5.http.wire - http-outgoing-1 << "[0x16]i[0xffffff81][0xffffffef][0xffffff86][0xffffffb3][0xffffffb7][0x11][0xffffffd7][0x7f][0x1e][0xfffffffb][0xfffffff0][0x7f][0xffffffee][0xffffffd3][0xfffffff5][0xffffffc0][0xffffff8a][0xffffff8d][0xffffffc4][0xffffffc1][0xfffffff9][0xffffff92]2o(A[0xffffffae][0x5][0x7][0x17][0xffffffdd][0x4]!u[0xc][0xb][0x1c]a[0xfffffff6]F[0xffffffb6]Op9[0x1a][0xffffffce][0x3]a[0xffffffe7]Cg[0xffffffc9]:5Qi[0xffffffc6][0xffffff8c][0xffffffad][0xffffffb4]P[0x13]>Y[0xffffffcc][0xffffffd1][0x5]ku[0xffffffe4][0xfffffff1]8[0xfffffff0]h[0xfffffff6][0xffffffdf]W[0xffffffe9][0xffffff97][0xfffffff7]?j,5[0xffffff9f]ZZ[0xffffff89][0xffffff8e][0xffffffb1][0xfffffff1][0xffffff8c][0xffffffad][0xffffffeb][0xffffffda][0xffffffb7][0xffffffdf][0xffffffb9]#[0xffffffed][0xffffff9d][0xfffffff7][0xffffffef]s/[0xffffff99]=[0xffffffa7][0xffffffab][0xffffffb1]u[[0xfffffffb][0x16][0xffffff86][0x1c][0xffffffda][0xfffffff7][0xffffffe4][0x2][0xfffffff4][0xffffffbc]`[0xffffffbd][0xfffffff3][0x1d]\[0xffffff9d]f[0xffffffb1][0xb]v[0xffffffaf][0xfffffff0][0xffffffad])r[0xffffff82][0xffffffc3]H[0xb]`[0xffffffa9][0xffffff84]{[0xffffff99]`_;[0xfffffff3]gs8[0xe]Q[0xffffffcf][0xffffffc8][0xffffffa4][0xe][0xffffff97]/Z-[0xffffffdc]$l[0xffffffa9][0xffffffd3][0xffffffda][\n]"
20:21:12.368 [main] DEBUG org.apache.hc.client5.http.wire - http-outgoing-1 << "Ml[0xfffffff4][0xffffffa4]r[0xffffffd6]{R[0x11][0xffffff93][0xffffffb8]L[0xffffffc1][0xffffffc6][0xffffff8c]![0xffffffaa][0xffffffef][0x18][0xffffffdc]e0[0xffffff90]q[0x17][0xffffffa5]g][0xffffff91]R[\r][0xffffffbf][0x1e][0xffffffa2]^g[0x1d]-R[0xffffffaf][0xffffffd3][0xfffffff1]M[0xffffffeb][0xffffffcd][0xffffffd8][0xffffffcc][0xffffffb0][0xffffffd8][0x1a]k[0xffffff93]([0xfffffff4][0xffffffe1][0xffffff80]$[0x8][0xffffffe0][0xffffffc3][0x1b]0[0xffffffa3][0xb][0xffffffc4][0xffffffe6][0xfffffff4][0x14]"[0xffffff80]c[0xffffff8a][0xffffffd1][0xffffffc4][0xffffff81][0xffffffc3][0x16][0xfffffff9]x[\r]p[0xfffffff5][0xffffffc2][0xffffffe1].[0xffffffaf][0xffffff81][0xffffffa8][0xffffffe2][0xffffffd1][0x0][0xffffffeb][0x1][0xffffffb6]Wb[0xffffffbc]hH[0x1b][0xfffffff1]<[0xc][0x5]s[0xffffff9b][0xffffffbc][0xffffffed][0x12]m4[0xffffff8f][0xffffffe9]0[0xffffffed][0x6]/[0xc][0xf][0xffffffde]J[0xffffffb3]k[0xfffffff1];[0xffffffdb][0xffffffc9][\r][0xffffffa4][0xffffff87][0x12][0xffffffd1][0xffffffbe][0xffffffd1][0xffffff9c][0xfffffff4][0xffffffab][0xffffffb2][0xffffffb4][0x4][0x1e][0xffffff8b][0xffffffb0][0xffffff95]#[0xffffffef]0[0xffffffe6]D[0xffffffb3][0xffffffe7][0x1c][0xfffffff9][0xffffffb3][0xffffff91][0xfffffffb][0xffffffdf][0xffffff98][0xffffffea]*[0xffffffb1][0xffffffd0]3[0xffffff92]xN?[0xffffffc7][0xffffff89][0xffffff85][0xffffffe6][0xffffffc0][0xffffffb3]&[0xffffffea]8[0xffffffe8][0xffffffdd][0xffffff8b]Dt[0xffffffba]f[0xc][0xfffffff1][0xffffff9d][0xffffffeb]K[0xffffffcf],[0xffffffa6][0xffffffc2][0xffffffb3][0xffffff8d][0x16][0xfffffff6][0xfffffffc]ZB[0xfffffff6][0xffffff89][0xfffffff0][0xfffffff2][0xffffff92][0xc][0xfffffff5][0xffffffb4]c[0xffffff85][0xffffffb9][0xfffffff0]C[0xffffffec]N[0xffffffaf]a[0xffffffaf][0xffffffa8][\r][0xffffff83]9L[0xffffffc3]b[0xc][0xffffffa1]dm[0xb]WD[0xffffffba],[0xffffffba][0xffffff90])h[0xfffffff1]t[0xffffff8f]n[0xffffffbc][0xffffff87]A[0xffffffe4][0xffffffc6]dT[0xffffff88]?e[0xfffffffd]v[0xffffff85][0xffffffd5]R[0xffffffe1][0xffffffae][0xffffffbc][0xffffffe1]S[0xffffffd0]7[0x1a][0xffffff81]>[[0xffffffd6][0x1][0xffffff9c]|[0xf][0xffffff9c][0xfffffff3][0xffffffd4][0xffffffe2][\r]u[0xffffff9d][0xffffffe0][0xffffff8a][0xffffffa4][0xfffffffb] [0xffffff8e]>L[0xfffffff1]o[0xffffffae]IT[0xc][0xffffff9b][0xffffffeb][0x9][0xffffffba]N[0x6]e[0xffffffcc][0xffffff8f]'X[0xb]A[0xffffffb3][0xffffff97][0xffffff86][0xffffff8d]4[0xffffffe5]1[0xffffffcf][0xffffffc0][0xffffffec][0xffffffc7]z[0xffffffa1][0xffffffbe][0xffffff93][0xffffffc5][0xffffff99]?[0xffffffbc][0xffffffd6]&[0xffffff80][0x1a]ys[0xffffff97][0xfffffffd][0xffffffcb][0xffffffc4]:e[0xc]t[0xffffffa5][0x1d][0x15][0xffffffa6][0xffffffcb][0xffffffc2] [0xffffffb0]CV[0xffffffc2][0xffffff96][0xffffff93][0xffffffe1][0xb][0xffffffb9][0xffffff94]q[0xffffffed][0xffffffde][0xffffffbd][0xffffff98][0xffffffd8][0xffffff99][0xffffff87][0xffffffe2][0xffffffcc][0xffffff9d][0xfffffff8]pXtG[0xfffffff3][0xffffffbc][0x13][0xffffffda][0xffffff87][0xffffffff][0xffffffa1][0x7f][0xfffffff7][0xffffffb2][0xffffffcd][0xffffffff][0xfffffff3][0xffffffdd][0xfffffff7][0xb][0xfffffffc]{7[0xffffffbc][0xffffffe1][0xffffffbb][0xfffffff5][0x3]h[0xfffffff8][0xffffffda][0xfffffff7][0xffffffb1][0x1b][0xffffffc0]T[0xffffff91][0xffffffc6][0x14][0xffffffb6]vb[0xffffffea]a[0x11][0x1][0xffffffc6][0xb]w[0xffffffe7][0xffffffcd][0x4][0x4]|[0x18][0xffffffca]Ip[0xffffff99][0xffffff80][0xffffffbb][0xffffffef][0xffffff8e][0x9][0x19]h[0xffffffcd][0xffffffbb][0x1][0xffffffa1][0x1e]~[0xffffffcc]AU[0xffffff98][0x7][0xffffffe6][0xffffff90][0xffffffac][0xffffffec][0xffffffad]R[0x17]+eoU[0xffffff83][0xffffff8f][0xffffff86]4[0xffffff96]zE[0xffffffae][0x3]x[0xfffffff6]{[0xffffffb0]*[0xffffff9c]J[0x7][0xffffffb8][0xffffff8b]~[0xffffffb5][0xffffffeb]T}[0xffffffbd]P[0xfffffff6]V[0xffffffca][0xffffffde]J[0xffffffd9][Qn[0xffffffd7][0xffffff8e]kl[0x7]3=[0xffffffbc]oH[0xffffffb7]$z*^[0xfffffff4][0xffffffcf][0xffffffa2][0xfffffff7][0xfffffff3][0xffffffe1][0xffffffb5][0xfffffff0][0xb][0xffffffdc][0xffffffb1][0xffffffd5]m[0xffffff9c][0xffffff99][0xffffff8a][0xffffffd5][0xffffff8b][0x6][0xffffffdf][0xffffffc1][0xffffffbc]q;cB[0xffffffa4][0xffffffed][0xffffffb5][0xffffff8e][0xfffffff4][0xffffff82]oJ[0xffffffd9][0x3][0xffffffb1]XU[0xffffffe1][0xffffffe9][0xffffffb0]lG[0xffffffb5][0xffffffe3][0xffffff85][0xffffffa5][0xffffffc3])[0xffffffad][0x16][0xffffff97][0xffffffeb][h[0xffffff8c][0xffffff93][0xfffffff1][0x0]][0xffffffaf][0xffffffd8]@{[0xffffffb4]c[[0xffffffdb][0xc][0xffffffa2][0xffffffb2][0xffffffb7][0xffffffe2][0xffffffa9][0xffffffba][0xffffffe2][0xffffffb5][0xffffffad][0xffffffab][0xffffffa5][0xffffffa4][0xffffffd7][0x3]Y[0xffffffb2]U[0xffffffb6]#&o[0xffffffa5][0xffffffed]T[\r]w[0xffffffbc][0xffffffb2][0xffffff9d][0xffffffb4][0xb][0xffffffca][0xffffffde]J[0xffffffd9][[0xffffffa5][0xffffffb6]Q[0xfffffff2][0xffffffad][0xffffff8d][0xffffffa7][0xffffff86][0xfffffff0]I[0xffffffd5]$Z[0xffffffec]i[0x19]5[0xffffff82][0x11][0xffffffd5][0xffffffcc]k[0xffffffc0][0xffffff85][0xffffff99]`[0xffffff8d][0xffffffeb][0xffffff95][0xffffffdb]@[0xffffff8d]7[0xffffff89]{V[0xffffffab][0xffffffec][0xffffffad]2[0xffffffa7][0xffffffaf][0xffffffd1]U[0xffffffd8][0xffffff80][0xffffffe3];<[0xffffff9b]c[0xffffffaf]A~[0xffffffdf][0xfffffffe][0xffffff95]O[0xffffffc6][0xffffffd3]<[0xffffffd6][0xffffffa9][0xffffffbb][0xffffffa6]tb[0xffffffda]s[0xffffffb4][0xffffff95][0xffffffbd][0xffffff95][0xffffffb2][0xffffffb7][0xffffff82][[0xffffffb6][0xffffffd7]H[0xffffff97]][0xffffff82][0xffffffcf][0xffffffb4]p\[0xffffffbf][0xffffff8e]8[0xffffffde]s[0xffffff91]E_ET"[0xffffffd9]s[0xffffff9a]![0x14]6"[0xffffffb1][0xffffff84][0x6]ob8\[0xffffffc3][0xffffffd5][0xffffffff][0xffffffe8]&[0xffffff88]v[0xfffffffd]8G[0xffffffa4][0xffffffac]Ps[0xffffff81][0xffffffc7][0xfffffffc][0xffffff89]~[0xfffffffa]$[0xffffffca]F[0x8][0xffffff98][0xffffffb9][0xffffffda]w[0xffffff88][0xffffffde][0xffffffa1][0xffffffa6][0x15][0xffffffc5]Qf [\n]"
20:21:12.369 [main] DEBUG org.apache.hc.client5.http.wire - http-outgoing-1 << "[0xfffffff0]9[0x7f]q[0xffffff83][0xffffffa9][0xffffff97]\k[0x7f][0xffffff89][0xfffffffd][0xffffffe4]:"
20:21:12.369 [main] DEBUG org.apache.hc.client5.http.wire - http-outgoing-1 << "t[0xffffffab]O[0xffffff9a][0xffffffb8]XY[0x8]"[0xfffffff9]#/[0xffffffba]B[0x4]k[0x12]I8;[0xfffffff5]o[0x10]I[0xfffffff6][0x10],L[0xfffffffc][0xffffffea]S?![0x10][0xffffff8f][0xffffffeb][0xffffff9a][0xffffffa0] [0xffffffb7][0xfffffff7][0xffffff9e]"[0xffffffa2]?F[0xffffffc9]l[0xffffffa9][0xfffffff8][0xfffffff1][0xffffffe4]av[0xffffff9d][0xffffffcc]CDDY[0xfffffff5][0xffffffe2][0xffffffe2][0xffffff97][0x0]a[0xffffffe2][0xffffffef][0x11][0x1e][0xffffff9f]N[0xffffffa3][0xffffffdb][0xffffffa5][0xffffffe2][0xffffffcc][0x1e][0xffffffb9]E[0x11][0xffffffff]&[0xffffffba][0xffffffba]:[0xffffff88][0xffffff82]B[0xffffffdb][0xffffffb2]L[0xffffffbb]E[0x6]:[0x7][0x12]P[0xffffff90][0x15][0xffffffd6][0xffffffa2][0xffffff9f][0xffffffb0]X[0xfffffff7][0xffffffe1][0xffffffe5][0x13][0xffffff8c]Nf1&[0xffffff9b]R[0xffffffea][0x9]J=A[0xffffffa9]'T[0xffffffa6]*[0xffffffef][0xffffffce]i[0xfffffffa][0xffffffe7]M[0x15]X[0xffffffa5][0xffffff9e]0~<}|[0xffffffa3][0xffffff9f]=[0xfffffffe]L[0xffffffec][0xffffff9a]E[0xfffffff5][0x4][0xffffff89][0x15]5[0xffffffa9]'[0xffffffb4][0x1a][0xffffff86][0xffffffde][0xffffffb0][0xffffff8c][0xffffff9e][0xffffffd1][0xffffffe9][0xffffffea]N[0xffffffd7]^[0xffffffe1]0V([0x5][0xffffff8d][0x5][0xffffffc1]T=[0xffffffbc]z[0xffffff82]c[0x1a][0xffffff96]a[0xffffffa7]I[0xffffffb7][0xfffffff2]h33[0xffffffe9][0xffffffc3][0xffffffc3]i[0xffffffef][0xfffffff4][0xfffffffe]l[0xffffff9d]v[0x1f][0xffffff8d][0xffffffa1]r[0x18]S9[0xffffffb7]*[0xffffffe7]V[0xffffffe5][0xffffffdc][0xffffffee][0xffffff99]skv[0xffffffda][0xe][0xfffffff9][0xffffffcf][0xffffff94][0xffffffe9][0xffffffa5]N[0xffffffdb]&e[0xffffff80]2[0xffffffbd][0xffffffb4][\n]"
20:21:12.369 [main] DEBUG org.apache.hc.client5.http.wire - http-outgoing-1 << "1[0xffffffcb][0xfffffff2][0xffffffd7]Uej[0xffffffa0][0xffffff97][0x12][0xfffffff8][0xffffff95][0x1d][0xffffffc6]*[0x0][0xfffffff1][0xffffff80][0xffffffea][0x9][0xc][0xffffffdd][0xffffffed]4[0xffffffe5]V[0x1e]m[0xb][0xffffffe4][0xffffffe7]'kRn[0xffffffb9][0xffffffdf]J=A![0xffffffb9]Br[0xffffff85][0xffffffe4]{"[0xffffffb9][0x5][0xffffff91][0xffffff84]V[0xffffff85][0xffffff96]6[0xffffff8c][0xffffffb4][0xffffffaa][0xffffff8c][0xc][0xffffff8a]([0xffffffdd][0xffffffec]Z[0xffffff95][0xffffffea][0x9]Ue[0xffffff9e][0x12][0xffffffc9][0xffffffeb]SO`[0xfffffff0][0xffffffce]\[0x7f][0xffffffe5][0xffffffd1][0xffffffb6]P[0xffffffbe][0xffffffd6][0xfffffff5]7[0xffffff87]r[0xffffffa5][0xffffff9e][0xffffffa0]R[0x6]T[0xffffffca][0xffffffc0].[0xffffffd1][0xffffff9f][0xffffffaf])$[0xfffffff2]%f[0xffffff91][0xffffff96]n[0xffffff98]f[0xffffff85]z[0x2][0xffffffa2][0x8][0xffffff96][\r][0xffffffe0]Z[0xffffffbf]/G[0xffffffbc][0xffffffc3][0xffffffa8]J[0x1a]([0xffffffa2]9[0xffffffca][0xffffffd4]e[0xffffff8c][0xffffffb0]r_[0xffffffce]h^[0xffffff8b]|[0x2][0xffffffe1][0xffffffb7][0xffffff93][0xffffffc9]'[0xffffffc8][0xffffffa3]-[0xffffffd1][0xffffffdc]8}\#[0xffffff9f][0xffffffc0]h[0xffffffae][0xffffffe4][0x13][0xffffff94]|[0xffffff82][0xffffff92]OP[0xfffffff2][0x9]{[0xffffffc9]'X[0xffffffa6][0xe]'[0xffffff84][0xffffffe5][0x0][0xb][0x1][0x16]6[0xffffffec]k[0xffffffa1][0xffffffdc]i#z[0xffffffbd][0x1][0xffffffca][0xffffffa9][0xc]K,<[0xffffffe5][0xffffffc6][0xffffffbc].[0xfffffff9][0x4][0xffffffc7]4u[0xffffffbd][0xffffff93][0xffffff87][0xffffffca][0xfffffff9]h+ [0xffffffff][0xfffffff4][0xfffffff2][0xffffffee][0xffffffbc][0xffffffb7]F[0xffffff9f][0xffffff92][0xffffff81]\9[0xffffff8c])[0xfffffff9][0xffffff84][0x2][\r]BH[0x8]+[0xfffffff9][0xffffff84][\n]"
20:21:12.369 [main] DEBUG org.apache.hc.client5.http.wire - http-outgoing-1 << "[0xffffff97][0xffffffe3][0xffffffaf]F>Ao[0x1b]V[0xffffffab]b+m[0xffffffd9]N[0xffffff9b][0xffffff8c][0x1f]+[0x2][0xffffffdc]FC[0xffffffc7][0xffffff87]C[0xffffffbb]k9][0xffffff9d]3k+[0x2][0xffffffdc][0xffffffc5]2[0xffffff8c][0xffffffd0]O[0xffffff89][0xffffffbe][0xffffffb5][0xffffffe8]'p[0xc][0xffffffc4]iJ[0xfffffffd][0x4]y[0xffffffb4][0x15][0xfffffff4][0xffffffd2]W[0xffffffca][0xffffffde][0xffffffdf]V[0xffffffeb]'[0xffffffa4][0xffffffd0][0xffffffab][0x1c][0xffffffc6][0xffffff94][0xffffff94][0xffffffa4][0xffffffd2]OP[0xfffffffa][0x9];[0xffffffe9]'[0x0][0xffffff95][0xffffff80][0xffffffdf][0xffffffd0]q/[0x7f][0xffffffa0][0xffffff84]qo[0xffffffb3]c[0xffffff98][0xffffff95][0x8][0xffffff9e]R?[0x0][0xffffffe2]Ng[0x5][0xffffff82]ge[0xffffff80][0xfffffff2][0xffffffec]#[0xfffffff9][0xffffffc4][0x8]^[0xffffff8b][0xffffffc3][0x18]A-.[0xffffffe5]p[0xfffffffa][0x9][0xffffffb2][0xffffffc2][0xffffff82]~[0xffffffc2]+J[0xffffffc0].z[0xffffff8c][0xffffffbd][0xfffffff7][0xffffffdc][0x18][0x19][0xffffffc3][0x9][0xffffffa9]' [0xffffffa3]>[\n]"
20:21:12.369 [main] DEBUG org.apache.hc.client5.http.wire - http-outgoing-1 << "[0xffffffb3][0xffffffac][0xffffffed] [0x2][0xffffffaf][0xffffff9a][0xc][0xffffffae][0x6].[0x12][0xffffffcf][0xffffffe7]q[0xffffff88]L[[0xfffffff0].)[0x1d][0xffffff9a]L[0xffffffb3]f[0x11]Q6[0xffffffe1][0xffffffec][0x5][0xffffff89][0x2][0xffffffca][0xffffffc8][0xf][0xffffffbd][0xffffffd9]][0x14][0xffffffdf]@- [0xc][0xffffff91][0xffffffa4]D5[0xffffffa5][0xffffff94][0xffffffd6][0xffffff86][0xfffffff6][0x1d]*[0xffffffbb][0xffffffa1]DlQ?[0xfffffff6][0xffffffb1]S[0xffffffd4]Mr[0x6][0xffffff9c]K[0xfffffffc][0xffffffda][0xffffffd0][0xffffffb3][0xffffffc2][0x15]>h[0xffffffd5][0x9][0xfffffffd]Y[0xffffffa2][0xfffffff6]0[0xffffff8a][0xffffffe1][0xffffff9b]7C^4[0xffffff92][0xffffff85][0xffffffa7][0xffffffee][0xffffff98][0xfffffff2][0xffffff88][0xfffffff2][0xffffffa6][0xffffffdf]S[\n]"
20:21:12.369 [main] DEBUG org.apache.hc.client5.http.wire - http-outgoing-1 << "[0xffffffb8][0xffffffc8]y[0xffffffce][0xffffffd2][0xffffff87][0xffffffa1][0xffffff91][0xffffffe0]!y[0x1d][0xffffffbc][0xffffffd4]a[0xffffffe0][0xffffffc6]`[0xffffff90][0xffffffe7]'P[0xfffffff3][0xffffffef]@wE[0xffffffd2]q^[0xffffff87][0xfffffffc][0x3][0xffffffe5][0xffffffcd]C[0xffffffc6][0x1][0xffffff9a][0x3][0xfffffffd][0x4][0xffffffd7][0xffffff93]|[0x0]3,t'[0xffffffc8][0xffffffeb][0xffffffa6]\s[0xfffffff1][0xffffffb7][0xffffffb7]` a[0x1c]F}[0xffffffea][0xffffffcc][0xffffffbd]Ty [0xffffff81][0x6][0x7f]LNf4[0xffffff9e]H[0xfffffff4]F[0xffffff9e][0xffffffb3][0xffffffc7][0xffffff86]c[0x18]6[0xc][0x0][0xffffff86][0xffffffef][0xffffffce]C[0xffffffda][0xfffffff9][0x14])[0x2][0x18][0xffffffe5][0xfffffff9]TC~3[0xffffffae])[0x1a][0xffffff83]f[0xffffffeb][0xffffff8d][0xe]Bum[0xffffffb5]Zm[0xffffffbb][0xffffffd5]:[0x1c][0xffffffd5]UVX[0xb][0xffffffd5]u[0xffffffb1][0xffffffee]Z[0xffffffa8][0xffffffae][0xffffffa9]S[0xffffff98]lJQ][0x15][0xffffffd5]u[0xffffff97][0xffffff8f][0x1d][0xffffff87][0x13][0xffffffeb]+[0xfffffff3]BI[0xffffffda]d[0x18][0xfffffffb]S[0xffffff86]P,W[0xffffffe8][0xffffffee][0xffffffb9][0xffffffa1][0xffffffff][0xffffffc8][0xffffffd8][0xffffff91][0xffffffec][0xffffffe3][0xffffffaa][0xffffffb3][0xffffffab]p_[0xffffffb9]C_[0xffffffd3]w[0xffffff9d]UT[0xffffffd7][0xffffffa1]u[0xfffffff6]8[0x6][0xffffffd5]uXIu[0xffffffad][0xffffffd1]([0xffffffac][0xffffffd5][0xffffffd0];[\r][0xffffffa3][0xffffffd9]3[0xfffffff4][0xffffffae][0xffffffdd][0xffffffe9][0x1a][0xfffffffc][0xffffffe9]g[0xffffffd9]([0xffffffac]P[0xffffffca]i[0xffffffc9]R[0xffffff87][0xffffffa7][0xffffffba][0xffffff92][0xffffff9f]w[0xffffffb3][0xffffff93][0xffffffca][0xffffff9f][0xffffffca][0xffffffa3][0xffffffcd]/[0xffffff91]?[0xffffffdb][0xffffffa7][0xffffff8f]7[0xffffffe6][0xfffffff9]:[0xfffffff9]SlD[0xffffffca][0xffffffbe]8/[0xffffff9e][0x5][0xffffffee][0xffffffc0]#[0xffffffbe][0x8][0xffffffbf][0xffffffa3][0x7][0xffffff91];[0xfffffff2][0xffffffe2]g[0xffffffdd][0xffffffcf][0xffffffcf][0xffffff82][0x8][0xffffff92]G[0xfffffff8]si[0x1a][0xffffffca]W[[0x3]>[0x13][0xffffffe4][0x17]T[0xffffffbc][0xffffff91]?7[0x7f][0xfffffff9][0xffffffeb]Y0[0xfffffffc][0xfffffff4][0xfffffffa][0xffffffe1][0xfffffffc][0xffffffe4][0xffffffc3][0xfffffffd][0xfffffff9][0xffffffcb]?[0xffffffd2]Mto][0xffffffb0][0xffffff93][0xffffffcb][0xffffffeb][0xffffff85][0xffffffff][0xffffff98][0x1c][0xffffff89]W9[0xffffff8a] [0xffffffc9][0xf]}[0xffffff9c][2?[0x16][0xffffffb5][0xffffffff][0xffffffe9][0xfffffff6][0xffffff8f][0xffffff94][0x12][0x2]U[0x14]Q[0x7]I[0x12]r/[0xffffffe3]][0xffffffe9]-8[0xffffffe9]z6[0x9]J[0xffffffbd]P/[0xffffff92][0xffffffea]ER[0xffffffbd]H.[0xffffffbe]Hn[0xfffffff4]$0[0xffffff9d][0x16]4[0xfffffff6][0xffffff97][0xffffffdf]$[\r][0xffffffdb]l[0xffffffe1][0x3][0xffffffcd]r$0[0xffffffc3]U [0xffffffa6]U[0xffffffa9][0xffffffc3][0xffffffb7][0xffffff88][0xffffffaa]V]:|[0x4]~[0x15]T[0xffffffd7]2 [0x1e][0xffffff90][0xffffffea]*[0xffffffa0];[0xffffffa5][0xffffffba][0xffffffca][0xffffffa3][0xffffffed][0xffffff81]|=[0xffffffd5]U[0xffffffba][0xffffffcb]X[0xffffffe6][0x11][0xffffffa0][0xfffffff4]h[0xfffffffc][0x8][0xffffff8c]SH>9^~\[0xffffffed]$n][0xffffffde]t[0xffffffed]-q]][0x11][0xffffffb2]C?[0x1f]G[0xfffffff4][0xffffffa6]yIO=[0xfffffff2]id[0xffffffd5][0xffffffea][0xfffffff2][0xfffffff3]q[0x1b][0xffffff97][0xffffff94]/[0xffffff92][0xffffffbb].wO[0xffffffed][0xffffffa3][0x7f]w[0xffffff96][0xffffff8f]f[0xffffffa7][0xffffffd9][0xffffffb4]*[0xffffffbe][0xffffffa9][0x1b][0xffffff86][0xffffffde]q6![0xffffffb9]YiH[0xffffffb0][0xffffff88][0xffffffe4]f][0xffffff86][0x4]+[0xffffff91][0xffffffbc]>[0xffffffaa][0xffffffab][0x0][0xffffffef][0xffffffd4][F[0x1e]m[0xf][0xffffffe5][0xffffffeb][0xffffffc9]Q[0xffffffca](,[0xffffffa7][0xffffffc5][0xffffffa8]M[0xffffffb9][0xffffffda][0xffffff94][0xffffffab]M[0xfffffff9][0xffffffce][0xffffff9b][0xfffffff2][0xffffff8e]C[0xffffffbb][0xffffffef][0xfffffff2][0xffffffe7][0xffffff9d][0xffffffb6][0xffffffde][0xffffffd2]u[0x13][0xffffffaf][0xffffffe9][0xffffffeb][0xffffffb7][0xffffffe5][0x6][0x7f][0xffffffba]Y[0xfffffffe]@_[0xffffffdc][0xffffffba][0xffffff8b][0xffffff90]H=[0xffffff9f]w[0xffffffaa][0xffffffb7][0xffffffe5][0xfffffff5]1][0x9][0xffffffbe][[0xffffff99][0xffffffbf][0xffffff8c]<[0xffffffda][0x12][0xffffffcc][0xffffffad][0xffffffb5][0xfffffffe]2[0x1c]`QLW[0xffffffc5]tULW[0xffffffc5]t[0xffffffdd][0xffffff8f][0xffffffe9]j;[0x1d][0x13][0xffffffdb][0xffffffef]2"
20:21:12.370 [main] DEBUG org.apache.hc.client5.http.wire - http-outgoing-1 << "[0xffffff94][0x1b][0xffffffba]i5[0xffffff8d][\n]"
20:21:12.370 [main] DEBUG org.apache.hc.client5.http.wire - http-outgoing-1 << "+[0xfffffff6]l[0xffffffcf]mt[\r][0xffffffa7]+[0xfffffff6][0xffffffdc]+[0xffffffa1][0xffffffbc]P[0xffffffe6])[0xffffffa1][0xffffffbc]6[0xffffffa6][0xffffffab][0xffffffde]A*q[0x1a])w[0xffffffc4][0xffffffd1]f [0xffffffff][0x0][0xffffff96][0xffffffeb]k[0xfffffffb][0xfffffffc]d[0xffffff8d]Q[0x18][0x3][0xffffffb9]b[0xffffffba]*[0xffffffa6][0xffffffab]b[0xffffffba]n[0x13][0xffffff9b][0xfffffffa]j[0xffffff98][0xffffffae]-[0xffffffbb]i7+[0xffffffe0][0xffffffd7][0xffffffe9][0x18][0xe][0xfffffffc][0xffffffc3][0xffffff96][0xfffffff7][0xffffffd1]P[0xffffffc8]1Z= [0xffffffaf][0xffffffdd]\[0xffffff97]f[0xffffff90][0xffffff97][0xffffffa9]1[0xffffffcd][0xffffffa0]z[0x1f]][0xb][0xffffffd1][0xffffff95]7[0xffffffcd]:}[0xffffff9e][0xffffffa3][0xffffffaf]r[0xfffffff2]h3[0xfffffff2][0xfffffff2]7J[0xffffffeb][0xfffffff4][0xffffff84][0xffffffa5][0xffffff8c][0xffffff88][0xffffffb3][0xffffff83]/z[0x5]k[0xffffff84][0xffffffc6][0xffffffad]~[0xffffff94]"[0xffffffaf]"[0xffffffba][0xffffffaa]P[0xffffff88][\n]"
20:21:12.371 [main] DEBUG org.apache.hc.client5.http.wire - http-outgoing-1 << "[0xffffff85][0xffffffa8]P[0xffffffc8][0xffffff8e]D[0xffffffd7]V[0xffffffcb][0xffffffaa]4[\n]"
20:21:12.371 [main] DEBUG org.apache.hc.client5.http.wire - http-outgoing-1 << "[0xffffffc3]g[0xffffffcb][0xffffffa6]Q[0xffffff89][0xffffffe0]y[0xffffff94][0xffffffa3][0xffffffdd][0xffffffb5]W$[0xffffff8a]-[0xffffff94][0xfffffff9][0xffffffef]@[0xfffffff0][0xffffffba][0xffffff88][0xffffffae][0xffffff87]5[\n]"
20:21:12.371 [main] DEBUG org.apache.hc.client5.http.wire - http-outgoing-1 << "#[0xffffffec][0x6][0xffffffb0]K[0xffffffa2]+[0xffffffe4][0xffffffe4][0xffffffc9][0xffffffa8][0x8]F@[0xffffffcc].-Z[0xffffffe0]H[0xffffff9c]gS[0x1e][0xfffffff1][0xffffff89][0xffffff8d][0xffffff9c]gn[0xffffffe1][0xffffff9d][0xffffffc3][0xffffffd4]W[0xfffffff2][0xfffffffe]![0xffffffde][0xffffffe5]d[0xffffffe2][0xffffff85]0[0x1a][0xffffffeb][0x12][0x5][0xffffffb4][0xffffff91]y=9[0xfffffff0][0xffffff85][0xffffffd2][0xffffffbe]%[0xffffffae][0xffffffe7][0xffffff98][0xffffffd5][0xffffffea][0xffffffe3][0xffffffe7][0xffffffe2][0xfffffff7][0xfffffff7][0x10][0xffffff8a][\r][0xfffffffd][0xfffffff9]D[0xffffffb3][0xffffff8e][0xffffff9c][0xffffffe5][0xffffffdf][0xffffffa9][0xc][0xffffffb1]JK[0xffffffd6]e|[0xffffffa8][0xffffffa1][0xffffff99])Y}qK[0xffffff9a][0xffffffd6][0xffffffd0][0xffffffde][0xffffff9e][0xffffffbf][0xffffffef]i[0xfffffffd]c[0xffffffa9] }[0xfffffffc]Y[0xfffffffe]C[0xffffff83]w[0xffffffe1]1[0xffffffe9][0xffffffa4]Fw[0xffffffc7][0xffffffa9]>1[0xffffffec][0xffffff84][0xffffffc8][0x12][0xffffff8a]L[0xffffffb9][0xffffffca][0xffffffc2][0xffffffc7][0xffffffa2]6[\r]d[0xffffffdc][0xffffffc9][0x4][0xfffffffd][0xffffffcd][0xffffff99][0xffffffac][0xffffffa2][0xffffffd5]i[0xffffffec]][0xffffff81]o[0x1a][0xe][0xffffffc1]d[0xfffffff5][0xffffffee]g[0xffffffd0][0xffffffb6][0xffffffa5][0xffffffab]?J[0xffffffae][0xffffffc9][0xffffff9e][0xffffffa8][0xffffff81][0x1][0xfffffff0][0xffffffa7][0x10]W[0xe]|8[0x0][0x1d][0xffffffb9]S[0xffffff9f]6b[0xb][0x1e]d[0xffffffa2][0xffffffa0]h$[0xffffff99][0xffffffcd]G>,y[0xffffff84][0xfffffff3][0xffffffd0]0[0xffffff9a][0xffffffc3][0xffffffe0]h[0x1e]z[0xfffffff7]Pl[0x6][0xf][0x17][0xffffffa4]\[0xffffffd8][0x13][0xffffff81]r[0xffffffcc][0xfffffffd],[0xffffffba][0xffffff93]I[0xffffffd7][0xffffffaa][0xffffffbc]k[0xffffffbb][0xffffff98][0xffffffa7]i[0xffffffec][0xffffff9b]v[0xffffffe7][\r]F1[0xffffffdc][0xffffff91]b[0xffffffd6][0xffffffd6][0xffffffe6][0x1e]z![0xffffff99][0xffffffa4][0xffffff89][0xffffff9e]Q[0xffffff8b][0xffffffb9]V[0xffffffef][\n]"
20:21:12.371 [main] DEBUG org.apache.hc.client5.http.wire - http-outgoing-1 << "[0xffffff93]4[0x1e][0xffffffbe]E[0xffffff8d][0xffffffee]t[0xffffffd4][\n]"
20:21:12.371 [main] DEBUG org.apache.hc.client5.http.wire - http-outgoing-1 << ">Db[0xffffffd8][0xffffff86][0xffffffb1][0xffffff9b][0xffffffc0][0xfffffffe][\n]"
20:21:12.371 [main] DEBUG org.apache.hc.client5.http.wire - http-outgoing-1 << "[0xffffff9e]n[0xffffffb8][0xfffffff7]h[0xffffffea][0xffffffd6][0xffffff8f][0xffffffa3][0x10]3e[0x6][0xffffffdb][0xffffffa1][0xffffffd8][0xffffffa7][0xffffff86][0xffffffd9][0xffffffde]h[0xffffffe0][0xffffffcd][0xffffffe8]wb[0x16][0xffffffc5]Q .\X[0xffffffd0][0xffffff89]~[0xffffffc1][0x15]k[0xffffffe8][0xffffff82][0xfffffffa]K[0x16]mT[0xffffffa3][0xfffffff0][0xffffffe1][0xffffffa2][0xffffffdf][0x1a]b[0xffffff92][0xffffff80]:[0xffffff9c][0xffffffdf][0xffffff9f]Q49[0xffffffba][0xfffffff2][0x3][0xffffffef]Hl[0x1][0xffffffdf][0xffffff84][0xffffffaf][0xffffffae][0xfffffffd][0x0][0xfffffff4][0xffffffe2][0xffffffc4][0x13][0xffffffee]R[0xfffffff1][0x1c]c[0xffffff9b][0xffffffda]iQA[0xffffffd1]H4[0xfffffff8][0xffffff84][0x1b][0xffffff80][0x6]0Q[0xffffff89]tL[0xffffff8d][0xffffffa2]C[0xffffffd4]Y[0x10][0xffffff93][0xffffffe1][0xffffffae][0xffffff86][0xffffff89][0xffffff95][0xffffff8e]}[0xffffffa5][0x3][0xffffffdc]O[0xffffffd1][0xffffff98][0xffffffec][0xffffffca][0xffffff84][0xfffffff1]T[0xffffffc1]2[0x11]kd<[0xffffffa7][0xffffff8b]&[0xffffffb3][0xffffffb1][0x11]S[0xffffffc1][0xffffffd9][0xffffff93][0xffffffaa][0xffffff8f][0xfffffff0]c[0xffffff8c][0xffffff96][0xffffffe8][0xffffffe2][0xfffffffb][0xfffffff9]]}[0xffffffed][0xffffffc6]dX5[0xffffffc0][0xffffff98][0x15][0xffffffa8][0xffffffe1][0xffffff9a][0xffffff8b]R[0xffffff93])[0xffffffea]@[0xffffffd7][0xffffff8b][0xffffffa6]zW<\%s5qE[0xffffffc3] "[0xf][0xffffffac]ln[0xffffff81][0xfffffff0][0xffffff9d]7[0xffffff93]2[0xffffffb4]G[0x1e][0xffffffc6][0xffffff8e][0xfffffff4][0xffffffc0]3>6[0xffffffb1][0xffffffb0][0x7f][0x11][0xffffffeb][0xffffffbb]O[0xffffffa3]p[0xffffffe5][0xffffffde]b[0xffffffd5]`[0xffffffec][0x5]_;[0xfffffffd]i[0xffffffb9][0xffffffaa][0xfffffffe][0xffffffd5]l[0xfffffffa][0xffffff96][0xffffffce]~[0xffffff8b][0xffffffbe][0xfffffff7]_h}[0xffffffd2][0xffffffb7]Z[0xfffffff8]C[0xffffff92][0x4][0xffffffc5]c[0xffffffb9][0xffffffd0][0xffffffb4][0xffffff94][0x9][0xffffff9e][0xffffff9d][0xffffff9b][0xffffff91][0xffffffbd]/i[0xffffffea]$[0xffffff97]pA[0x3][0xffffffff][0xffffff9c]g[\n]"
20:21:12.371 [main] DEBUG org.apache.hc.client5.http.wire - http-outgoing-1 << "[0xffffffdf]FZ[0xffffffc6]Yk}i[0xffffffb8][0xffffff95]7Gm[0xffffffa7]M[0xffffffe1][0xffffffdf][0x5][0xffffffae]9[0xffffffb5][0xffffffd0][0xffffffc7][0x1d]"[0xc][0xfffffffb][0xffffffc7][0xffffffb3][0xffffffee][0xffffffff]z{[0xfffffffe][0xffffffae][0xfffffff7][0xffffffbf][0xffffffff][0xfffffff1],[0xffffffbf][0xffffff96][0x1e]y[0xffffff8f]1[0x11][0xffffffbd][0xfffffff7]0[0x5]O[0xffffffbd][0x1f]F|[0xffffffd4]G[0x17][0xffffff88][0xffffff83][0xe][0x6]<[0xffffffe6]s[0x0][0xffffffb7][0xffffffbd][0xffffff91][0xffffffc0][0xffffffca][0xfffffffe][0xffffffc8]'.=[0xffffff8f][0x14]\[0xffffffc6]@dw[0xffffff81][0x12][0xffffffe2][0x6]0[0xffffff98][0xffffffe2]W[0xffffff9a]C[0xfffffff9][0xffffffba]J[0xffffffb0][0xffffffd0][0xffffff85][0x6];M3[0xffffffb1][0xffffffd8][0xb][0xffffffcc][0x7f][0xffffffea][0xffffffc1]E[0xffffffff]WF.r[0x1c]y[0xb][0xffffffaf][0xffffffb2][0x9]([0xfffffff4]q[0x2][0xffffffcb][0xffffffc0][0xffffff9c][0xffffff87]/[0x3]G4([0xffffffb1]G[0xffffffc9][0x6]Z[0xffffffe2][0xffffff8f])[0xffffffe3][0xffffffc0]2[0x1b][0xffffff83][0xffffffd4][0xffffffdb][0xffffff8d][0xffffff9d][0xffffffed][0xffffffc8][0xffffffa2]m[0xffffffa1]s[0xffffffa2][0xffffffe3]4m^[0xffffffbd][0x7f][0xffffffcf][0xffffffa3][0xffffffb3][0xffffffa2]s[0xffffffb0]G[0xffffffcb]n[0xffffff91][0x18][0xfffffffc]I[0x4][0xffffffbc][0xf][0xfffffffc][0xffffff81][0x7]/[0xffffffb2][0xffffffbc][0x1a]a[0xfffffff6]6[0xffffffc3][0xffffff80][0x15][0xffffffae][0xffffffe3][0x14]K[0x0][0xffffffdd]a[0xffffffb8][0xffffffe8][0x7f]?[0xf][0x2]![\n]"
20:21:12.371 [main] DEBUG org.apache.hc.client5.http.wire - http-outgoing-1 << "..[0xc][0xffffff97][0xffffff82][\n]"
20:21:12.371 [main] DEBUG org.apache.hc.client5.http.wire - http-outgoing-1 << "[0xffffffe9]7[0xffffff99][0xffffff8b]P[0xffffff9c][0xffffffd3]K[0x18][0xffffffdc][0xffffff8b][0xffffffe0]][0x6][0x15][0xffffffed][0x4][0x12][0xfffffff6]X?[0xffffff9a][0xc][0xffffff88][0xffffffa5][0xffffffeb]R[0xffffff83][0xb]Z[0xffffffe0]][0xffffffcd][0x8]-1l[0xffffffc2][0xffffffad]R[0xffffffb4][0xffffff9b][0xffffffdb][0xffffffcf][0xfffffff4]?[0xffffff8a]{r[0xffffffe5][0xfffffffa][0x1][0xffffffae][0xffffff8b]~[0xffffff96][0xffffffcb][0xffffff9a]N[0xffffff97]K[0xffffffc5][0xffffffc7]cl[0xffffffe4]c1`[0x5][0xffffffc2][0xffffff9c]0[0xffffff9f][0x16][0xfffffffd]c[0xffffffc0][0xffffffe7]1[0xffffffa7]c[0x1c]CL[0x1f][0xffffff86][0xffffff8e][0xffffffc0]w[0xffffffd9]Oi.[0xffffffc7]V[0xffffff82]}.[0xffffff82]T[0xffffff86][0xfffffff4][0xffffffa6][0xffffffbd][0xffffffa0][0xffffffa1][0xffffffc7]sa[0xffffff8e][0x5]$:[0xffffffd0]G"[0xffffffc7]5f%[0xffffff81][0xffffff8b][0xffffffeb][0xffffffb3][0xffffff85] N[0xffffffe4][0xfffffff3](S[0x4][0xffffffda][0xffffffe4][0xffffff80][0xffffffba][0xffffffa6][0xffffffad][0xffffffc1][\r][0xffffff86]~[0xfffffffb][0x16]^o[0x18][0xffffffc6][0xffffffc1][0xffffff83][0xffffffb6][0xffffffa0]s[0xffffffce][0xf]R[0xfffffffa][0xffffffaf][0xffffffa1][0xffffffad]7g[0xffffff94]OjM?[0xffffffb2][0xffffff8c]#[0xffffffbd]p[0x16].[0xffffff88],[0xc][0x9]w[0xffffffc9][0xfffffffb][0xfffffff0]#[0xffffff92]([0xffffffc0][0xffffffdf][0xffffffa4]G,[0xffffffee]L~[0x16][0xffffff9e][0xffffffe0][0xffffffe9]Ik3=h@[0xfffffff3][0xfffffffd]A[0xffffff96][0xfffffff7][0xffffff91][0x3][0xffffffb3][0xfffffff0][0xffffffa0][0xffffff93]@[0xffffff95]=[0xffffffbd][0xfffffffb][0xfffffff2]^[0x1e]%[0xffffffee][0xffffff95][0xffffffc7][0xffffffff][0xffffffc6]E[0x1f][0xffffff89][0xffffff87][0xffffffd2][0xffffff88]Q[0xffffff91][0xffffff9e][0xfffffff1][0xffffffd5][0xffffffa5][0xffffff80][0x2][0x3][0x1f][0xffffff9b][0xffffff82][0xfffffff0][0xffffffc3][0xffffffbb]7[0xffffffc9][0xfffffff2]99[0xffffffba][0x1e][0xffffff8d][0xffffffbc]+w[0x1e][0xffffffcc][0xffffffde][0xffffffe2])[0xffffff91][0x1c][0x11][0xffffffa4][0xffffffe4]5[0x17]J[0xffffff81]G[0xb]"[0xffffffed]8[0xffffffc3][0xffffffe2][0xffffffc3]y[0xffffffe1][0xffffffd1]u\[0xfffffff4]_[0x11][0x1e][0xffffffa7][0xb];[0xffffff99]b[0x3][0xffffffe1][0xffffffed][0xffffffe8][0xffffffe5]Rv$[0xffffffaa][0xffffffa8][0xfffffff1][0xffffffc9]m[0xffffffeb]VX[0xffffffba][0xffffffed]xe[0xffffffdb][0xfffffff8][0x12][0xffffffad]hI[0xc][0xffffffae][0xfffffffc][0xffffffb1][0xffffffe4][0xffffffe9]V_/[0xffffff94]y[0xffffff9c]2[0xffffff8f][0xffffffa3]E}[0xffffffea][0xffffffde][0xffffffc3]r[0xfffffff4]Q[0xffffffae][0xffffffeb][0x1d][0xffffffe7][0xffffff9b]|[0xffffff82][0x1c]{[0xffffffe1]|r[0xffffff94]=[0xffffff84]_[0xffffff89]w[0x10]^[0xffffffc9][0xffffffdf][0xfffffff0]F[0x19]o[0x15][0xffffff8b][0xffffffed][0xffffff88]9[0xffffff9f][0xffffffbe][0xffffffc4][0xffffffa4][0xffffffcf][0xffffffd4][0xffffff9d][0xffffffac][0xffffffa9]vi[0x1b][0xffffff8f][0xffffffa9][0xfffffffc][0x1a]E[0xffffffdb][0xffffffc5]'k][0xffffffed]*[0xfffffff3][0xffffffb8]h[0xffffff98][0x1c][0xffffffc5]I[0xffffffc1][0xffffff93].[0xfffffff4][0xffffffee][0xffffff90]uZ[0xfffffff8]"
20:21:12.437 [main] DEBUG org.apache.hc.client5.http.wire - http-outgoing-1 << "Cz[0x1b][0xffffff95]y[0xffffffdc][0xffffffec][0xffffffe8][0xffffffbd]7[0xffffffeb][0xffffffc1][0xffffffc8]8[0xffffff9a][0xffffffcf]x[0x1f][\n]"
20:21:12.438 [main] DEBUG org.apache.hc.client5.http.wire - http-outgoing-1 << "[0xb]7o[0xffffff96]o[0xffffffa4][0xffffffeb][[0xffffff9b][0xb][0xffffffcd][0xffffff88][0xffffff96]+[0x1d][0xffffffd5]v[0xffffffec][0xffffffc1]6[0xffffffcf][0xffffffc4][0xffffffca]v[0xffffffd2].([0xffffffe7]6[0xffffffe5][0xffffffdc]V[0xffffffe5][0xffffffdc][0xfffffff6][0xffffffaf][0xffffffe3][0xffffffb0][0xffffff86][0xffffff95][0xffffffa5][0xffffffa5]KzO[0xffffffd7]([0xffffffc4][0xb][0x1a]do[0xffffff9e][0xffffffa1][0xffffffc2][0xf][0xffffffa8]S[0xffffffa0][0x2][0xfffffff2][0xffffffd6][0xffffff87]E[0xffffff93][0xffffffa5];k([0x13][0xffffffdd][0xffffff8e][0xfffffffc][0xffffffa8][0xffffff80][0xffffffb1]Y[0xffffffd8][0xffffffac]A[0xffffffef][0xffffffee][0xffffffe2][0xffffffb9]<F[0xffffffb5]"[0xffffffbc]H[0xffffffe1]?[0xffffffe1]sE[0xffffffbd][0xfffffffd][0xfffffff2][0xffffff9a][0xffffffa9][0xffffffc3][0xffffffe5][0xffffff9a]S[0x3]7[0xffffffad]`[0xffffffe0][0xffffffb6][0xffffffe7]x(?8/.[0xffffffdc]G[0xffffff98][0xffffffb6][0xffffff8f][0x1a]0V[0xffffff8f]1K[0x10][0xffffffd9]e[0xffffffe8][0xffffff84]#[0xffffffe7]l[0xffffffbe][0xffffffaf]K[0x19][0xffffff82][0x3]8[0xffffff99][0xffffffeb][0xffffffe9]Q[0xffffffd0]"]l[0xffffffef]3O[0xffffffb4]=o[0xffffff9c]rX[0xfffffffb]gwX[0xffffffa3][0xffffff9b]~[0x10][0xffffffe9][0x9][0xffffffe4][0x14][0xffffffb7][0xffffffcd][0xe]}[0xffffffa0]9[0xffffff90][0xffffffcb][0xffffff9a][0xffffffac][0xffffffb0][0x16][0xffffffe9][0xffffff89][0xffffffc5][0xffffffba]k[0xffffff90][0xffffff9e]h[0xfffffff3][0xffffffa7]*b/[0xffffffc8][0xffffffa6][0xffffffaa][0xffffffa4]'2^[0xffffff8b],ju[0xffffffa0][0xffffff96][0xffffff83][0xffffffaf][0xffffff88]Ui[0xffffffcf][0xffffffa7][0xe]Xe[0xf][0xffffffa7]_[0xffffff90][0xfffffff6],j[0xffffffff][0xffffff82][0xffffffb4][0xffffffe7]bw[0xffffffd7]'<[0x17]K[0xffffffee][0xffffff94] [0xffffff97][0xffffff9d]x[0xffffffbc]wj\[0xffffffb9][0xffffff8a]/I[0xffffff8a][0xffffffcb][0xffffffeb][0xfffffffa][0xffffffa2]t[0xffffffb8][0xffffffbc][0xffffff9a][0xffffffc3]%[0xffffffc2][0x15][0xffffffea][0xfffffffc]R)[0xffffff89][0xffffffbc][0xffffffaa]]E$[0xfffffff2]3w[0xffffff97][0xffffff8f][0xffffffc8][0xffffffcf][0xfffffff5][0xffffffe0][0x1d]9K>[0x1f]O[0xfffffff1][0xffffff99][0xffffffcf][0x1d]>P[0xffffffda]"}[0xffffff80][0xffffffc0]7[0xffffffbf][0xffffffd1][0xffffffa5][0xfffffff8]m7[0xffffff92]X[0xffffffe9]dTGa~p[0xffffff81]H[0xffffffca][0x7]G[0xffffff89]?[0xfffffff3].[0xffffffdd][0x11][0xffffffbe][0xffffffb0]>[0xffffffeb]^[0xffffffb9]A[0xffffffe2][0xfffffffd][0xffffffb6][0xffffffb8][0xffffffe4][0xffffff86][0xffffffcd][0xf][0xffffff93]_[0xffffff92][0xffffffbf][0xffffffff][0xfffffffa][0xfffffffd][0xffffffe3][0xffffffdf]{[0x7f][0xffffffc3][0xffffffb2][0x1b]?[0xffffff9c][0xfffffff7]^VHF[0xffffff88]5^[0xffffff9b];[0xffffff9a][0xe]1p[0xffffff88][0x1c][0xffffff9a]][0xffffffcb][0xffffff90][0xffffffbe]g[0xffffff95][0xffffff92][0x11]Y)[0xffffffd0]s9[0xffffffd3][0xffffffa2][0x6][0xffffffc9][0x8][0xffffff88][0xffffff9d][0xffffffb7]MG[0xffffffa2][0xffffff94]-[0xffffff8e][0xffffffb6][0xffffffa0]c=[0xffffff9e][0xffffff9e][0xffffffbc][0xffffffb6]O?}XC[0xffffffc7][0xffffffc2][0x18]*w4[0xffffffe5][0xffffffa9][0xffffffa3]<uv[0x15][0x1d]9[0xffffffde][0x1d]q[0xffffffcb]Y[0xffffffd9][0xffffff87][0xffffffc1][0xffffffdd]r[0xffffffad][0xfffffffb][0xffffffa0][0xffffffef][0xffffff97][0x18]1[0xffffff98][0xffffff96][0xffffffd3]nB[0xffffff80][0xffffffba][0xffffff9c][0xffffffd2]`[0xffffffda][0xfffffffa][0xffffff8a][0xffffff84][0xffffff86][0xc]1[0xffffffc1][0xffffffc8]j[0xffffffaf][0xffffffc8]M[*SGB[0x3][0xffffffc0]oI2b[0x19][0x10][0xf])[0x19][0xffffffc1][0xffffffd0][0xffffff9d]IF[0xffffff88][0xffffffa3][0xffffffed][0xffffff81]|[0xffffff9d]d[0x4][0xfffffff5][[0xffffffb9][0xffffffa3])$WH[0xffffffae][0xffffff90]|Ow4[0xffffffb3]e;[0xffffffad][\n]"
20:21:12.438 [main] DEBUG org.apache.hc.client5.http.wire - http-outgoing-1 << "[0x19]Y[0xfffffff8][0xffffffec]8[0xffffffd5][0xffffffe2]?[0x19]Jw[0xffffffba][0xffffffe6]*[0xfffffff1][0xffffff9f][0xffffffa5]2O[0xffffff89][0xffffffe4]5JF0x[0xffffff93][0xffffffd2]'[0xffffffa7]H[0xffffff88][0xffffffa3][0xffffffed][0xffffffa1][0xffffff9c]%[0xfffffff0]V[0xffffffa4]HdP[0xffffffae][0xffffffdc][0xffffffd1][0xffffff94];[0xffffff9a]rG[0xffffffdb]E0Tm[0xffffffca]A+y[0xffffffd6][0x5]b[0xffffffeb][0xffffffad]v[0xffffff85][0xffffff8e][0xffffff9b][0xffffffdd][0xffffffb2];6y=,[0xffffffa7][0xffffffba][0xffffffe5][0xffffffe1][0xe](dn[0xffffffdc][0xffffff96][0xffffffa7]e[0xffffff9e][0x1c][0xffffffcc]k1G#[0xfffffff8][0xffffffee][0xffffffe8][0xffffffc5][0x0][0xb][0xffffff8e][0xffffffb6][0x4]s[0xffffffe7][0xfffffff4]dS[0xffffff80]EIF([0xffffffc9][0x8]%[0x19][0xffffffa1]$#[0xfffffff6][0xffffff93][0xffffff8c][0xffffff80][0xffffffa2][0xffffffbc]U[0xffffffb1]+7l[0xffffffa3]m[0xffffffeb][0xffffff95][0xffffffe6][0xe][0x19][0xffffff94];[0xffffffa6]4n[0xffffffa8][0xffffff90][0xffffff8c]H[0xfffffff7][0xffffffe5]Y[0xffffff99][0xffffffa7][0xffffff84][0xfffffff2][0xffffffba]$#x[0x1f]n/[0xffffffec][0xffffffca]m[0xfffffff8][0xffffffc7][0x15]?[0xffffffe8]A[0xffffffbf]8[0xfffffff8]1[0x18][0xfffffffc][0xfffffff0][0xffffffcb][0xfffffff5][0xffffffd0][0xfffffffc][0xffffffe5];HR[0x7][0xffffffa3][0xffffff93][0xffffff9f]9R~v[0xffffffb2]iW[0xe][0xffffff8a][0x5][0x14]9a[0x1d][0xffffff81][0xffffffcd][0xffffffbb][0xffffff92][0xffffffe3]Tr[0xffffff9c]1[0xffffffbe][0xffffff90][0xffffffed][0xffffffae]W}|[0xffffffb8][0xffffffaf][0xffffff90][0xffffffe5][0xffffffe0][0xffffffaf][0xffffff92][0xffffffb5]?>F.e[0xffffffca][0xffffffc8][0x2][0xffffffd1][0xfffffff5]X8[0xffffffd8][0xffffff95][0x7][0xffffffea][0xffffffc0]Qr[0x1][0x9]D[0xffffffe3][0xffffffa1][0xffffffef][0xffffff9c]Rh}[0xffffffc4][0xffffffdf]:y?n[0xffffffb5][0xffffffec]v[0xffffff95][0xfffffff1][0xffffffbc][0xffffffd1]j[0xffffffc1][0xfffffffa]r[0xffffffed]v[0xffffffdc][0xffffffc6][0x7][0xffffffc8][0x15][0xffffffce][0xfffffff3][0x19][0xffffffce]S[0x19][0xffffffde][0xffffffb2]?%[0xffffff86][0xffffffe7]`x[0xffffffe8][0x8][0xffffffb9]e[0x16][0xffffffc3]*[0x16][0xffffffc6]g;[0x0]?}|[0xffffffb3]![0xffffffac][0xffffff82]>+[0xffffffe5][0x9][0xffffffa5]<[0xffffffa1][0xffffff94]'[0xffffff94][0xfffffff2][0xffffffc4][0xffffff8e][0xffffffca][0x13]m[0xffffffa7]eV[0xffffffed][0xffffffc2][0xffffffdb]v[0x7][0xffffffb1][0xffffff83][0xfffffff5][0x8][0xffffffae]w[0xffffffcd][0x15]n[0xfffffff3]9[0xffffff82][0xffffffa3]Lmn[0xfffffff3][0xffffffab][0xffffffbe]s[0xffffffe6]h[0xfffffff8][0xffffffdb]G[0xffffff90]t[0xffffffdc]x[0xffffff80][0x1c][0xffffffd5][0xfffffff5][0x1b][0x1a][0xe][0xffffffb0]Qb[0xffffffab][0x1f][0x4]n[0xfffffff1][0xffffffe3][0xffffffe9][0xffffffb1]<[0xfffffffd][0xffffff98][0xffffffc4][0x1f][0x4]3[0xffffffe7][0xffffff80][0x16]k[0xffffffa2][0xffffffc2]j[0xffffff8b]5d[0xffffffb3][0xfffffff6][0xffffff89][0xffffff94][0xfffffffd][0xffffffce]K[0xfffffff3]#[0xffffffbf]M?[0x3][0xffffff8e][0xffffff96]ra[0xfffffff4]#[0xffffffb3][0xffffff85][0xffffffaf][0xffffffbe][0x19];[0x1b][0xffffff9f][0xfffffff1][0xffffffc5]Y[0xffffffd8][0xffffff94][0xffffffc5][0xfffffff3][0xffffffe1][0xffffffec][0xffffffa8]X[0x13][0xffffffb3][0xffffffb6][0xffffff9f]kS/[0xffffff9e][0xfffffff8][0xffffffc8][0xffffffa2][0x17]9[0xffffffd3][0xffffff94]`{[0x5]#[0x15][0xfffffffc][0xffffff81]S[0xffffffca][0xffffffef][0xfffffffc][0x11]rsE[0xffffffc2][0xfffffff8][0xffffffb5][0xffffffe7][0xffffff8f][0xffffffaf][0xffffff91][0xffffffd7][\r][0xffffffaf][0xffffffb3]`[0xffffffc4]|[0xffffffde][0xffffff86][0xffffff86][0xffffff84]$[0xffffff8d][0xfffffff8]O[0xffffffe8][0xffffffe5][0xffffffab]([0xffffffba][0xfffffff1][0xffffffbd][0xffffffc3][0xfffffff4]s[0xffffffb1].[0xffffffd9][0xffffffd3]L[0xffffffaa][0xffffffa2][0xf][0xffffffc2][0xfffffffa][0x19]R[0xffffffc0]G[0xffffffa2]X[0xffffff96]w[0xfffffffc]q[0xffffff97][0xffffffa1][0xffffffd9]![0xffffffdb]k[0xffffffb1][0xffffffb9][0xffffffe7]r[0xffffffa8](3[0xffffff99]rs[0xffffffe1]@7[0xffffffe4]KGnx[0xffffffa2]ESL![0xffffff91]2LI[0xffffffcc]q[0xffffffec]>[0xffffff90]R@[0xffffffa9][0xffffffa8][0x18]<dq[0xffffff93]][0x1b][0xffffff99][0xffffffb5][0xffffffb9]$[0xffffffd8][0xffffff80][0x1c]i[0xffffff9c][0xffffff89]$l[0xffffffd2]`[0xffffffd0][0xffffffae][0xffffffe2]h"DFp[0xffffff94]<$P;@[0xffffffee][0xfffffff4][0xffffff8c][0xffffff92][0xffffffb3][0xffffff91][0xffffff89][0xffffffad][0xffffffa1][0xffffff99][0xffffff84][0xffffffed][0xffffffef][0xffffff90][0xffffff9c]<[0x5]+K[0xffffffeb]_[0xfffffffc][0xffffffe3]YC[0xffffff9e][0xfffffffc][0xffffff8f]g/[0xffffff90][0xffffffcd][0x7f]L[0xffffff89][0xffffffd5][0xffffffc7][0xffffffb3][0x8][0xffffffdc]7[0xffffffae][0xfffffff2][0x1f][0xffffffcf]>rV>e&[0xfffffff7][0xffffffa1][0xffffffc1][0xffffff90][0xffffffe0][0xffffffc6][0xffffff8a][0xe]"O[0xffffff9b][0xffffffd4]0[0xffffffae][0xffffff90][0xffffffb9][0x7f][0x15][0xffffffdd][0xffffff9f][0xb][0xffffffe3](N[0xfffffffb]m,h[0xffffff9f]P[0xffffffc3][0xffffffd8]\[\n]"
20:21:12.444 [main] DEBUG org.apache.hc.client5.http.wire - http-outgoing-1 << "q[0xffffff93]$W5[0xffffffb1]x[0xffffff86]HI[0x13]q[0xffffff9a]TE@{[0xffffffb8]o[0x13][0xffffffa1] [0xfffffff1]m[0xffffffbf][0xffffffd1][0xffffff90][0xffffff89][0xffffffd4][0xfffffffd][0xffffffe7]i[0xffffffbe]7[0x4][0x1c][0xffffffd0][0x1f][0xffffff88][0x9]\[0xffffff8b]K[0xffffffce][0xffffffae][0xffffff9b][0xffffff9a][0xffffffc1][0xfffffff5]b[0xffffff8b][0xffffffcb][0x19][0xffffffd8][0xffffff83]9D+[0xffffff8a][0xffffffbd]Y[0xffffffee]^[0xffffff9a][0xffffffa4]My[0xffffffcb]8[0x9][0xfffffff9][0xffffffe3][0xfffffff4]22[0xffffff9b]OE[0xffffffd1][0xffffffa5][0xffffffbc][0xfffffff0]l[0xffffffbe]p[0xffffffc2]wB9[0xe][0xffffffe2]_[0xfffffff9][0x12]z[0xffffffbe]"[0xb][0xffffff9c][0x16][0xffffff9a][0xffffffac][0xffffffb5][0xffffff9c]7[0xffffffbe][0xffffffba][0xffffffd6][0xffffffac][0xffffffe4][0xffffffaa]Z[0xffffffed]#[0xffffff83]*[0xffffffa5][0xffffffff][0x16]L[0xc][0x1b]Z[0xffffff8f]U[0x3][\n]"
20:21:12.444 [main] DEBUG org.apache.hc.client5.http.wire - http-outgoing-1 << "[0xfffffff9]\[0xfffffffd][0xffffffba]f{[0xffffffa1][\r][0xffffffba]G[0xffffffac][0xfffffffe][0x2][0xffffffb5][0xffffff81])[0xb]m[0xffffffd0][0xffffffad]*"
20:21:12.445 [main] DEBUG org.apache.hc.client5.http.wire - http-outgoing-1 << "[0xffffff88]m[0xfffffff4][0xffffff91][0xffffff9a][0xffffff91]f[0xffffffa3]d[0xffffffcb][0xfffffff0][0xffffff85][0x14]r![0xffffff85][0xffffff82]da[0xfffffffa][0xffffffa0][0xffffffb6][0x5][0xffffffd3][0xffffffc6]T[0xffffffa4][0xffffffc3]i.[0xffffffcf][0xffffff9f][0xffffff9f][0xfffffffc]p~[0xffffffaf][0xffffffdd][0xffffffb7][0xffffff9b][0xffffffda][0xffffffb7]~[0xffffffb3][0xffffffdd]l[0xffffffcc]CN[0xffffffde][0x12]4[0xffffff90][0xffffffc6]d[0xffffff9e][0x0][0xffffffbb]xJ[0x8][0xffffffc9][0x1d][0x16][0x5]8[0xc][0xffffffd5][0xffffffbc][0xffffffd9][0xffffffb4][0xfffffff5][0x16][0xffffffc9][0xffffffc3][0x1d][0xffffff8a]j.*[0xffffffac][0xffffff87]j[0xffffffbe]Pw[\r]TsLs[0xfffffff9][0xffffffba][0xffffffd2][0x14]MUQ[0xffffffcd][0xffffff97][0xffffff8d]K[0xffffffe8][0xffffffb3][0xffffffb1][0xfffffff2][0xffffffd9][0x1a][0x8]O0[0x10][0xffffff83][0xffffff93][0xffffffb2][0xffffffb9][0xffffffcb][0xfffffffe][0x14][0xfffffff4][0xfffffff2][0xffffffcb]~[0xffffffa6]1[0xffffffa1][0xffffffdc]Y[0xffffff94][0xffffffcb]a[0xffffffe5]T[0xffffffdb]'[0x1c][0xffffffb4][0xffffffca][0xffffffe5][0xfffffff0]o[0xffffffe6][0xffffffd9][0xffffffa7][0xffffff9f][0xffffffef][0xffffffce][0x1e]Y[0x5]s[0xffffffe6][0xffffff8e]/%[0xffffffcd][0xffffff83]6[0xffffffc6][0x2]+[0xffffffea][0xffffffa3][0xffffffac]7atHr[0xffffffa5][0xffffff96][0xffffffdd][0xffffffb5]X[0xffffffec][0xffffffae][0xffffff92][0xffffffb2][0xffffff9e][0xffffff96][0xffffffb2][0xffffffdb]][0xffffff9d][0xffffffe5][0xffffffee]j[0xffffffa0][0xffffffac][0xffffffeb][0xffffffcd][0xffffff96]ag[\n]"
20:21:12.445 [main] DEBUG org.apache.hc.client5.http.wire - http-outgoing-1 << "[0xffffffa2][0xffffffe2]h[0xffffff8b]8[0xffffffce][0xffffffdd][0xffffffd9][0xffffffa7][0xffffffe1][0xfffffffd][0xffffffd9]Z[0x5]Q[0xffffff8c][0xffffffa1][0xffffffa2][0xffffffac]+[0xffffffa2][0xffffffa3]":*[0xffffffa2][0xffffffe3][0xffffffbe]DG[0xb]2[0xffffffd0][0xffffffd5][0xffffffc1][0x1c][0xffffffbb]Z[0xffffff83]?EL[0x7][0x6][0xffffffb2][0xffffffab][0xffffffec]T[0xffffff8a]e8[0xffffffdc]SG0[0xffffff9e][0xffffff82][0x17]eI[0xffffffe5]e@<d@[0xffffff9e][0xffffffa0][0xffffffdb][0xffffffca][0xffffffa8]1[0xffffffe2]h[ ?}\G[0xffffff8d][0xffffffa1]~+[0xffffffca][0xffffffba]Br[0xffffff85][0xffffffe4][\n]"
20:21:12.445 [main] DEBUG org.apache.hc.client5.http.wire - http-outgoing-1 << "[0xffffffc9][0xfffffff7]E[0xfffffff2]V[0xffffffdb]"[0x7][0xffffffac]r[0xfffffff2]Q[0xffffffbb][0xffffffd5][0xffffffae][0xfffffffe][0xffffffaa]Z[0xffffffd8][0xfffffffa][0x1a]lE[[0xffffffc1][0xffffff8c]Y*[0xfffffff3][0xffffff94]@^#c[0xffffff9d][0xffffffb1]{aKN[0xffffffbc][0xffffffa2][0xffffff8d][0xffffff9f]VyK~*^gV0[0xffffffd6]3$W[0xffffff8c]u[0xffffffc5]XW[0xffffff8c]u[0xffffffc5]X[0xffffffe7]t[0xffffffff][0xffffff82][0xffffff9e][0xfffffff5][0xfffffff1]f[0xffffffe7][0xfffffff1][0xffffffa6][0x5][0xffffffcb][0xffffffda]e$7Z[0xffffffb6]e[0xffffffac]`[0xffffffac]/[0xffffffc5]1[0xffffffd6][0xffffff83][0xffffffb9][0xffffff88]u<9[0xffffff98][0xffffffd7][0xffffffc3]X[0x7][0xffffff98][vq[[0xffffff8e][0xffffffa3]-[0xffffffc1][0xfffffffc][0xfffffff1]l-c[0xffffff9d][0xffffffc0]\1[0xffffffd6][0x15]c]1[0xffffffd6][0x15]c}?[0xffffffc6]z[0xffffffdb]h;[0xffffffd8]~[0xffffff97]7[0xffffffe5][0xffffffb6][0x1][0xffffffae]L[0xffffffb5][0xfffffff7][0xffffffb8]@[0xfffffff2]f[0xffffffd7][0xffffffa0][0xffffffff]_[0xffffffbb]-/[0xffffff94]yJ$[0xffffffaf][0xffffff8d][0xffffffb0][0xffffffce][0xffffff91][0xfffffff1][0xffffff85][0xfffffff0][0xffffffca][0xffffffd6]8[0xffffff8e]8[0xfffffff9][0xffffffa6][0xfffffff0][0xffffff8a]"[0xffffffac][0xffffffab][0xfffffffd][0xffffffb8][0xffffffda][0xffffff8f][0xffffffab][0xfffffffd][0xfffffff8][0xffffffd2]~|[0x13]a[0xffffffdd]t[0x1c][0xffffffbd]Y[0xffffff81][0xffffffe1][0xffffffed]v[0xffffffdb]B^iE[0xfffffffa]h1[0xfffffffc][0xffffffbd][0xffffff8a][0xffffffaf]^,S[0x1b]_}U[0xffffff88][0xffffffbc][0x1e][0xffffffbe]:[0x7]U2E[0x17]q[0xffffffb4][0xffffffe5]>[0x1c]A[0xffffff95]u[0xffffff8a].[0xffffffb4][0xf]W|u[0xffffff85][0xffffffdf][\n]"
20:21:12.445 [main] DEBUG org.apache.hc.client5.http.wire - http-outgoing-1 << "[0xffffffbf][0x15]~[0xffffffef][0xffffff8c][0xffffffdf]F[0xffffffbb][0xffffff85][0xfffffffc][0xffffffd0][0xffffffe5]=x[0xffffffb3][0xffffffd3][0xffffffd6]-dD[0xffffffae][0x1]p[0xffffffb0]BV[0x1a]%[0x16]".[0xffffffa2][0xffffffcc]S[0xffffffee][0xffffffc1]k[0xffffffa3][0xffffffab][0x3]i[0xfffffff1]%[0xffffffe0][0xffffff80]tuQa[0xffffff81][0xffffffae][0xffffff9e][0xffffffd9][0x12][0xffffffa6][0xffffffe6]s[0xffffffa9]%a[0xffffffb2][0xffffff8b]'[0xffffffe1]U[0xffffffe6][0xffffff88][0xffffffc5]6|~x[0x1b]A,[0xffffff9a][0x8][0xffffffa7][0x18][0x1a][0xffffffbc]m[0xffffff81][0xffffff83][0x1a][0xffffffba][0xfffffff0][0xffffffee]b[0xffffffa9]j[0xffffffb2][0xb][0xffffff83][0xffffffe1][0x19]N[0xffffffd1][0xffffff84][0xffffff8b]V[0x1f][0xffffffcc]kxp[0xffffff91]Q[0x1d][0xffffffb1]g7[0xfffffff9] V[0xffffff98]Wq[0xffffff9b]ldE[0xfffffff6]S[0xffffff99][0xffffffa7][0xffffffa1]v[0xfffffff1][0xffffff83]7[0xffffffbc][0xffffff89][0xffffffd8][0xffffffa1]N:f[0xffffffad][0xffffffb7]X[0xffffffcc][0xffffffab][0xffffff9e][0xffffffc3][0xffffffcb]J:c[0xffffffa1][0xfffffff2][0xffffffec]h}[0xfffffff5])[0xfffffff7][0xfffffff7][0x15]{[0x1e][0xffffffb2][0xffffffef]bC{[0x13][0xffffffd2][0xffffff94]f[0xffffff93]6[0x1a][0x10]xE[0xffffff8e]a[0xffffffa4][0x6]^9S[0xffffffb9]a[0xffffff98]w[0x17][0xffffffc5]7[0xffffffa0][0xffffffc9][0xffffffcf][0xffffffa6]G[0xffffffd3]k?[0xffffffb9]~hPb [0xffffffd1][0xffffffc2][0x1b][0xffffffa2],[0xc][0xffffffb8]rC[0xffffffc0];[0xffffffa4]7[0xffffffc0]?[0x10]E2[0x6]7[0xfffffffa]G6| [0xffffff8a][0xffffffc3]RO[0xfffffff8][0xffffff85][0xffffff85][0xffffffee][0xffffffad]?[0xffffffc6][0xffffff80]R[0xffffff9b]0[0x7][0xffffffd4][0xffffff90]U@[0xffffffda][0xffffffa6][0xffffffc2][0xffffffe4][0xffffffcc]%ZvL[0x1f]L4[0xffffffa4][0x9]PC[0xffffffe8][0xffffffc1](%[0xffffff97][0x7f]x[0xfffffff7][0xffffff93][0xffffffe8][0xfffffff7]O[0xfffffffe] v[0xffffffe3][0x7][\r][0xffffff9e]z[0xffffffe4][0xffffff86][0x19][0xe][0xffffffc9][0xffffffe6][0xffffffb1]h[0xffffffab][0xffffff95]s[0xffffffa7][0xfffffff5]#[0xffffff9b]I[0xffffffc0][0xfffffff8]K[0xffffffca][0xffffff80][0xffffff87]C[0x17]7[0x1d][0x4][0xffffffb8][0xfffffffb][0x11][0xffffffc8][0xffffffdd][0xffffffb1]?[0xffffffa2][0xffffffee][0xffffffe0][0xffffffba][0xffffff8b].Z[0xffffffb7][0xffffffbe][0xffffff8b][0xffffffab][0xffffff99][0xffffffba][0x3]?[0xfffffff0]g[0xffffffd4][0xffffff80]O[0xffffffe3][0x2][0x16]~[0xffffffc1][0x1c][0xffffffce][\r]0~[0xffffffa3][0x7][0xfffffff6][0xffffffca][0xffffff93][0xc][0xfffffff8][0xffffff94][0x14][0xffffffcf][0x3][0xffffffbc]MGs[0xb]0[0xffffffe3][0xffffffc8][0xffffffa4][0xffffff8e][0xffffffb1]i![0xffffff8d]"[0xffffffdd][0xffffff85][0xffffff90]X[0xffffffee][0x1][0x12]"[0xffffffc1][0xffffffe0][0x7][0xffffffed]>[0xffffffbd]9)[0xffffffc5]y[0xffffffe0][0xffffff87]4[0x10][0xffffff94][0xffffffc3][0xffffff90][0xffffffd6]3[0xffffffbc][0xffffffc6][0xffffffc4][0xffffff82][0xffffff85][0xffffffde]|[0xffffffc6]cOW:[0xffffff9c][0xffffffcd]q[0xffffffb5][0xffffffe8]&[0xffffffd1][0xffffffd6][0xffffffb9]Z[0x9]A)[0xffffffa7][0x1a][0xffffff87]d[0xfffffffb][0x6]qE[0xfffffff2][0xffffff9b]#>5[0xffffffec][0x12][0xffffffc9]H[0x11][0x17][0xffffff95]6[0x5][0xffffffda][0xfffffffb][0xffffffaf][0xffffffbc]b[0x16][0xffffffdc][0x19][0xffffffbf]'[0xffffff82][0xffffffb4][0xffffffb8]+[0xffffffc4]%[0x7][0xffffffcb][[0x14][0xffffffa2][0xffffff94][0xffffff90][0xffffff8c][0xffffffe6]-[0xfffffff8][0xfffffffd]d[0xffffff9e]'X[0xfffffff9][0xffffff85]"w[0xffffffd7]p[0xfffffffa][0x13][0xffffffe9][0x7]0fc?[0xffffffbf][0xffffff86][0x6][0xffffffcd][[0xffffffed][0xffffffe5][0xfffffffb]Wo[0xffffffde][0xffffffe4][0xfffffffe][0xffffffa7][0xffffff94][0xffffffec][0xffffffc0]I[0x5][0xffffffc9][0xffffffc3]d[0x10][0x5][0xffffffcc][0x1a][0xffffffc7]Pcq[0xffffffe2][0xffffffba]F~[0x2][0xffffffab][0xffffffc0][0x7][0xffffffba][0xffffffb2]Iz[0x1f]d_[0xffffffb3]>[0xffffff88]9[0xffffff98][0xffffffd7]O[0xffffffac]w[0xffffffa4]:D![0xc][0xffffffa6]^[0xffffffb1]i[0xffffffea]h[0x13][0xfffffff7][0x1d][0x16]m[0xffffff85]$[0xffffff98]m\C[0xffffff96][0xffffff9a]x[0xffffffae][0xfffffff1]i[0xc][0x9][0xffffff98]9t;/[0xfffffffa][0x1f][0x4][0x7][0xfffffffd]5[0xfffffffd]r[0xfffffff8]>[0x14]k[0x7f].&1[0x1c]VE[0xffffffbe][0xffffff87]6[0xffffff9c][0xffffffc7]p[[0xffffff9d][0xffffffe1][0xffffffd6][0xfffffff3]X[0x1c][0xffffff86][0xffffffe9]nt[0xffffffec]v[0xffffff93][0xffffffd2]Q[0xf][0xffffffc5]t[0x17][0x15][0xffffffd6][0xffffffc3]t_[0xffffffa8][0xffffffbb][0x6][0xffffffa6]{[0xfffffff3][0xffffffc8]H[0xffffff99][0xffffffee][0xffffffa2])[0xffffffc5]t[0xffffffef][0xffffffc1]Y[0xffffff89]E[0xffffffad]w[0xffffff92]Y[0xffffffaf]&[0xffffffa8][0xffffff83][0x3][0xffffff9f]U[0x4][0x10]_[0xffffff9f][0xffffff88]W[0xffffff9d][0xffffffd6][0xffffffae][0xffffff98][0xffffffee][0xffffffe4][0xffffffb1][0xffffff8c]Q[0xffffff84][0xffffff92][0xffffffba][0x1b][0xfffffffa][0xffffff8f][0xffffffbc][0xffffffdb]I[0xfffffff6][0x19][0xffffffc9]][0xffffffa5][0xffffffd8][0xffffffcb][0xffffffb7][0xfffffff4]kR"[[0xffffffc9]t[0xffffffbf]?[0xffffffef][0xfffffffd]l[0xffffff9f]}[0xffffffe2][0xffffffac][0xfffffffb][0x12][0xffffffd3]]`E}Lw[0xffffffbb]a6I[0xffffff9c][0xffffffdd][0xffffffe9]t[0x1d][0xe]%U2[0xffffffdd]E)[0xffffffab][0xffffffab][0xffffffb7]P[0xffffffb0][0x1e][0xffffffa6];[0xffffffa4][0x1d][0xffffff8c]v3[0xffffff95][0xffffff9c][0xffffff91]G[0xffffff9b]#@[0xffffffa7][0xffffffd6][0x19]I[0xffffffce]|Z'9[0xffffff83]1TLw[0xffffffc5][0xffffff8f]T[0xfffffffc]H[0xffffffc5][0xffffff8f][0xffffffdc][0xffffff93][0x1f]i4;M[0xffffffa7]B[0xffffff9c][0xffffffdd]@[0xffffffa6]b[0xffffffb5]hA[0x11]1W[0xffffffa9]@.[0xffffff95][0xffffffa9]#[\n]"
20:21:12.445 [main] DEBUG org.apache.hc.client5.http.wire - http-outgoing-1 << "[0x4][0xfffffff0][b[0xffffffba]/[0x3][0xffffffe2][0x1][0xffffff99][0xffffffee][0xc][0xffffffdd][0xffffffad][0xfffffff4]S[0xffffffac]<[0xffffffda][0x1a][0xffffffc8][0xffffffd7]2[0xffffffdd][0xffffffa9][0xffffffdf]L[0xffffffec]"
20:21:12.445 [main] DEBUG org.apache.hc.client5.http.wire - http-outgoing-1 << "T[0xfffffffc]H[0x15][0xffffffcf]W[0xfffffff1]|[0x15][0xffffffcf]_[0xffffff8a][0xffffffe7]o[0xffffffe4]G[0x1a]m[0xffffffcb]6+[0x14]}[0xffffffdb]$L[0xffffffa3][0x3][0xffffffe2]+"[0xfffffffa][0x19]N[0xffffffb7][0xffffffe5][0x1e][0xffffffb9][0xffffff82][0x1f][0xffffffb9]T[0xffffffe6])[0xffffffb1][0xffffffbc][0xffffff84][0xffffff89][0x7][0x7][0xfffffff3][0xfffffff4][0xffffffbb][0xffffffac][0x0]s|[0xe][0xffffffd9]Dv[0xffffff97][0xffffffbb][0xfffffff2][0xffffffb5][0xffffffdf]e[0x9][0xffffffcc][0x15]?R[0xfffffff1]#[0x15]?R[0xfffffff1]#[0xfffffff7][0xffffffe3]G:[0xffffffa6][0xffffffde][0xffffff81][0xffffffcd]d[0xffffff99][0x1f][0xffffffd9]AZ[0xffffffaa]S[0xffffff9d][0x7f][0xffffff9a][0xffffffa2][0xffffffb4][0xffffffa1]w[0xffffff8d]URb[0xffffffc5]2[0xffffffb5]I[0xffffff89][0xffffffad][0xffffffda][0xffffff95][0xffffffd7][0xffffffc5][0xffffff8f]d[0xffffffe4][0xffffffee][0xffffffa4]z[0xffffff90][0xfffffff2]h[[0x1c]?[0xffffffef][0xffffffad][0xffffffd3][0xffffff83]$[0x1c][0xffffffcf]9AJ[0xffffffd0][0xffffff97][0xffffffc4]R[0xffffff97]ejT\{[0xb]5Y%[0xffffffe8]+[0xffffffb6][0x3][I[0xffffffef][0xfffffffe]K[0xffffffd8][0xffffffde]m[0xffffffe4]G[0xffffffb6][0xffffffcc]6[0xffffffa5][0xffffff98][0xffffff96]1[0xffffffbc][0xffffffe9][0xffffffe8][0xffffff94][0xffffffc5][0xffffffb4]f3[0xffffff8e][0xffffff98][0xffffffb5][0xffffffb9]*[0xfffffff3]4[0xffffff83]p[0xffffff94]a[0xfffffff9][0xffffff96][0xffffffa7][0xffffffdc][0xffffff8c][0xffffffe7]Xx[0xfffffff0]}[0xfffffff8][0x2]~[0xffffffb7][0xffffffb6][0xffffffd0][0xfffffff3]M[0xfffffff7][0xffffffe1][[0xffffffe0][0xffffffb7][0xffffffd2][0xfffffff3]Uz[0xffffffbe]J[0xffffffcf]W[0xffffffe9][0xfffffff9][0xffffffee][0xffffffa8][0xffffffe7][0xffffffdb][0xffffffb2][0xffffffc1][0xffffffdb]^[0xffffffc6]o[0xffffffc3]0mC[0xffffffaf]&H[0x16]B%[0xfffffff6]*[0xffffffb7][0xffffffbb][0xffffffa5]2O[0xffffff8c][0xffffffe0][0x12][\r][0xf][0xffffffac][0xffffffe7]+>[0xffffffe6][0x1e][0xffffff90] )*,[0x10]$[0xb][0xffffffdc][0xffffffab]wD&J[0xffffff99]Z)[0x13],[0xffffff9c]O[0x6]^,[0xffffffe4]O[0xffffff93][0xffffffd9]([0x2]#[0xffffff8c][0xffffffe9]VW.(m[0xffffff82][0x7f][0x17]@b[0xffffff96][0xffffffd9]cD[\n]"
20:21:12.445 [main] DEBUG org.apache.hc.client5.http.wire - http-outgoing-1 << "+[0xffffffe4][0x1e]kG~[0xffffffe8]C[0xffffff92][0x17]B[0xffffffb0][0xffffffdf][0xffffff92][0x6]f[0xffffffa2]][0xffffffbc][0xfffffff7][0xffffffc0][0xfffffff9][0xfffffff3][0xffffffe7][0x13][0xffffffed][0x1b][0xffffffab][0xffffffdd][0xffffffb6]s[0xffffff99][0xffffffd0][0x2][0xffffff92][0xffffffa6]E[0xfffffffe][0xfffffffc][0xfffffff3]q"K[0x1f][0xfffffffb]I2[0xfffffff7][0xffffff92]c:[0xffffffe7][0xfffffff9]sA[0xffffffbf][0xffffff92][0xffffffac][0xffffffa8]Tr[0xffffff96](|#[0xffffffd1][0xffffffb3]a[0x10][0xffffffe5]lD7[0xffffff99]e[0xffffff97]$[0xffffffb9][0xffffff9a]i_[0xffffffbe]i[0x1a]Ve[0xf][0xffffffaa]D[0xffffff96]e[0xf]p[0xffffffca][0xfffffff3][0xffffffe7][0x7]"89[0xffffff90][0xffffffaf]&Z[0xffffffcf][0xffffffc1][0x8]N\aM[0x4][0xffffffa7]b[0xffffffdd][0xffffffb5][0x10][0xffffff9c]2)O[0xffffff83][0xffffff9b]R[0x4]'Ep[0xffffffda][0xffffffe5]k[0xffffff85]z[0x11][0xfffffffc][0xffffff97]|[0x11]\Mp:[0xffffffeb][0xffffffbd][0x4][0xffffffc9][0xffffffe9]u%[0xffffffc1][0xffffff89][0xffffffb0][0xffffffa2]V[0xffffff82][0xffffff93]AR[0xffffff9e][0xffffffa0].[0x19][0x1c][0xffffffce][Ep[0xffffffe2]RT[0xffffff90][0xffffffdf]*[0xf]/[0xffffffe5]i[0xffffffc1][0xffffffa2][0x6][0xffffffc9][0xffffff80][0xffffffa8][0xffffff9b]$[0xffffff8b][0xffffffe5][0xffffffd1]6![0xffffffb8][0xffffffd3][0xffffff93][0x1b][0xffffffe3][0xfffffff4][0xffffffe4]ok,Y[0xffffff9a]J[0xffffffca]3[0xffffff8f][0xffffffa1][0xffffffab][0xffffffd7]8[0xfffffff5][0x1a][0xffffffa7]^[0xffffffe3]v[0xffffff94][\r]2@o[0xffffffd2]+[0xffffffbe][0xffffffa5]8[0xffffffd6][\n]"
20:21:12.445 [main] DEBUG org.apache.hc.client5.http.wire - http-outgoing-1 << "[-[0xffffffbc][0xffffffa0]e[0xffffff80][0xffffffb9][0xffffff86][0xffffffdf][0xffffffb4]X[0xffffffa6][0xffffff9e][0xffffff97][0xffffffb8]e%[0xffffffcf]e<<h([0xffffff8e]p<[0xffffffd5][0x7f][0x13]8[0xffffffbe][0xffffff85][0xfffffffe][0xffffffdb][0xffffffa9]%p[0xffffff9c][0xffffffe5][0xffffffac]W[0xffffffe8][0xffffffbf]Q[0xffffffbf][0x15][0xffffffbf]I1U[0x15]SU1U[0xfffffff7]e[0xffffffaa][0xffffffb6]:N[0x7][0xffffff94][0xffffffd4][0xfffffff2][0x7][0x15]C[0x7][0xffffffc4]7[0xffffffab]%'[0xffffff8a]X[0xffffffbe]& [0xffffff97]a9[0xffffff97]yJ,[0xffffffaf][0xffffff93][0xffffffdf][0x4]0[0xffffffef],[0xffffff80]ygk0G[0xffffffd6][0xffffffc6][0x6]0W[0xfffffffc]&[0xffffffc5]oR[0xfffffffc]&[0xffffffc5]o[0xffffffda][0xffffff8f][0xffffffdf]d7+[0xffffffa1][0x1c]J9-{[0xffffffe5][0xffffffc7]qFi[0xffffffd3][0xffffffe8][0xffffffea][0xffffff9b][0xffffff90][0xffffff9c][0xffffffca]p[0xffffffa8][0xffffffe3])[0xffffff91][0xffffffbc]>~[0x13]p[0xffffffbc][0xffffff9d][0xfffffff3]T[0xfffffff9]h[0xffffffdb][0xffffffe0][0xffffffca][0xfffffff9][0xffffffc9]:[0xfffffffd] [0xffffffda][0xffffff94]+~[0xffffff93][0xffffffca]7P[0xfffffff9][0x6][0xffffffbb]D[0xfffffff0][0xffffffbf][0xffffffa6][0xffffffbc][0xffffffdd]a[0x14][0xffffffce][0xffffffa0][0xffffff88]P[0x5][0xffffffe2][0x1b][0xfffffff9]MM[0xffffffbd]mB[0xffffffab][0xffffffb3][0xffffffbc][0x1d][0xffffffb7][0xc][0xffffffdb]D[0xffffffb8][0xffffffa5][0xffffff9a][0xffffffdf]$ \[0xffffffef]Zk([0xffffffaa]Y[0xffffff99][0x1a])[0xffffffaa][0xffffffd5][0xffffff81][0xffffff95][0xffffff9a][0xfffffff8]M@l[0xffffffc3]*[0x6][0xffffffc7][0xffffff89]V[0xffffffb0]9[0xffffffcf][0xffffff80][0xffffff83]*[0xffffffbd][0xffffffd3][\r][0xfffffffb]p[0xfffffff4]Y[0xfffffff1][0xffffff9b]T`\[0x5][0xffffffc6]U`|W~[0xffffff93][0xffffffc9]@[0xffffffbd][0xffffff84][0xffffffdf]v[0xffffffc7][0xffffffd2]W[0xffffffe6][0x18][0xffffffa4][0xffffff91][0xffffff92]u[0x4][0xffffffd5][0xffffffc5]2O[0xffffffb9][0x7][0xffffffcf][0xffffffc1][0xfffffff0][0xffffffe0][0xfffffff4][0xffffffa6][0x3][0xffffffeb][0xffffffbf]a[0xffffffeb]M[0xffffffef]'[0xffffffd1][0xffffffe8][0x1]6[0x8][0x10]e"[0xfffffffd]+w[0xffffffb6]`[0xfffffff4]Kn[0xffffff90](F[0xffffffc4]![0x16][0xffffffc9]*[0x1b][0xffffffff]f[0x14]%K[0xffffffaa]~I[0xffffffeb][0xffffffe8]#[0xffffffe2][0x1d][0xffffffa5][\n]"
20:21:12.445 [main] DEBUG org.apache.hc.client5.http.wire - http-outgoing-1 << "h[0x5]Y[0xffffffb9][0xfffffff7]s[0xffffffd8]jC[0x11][0xffffff8b][0x8]P[0xffffffbf]z[0xffffff83][0xffffff93][0xffffffd8][0x7]u[0xffffffaa][0xffffff81][0x1d][0x0]yK[0x13]C[0xffffffea][0xffffff82][0xffffff8c][0xffffffc8]%])[0xffffffe7][0x1b][0xffffffdd]Y[0xffffffc3]#[0xffffff89][0xffffffaf][0xffffffb0]v[0xffffffce]m[0xffffffd1][0xffffffb3][0x7f][0xffffffb1][0xffffff96][0x1c][0xffffffdb][0xffffff8b][0x7f]3[0xffffffba][\n]"
20:21:12.446 [main] DEBUG org.apache.hc.client5.http.wire - http-outgoing-1 << "[0x1b][0xffffffa1]w[0xffffffd7][0xffffff90][0x2]K[0xffffffcf][0xffffffb5][0xffffffd0][0x1b]G3[0xffffff9f]5V[0xffffffa0][0xffffffbe][0xffffffe5]C[0xffffffd2][0xffffffab]?[0xfffffff2][0x12]8d[0xffffff8f]^[0x15][0xffffffc4][0xffffffc6][0xfffffffa][0xffffffc7][0xfffffffd][0xffffffd8][0xfffffffb][0xfffffff7][0xfffffff9][0xffffffd2][0xffffff9f][0xffffff8b][0xffffffa7][0xffffff93]/[0xfffffff8][0x15]t[0xffffffbd][0x6][0xffffffee][0xfffffff0]F[0x10][0xffffffab][0xfffffff8][0xffffffd2]4[0xffffffa8][0xffffffb6][0xffffffa1][0xffffffd8][0xffffff9d][0xffffffb6],[0xffffff97][0xfffffff7][0xffffffc3][0xffffffeb][0xffffff9e][0xffffffd6][0x7]5[0xffffff8b][0xffffffb5][0xffffff9e][0xffffff8e]?[0xffffffcb][0x7f]h[0xfffffffe][0xffffffe8][0xffffffb7]cA[0xffffffb0][0xffffff82][0xffffffb3][0xfffffffb][0xffffff90][0xffffffac][0xffffffd8]1[0x1e][0xffffffd0][0xffffffa7][0xffffff9b]I[0xffffffc1]/[0xffffff8d][0xffffffc4][0xffffffbc][0xfffffff6][0xffffffbb][0xfffffffc][0xffffffb1]7[0xffffffa3][0xfffffff7])[0xffffffac][0xffffffa8][0x6]U[0xffffffcd][0x4][0xffffffb0]M"z[0xffffffcb]][0xffffff81][0xffffffaa][0xffffffd8][0xffffff97]w[0x5][0x1a]mK][0xffffff81][0xffffffb2]`[0xffffffe0][0xffffff8f]![0xffffffcb]G[0xffffffd2][[0xffffff89][0xffffffb8][0x1d][0xffffffc4][0xffffff84][0xffffffbb][0xffffffc8]f[0xffffff83][0xfffffffc]i[0xffffffbf][0xffffffab][0xffffff87][0xffffffd6][0xffffffde][0xffffff88][0xffffff98]v[\r]Q[0xffffffff][0xfffffff3]L[0xffffffb7][0xfffffff0]M8[0xffffff8b][0xffffffa3][0xffffffd1]|[0x8]^[0x1d][0xffffffdf])[0xffffffd1][0xfffffffc]E[0xffffffff]u[0xffffffe0]M[0xffffffb0][0xfffffff9]|[0x15][0xffffffc0][0xffffffbf][0x1d]e[0xffffffbc]x[0xffffffe8]Mk[0x11]&[[0xffffffd1][0xffffffd0][0xfffffff3][0x17][0xffffff90]#[0xffffff93][0xffffffbf]a[0x9]r[0x17][0xffffffa0][0x1e][0xffffffe7][0xffffffc2][0x10][0xfffffffe][0xfffffff0][0xffffffc2]d[0xffffffd5][0xffffffed]p[0x17][0xffffffde][0xffffff84][0xffffffb7][0x10][0xffffffbd][0x1b][0xffffffbd][0xffffff8a][0xffffffa0][0xfffffffe][0x7][0xffffff85];[0xffffff98][0xffffffa8][0x1f][0xffffffbe][0xfffffff9][0xffffffe5]6[0xffffffb8][0xffffffe9][0xffffffb3][0xffffffe8][0xfffffffd]|x[0xffffff8d][0xffffff96]o[0xfffffffc][0x1a][0xffffffae][0xffffffb9]X;7[0xfffffff7]![0xffffffa4][0xffffffc1][0xffffffed]EX[0xfffffffc][0xffffffd0][0xffffffc7][0xfffffff3][0xffffffde][0xffffffe3]%[0xffffffc1][0xb][0xf][0x7f][0xffffffb1][0xffffff95][0xffffffcd][0xffffffa0][0x3]$[0xffffff8d][0xffffff98][0x9][0xffffffd0][0xffffffbd][0x12][0xffffffae][0xffffffec]u[0xffffffb4][0xffffffce]&[0xffffffeb][0xffffffb2][0xfffffffe][0xc][0x4][0xffffffde]y[0x13][0xffffffc8]/&Za[0xffffffc6][0xfffffffd][0xffffffe2]'>M6[0xffffffee]X:[\r][0xffffffd2][0xffffffc9]Z[0xffffff98][\r]r[0xffffffc9][0x14]q][0xffffffd4]&[0xffffffb5][0x8][0xffffffe5][0x1][0xffffff90][0xffffff8c]T[0x1e][0x9][0xffffffca][0x3][0x1f]tR[0xffffffc8][0xffffffed][0xffffffcd]C[0xffffffa8][0xffffff80][0xffffff8d]v[0x3]G7[0xfffffff0]b[0xffffffbc][0x11]B[0xffffffbc][0xffffffb3][0xffffffbf][\r][0xffffff80][0xffffffed]Z|H[0xffffffab][0xfffffffc][0xffffff92][0xffffffcf][0xffffffda][0xffffffaa]~[0xffffffc8][0x1d]N@j-[0xffffff9d][0xffffffb1][0x11][0xffffffdc]/[0x19][0xffffff8e]0[0xffffffb6][0xffffffe9]5[0xffffff9c][0xffffffbc][0xfffffffe][0xffffffe9]u[0xffffffef][0xfffffff5][0xfffffffa]'Bz[0xffffffd2]6[0xffffffd7][0xffffffed][0xffffffdd]{[0xffffffc3][0xfffffff9][0xffffffcc][0xffffffbb]t[0xffffff93][0xffffff87]p[0xffffffb8][0xffffffd5][0xffffff95][0xffffffc8]3[0xffffffb8]l[0xfffffffa]|^P("
20:21:12.446 [main] DEBUG org.apache.hc.client5.http.wire - http-outgoing-1 << "%[0xffffff95][0xffffffc6]p[0xfffffff4][0x17][0xffffffef]!y[0xffffffeb][0xffffffc6][0xffffff90][0x5][0x5][0x1e][0xffffffed][0x8][0x5][0xffffffd8]#@[0xffffffe1]ut[0xffffff9c][0xffffffcc][0xffffffe2][0xfffffff9]pv[0xffffffb4]\[0x1d]?[0xffffffa7][0xffffffb1][0x14][0xffffffee][0xffffffae][0xfffffffd][0xffffffe1]5m-x~[0xffffffa4][0xffffff9c][0xffffffe8][0xb]9[0xfffffff9][0xffffffb0][0xb][0xffffffc0][0xffffff8c][0xffffffa4][0xffffff8e][0xffffffec][0xfffffff7]([0x0][0x1d][0xffffff9a][0xffffff90][0x1d][0xfffffffb][0xffffff80]p[0xffffffd4][0xffffffb8]A5[0xffffffcf][0xffffffc5][0xffffffda][0xffffffe3]j_[0xffffffd2][0xffffffad][0xffffffd7]z[0xffffff98]_[0xfffffffb]U[0xffffffce][0xffffff95][0xfffffff2][0xfffffffc]i[0xffffffd0]$}[0xffffff9e][0xffffff8a]^&/[0xffffffa0]U[\n]"
20:21:12.446 [main] DEBUG org.apache.hc.client5.http.wire - http-outgoing-1 << ")P@[\n]"
20:21:12.446 [main] DEBUG org.apache.hc.client5.http.wire - http-outgoing-1 << "[0xffffffe4]QG[0xffffffa4]qI[0xffffffba][0xffffff99]3[0x17]b[0xffffff9f].[0xffffffd4]@cZ[0x18]}[0xffffff9e][0xffffffd7][0xffffffe0]z{[0xffffff81]\<[0x17]}[0x1][0x7f][0xffffffef][0xffffffbc][0x4]:[0xffffffa0][0xffffffc9][0xffffff8e]0[0x18][0xffffffcb][0xffffffb3][0xffffffd2][0x11]_[0xffffffac]K[0xffffff8c][0xffffffb6][0xffffffc4][0xffffff9d]W[0xffffffa0]{{[0xffffffbf][0xfffffff2][0xfffffff6][0xffffffe0]@m-W([0x1b]$[0x12];_[0xfffffffc][0xffffffc0][0xffffffcb]uC[0xffffffef]bP[0xffffffde][0xfffffff1]g[0xffffffa8][0xffffff9c][0xffffffba]Z[0x1f][0xffffff8f][0xffffff9c]9V[0x7][0xf][0xffffffc4][0xb][0xffffffe0][0x5][0x6])[0xffffffc2]f [0xffffffd6][0xffffffd2]+b[0xffffffe1]S[0xffffffda]2[0xffffff90]p,[0xfffffff6]q[0xffffffd8][0xffffffc4][0xffffffdd]B[0xffffffa1][0xffffff95]Y[0xfffffff6][0xffffffd8][0xffffff8a]a[0xffffffd3][0xffffffd4][0xffffffbf][0xffffff97][0xffffffc8][0xfffffff5] [0xffffffeb]a[0x5][0xffffffd5][0xfffffffe]4[0xfffffff2][0xffffffe9]Iz[\n]"
20:21:12.446 [main] DEBUG org.apache.hc.client5.http.wire - http-outgoing-1 << "[0xffffffb4][0xffffffc3][0xffffffef][0xffffffc3]TM[0xffffffb8][0xffffffa1][0xffffff9d][0xfffffff8][0x9][0xffffffc1][0xffffffbf][0xfffffff6]}[0xffffffe0]&[0xffffffd7]<([0xffffffb4][0xfffffffb][0xffffff98][0x6][0xfffffff3]1N[0xffffffa3]H[0xffffff94][0xffffffeb][0xffffff87][0xffffffe8]@A[0xffffff85]u@[0xffffffaa][0xffffffb7]W[0xffffffee]<[0xffffff98][0xffffffa5]36[0xffffffb9][0xffffff8e][0xffffffe6][0xffffffc1]H[0xffffffbb][0xfffffff6][0xffffff82][0xffffffa9]6[0xffffff81]R-[0xffffffba]%[0xffffffa4]c[0xffffffff][0xffffffeb]?[0xfffffffe][0xffffffcf][Q[0xffffffd3][0xffffffab][0xffffffac]&[0xffffffea]d[0xffffff9a]&@S#[0xffffff99]E<[0x2]w[0x10][0xffffff80][0xffffffc5]d[0xfffffff8][0xffffffaf][0xffffffff][0xfffffff8][0xffffffbf]4:[0xffffffe8][0xffffffd2][0x4][0xffffff8c][0x7f][0xffffffac][0x1b][0x16][0xffffffa2][0xffffffa5][0xffffff9d][0x11]I[0xffffff86]R[0xffffff98]/&[0xffffffe5][0xffffffde]][0xffffffa9][0xfffffff7][0xffffffa6][0xffffffe9]<[0x17][0x4][0xffffffff][0x11][0xffffffd6][0x1]k[0xffffffff]b[0xfffffffa][0xffffff89]m[0xffffffa8][0x18][0xffffffd3][0xffffffb7][0xffffff99][0xffffff8c]p[0xffffffc2][0xffffffb2][0xffffffbf][0xffffffe9]MI5{IA[0xffffff96][0xffffffa7]-[0x14]z[0xffffff87][0x1e]I[0xfffffffe][0xffffffe2][0xffffffe6]`[0xffffffb3][0xffffffce][0xffffffca][0xffffffbb]@u9&[0xb][0x2][0xffffffbe][0xfffffff8][0x1b]Fo[0xffffffa4]a[0xffffffc8][\n]"
20:21:12.446 [main] DEBUG org.apache.hc.client5.http.wire - http-outgoing-1 << "[0xffffffee][0xffffffbf]"[0xffffff9f][0xffffff81][0xffffffff]z[0xfffffff1]o'[0xfffffff1][0xffffffa9][0x1b][0xf][0xffffffdf][0xffffffbc][0xffffffa9][0xffffffbc][0xffffffa0][0xfffffff4]G[0xffffff91][0xffffffb6]@[0xffffffbb]VR[0xffffffb8][0xfffffff5][0xffffffee][0x9][0xffffffad]I![0x11][0xffffff82][0xffffffb4]b[0xffffffa0][0xfffffffb][0x13]7[0xffffffc6][0x1f][0xffffffbc][0xffffffd9][0xffffffcc];[0xffffffa2][0x11][0xffffff92]s[0xffffffa0][0xfffffff0][0xffffffd7] [0x1a][0x1f][0x5][0xffffffc8][0xffffffe1][0xc][0xffffff8a][0xffffff82][0xffffffc9][0xffffffa8]@[0xffffffdc]p[0x1f]9[0x1a]r[0x1f][0xffffff8f][0x15]+p[0xffffff88][0xffffffea][0xffffffa6]k[0xffffff9b][0xffffff87][0xffffff98][0x6]#[0xffffffdc][0xffffffd6](d[0x9]_:e[0xffffffe8][0xffffff86][0xffffffa4][0xffffffec][0xffffff8b][0xffffff99],[0xffffffd5][0xffffff8b]=[0x6][0xffffffcf][0x6][0xfffffff6][0xffffffe9][0xfffffff4]@[0xffffffad][0x18][0xc][0xfffffff1]*[0xffffff85][0xffffffe7][0x6][0xffffffcd]6 \[0xffffff98][0xffffffb8]W[0xffffff9e][0xfffffff6][0xffffffea][0xffffffed][0xfffffff9][0xffffffaf][0xffffff9a][0xffffff90][0xb][0x16][0xffffffe7][0xffffffe7][0xffffffbb][0xffffffde]@*,[0x17]PC?2[0xffffff9d]#[0xffffffb3][0xffffff88][0xffffffd4][0xffffff85][0xfffffffc][0x13][0xfffffffc]3[0xffffff83]L[0xffffffcc][0xffffffbb]a[0x14][0xffffffc7]s(>[0xffffffe3][0x16][0x4]4[0x1d][0x1]5[0xffffff9e];[0xffffffa1][0xffffffd9][0xffffff95][\r][0xffffff9f][0xffffffe8]R[0x12][0x1][0xffffffd3][0xfffffffd][0x9][0xfffffffa][0x14][\r][0xffffffa1]EK3[0xffffff91]2Tf[0xfffffff1][0xffffff83]LP[0xffffffb9][0xffffff8b]I[0x1c][0xffffff9a][0xffffff94][0xffffffb3][0xffffffa1] [0xfffffffd]@[0xffffff93][0xffffff93][0xffffff93]R[0xfffffff8][0xffffffee][0xffffffdd][0xfffffff8][0xfffffff1][0xfffffff5]8[0xffffff9a]^W[0xffffffde][0xffffffbd][0xfffffff4]G[0xffffff99]s[0xffffff82]W[0xffffff98]h[0x1c][0xfffffffa][0x10][0x16][0xffffffee]'I[0xfffffff0]6[0xffffff8e][0xffffffee][0xffffffb1]Dy[0xffffff93][0xffffff91][0x1e][0xffffffbe][0xffffffe5];[0x7][0xffffff8c][0xffffff8e]Y[0xffffffec][0x19][0xffffff9d][0xffffffa0][0xffffffa5]H[0x5]i%^[0xfffffff9][0xffffffe3][0xffffffb9][0xffffffd0][0x1][0xffffffd7][0xffffffa2][0xffffffc1]'[0x12]7[0xffffffe6]\[0x14]9[0xffffff8f]>[0xffffffcd][0xffffffa1][0xffffffaa][0xfffffffd][0xffffffa9][0xffffffb2][0x1f][0xffffffe2][0xffffffa7]4[0xfffffff5][0xffffff85][0xffffffc6][0x9][0xffffffe3][0xffffffd3]'[0xffffffda][0x13]wB[0xffffffb4]z[0xffffff87][0xffffffa5]H[0xffffffb7][0x14][0xffffffd7]IH[0x1]9r[0x1e]+[0xffffff96][\n]"
20:21:12.446 [main] DEBUG org.apache.hc.client5.http.wire - http-outgoing-1 << "[0xffffffde][0xffffffbb][0x1d][0xffffff84][0x19]n[0x8][0xfffffff8]CL[0xffffffc4][0xffffffe4][0x1a][0xfffffffb]i[0xffffffa1]q}I/v=[0xffffff8c]9[0xfffffff2][0xffffff81][0xffffff92][0xffffffcb][0xc][0xffffffdc][0xffffffe8][0xfffffff6]M[0xfffffff0][0xffffffbe]}[0x5][0xffffffad][0xffffffee][0xc]"[0x1c][0xffffff93][0xffffffc7][0xffffffc8]s[0xffffffe3][0xffffffc0][0xffffffc7]b[0xffffffdb][0xffffffab]+[0x2].[0xffffff8b][0xffffffca][0xffffffda][0x4][0xffffff89]H[0xffffffd4][0xffffffe9]^[0xffffffe1][0xfffffff5][0xfffffff6]*[0xffffffba]?[0x17][0xffffffcb][0xffffff89][0xffffffe5][0xffffffd9]1[0xffffffa7][0x7][0x0]]m[0xffffff8a]< B[0xffffffd7][0x6][0xffffffb7][0xffffff9f]a[0xffffffad][0x1c][0xffffff9c][0xffffffe4]Kz[0xfffffff2][0xffffffe6][0xffffffed]mS[0xffffff83][0xffffff8e][0xfffffff7][0xffffff8c]xy[[0xffffffdc]h[0xffffffb1]4[0xfffffffc]f[0xffffffbb][0xffffffd9][0xffffff98][0xb][0xffffffa1]fA[0xffffffdb]kL[0xffffffe6]I[0xffffffa0]}[0xfffffffb][0x13]I[0xffffff94]i[0xffffff96][0xffffffd9][0x18][0xfffffff8]x[0xfffffff0][0xe][0xffffffe6]>[0xffffffb0][0xffffff98]g[0xffffff86]8[0xffffffef][0xffffffa7]h[0xffffffac][0xffffffa1][0xffffff99][0x4][0x12][0xfffffff3]xD[0xffffffd0][0xffffffd8][0xffffff8a]g[0xffffffca][0xffffffbb]9[0xffffffb6][0xffffffa3][0x13][0xffffffbc][0x3][0xffffffd2]z[0xffffffa4][0xffffffc5]N[0x8][0xffffff87]W[0xffffffd1][0x8]k@[0xffffff9c][0xfffffff9]f[0xffffff82][0xffffffc9]w[0xffffff8b][0x19][0x6][0xfffffff0][0xffffffc8][0xffffffab][0xffffffa0][0xffffffc7]7[0xffffffe6][0xffffffe5][0xffffff9f]{[0xffffffbd][0xffffffb7]'[0x7]Ifr[0xffffff9a]-[0xffffffc7]1[0xe][0xffffff98][0xffffffcc]$+[0xffffffac]%[0xffffff99]i[0xffffffb1][0xffffffee][0x1a][0xffffff92][0xffffff99] [0xfffffff1]-?K[0xffffffc8][0xffffffa6]T2[0xffffff93]Jf[0xffffffda][0xffffffe5]S[0xffffffa8]Jf[0xfffffffa][0xffffffaa][0xffffff92][0xffffff99]>[0xffffff98]g[0xffffff8f][0x1f][0xfffffff0][0xffffffcd][0xffffffb1]*[0xffffff99]I`[0xffffffc5][0x16][0xffffffc9]L[0x14][0xffffffb6][0x16][0xffffff85]G[0xffffffb1]{5{[0xffffffd6][0xffffffc5]n/[0xfffffff1][0xffffff90][0xffffff9c][0x14]cW[0x1d][0xffffffc0][0xffffff80][0x3][0xffffffc6][0xffffffbf][0xfffffff2]O[0x15][0xffffffdf][0xffffff88][0xffffffad][0xffffff86][0xffffffde][0xffffffee][0x19]F[0xffffffd7][0xffffffb2][0xffffffd7][0xffffffe5]4[0xffffffa5][0xffffffa5]l|I[0xffffffae]K[0xffffffb4][0x19]n[0xffffffb9][0xffffff96][0xffffff93][0xffffffe5]4[0xffffff89][0xffffffa3]->[0xffffffdb][0xffffff92]u[0xffffffee][0xffffffe3]Yo]N[0x13]FG[0xffffff89]6+*[0xffffffbc][0xffffffa2][0xffffffc2]+*|5[0xfffffff5]f[0xffffffa3][0xffffffd4][0xffffffa7][0xe][0xffffff93]E[0x3][0xffffffdf]h[0xffffffcb][0xffffffdf]n[0xffffff8d][0xffffff96][0xffffffd5][0xffffffa9][0xffffffb6][0xffffffcf][0xffffffcd][0x10][0xffffffb3][0xffffffd9]5[0x19]1+[0xffffff84]>[0xb]e,[0xffffffbd].[0xfffffffa]$[0xffffffd9][0xffffffca][0x14][0x2][0x14][\r][0xfffffff9][0xffffffb8]([0x1][0xffffffe2]![0xffffff93][0xffffff9a][0x8][0xffffffba][0xffffffcd][0xffffff8c]?)[0xffffff8e][0xffffffb6][0x5][0xfffffff2][0xffffffd3]O[0xffffffeb][0xfffffff8][0xffffff93][0x4][0xffffffe4]*[0xffffffa9]I![0xffffffb9]Br[0xffffff85][0xffffffe4]{#9[0xfffffff9]$U [0xffffffb9]aC[0xffffffd4][0xffffffb2]Z[0xffffff80][0x7f]i[0xfffffff7][0xffffffbb][0xe][0xffffffcb][0xffffffd3][0x1d]r[0x1d]4[0xffffff9c]UX^cR[0x13][0xffffffe0][0xffffffbb][0xffffffd9],[0xffffffee][0xffffffca]q[0xffffffb4]%[0xffffff98][0xffffff9b]g[0xffffff9f]6[0xffffffed][0xffffffca]UR[0xffffff93]JjRIM*[0xffffffa9][0xffffffa9][0xffffff8a][0xf][0xffffffbf]iSn[0xffffff98][0xffffffcd]f%[0xffffff94];[0xffffffba]i[0xffffffda][0xffffffd5][0xffffffe9][0xffffffa9][0x2][0xffffffc9][0xffffffcd][0xffffffae]mv[0xffffff8d][0xffffffe6][0xffffffda]]y[0xffffffa1][0xffffffcc]S"ymIM[0x1c]O[0xffffffc9][0xffffff9c]T[0xffffffc4][0xffffffd1][0xffffff96]8[0xffffff8e][0xffffffe8][0xffffffca][0xffffff87]5[0xffffffa4]x[0xffffffda][0xffffff94][0xffffffe7]D~%[0xffffffda][0xffffffac]D[0xffffff9b]a[0xffffffa5][0xffffffea][0xffffff8d][0xfffffff6]q[0xfffffff8]S[0xffffffe1][0xffffffed][0x7f][0xffffffc9][0xfffffff0][0xfffffff6][0x17]$5[0xffffffe9][0x1d][0xffffffcb]lUx[0xffffffa8]4u[0xfffffff6]J_[0x13][0xffffffb0][0xffffffb6][0x11]Xi[0xffffffad][0xffffff85]p[0xffffffa3][0xffffff9b][0xffffff95]yJ[0x8][0xffffffcf][0xffffffb1][0xfffffff0][0xffffffd0]A[0x15]k[0x1][0xffffffbf]-[0x4][0xffffff9e]6&5qt[0xfffffffc]"
20:21:12.447 [main] DEBUG org.apache.hc.client5.http.wire - http-outgoing-1 << "t[0xffffffad][0x13][0xffffff96][0xffffffc4]o[0xffffff95][0xffffffd4][0xffffffa4][0xffffff92][0xffffff9a]TR[0xffffff93]Jj[0xffffffda]-[0xffffffa9]IG[0xfffffff2]i[0xffffff95][0xffffff9b]a[0xffffffb3]m[0xffffff98][0xffffffc6][0xffffff86]h[\n]"
20:21:12.447 [main] DEBUG org.apache.hc.client5.http.wire - http-outgoing-1 << "[0xfffffff0][0xffffff99][0xffffffa3][0xffffffde][0xffffffeb][0xffffffa2])i[0xffffff99]'[0x6][0xfffffff0]z4[0xffffff9b][0xffffffc5]W[0xffffffda][0x3]j6[0xffffff8b][\n]"
20:21:12.447 [main] DEBUG org.apache.hc.client5.http.wire - http-outgoing-1 << "eR[0xffffffd3][0x1f][0xfffffffe][0xfffffff0][0xffffffe6][0xfffffff4][0xffffffed][0xfffffff9][0xffffffbb][0xffffffde][0xffffffcb][0xffffffb3]^W{s[0xffffffa5]=Ds[0xffffffa2]W.[0xffffffb0][0x13]9#([0xffffffcd]cz[0xffffffc1]E[0xffffffc0]3[0x2][0xf]p:[0xffffff8e][0xffffffdd][0x11][0xfffffff8][0xffffff86]Q[0xfffffff6][0xffffffab]f[0x1d]Y[0x1a][0xffffffe4][0xffffff92]A[0xffffff85][0xffffff9c]][0xffffff83][0xffffffb7],[0xffffffbf]%k`z[0xffffff8d][0xffffffc1]N$[0xffffff8a]PN][0xffffffad][0xffffffcc]m[0xffffffc1]n.[0x1c][0xffffffb9][0xfffffff1]H[0x10][0xffffffd7][0xffffff90][0xfffffff5][0xffffffbf]Cf[0xffffffd3][0xfffffff3][0xffffffa3]?[0xfffffffc][0xffffffa1]H[0x6],[0xffffffa4]U[0xffffff89]4[0xffffffa4][0x18][0xfffffffc]2fz[0xffffff82][0xffffffc0]5[0x5][0x3][0xffffff8d][0xfffffffe][0xffffff9d][0xffffffb1][0xffffffaa][0xffffff8b][0x1c][0xffffffb4][0xfffffffd]8[0xffffffcf][0xffffff94]XE[0xffffffd9]E[0xffffffc4][0x1e]$&[Fz.vj[0xffffff81]K[0xe]"ZyPR[0xffffffe2]U[0xffffff81][0x8][0xffffffdc][0xffffffff][0xffffffcc]<[0xffffffe0].hz[0xffffffff][0xffffffef][0xffffffb7][0xffffffbe]$[0xfffffffb][0xffffff81][0xffffff94][\n]"
20:21:12.447 [main] DEBUG org.apache.hc.client5.http.wire - http-outgoing-1 << "[0xfffffffa][0x1b][0x11][0xffffffaf]r[0xffffff8a]$[0xffffffe5]x[0xfffffff9]W[0xfffffffe][0xffffff90]S[0xffffffb9][0xfffffffe][0xffffffa7][0xffffffb8][0x5][0x13][0xfffffff7][0xffffff81][0xffffff89][0xffffffc3] j[0xffffffca][0xfffffff4]-[0xffffffbe][0xffffff83][0xffffffb8]ib[0x9][0xffffffd1]Q[0xffffffac][\r]A[0xffffffa6][0xb]g(8[0xffffff88][0xffffffdd][0xfffffff8]A[0xffffffb0][0xffffffbd][0xffffffde][\n]"
20:21:12.447 [main] DEBUG org.apache.hc.client5.http.wire - http-outgoing-1 << "[0xffffff8a]0(a p[\n]"
20:21:12.447 [main] DEBUG org.apache.hc.client5.http.wire - http-outgoing-1 << "[0xffffff8a][0xfffffff0][0x7f][0xfffffffd][0xffffffc7][0x7f]"7B[0x12][0xffffffc7][0xfffffffb][0x1a]H[0xffffffe3] k[0xffffff82]g(x[0xffffffcc][0xfffffffd]([0xfffffff6][0xffffffc1][0x12][0xffffffee][0xffffffa7][0xffffff84]Q[0xfffffff0]j[0xffffffd1]KY[0xffffff8b][0xffffffa8][0x0][0xffffffa4]J.C[0xc]L[0xffffff9a]W[0xffffff92][0xffffffd3][0xffffffc8][0xffffff9b][0xffffffc1]{[0xffffffa6][0xffffffcd][0xffffffd2][0x15][0xffffffdd][0xfffffffa][0xffffffde][0x1d][0xffffffb1]V_[0x8][0xffffffc2][0xffffffa3][0xffffffa8][0xffffff81][0xffffffdb][0x6]!3[0xffffffa6][0xffffff8e][\n]"
20:21:12.447 [main] DEBUG org.apache.hc.client5.http.wire - http-outgoing-1 << "2[0x1e][0xffffffe5][0xffffffab][0xffffff81][0xffffff8e][0xffffffc8][0x1c]6[0xffffffe2]c[\n]"
20:21:12.447 [main] DEBUG org.apache.hc.client5.http.wire - http-outgoing-1 << "B[0xffffffbb][0xffffffe8][0xfffffffd][0x19][0xffffffc8]k[0xffffff98][0xffffffc9]`[0xffffffb2][\r]p/[0xffffffba][0xffffff83][0xffffffc0][\r]o(=[0xffffff8d][0xffffffea][0xffffffa7][0x4]'d[0x10]i[0xffffffa3]h8'[\n]"
20:21:12.447 [main] DEBUG org.apache.hc.client5.http.wire - http-outgoing-1 << "[0xffffffbc][0x1c]*[0xffffffa2]<[0xffffff82][0x0]q[0xffffffeb]G[0xffffffa0][0xffffffd1][0xffffff81][0xffffffd4],[0xffffffb8][0xffffffa9]#m4[0xffffffe7]I~1[0xffffff98][0xffffff8f]5[0xffffffc3][0xffffffb2][0xffffffac][0xffffff96][0xffffffd5][0xffffffcc]'[0x8][0xfffffffe][0xfffffff8][0xffffffe8][0x7][0xffffff81]{$u[0xffffffbe][0xffffff8f][0xffffffe0]8~[0xc][0x2][0xfffffff4][0xffffffdd]%~9[0x1a][0xffffff8e][0xfffffffd]?[0xfffffff9][0xffffffa3]?[0xffffffca][0xffffffb3][0xffffff9e][0x13][0xffffff87][0x13][0xfffffff4]^[0xffffffc9][0xffffffcc][0x15][0x1d]]`[0xffffffb8]b[0xfffffff0][0xffffff8b][0xffffffb4]x[0x10]\[0xffffffad]#[0xffffffbd]8}[\n]"
20:21:12.447 [main] DEBUG org.apache.hc.client5.http.wire - http-outgoing-1 << "[0x4]W[0xffffffce][0x13][0xffffffa3][0xffffff91][0xffffffc7][0x15][0xffffff81]H[0xffffffcf][0xffffffec]y[0xffffffe4][0x13][0xffffff80][0xffffffb2][0xffffff8a][0xffffffbb]%[0xffffffb2][0xffffffb4][0xffffff88][0xffffff94]J?C)='X[0xffffffee]7[0xffffffb9])Wmib[0xffffffe7]Kx[0xffffffc5]$<[0xc][0x1f][0xffffffd0]2Z[0xffffff9d]N[0x7][0xffffffa8][0x7f] qsGTX[0xf][0x1f]p[0xffffffa1][0xffffffee][0x1a][0xfffffff8][0xffffff80]v[0xffffffce][0x7][0x14]M)>[0xffffffa0][0xffffffe2][0x3]*> [0xffffffe5][0xffffff84][0xffffff94]}[0xffffffcf][0xffffff90];[0xffffff8c][0x7][0x5]pCxU[0xffffffed][0x13]][0xfffffffa][0xffffffe7]q[0xffffffb9]Z%n[0xffffff8e]W[0xfffffff5][0xffffffde][0xffffffd0]9[0xffffffef][0xffffffdd]T[0xffffff88][0xffffff9b][0xb][0xffffffac][0xffffffd8][0xffffff82][0xf][0xffffff88]1[0xffffffda][0xffffff87][0x8]h4,[0xffffffe8][0x8][0xffffffb4]H[0xffffffdc]\X[0xffffffa9]T[0xffffff8a][0xffffff9b][0xffffffa7][0xffffffa5][0xc][0xffffffbb][0xffffffeb][0xffffffd4]%n[0xffffffae]wZ[0xfffffff0]|I[0xfffffff5][[0xffffffc4][0xffffffd1][0x16][0xffffffa1][0xffffff8e][0xffffffbb][0xfffffff3][0xffffffde][0xfffffff0][0xfffffffe]t[0xffffffad][0xffffffbf] [0xffffffc6]P[0x11][0x1][0x15]}D[0xffffffd1]G[0x14]}d_[0xfffffffa]H[0xffffffd3][0xffffffc1]g[0xffffffc7][\n]"
20:21:12.447 [main] DEBUG org.apache.hc.client5.http.wire - http-outgoing-1 << "[0xfffffffa][0xffffff88][0xffffffc5][0xffffff9a][0xffffffe7][0x15][0xfffffff1][0xffffffea]%[0xffffffc4][0xffffffac][0x8]w,[0xffffff95][0xffffffa9]#[0xffffffdc][0x1][0xfffffff0]["[0x2].[0x3][0xffffffe2]!c[0xffffffd6][0xc][0xffffffdd][0xffffff99] [0xffffffae]8[0xffffffda][0x1e][0xffffffc8][0xffffffd7][0x9][0xffffffe2]R[0xffffffbf][0xffffff99][0xfffffff4]b[0xffffff99]Gx$[0x1e][0xffffff8d][0x1f][0xfffffff1][0xffffffb8][0x8][0xffffffdc][0xffffff81]G[0x13][0xffffff9b]CJA[0xffffff84]xF[0xfffffffc][0xffffffac][0xfffffffb][0xfffffff9][0x19][0x12][0xffffff9c][0xfffffffc][0x10][0x7f]^6R%[0xfffffff3][0xc][0xffffffc3]l;[0xfffffff4][0xffffffa5][0xffffffa1][0xfffffff8]H[0xfffffffe][0xffffffb9][0xfffffff9][0xffffffcb]_[0xffffffcf][0xffffff82][0xffffffe1][0xffffffa7][0xffffffd7][0xf][0xffffffe7]'[0x1f][0xffffffee][0xffffffcf]_[0xfffffffe][0xffffff91][0x1e][0xffffffc7][0xffffffee]-[0xffffffde][0xffffffcb][0xffffffe2][0xfffffff2][0xffffffbe][0xffffff83][0xffffffff][0xffffff98]H[0xffffffbd][0x16]Jf[0xffffff95][0xffffffdf]B[0xffffff8e][0xffffffe8]+[0xffffffe0][0xfffffffc]X[0xffffffd4][0xfffffffe][0xffffffa7][0xffffffdb]?[0xffffffd2]( [0xffffffc4]"[0xffffffea][0xffffffa0]v[0xffffffb9][0xffffff97][0xfffffff1][0xffffffae][0xffffffeb][0x10]'Q>y[0xffffffa9][0x17]*p[0xffffffad][0x2][0xffffffd7]*p[0xffffffbd][0xffffff9b]M[0xffffff85][0xffffffd1][0xffffffd1][\r][0xffffffd3][0xffffffac][0xffffffb0][0xffffff8b]5t[0xffffffcb][0xffffffaa][0xe]\g([\r]c[0xffffff9f]U[0xffffff81][0xffffffeb][0xffffffa5]2O[0xffffff89][0xffffffe4]%D<4[0xffffff94][i[0xfffffff2][0xffffffa2]EPn[0xffffffe1]q[0xffffffb7][0xfffffff1][0xfffffff3][0xffffffa3][0xffffffd8][0xffffff93]?[0xffffffbe]\C[0x1f][0xffffffc9][0xffffffa0][0x1c]1w[0x5][0xffffffe5][\n]"
20:21:12.447 [main] DEBUG org.apache.hc.client5.http.wire - http-outgoing-1 << "[0xffffffca][0x15][0xffffff94]+([0xffffffdf][0x11][0xffffffca][0xffffffdb][0xffffff96]iY[0x15]$[0x12][0xffffffc3][0xffffffb6]:-[0xffffff92][0xffffffcc]][0xffffffb7]-w@[0x6]\[0xfffffff1][0x15][0xffffffb2][0x0][0xffffffe6]"$[0xfffffff2][0xffffffe4]`[0xffffff9e]c[0xffffffe2]![0xffffffc1][0xffffffdc][0xffffffd0][0xffffff9b]f'[0xb][0xffffffb0][0xffffff88][0xffffffa3]-[0xffffffc0][0xfffffffc][0x1e][0xffffffce]q[0xf][0xffffffe7][0x1b][0x3],[0xffffff8a][0xffffffd3][0xffffffad]8[0xffffffdd][0xffffff8a][0xffffffd3][0xffffffad]8[0xffffffdd][0xfffffffb]q[0xffffffba];[0xe]")[0x15][0xfffffff1][0x15][0xffffffc7][0xffffffc6][0xffffff8e][0xffffffbd][0x12][0xffffffc9][0xffffffcd][0xffffff86]n[0xfffffff4]L[0xfffffff0][0xffffffb5][0xffffff9b]]c[0xffffff95][0xffffffca]y[0xffffffb1]Lm*[0xffffffe7][0xffffffab][0x2],[0xffffffb5]q[0xffffffba]i[0x1b][0xffffffde]"m[0x15]v[0x1][0x15]G[[0xffffffe0]8o[0xffffffca][0xffffffcf][0x1e]Yt`[0xffffff85]{[0x1c]m[0xffffffca][0x15][0xffffffa7][[0x19]U([0xffffffa3][0xffffff8a]][0xffffffbe][0xffffffc6]~M[0xffffff9f]([0xffffffbf][0xffffff80][0xffffffd3]m[0xffffffc2][0x0][0xffffff94][0x1c]s[0xffffffca][0xffffffc9][0xfffffff2][0xffffffb6]m[0xffffffb5][0x10]pY[0xffffffb3][0x19]7[0xfffffff5][0xffffffae][0xffffffcd]_[0x15][0xffffffd7][0xffffffc4][0xffffffc8][0xffffffb3]2O[0xffffffb9][0x19][0xffffffaf][0xffffff87][0xffffffd3][0xffffffcd]a[0xffffff94][0xffffffcc][0xffffffa8]B[0x1c]m[0xffffff8b][0xffffffdf][0xffffffa7][0xffffff8f][0xffffffeb][0xffffff8c]*$~+N[0xffffffb7][0xffffff8a][0xffffffa7][0xffffffa8]x[0xffffff8a][0xffffff8a][0xffffffa7][0xffffffec][0xffffffc6][0xffffffe9]F0[0xffffffa5][0xffffffd3][0xffffffa9][0x8][0xffffffa7][0xffffff98][0xffffffa6][0x1]1[0xffffffbf][0xffffffb5][0x0]n4[0xffffffbb][0xfffffffa]*[0xffffffb5][0xffffff93],[0xffffff9a][0xffffff92][0xffffff96]yb[0x0][0xffffffaf][0xffffff87][0xffffffd3][\r][0xffffffa4][0xffffffc5][0xfffffff3][0xffffffea][0xffffff80][0xffffff9c]nQ[0xffffffa1][0xffffffe4]t[0x7f][0xfffffff3][0xffffffcd]7Z[0xffffffca]2[0xffffff86][0x2]k[0xffffffaa][0xffffffad][0xb][0xffffffe9]F[0xffffff88][0xfffffffb]C][0xffffff92]t=[0xffffffc1][0x7f][0xfffffff5][0xffffffc8]O[0xffffff82][0xfffffff5][0xffffff97][0xffffff89][0xe][0xffffff9d][0x1a]/@[0xffffffb6]9S<[0x5]q[0x14]"[0xffffffc0]3[0xffffff90]<I[0xe][0xffffff99]N[0x1c][0xffffff92][0xffffff98][0xfffffff1][0xffffff88]t][0xffffffd7][0xffffffea][0xffffffb2]B[0x5][0xffffff97][0xffffffec][0x1c]4[0xffffffd0]Wu[0xffffffd0]W[0xffffffc3][0x7f][0xffffff84][0xffffffd4]'A][0xffffffc5][0xffffffb9][0xffffffef]g[0xffffffb0][0xffffff87][0xffffff98]A[0xffffffc5][0xffffffbf][0xffffffa8]3[0x19][0xe][0xffffff83][0xfffffff9]B[0xffffffd3]Bj4[0xffffffa3][0xb]K[0xffffffa9][0xffffffca][0x2]i[0xffffff98][0xfffffff5]*[0xffffffc1][0x17][0xffffff87][0xffffffd5][0x4]*e[0xfffffff9]I[0xffffffbe][0xffffffb2][0xffffffd8][0x3][0x7][0x16]lsR|%U[0xffffffd4]T+[0x19]z[0xffffffc4][0xfffffff4]yW[0xffffffca]"[0xffffff93][0x0]1[0xffffffa9]_[0xfffffff7][0x1e][0xffffffa6][0xffffffa9][0xffffffb6][0xfffffffb]+[0x17][0xffffffca][0xffffffb3][\r][0xfffffffa]![0xffffff8e] [0xffffff8b][0xb][0xffffffaf][0xffffff8f][0xfffffff0][0x6][0xffffff84][0xffffffe1]H[0xfffffffb][0xffffffb7]O[0xfffffff3][0xfffffff1][0x18][0x1f]J&[0xffffffe0]Q[0xffffffff]#<"
20:21:12.448 [main] DEBUG org.apache.hc.client5.http.wire - http-outgoing-1 << "[0xc][0xffffffa7]U[0xffffffef][0xffffffe8][0xffffffa6]uH[0xffffff8d]KQa=[0xffffff9c][0xffffffd6][0xffffff85][0xffffffba]k[0xffffffe0][0xffffffb4][0xffffff82][0xffffffe4],[0xffffffdf]H[0x1d][0xffffffd1][0xffffff94][0xffffffe2][0xffffffb4]*N[0xffffffeb].oQ*[0x9][0xfffffff8]_2[0x9]x%[0xffffffa7][0x15][0xffffffe1][0xffffffa6][0xffffff97][0xf][0xffffffa7]"[0xffffffdc]4s[0xffffffc7][0xffffff97]2[0xffffffe4]D:d[0x2]+[0xffffffea][0xffffffe4][0xffffffb4][0xffffffea]M[0xffffffe2][0xffffffb4]:[0xffffff8e][0xffffff94][0xffffffad]\[0xffffffc1]i[0xffffffa5]R[0xffffffed][0xffffffae]nt[0x1d]v[0xffffffba][0x15][0xffffffa9][0x9][0xffffffcf][0xffffffba][0x17][0xffffff9f][0xffffffd7]St[0xfffffff8]}[0xffffffff]X&[0xffffff8b][0x14][0xffffffb9]U +[0xffffffb3][0xfffffff0]f"![0xfffffffc][0xffffffd8][0xffffffec]X[0xffffff9d]f[0xffffffe6])+[0xffffff8f]6[0xffffffbf][0xffffffea][0xffffffbd]qN[0x1f]o[0xffffffcc][0xfffffff5][0xffffff9e][0xffffffb2][0x18]C[0xffffffc5]iU[0xffffff9c]V[0xffffffc5]i[0xffffffdd][0xffffff95]K[0xfffffff7]Ue[0x14][0xffffffac][0x9][0xffffffd7]m[0xffffffd2][0xffffffd1]1u|>[0xffffffaf]z[0xffffffdf][0xffffffeb][0xffffff98][0xfffffffa]*"[0xffffff94][0x4]L[0xffffffb3][0xffffffab][0xffffffb7]W[0xffffff86][0xffffffeb][0xfffffff2]2[0xfffffffc]FX[0xffffffc7][0xffffffdb][0x1e][0xffffffb0]o[0xffffff89][0xffffffd2][0xffffffba][0xffffff8c][0xffffff87][0x7][0xfffffffc]t.[0xffffff90][0xffffffbb]%7[0xffffffb8][0xfffffff2]h{[0x1c][0x1f][0xffffffae][0xfffffff9][0xffffffe4]B[0xfffffffd]V[0xffffff94]V[0x5][0xffffffe4][\n]"
20:21:12.448 [main] DEBUG org.apache.hc.client5.http.wire - http-outgoing-1 << "[0xffffffc8][0x15][0xffffff90][0xffffffef][0xffffff97][0xffffff9c]`[0xffffffb4]W%'[0x18][0xffffff96]S[0xfffffffd][0xffffffed][0xffffffdc]h[0xffffffe4]([0xffffffbd]JL[0xffffffa7]X[0xffffff86][0xffffffd1][0xfffffffe])[0xffffff91][0xffffffbc]>J[0xffffffab][0x0][0xffffffef]T[0xffffffd9]R[0x1e]m[0xf][0xffffffe5][0xffffffeb][0xffffff94]-3(W[0xffffff94]V[0xfffffff5][0x9]]}B[0xffffffdf]%[0xfffffff8][0xfffffff3];[0xfffffff9][0xffffff84][0xffffffbe]iOn[0xffffffb4]![0xffffffac][0xffffffd3][0xffffffc4][0xffffffee][0xffffffbb][0xfffffffc][\r][0x1d]b;[0x1d][0xffffffbd]m[0xffffffad][0xfffffff8][0x8]S[0xffffff8a]cT~E/[0xffffff95]yr0[0xffffffaf][0xffffff85][0xffffffd2]jvl[0xffffffdd]1Ry4y[0xffffffb4][\r][0xffffff98][0xffffff9f][0xffffff9d][0xffffffbc][0xffffff84][0xffffffff][0xffffffca]:yK[0x2]sEiU[0xffffff94]VEiU[0xffffff94][0xffffffd6][0xfffffffd]([0xffffffad]MK'a[0xfffffff9]2[0xffffff94][0xffffffb7][0xfffffff5]N[0xffffffbb][0x5]O[0xffffff91]J>[0xffffff94]@i[0xb][0xffffffac]V[0xffffff8e]H[0xffffffaf]Ar*[0xffffffc3][0xffffff9c][0xffffffa9][0xffffffa7]D[0xfffffff2][0xffffffba]([0xffffffad][0xffffffbc][\r][0xffffffef][0xffffffa4][0xffffffde]![0xfffffff2]h[0x1b][0x1c][0xffffffe7]8yo[0xffffff9d]w[0x8][0xffffffe1][0xffffffb8][0xffffffa2][0xffffffb4][0xffffffaa][0xfffffffd][0xffffffb8][0xffffffda][0xffffff8f][0xffffffab][0xfffffffd][0xfffffff8][0x14][0xffffff96]x[0xffffffcf]`[0xffffffce][0x1d]H}[0xffffffbd]c[0xfffffff0]w[0xffffff80][0xffffffa0][0xfffffff8][0xfffffff2]<[0xffffffa3]_[0xffffffa4]z[0xffffffc0][0xffffff88][0xfffffffe][0xffffffe4]?[0xffffffe2]/[0xffffffa6][0xffffffd1]n7[0xffffffcd][\n]"
20:21:12.448 [main] DEBUG org.apache.hc.client5.http.wire - http-outgoing-1 << "[0xffffffff]'[0xffffffb3][0xffffffd5]"[0xfffffff5][0xffffffcb]5[0x10][0xffffffae];]gcd%-[0xfffffff3][0xffffff94][0x10]^[0xb][0xffffffa5]U[0xffffff84]QH[0xffffffde][0xffffff8d]R[0x12][0xffffffe4][0xffffffd1][0xffffffd6][0xfffffff8]}[0xffffffc2][0xffffffba]G+R[0x12]$~+J[0xffffffab][0xffffffa2][0xffffffb4]*J[0xffffffab][0xffffffa2][0xffffffb4][0xffffffee][0xffffff86][0xffffffdf][0xfffffff4][0xffffff8d][0xffffffd3]h-[0xffffffef][0xffffffc1][0x1d][0xffffff88][0xffffffcf][0xffffffdb][0x1b][0x0][0x1c]V![0xffffff9b][0xfffffff6][0xffffffe0]:[0xffffffca]<[0xfffffff9][0x1e][0x1c][0x0]^[0xf][0xffffffa5][0x15]H[0xb][0x18]> [0xffffffa5]UT[0xffffff98]QZ[0xffffffc1]%%[0xffffffe6][0xffffff8f][0xfffffff6][0xffffffad][0xffffffa9][0x1b]-$[0xffffffef][0xffffffe1][0x1b][0xffffffc4][0xfffffff3][0xffffff94]XZ [0xffffffbb][0xfffffffe]z[\r]{[0xfffffff9][0xffffffd0][0xffffffbd][0xfffffff5][0xffffffc7][0xffffffd0][0xffffffc0][0xffffff85][0xffffffba]/[0xffffffc8][0xffffff9b]n&[0xfffffff3]*[0xffffffd4]J[0xffffffd9][0xffffffd0]>[0xfffffff1][0xffffffa0]$[0xb]+w[0xffffffa8][0xffffffc7][0xffffffb2][0xfffffff9][0xfffffff9][0xffffff9d][0xf][0xffffffd1]c?[0xffffff84][0xffffffce][0xffffffae]?[0xffffffd2]z?[0xffffffbd][0xffffffd7][0xffffff86]^<[0x13]R[0xffffffba][0xffffffde][0xb][0xffffffd2][0xffffff96][0xffffffbd]H[0xffffffcf])[0xfffffffe][0xffffffb2][0xffffff9f][0xffffff92]*[0xffffffc9][0x4]g=([0xffffffb4][0xfffffff3]\[0x13][0xffffff94][0xffffffd7];[0xffffffc8][0xffffffc9][0xffffff92][0xffffffeb][0xffffffbc][0xffffffe0][0xffffffb1][\n]"
20:21:12.448 [main] DEBUG org.apache.hc.client5.http.wire - http-outgoing-1 << "[0xffffffba][0xffffffed]y[0xffffffa8][0xffffffe1][0xfffffff5][0xffffffe9][0xfffffffc][0xfffffffd][0xb][\r][0x1c][0xffffffd9][0xfffffff9][0xffffff90].M[0xfffffff2]z![0xffffff8b][0xb];v![0xfffffff9][0xffffffab][0xffffff81]sKr[0xffffffaf][0xffffffc9]C2[0xfffffff3]&[0xffffffb8]\T[0x14]D[0xffffffd1][\r][0xffffff8b][0x1c]_Jo{[0xffffffb8][0xffffffc2][0xffffff87][0xffffff97][0xffffffa5][0xffffff92]S[0x17][0x12][0xffffffcf][0xffffffdf][0xfffffff6][0xffffffdf][0xffffffbe][0xffffffec][0xfffffffd][0xffffffb9][0xffffffaf]y[0xffffffe1][0xffffffad][0x1f]G![0x9][0xffffffe3][0xffffffba][0xffffff81]v[0xb][0xffffffb9]Zw[0x10]x0[0xffffff92][0xfffffff7]P[\r]([0xffffffc1][0xffffffa8][0xffffff90][0xffffffda][0xffffff97][0xffffffd2][0xffffffbd][0xffffff85][0x1d][0x11]1k[0x3]0l[0xffffff99][0x1f],8[0xffffffc3][0xffffffa9]N/[0xffffffc8][0xffffffb8]Q<b[0xffffffbe][0xffffffb1][0xfffffff0][0xffffff96]w[0xffffff83] [0xffffffba][0x13][0xffffffb2][0xffffffc1][0xffffffb8][0xffffffd4][0xffffffd0][0xffffffa3][0xfffffffb][0x5][0xffffff99][0xffffffe1]p>[0x19][0xffffff80][0xffffffa2][0xb][0xffffffe1][0xffffffdf]H[0xffffffc3]5A[0xffffffe1][0xffffff98][0xffffffba]>q[0xffffffef][0xfffffffd][0x9][0xffffffee][0xffffffd0]([0xffffffa5]"[0xffffffa7][0xffffffd5]R?p[0xffffffcd][0xffffffa2][0xffffffb1]d[0x7]^[0xffffffb2][0xffffffd1][0xffffffae][0xffffffe0]%[0xffffffbf][0xffffffba][0xfffffff6][0xffffff86]b[0xffffffac]H[0x19]:[0xfffffff0][0x1a][0xffffffd0]6[0x6]K[0xffffff99]z[0xffffffc1]J[0xffffffc7][0xffffffd1][0x8][0xffffff9d][0xffffffc7]e[0xb])cP[0xffffffa6][0xffffffff]}[0xffffffee]A[0xffffffea]Z[0xfffffff0][0xffffffa9][0xffffff87][0xffffffd1]<[0xffffff84][0xffffffdc]qv[\n]"
20:21:12.448 [main] DEBUG org.apache.hc.client5.http.wire - http-outgoing-1 << "[0xffffff95][0xffffffc4]]pG$j<x[0xffffffc0]u[0x1f][0xffffff8c]9[0xffffffec]t[0xffffffda]6[0xffffffbd][0xffffffee][0x1e]J[\r]W[0xffffffe7][\n]"
20:21:12.448 [main] DEBUG org.apache.hc.client5.http.wire - http-outgoing-1 << "kb[0xe][0x17][0xffffffeb][0xffffffae][0xffffff81]9l[0x16][0xffffff98][0xffffffc3][0xffffffdc][0xffffff94]b[0xe]+[0xffffffe6][0xfffffff0]./[0xffffffab][0xffffff8a]9[0xfffffffc][0xffffff95]1[0xffffff87][0xffffffcf]z7[0xfffffff6][0xffffffd9][0x9]G[0xfffffff5]J[0xffffffcc]a[0xffffff81][0x15][0xffffffb5]2[0xffffff87][0xffffffad][0xffffff9e][0xffffffd1][0xffffffe9]Z[0x10][0x15]`[0xffffffad][0xffffffaf]U[0xffffffcc]a.[0x5];9[0x11][0xffffff83][0xffffffad][0xffffff83]9l[0xffffffea][0xe]?"[0xffffffc4][0x1b]5[0x1f]m[0xfffffff5]F[0xfffffffd][0xffffffe9][0xffffffa5]![0xffffffc7]n[0xffffffc5][0x1b]5[0xffffffc6]P1[0xffffff87][0x15][0xffffffe1]L[0x11][0xffffffce][0x14][0xffffffe1]l?[0xffffffc2][0x19][0xffffffde][0xffffffdf][0xffffffda]-[0xffffffa7][0xffffffe2][0xffffffb5][0xffffffda]j[0xffffffb7]V[0xfffffff2][0xffffffcd][0x4]`Z]k[0xffffff95]V[0xb][0xffffffde][0x7][0xffffffb3]2[0xffffffb5]i[0xffffffb5][0x0][0xfffffffb][0xffffff96][0xffffff98][0xffffffc3][0xffffffcb]xxP[0xffffffe6]0!w[0xffffff9a][0xffffffec][0xf][0xfffffff9]-:[0xffffffda][0x1e][0xffffffc7][0xffffffd7]%[0xfffffffb]S[0xffffffbf][0x15]sX[0x1][0xffffffb9][0x2]r[0x5][0xffffffe4][0xfffffffb][0x1][0xffffffb9][0xffffffd1][0xffffffb6];z[0xffffff95][\r][0xffffffa7][0xffffffbd][0xffffff86][0xffffffa1][0xffffff90][0xffffffed]|[0xffffffd7]DG[0x17][0xffffffcb][0xffffffd4][0xfffffff1]yk[0x15][0xffffff90][0xffffffd7]I[0x1c]&[0xffffffec]Ne[0xffffffcd][0x5][0xffffff92][0xffffffe3][0xffffffd3][0xffffffe0]&-\[0xffffffe4][0xfffffff2][0xfffffff1][0xffffff8e]|[0xffffff9d][0xffffffac]y[0xffffff86][0xffffffe4][0xffffff8a]8[0xffffffac][0xffffff88][\n]"
20:21:12.448 [main] DEBUG org.apache.hc.client5.http.wire - http-outgoing-1 << "[0xffffff8a][0xffffffa8][0xffffffb0]K[0xffffffec]G[0x11][0xffffff87][0xffffff99][0xffffffa9]`[0xffffffb4][0xffffff88][0xffffffa8]P![0xffffffa0]h[0xffffffb6][0xffffffcc]6i[0xffffffe4]VS[0x15][0xffffffd2][\r][0xffffffb7][0xffffffee][0xffffffac]f[0xffffff9b]-[0xffffff96]yr,[0xffffffaf][0xffffff89]7l[0xffffffea]M;[0xffffffe7]+[0xfffffff0][0xffffffd1][0xffffff96]Xn[0xffffff9e][0xffffffad][0xffffffe5]+[0x10][0xffffff96]+[0xffffffde][0xffffffb0][0xffffffe2][\r]+[0xffffffde][0xffffffb0][0xffffffe2][\r][0xffffffef][0xffffffc7][0x1b][0xffffffb6];v[0xffffffb3][0x2][0xffffffc9][0xffffff9d]V[0xffffff93][0xc]kV[0x1]9[0xfffffff4][0x11]u[0xffffffbb]k[0xffffffad][0xffffffe1][0xffffff9c]Y=Y[0xffffffa6][0xffffffb6]l[0xffffffbe]U[0xffffff9b][0xfffffff2][0xfffffffa]h[0xffffffc3][0xffffffd8][0xffffff92];[0xb][rg[0xfffffffb]-yo[0xffffffd3][0xffffff96]\[0xffffffd1][0xffffff86][0xffffffd5]n\[0xffffffed][0xffffffc6][0xffffffd5]n|w[0xffffffda][0xffffffb0]m[0xffffffe9][0x14][0x9]/[0xffffffa7]~[0xffffffc0][0x15][0xffffffcd][0xffffffd8][0xffffffb0][0x17]o[0xffffffe2][0xffffffd3][0xffffffe3][0xffffffa6][0xffffffbd]xZ[0xffffffe6])[0xfffffff7][0xffffffe2]5[0xffffffd1][0xffffff86])[0xffffffa4][0xffffff92][0xffffffe7]b[0xfffffff3][0xffffffd1][0xffffff96][0xffffffdb]p[0xffffff84]T[0xffffffd6][0xffffffe5]b[0xffffffd3]6<g[0xffffffca])[0xffffff93]8[0xfffffff2][0xffffffa5][v[0xffffffc2][0x3][0xffffffd9][0xffffff8b]8\qR[0xfffffff6][0xffffffb7][0xffffff9b][0xfffffffa][0xffffffd2][0xffffffdb]N[0x18][0xffffffda]U:[0xfffffff3]f'[0xffffffe3]#[0xffffffb5][0xfffffff8]7(W[0xfffffffb]W[0xffffff84][0xffffff93]?[0x1f]3[0xffffff93][0xffffffef][0xffffff92][0xc][0xfffffff5]~C[0xffffffad][0xffffffb4]"
20:21:12.449 [main] DEBUG org.apache.hc.client5.http.wire - http-outgoing-1 << "[0xffffff87][0xffffffde][0xffffffab]k|[0xffffffa2][0xffffff8a][0xffffff8b][0xffffffab][0xffffffb8]xu\|c[0xffffffda][0x7][0xffffffdc][0xffffff83][0xffffffda][0x15]J[0xffffffb8]0[0xffffff9d]76[0x7]S[0xffffffcc][0xffffffd5]R[0xffffffe6][0xffffffd9][0x17]NQ[0xffffffe6][0xffffff89][0x1][0xffffffbc][0x1e][0xffffffda]0[0xffffff90][0xfffffff6][0xffffffb0][0xffffffb4]aQaA[0x9][0xfffffff7][0xffffffe5][0x8][0xffffff8c]Yb[0xffffff86][0xfffffff2]?[0xffffffb4][0xffffff8b][0xffffffcb][0xffffff9e]{[0xffffffe3]i[0xffffffaf][0x3][0xffffff8f][0xfffffff8][0xffffffad][0xffffffda]{[0xffffffbc][0x11]yar[0x1d][0xffffffcd].[0xfffffff7]#[0xfffffff3][0xffffffce]P[[0x3][0xffffffc2]}T[#[0xffffffc9]j{[0xe][0xffffffb6][0xffffffe8]d[0x2]a[0xffffffdd][0xffffffbc][0xffffffe5][0xffffffd0][0xffffffbb]C[0xffffffeb][0xffffffd0][0xffffffbe][0xffffff9d][0xffffffcd][0xffffff93]=[0x1b][0xffffffa3]\[0xffffffa3]yRQw[0x1c][0xffffffcd][0xffffff99][0xffffffee]LdY"[0x0]_\[0xfffffffe][0xffffffe0][0xffffffcd][0xffffffb4][0xffffff9e]?[0xfffffff1][0xfffffff0][0xffffffc3][0xffffffbe][0xffffffad][0xffffff8d][0xffffffbd]Yc&[0xffffffab][0xffffffc8][0xffffffda]|[0xffffffa1][\r][0xffffffe6]3[0xffffffcd][0xffffffc7][0xffffffff][0x13][0xffffffed]u[0xffffffa6]=[0xffffffa0][0x1d][0x7f]2[0x15][0x3][0xffffff80][0xfffffff1][0x5]=[0xfffffff6][0x14][0xffffff8c][0xffffffe1]([0xfffffff4]f3fN[0x13]g[0x17]4dAf&&[0xfffffff5][0xffffffe5]<L[0xffffffe6][0xffffffd3]i[0x14][0xffffff93][0xfffffff4]p4[0xfffffff5]b0[0x7f]#0[0xffffff92][0x5][0xfffffff9][0x19]$Z?[0x10][0xfffffff5][0xffffffd3][0xffffffd0][0xffffffbd])T][0xffffffbc][0xffffffc8][0xb][0x1a]M[0xffffffc1][0xffffffc3]M[0xffffffb4][0xffffff97]o[0xffffffdf][0xffffffec]w[0xfffffff3]d[0x5][0xffffffcf][0xffffffb3][0xffffff8b][0xffffff9a]EQ[0xfffffff1][0xffffffc2][0xffffffae][0xffffffe6]A[0xfffffff0][0xffffffb0][0xfffffffa][0xfffffff2]*[0xfffffff8][0xffffffe7][0x17][0xffffffef][0x1f][0xffffffc0][0x8][0x1e][0x15]D[0xffffff97][0xffffffbd]+/f[0xffffff96]p[0xffffffde][0xffffffc5]B2N[0xffffff95][0xe]$[0xffffffcd][0x1c][0x7f]vl[0xe][0xffffffae]FC[0xffffffcb][0x1b][0xffffffb6][\r][0xffffffc7][0x18][0xffffffda]f[0xffffffcb]m[0xffffffba]-[0xffffffc7]m[0xe]\[0xffffffcb][0x1d]!5[0xffffffc1]v:[0xffffff8e][0xffffffad][0xffffffdb][0x1d][0xffffffe7][0xffffffb9][0xffffffa0][0xffffffb5][0xffffffcf][0xffffffae]![0xffffffcd][0xffffffac][0xffffffe1][0xffffffe1]'[0xffffffee]A[0xfffffff4][0xffffff88]Qw5w>[0xffffff8b]&<[0xffffffc0]4[0xffffff9a]'[0xffffffde][0xffffff95];[0xf]f[0xffffffa0]p[0xffffff8f][0xffffffb5][0x0][0xffffffce][0xfffffff6][0x1]O[0xffffff98][0xffffff91]7[0xffffff98][0xffffff8f]q[[0xfffffffd]`[0xffffff94][0x10]YY[0x12][0xffffffcb]_hw[0xffffffd7][0xfffffffe][0xfffffff0]ZT[0x9]:6h[0xffffffda][0xfffffffd][0xffffff93][0xffffffd7][0xffffffdf]}[0xfffffff8][0xffffffa1][0xffffffff][0xffffff82]X[0xffffffce][0xffffffe1]X[0xffffffb0][0xffffffb7][0xfffffffb]o[0xffffffce][0xffffffbe]?[0xffffffef]7[0xffffffb8][0xffffffba]j[0x2][0xfffffff6][0xffffffc8][0xffffff9b][0xffffff92][0xffffffaa]t8|[0xffffffd0][0xffffffe6]S[0xfffffff8][0xffffffd9][0xffffffd2]2D} [0xfffffff4][0xffffffb7][0xffffff8e][0xc]:[0xffffffe5][0x3][0xffffffd1][0xffffffad][0xffffffb5][0xffffffcb]T[0xffffff82][0xffffff9a][0xffffffa6]U[0x1a][0xffffffa8]H)[0xfffffff1]D[0xffffffeb][0xffffffbf]r}|[0xffffffa0]cN?[0xffffff91]6[0xffffffa1][0xfffffffd][0xc]9kyec0[0xffffffb7][0xffffffa3]Q[0xc][\n]"
20:21:12.449 [main] DEBUG org.apache.hc.client5.http.wire - http-outgoing-1 << "y,[0xffffffe6][0xffffff9b]w[0xffffff8f]9Jb[0xffffffd1][0x1a][0xffffffff][0xffffff8b][0xffffffb8][0xffffffdb]Z[0xffffffb3]C[0xffffffe7][0xffffff82][0xffffff98]N[0x19]|[0x1e][0xffffffe9];[0xffffffcf]x[0xffffffb5][0xffffffd0]\[0xffffffa4][0xffffffdb]>G[0xffffffe2][0x0][0xffffffda] [0xffffffb6][0xfffffffb][0xffffff92]f5&b[0x1c][0xffffffdd][0xffffffa2][0xffffffe7][0x18];X[0x3][0xffffff8f]18[0xffffffe8][0x12][0xfffffff7][0xffffff83][0xffffff8e][0xffffffe4][0xffffff98][0xffffffd1][0xffffffd5][0xffffffbc][0xffffffc3]H[0xfffffff0][0xffffffdc][0xffffffa6]~b6\[0xffffff83]K[0x1f][0xffffffcd][0xffffff93][0xfffffff4][0xffffffc4]tX[0xffffff81]9[0xfffffff3][0x0][0xffffffda][0xffffffdb][0xffffffa3][0x11][0xfffffff4][0xffffffa9][0xffffffc1][0x1b]'[0xffffffe5]O[0x1a]}?[0xffffff84],_[0xffffff82]-[0x8][0xffffffc1][0x13]V[0xffffffef][0x14][0xffffffcb][0xffffff8d][0xffffffdb]*\>[0x18][0xfffffffc]\=u[0xffffff9c][0xffffff9a]|[0x15]`[0xffffffc9]][0xfffffff9][0xffffffe2][0xffffffd6][0xffffffbf]{[0xfffffffd][0xfffffff2][0xffffffe4][0xfffffff4][0xffffffb5][0xffffffb8][0xffffffba][0xffffffe2][0xffffffb0][0xffffffc8][0x5][X{[0x19]q^[0xfffffffb][0xffffffeb][0xffffffdb][0x1c][0xffffffa7]F[0xffffffd1]p[0xffffffce][0xffffffdc][0x7f][0xffffff9a]5[0xffffffd4][0xffffffa3][0xfffffffc][0xffffff8c][0xffffffa1];u[0x7][0xffffffb8][0x9]3[0x1f]}E[0xfffffffb][0x17][0xffffffa2][0xffffffad][0xffffffad]g[0xfffffff6] [0xffffff88][0x6][0xffffffc7][0x13]H[0xffffff8a]{[0xfffffff1][0xffffffb1]8[0xfffffff5]h2B[0x1a][0x7][0xffffffd6]y*[0xffffffff][0xffffffbd][0xffffffd0][0xffffff84]w[0xffffffef][0xffffffd2][0xfffffffa]'P9TS[0xffffffcf]~[0xfffffffb][0xfffffff8][0xffffffff][0x1][0xffffffe9][0xffffffe6]'[0xffffffb5][0xffffffd7][0xfffffff0][0x6][0x0][\r][\n]"
20:21:12.450 [main] DEBUG org.apache.hc.client5.http.wire - http-outgoing-1 << "0[\r][\n]"
20:21:12.450 [main] DEBUG org.apache.hc.client5.http.wire - http-outgoing-1 << "[\r][\n]"
20:21:12.450 [main] DEBUG org.apache.hc.client5.http.impl.classic.InternalHttpClient - ep-0000000002 releasing valid endpoint
20:21:12.450 [main] DEBUG org.apache.hc.client5.http.impl.io.PoolingHttpClientConnectionManager - ep-0000000002 releasing endpoint
20:21:12.451 [main] DEBUG org.apache.hc.client5.http.impl.io.PoolingHttpClientConnectionManager - ep-0000000002 connection http-outgoing-1 can be kept alive for 3 MINUTES
20:21:12.451 [main] DEBUG org.apache.hc.client5.http.impl.io.PoolingHttpClientConnectionManager - ep-0000000002 connection released [route: {s}->https://api.github.com:443][total available: 2; route allocated: 1 of 5; total allocated: 2 of 25]
20:21:12.509 [main] DEBUG io.github.bonigarcia.wdm.WebDriverManager - Driver to be downloaded geckodriver 0.35.0-linux
20:21:12.511 [main] INFO io.github.bonigarcia.wdm.WebDriverManager - No proper driver found for geckodriver (latest version) ... seeking another version
20:21:12.559 [main] DEBUG io.github.bonigarcia.wdm.WebDriverManager - Driver to be downloaded geckodriver 0.35.0-macos
20:21:12.560 [main] INFO io.github.bonigarcia.wdm.WebDriverManager - No proper driver found for geckodriver (latest version) ... seeking another version
20:21:12.606 [main] DEBUG io.github.bonigarcia.wdm.WebDriverManager - Driver to be downloaded geckodriver 0.35.0-win
20:21:12.612 [main] INFO io.github.bonigarcia.wdm.WebDriverManager - Exporting webdriver.gecko.driver as C:\Users\Santiago\.cache\selenium\geckodriver\win64\0.35.0-win\geckodriver.exe
20:21:12.691 [main] DEBUG io.netty.util.internal.logging.InternalLoggerFactory - Using SLF4J as the default logging framework
20:21:12.692 [main] DEBUG io.netty.util.ResourceLeakDetector - -Dio.netty.leakDetection.level: simple
20:21:12.692 [main] DEBUG io.netty.util.ResourceLeakDetector - -Dio.netty.leakDetection.targetRecords: 4
20:21:12.695 [main] DEBUG io.netty.util.ResourceLeakDetectorFactory - Loaded default ResourceLeakDetector: io.netty.util.ResourceLeakDetector@27db45f
20:21:12.707 [main] DEBUG io.netty.util.internal.PlatformDependent0 - -Dio.netty.noUnsafe: false
20:21:12.708 [main] DEBUG io.netty.util.internal.PlatformDependent0 - Java version: 17
20:21:12.708 [main] DEBUG io.netty.util.internal.PlatformDependent0 - sun.misc.Unsafe.theUnsafe: available
20:21:12.708 [main] DEBUG io.netty.util.internal.PlatformDependent0 - sun.misc.Unsafe.copyMemory: available
20:21:12.709 [main] DEBUG io.netty.util.internal.PlatformDependent0 - sun.misc.Unsafe.storeFence: available
20:21:12.709 [main] DEBUG io.netty.util.internal.PlatformDependent0 - java.nio.Buffer.address: available
20:21:12.709 [main] DEBUG io.netty.util.internal.PlatformDependent0 - direct buffer constructor: unavailable: Reflective setAccessible(true) disabled
20:21:12.710 [main] DEBUG io.netty.util.internal.PlatformDependent0 - java.nio.Bits.unaligned: available, true
20:21:12.710 [main] DEBUG io.netty.util.internal.PlatformDependent0 - jdk.internal.misc.Unsafe.allocateUninitializedArray(int): unavailable: class io.netty.util.internal.PlatformDependent0$7 cannot access class jdk.internal.misc.Unsafe (in module java.base) because module java.base does not export jdk.internal.misc to unnamed module @696da30b
20:21:12.711 [main] DEBUG io.netty.util.internal.PlatformDependent0 - java.nio.DirectByteBuffer.<init>(long, int): unavailable
20:21:12.711 [main] DEBUG io.netty.util.internal.PlatformDependent - sun.misc.Unsafe: available
20:21:12.712 [main] DEBUG io.netty.util.internal.PlatformDependent - maxDirectMemory: 4276092928 bytes (maybe)
20:21:12.712 [main] DEBUG io.netty.util.internal.PlatformDependent - -Dio.netty.tmpdir: C:\Users\Santiago\AppData\Local\Temp (java.io.tmpdir)
20:21:12.712 [main] DEBUG io.netty.util.internal.PlatformDependent - -Dio.netty.bitMode: 64 (sun.arch.data.model)
20:21:12.713 [main] DEBUG io.netty.util.internal.PlatformDependent - Platform: Windows
20:21:12.713 [main] DEBUG io.netty.util.internal.PlatformDependent - -Dio.netty.maxDirectMemory: -1 bytes
20:21:12.713 [main] DEBUG io.netty.util.internal.PlatformDependent - -Dio.netty.uninitializedArrayAllocationThreshold: -1
20:21:12.714 [main] DEBUG io.netty.util.internal.CleanerJava9 - java.nio.ByteBuffer.cleaner(): available
20:21:12.714 [main] DEBUG io.netty.util.internal.PlatformDependent - -Dio.netty.noPreferDirect: false
20:21:12.720 [main] DEBUG io.netty.util.internal.PlatformDependent - org.jctools-core.MpscChunkedArrayQueue: available
20:21:12.733 [main] DEBUG io.netty.util.internal.InternalThreadLocalMap - -Dio.netty.threadLocalMap.stringBuilder.initialSize: 1024
20:21:12.733 [main] DEBUG io.netty.util.internal.InternalThreadLocalMap - -Dio.netty.threadLocalMap.stringBuilder.maxSize: 4096
20:21:12.742 [main] DEBUG io.netty.handler.ssl.JdkSslContext - Default protocols (JDK): [TLSv1.3, TLSv1.2] 
20:21:12.742 [main] DEBUG io.netty.handler.ssl.JdkSslContext - Default cipher suites (JDK): [TLS_ECDHE_ECDSA_WITH_AES_256_GCM_SHA384, TLS_ECDHE_ECDSA_WITH_AES_128_GCM_SHA256, TLS_ECDHE_RSA_WITH_AES_128_GCM_SHA256, TLS_ECDHE_RSA_WITH_AES_256_GCM_SHA384, TLS_ECDHE_RSA_WITH_AES_128_CBC_SHA, TLS_ECDHE_RSA_WITH_AES_256_CBC_SHA, TLS_RSA_WITH_AES_128_GCM_SHA256, TLS_RSA_WITH_AES_128_CBC_SHA, TLS_RSA_WITH_AES_256_CBC_SHA, TLS_AES_128_GCM_SHA256, TLS_AES_256_GCM_SHA384]
20:21:12.760 [main] DEBUG io.netty.channel.MultithreadEventLoopGroup - -Dio.netty.eventLoopThreads: 24
20:21:12.768 [main] DEBUG io.netty.channel.nio.NioEventLoop - -Dio.netty.noKeySetOptimization: false
20:21:12.769 [main] DEBUG io.netty.channel.nio.NioEventLoop - -Dio.netty.selectorAutoRebuildThreshold: 512
20:21:12.808 [main] DEBUG io.netty.buffer.PooledByteBufAllocator - -Dio.netty.allocator.numHeapArenas: 24
20:21:12.808 [main] DEBUG io.netty.buffer.PooledByteBufAllocator - -Dio.netty.allocator.numDirectArenas: 24
20:21:12.808 [main] DEBUG io.netty.buffer.PooledByteBufAllocator - -Dio.netty.allocator.pageSize: 8192
20:21:12.808 [main] DEBUG io.netty.buffer.PooledByteBufAllocator - -Dio.netty.allocator.maxOrder: 9
20:21:12.808 [main] DEBUG io.netty.buffer.PooledByteBufAllocator - -Dio.netty.allocator.chunkSize: 4194304
20:21:12.808 [main] DEBUG io.netty.buffer.PooledByteBufAllocator - -Dio.netty.allocator.smallCacheSize: 256
20:21:12.808 [main] DEBUG io.netty.buffer.PooledByteBufAllocator - -Dio.netty.allocator.normalCacheSize: 64
20:21:12.808 [main] DEBUG io.netty.buffer.PooledByteBufAllocator - -Dio.netty.allocator.maxCachedBufferCapacity: 32768
20:21:12.808 [main] DEBUG io.netty.buffer.PooledByteBufAllocator - -Dio.netty.allocator.cacheTrimInterval: 8192
20:21:12.808 [main] DEBUG io.netty.buffer.PooledByteBufAllocator - -Dio.netty.allocator.cacheTrimIntervalMillis: 0
20:21:12.808 [main] DEBUG io.netty.buffer.PooledByteBufAllocator - -Dio.netty.allocator.useCacheForAllThreads: false
20:21:12.808 [main] DEBUG io.netty.buffer.PooledByteBufAllocator - -Dio.netty.allocator.maxCachedByteBuffersPerChunk: 1023
20:21:12.815 [main] DEBUG io.netty.buffer.ByteBufUtil - -Dio.netty.allocator.type: pooled
20:21:12.815 [main] DEBUG io.netty.buffer.ByteBufUtil - -Dio.netty.threadLocalDirectBufferSize: 0
20:21:12.815 [main] DEBUG io.netty.buffer.ByteBufUtil - -Dio.netty.maxThreadLocalCharBufferSize: 16384
20:21:12.990 [Forwarding newSession on session null to remote] DEBUG io.netty.channel.DefaultChannelId - -Dio.netty.processId: 25064 (auto-detected)
20:21:12.991 [Forwarding newSession on session null to remote] DEBUG io.netty.util.NetUtil - -Djava.net.preferIPv4Stack: false
20:21:12.991 [Forwarding newSession on session null to remote] DEBUG io.netty.util.NetUtil - -Djava.net.preferIPv6Addresses: false
20:21:13.000 [Forwarding newSession on session null to remote] DEBUG io.netty.util.NetUtilInitializations - Loopback interface: lo (Software Loopback Interface 1, 127.0.0.1)
20:21:13.001 [Forwarding newSession on session null to remote] DEBUG io.netty.util.NetUtil - Failed to get SOMAXCONN from sysctl and file \proc\sys\net\core\somaxconn. Default: 200
20:21:13.019 [Forwarding newSession on session null to remote] DEBUG io.netty.channel.DefaultChannelId - -Dio.netty.machineId: ac:67:5d:ff:fe:e4:4f:08 (auto-detected)
20:21:13.055 [AsyncHttpClient-1-2] DEBUG io.netty.buffer.AbstractByteBuf - -Dio.netty.buffer.checkAccessible: true
20:21:13.055 [AsyncHttpClient-1-2] DEBUG io.netty.buffer.AbstractByteBuf - -Dio.netty.buffer.checkBounds: true
20:21:13.055 [AsyncHttpClient-1-2] DEBUG io.netty.util.ResourceLeakDetectorFactory - Loaded default ResourceLeakDetector: io.netty.util.ResourceLeakDetector@6c820886
20:21:13.063 [AsyncHttpClient-1-2] DEBUG org.asynchttpclient.netty.channel.NettyConnectListener - Using new Channel '[id: 0xcfc56771, L:/127.0.0.1:56154 - R:localhost/127.0.0.1:56827]' for 'POST' to '/session'
20:21:13.074 [AsyncHttpClient-1-2] DEBUG io.netty.util.Recycler - -Dio.netty.recycler.maxCapacityPerThread: 4096
20:21:13.074 [AsyncHttpClient-1-2] DEBUG io.netty.util.Recycler - -Dio.netty.recycler.ratio: 8
20:21:13.074 [AsyncHttpClient-1-2] DEBUG io.netty.util.Recycler - -Dio.netty.recycler.chunkSize: 32
20:21:13.074 [AsyncHttpClient-1-2] DEBUG io.netty.util.Recycler - -Dio.netty.recycler.blocking: false
20:21:15.541 [AsyncHttpClient-1-2] DEBUG io.netty.handler.codec.compression.Brotli - brotli4j not in the classpath; Brotli support will be unavailable.
20:21:15.541 [AsyncHttpClient-1-2] DEBUG org.asynchttpclient.netty.handler.HttpHandler - 

Request DefaultHttpRequest(decodeResult: success, version: HTTP/1.1)
POST /session HTTP/1.1
User-Agent: selenium/4.4.0 (java windows)
Content-Length: 437
Content-Type: application/json; charset=utf-8
host: localhost:56827
accept: */*

Response DefaultHttpResponse(decodeResult: success, version: HTTP/1.1)
HTTP/1.1 200 OK
content-type: application/json; charset=utf-8
cache-control: no-cache
date: Sun, 06 Oct 2024 01:21:12 GMT
content-length: 804

20:21:15.547 [AsyncHttpClient-1-2] DEBUG org.asynchttpclient.netty.channel.ChannelManager - Adding key: http://localhost:56827 for channel [id: 0xcfc56771, L:/127.0.0.1:56154 - R:localhost/127.0.0.1:56827]
20:21:16.024 [AsyncHttpClient-1-1] DEBUG org.asynchttpclient.netty.channel.DefaultChannelPool - Entry count for : http://localhost:56827 : 1
20:21:16.189 [main] DEBUG net.thucydides.core.reflection.ClassFinder - Could not load class .starter.CucumberTestSuite
20:21:16.189 [main] DEBUG net.thucydides.core.reflection.ClassFinder - Could not load class .starter.cart.AddToCart
20:21:16.189 [main] DEBUG net.thucydides.core.reflection.ClassFinder - Could not load class .starter.cart.CartPage
20:21:16.190 [main] DEBUG net.thucydides.core.reflection.ClassFinder - Could not load class .starter.cart.ProductPage
20:21:16.190 [main] DEBUG net.thucydides.core.reflection.ClassFinder - Could not load class .starter.cart.ViewCart
20:21:16.190 [main] DEBUG net.thucydides.core.reflection.ClassFinder - Could not load class .starter.checkout.CheckoutPage
20:21:16.190 [main] DEBUG net.thucydides.core.reflection.ClassFinder - Could not load class .starter.checkout.CompletePurchase
20:21:16.190 [main] DEBUG net.thucydides.core.reflection.ClassFinder - Could not load class .starter.checkout.DoCheckout
20:21:16.190 [main] DEBUG net.thucydides.core.reflection.ClassFinder - Could not load class .starter.login.DoLogin
20:21:16.190 [main] DEBUG net.thucydides.core.reflection.ClassFinder - Could not load class .starter.login.LoginForm
20:21:16.190 [main] DEBUG net.thucydides.core.reflection.ClassFinder - Could not load class .starter.navigation.NavigateTo
20:21:16.190 [main] DEBUG net.thucydides.core.reflection.ClassFinder - Could not load class .starter.navigation.SauceDemoHomePage
20:21:16.190 [main] DEBUG net.thucydides.core.reflection.ClassFinder - Could not load class .starter.search.SearchFor
20:21:16.190 [main] DEBUG net.thucydides.core.reflection.ClassFinder - Could not load class .starter.search.SearchForm
20:21:16.190 [main] DEBUG net.thucydides.core.reflection.ClassFinder - Could not load class .starter.search.SearchResult
20:21:16.190 [main] DEBUG net.thucydides.core.reflection.ClassFinder - Could not load class .starter.search.SearchResultList
20:21:16.190 [main] DEBUG net.thucydides.core.reflection.ClassFinder - Could not load class .starter.stepdefinitions.LoginStepDefinitions
20:21:16.191 [main] DEBUG net.thucydides.core.reflection.ClassFinder - Could not load class META-INF.versions.9.com.sun.istack.logging.StackHelper
20:21:16.191 [main] DEBUG net.thucydides.core.reflection.ClassFinder - Could not load class META-INF.versions.9.com.sun.xml.bind.v2.runtime.reflect.opt.AccessorInjector
20:21:16.191 [main] DEBUG net.thucydides.core.reflection.ClassFinder - Could not load class META-INF.versions.9.com.sun.xml.bind.v2.runtime.reflect.opt.Injector
20:21:16.192 [main] DEBUG net.thucydides.core.reflection.ClassFinder - Could not load class META-INF.versions.9.com.sun.xml.bind.v2.runtime.reflect.opt.OptimizedAccessorFactory
20:21:16.192 [main] DEBUG net.thucydides.core.reflection.ClassFinder - Could not load class META-INF.versions.9.com.sun.xml.bind.v2.runtime.reflect.opt.OptimizedTransducedAccessorFactory
20:21:16.192 [main] DEBUG net.thucydides.core.reflection.ClassFinder - Could not load class META-INF.versions.9.io.opentelemetry.sdk.internal.CurrentJavaVersionSpecific
20:21:16.192 [main] DEBUG net.thucydides.core.reflection.ClassFinder - Could not load class META-INF.versions.9.io.opentelemetry.sdk.internal.Java9VersionSpecific
20:21:16.193 [main] DEBUG net.thucydides.core.reflection.ClassFinder - Could not load class META-INF.versions.9.javax.xml.bind.ModuleUtil
20:21:16.193 [main] DEBUG net.thucydides.core.reflection.ClassFinder - Could not load class META-INF.versions.9.module-info
20:21:16.193 [main] DEBUG net.thucydides.core.reflection.ClassFinder - Could not load class META-INF.versions.9.org.junit.platform.commons.util.ModuleUtils
20:21:16.419 [main] DEBUG net.thucydides.core.reflection.ClassFinder - Could not load class com.google.gson.internal.
20:21:16.525 [main] DEBUG net.thucydides.core.reflection.ClassFinder - Could not load class com.sun.xml.bind.v2.runtime.output.FastInfosetStreamWriterOutput
20:21:16.810 [main] DEBUG net.thucydides.core.reflection.ClassFinder - Could not load class module-info
20:21:17.125 [AsyncHttpClient-1-1] DEBUG org.asynchttpclient.netty.channel.DefaultChannelPool - Entry count for : http://localhost:56827 : 1
20:21:18.224 [AsyncHttpClient-1-1] DEBUG org.asynchttpclient.netty.channel.DefaultChannelPool - Entry count for : http://localhost:56827 : 1
20:21:19.050 [Forwarding get on session e5cb48ea-8c77-47d5-b94c-62549c0f59de to remote] DEBUG org.asynchttpclient.netty.request.NettyRequestSender - Using pooled Channel '[id: 0xcfc56771, L:/127.0.0.1:56154 - R:localhost/127.0.0.1:56827]' for 'POST' to 'http://localhost:56827/session/e5cb48ea-8c77-47d5-b94c-62549c0f59de/url'
20:21:19.050 [Forwarding get on session e5cb48ea-8c77-47d5-b94c-62549c0f59de to remote] DEBUG org.asynchttpclient.netty.request.NettyRequestSender - Using open Channel [id: 0xcfc56771, L:/127.0.0.1:56154 - R:localhost/127.0.0.1:56827] for POST '/session/e5cb48ea-8c77-47d5-b94c-62549c0f59de/url'
20:21:19.819 [AsyncHttpClient-1-2] DEBUG org.asynchttpclient.netty.handler.HttpHandler - 

Request DefaultHttpRequest(decodeResult: success, version: HTTP/1.1)
POST /session/e5cb48ea-8c77-47d5-b94c-62549c0f59de/url HTTP/1.1
User-Agent: selenium/4.4.0 (java windows)
Content-Length: 56
Content-Type: application/json; charset=utf-8
host: localhost:56827
accept: */*

Response DefaultHttpResponse(decodeResult: success, version: HTTP/1.1)
HTTP/1.1 200 OK
content-type: application/json; charset=utf-8
cache-control: no-cache
date: Sun, 06 Oct 2024 01:21:19 GMT
content-length: 14

20:21:19.820 [AsyncHttpClient-1-2] DEBUG org.asynchttpclient.netty.channel.ChannelManager - Adding key: http://localhost:56827 for channel [id: 0xcfc56771, L:/127.0.0.1:56154 - R:localhost/127.0.0.1:56827]
20:21:19.823 [Forwarding setTimeout on session e5cb48ea-8c77-47d5-b94c-62549c0f59de to remote] DEBUG org.asynchttpclient.netty.request.NettyRequestSender - Using pooled Channel '[id: 0xcfc56771, L:/127.0.0.1:56154 - R:localhost/127.0.0.1:56827]' for 'POST' to 'http://localhost:56827/session/e5cb48ea-8c77-47d5-b94c-62549c0f59de/timeouts'
20:21:19.823 [Forwarding setTimeout on session e5cb48ea-8c77-47d5-b94c-62549c0f59de to remote] DEBUG org.asynchttpclient.netty.request.NettyRequestSender - Using open Channel [id: 0xcfc56771, L:/127.0.0.1:56154 - R:localhost/127.0.0.1:56827] for POST '/session/e5cb48ea-8c77-47d5-b94c-62549c0f59de/timeouts'
20:21:19.826 [AsyncHttpClient-1-2] DEBUG org.asynchttpclient.netty.handler.HttpHandler - 

Request DefaultHttpRequest(decodeResult: success, version: HTTP/1.1)
POST /session/e5cb48ea-8c77-47d5-b94c-62549c0f59de/timeouts HTTP/1.1
User-Agent: selenium/4.4.0 (java windows)
Content-Length: 22
Content-Type: application/json; charset=utf-8
host: localhost:56827
accept: */*

Response DefaultHttpResponse(decodeResult: success, version: HTTP/1.1)
HTTP/1.1 200 OK
content-type: application/json; charset=utf-8
cache-control: no-cache
date: Sun, 06 Oct 2024 01:21:19 GMT
content-length: 14

20:21:19.826 [AsyncHttpClient-1-2] DEBUG org.asynchttpclient.netty.channel.ChannelManager - Adding key: http://localhost:56827 for channel [id: 0xcfc56771, L:/127.0.0.1:56154 - R:localhost/127.0.0.1:56827]
20:21:19.831 [Forwarding getCurrentUrl on session e5cb48ea-8c77-47d5-b94c-62549c0f59de to remote] DEBUG org.asynchttpclient.netty.request.NettyRequestSender - Using pooled Channel '[id: 0xcfc56771, L:/127.0.0.1:56154 - R:localhost/127.0.0.1:56827]' for 'GET' to 'http://localhost:56827/session/e5cb48ea-8c77-47d5-b94c-62549c0f59de/url'
20:21:19.831 [Forwarding getCurrentUrl on session e5cb48ea-8c77-47d5-b94c-62549c0f59de to remote] DEBUG org.asynchttpclient.netty.request.NettyRequestSender - Using open Channel [id: 0xcfc56771, L:/127.0.0.1:56154 - R:localhost/127.0.0.1:56827] for GET '/session/e5cb48ea-8c77-47d5-b94c-62549c0f59de/url'
20:21:19.837 [AsyncHttpClient-1-2] DEBUG org.asynchttpclient.netty.handler.HttpHandler - 

Request DefaultFullHttpRequest(decodeResult: success, version: HTTP/1.1, content: EmptyByteBufBE)
GET /session/e5cb48ea-8c77-47d5-b94c-62549c0f59de/url HTTP/1.1
User-Agent: selenium/4.4.0 (java windows)
Cache-Control: no-cache
Content-Type: application/json; charset=utf-8
host: localhost:56827
accept: */*

Response DefaultHttpResponse(decodeResult: success, version: HTTP/1.1)
HTTP/1.1 200 OK
content-type: application/json; charset=utf-8
cache-control: no-cache
date: Sun, 06 Oct 2024 01:21:19 GMT
content-length: 38

20:21:19.838 [AsyncHttpClient-1-2] DEBUG org.asynchttpclient.netty.channel.ChannelManager - Adding key: http://localhost:56827 for channel [id: 0xcfc56771, L:/127.0.0.1:56154 - R:localhost/127.0.0.1:56827]
20:21:19.840 [Forwarding getCurrentUrl on session e5cb48ea-8c77-47d5-b94c-62549c0f59de to remote] DEBUG org.asynchttpclient.netty.request.NettyRequestSender - Using pooled Channel '[id: 0xcfc56771, L:/127.0.0.1:56154 - R:localhost/127.0.0.1:56827]' for 'GET' to 'http://localhost:56827/session/e5cb48ea-8c77-47d5-b94c-62549c0f59de/url'
20:21:19.840 [Forwarding getCurrentUrl on session e5cb48ea-8c77-47d5-b94c-62549c0f59de to remote] DEBUG org.asynchttpclient.netty.request.NettyRequestSender - Using open Channel [id: 0xcfc56771, L:/127.0.0.1:56154 - R:localhost/127.0.0.1:56827] for GET '/session/e5cb48ea-8c77-47d5-b94c-62549c0f59de/url'
20:21:19.842 [AsyncHttpClient-1-2] DEBUG org.asynchttpclient.netty.handler.HttpHandler - 

Request DefaultFullHttpRequest(decodeResult: success, version: HTTP/1.1, content: EmptyByteBufBE)
GET /session/e5cb48ea-8c77-47d5-b94c-62549c0f59de/url HTTP/1.1
User-Agent: selenium/4.4.0 (java windows)
Cache-Control: no-cache
Content-Type: application/json; charset=utf-8
host: localhost:56827
accept: */*

Response DefaultHttpResponse(decodeResult: success, version: HTTP/1.1)
HTTP/1.1 200 OK
content-type: application/json; charset=utf-8
cache-control: no-cache
date: Sun, 06 Oct 2024 01:21:19 GMT
content-length: 38

20:21:19.843 [AsyncHttpClient-1-2] DEBUG org.asynchttpclient.netty.channel.ChannelManager - Adding key: http://localhost:56827 for channel [id: 0xcfc56771, L:/127.0.0.1:56154 - R:localhost/127.0.0.1:56827]
20:21:19.864 [main] DEBUG net.serenitybdd.core.photography.Darkroom - Opening darkroom
20:21:19.865 [Darkroom Processing Line] DEBUG net.serenitybdd.core.photography.DarkroomProcessingLine - Darkroom processing line starting up
20:21:19.867 [Forwarding getCurrentWindowHandle on session e5cb48ea-8c77-47d5-b94c-62549c0f59de to remote] DEBUG org.asynchttpclient.netty.request.NettyRequestSender - Using pooled Channel '[id: 0xcfc56771, L:/127.0.0.1:56154 - R:localhost/127.0.0.1:56827]' for 'GET' to 'http://localhost:56827/session/e5cb48ea-8c77-47d5-b94c-62549c0f59de/window'
20:21:19.867 [Forwarding getCurrentWindowHandle on session e5cb48ea-8c77-47d5-b94c-62549c0f59de to remote] DEBUG org.asynchttpclient.netty.request.NettyRequestSender - Using open Channel [id: 0xcfc56771, L:/127.0.0.1:56154 - R:localhost/127.0.0.1:56827] for GET '/session/e5cb48ea-8c77-47d5-b94c-62549c0f59de/window'
20:21:19.869 [AsyncHttpClient-1-2] DEBUG org.asynchttpclient.netty.handler.HttpHandler - 

Request DefaultFullHttpRequest(decodeResult: success, version: HTTP/1.1, content: EmptyByteBufBE)
GET /session/e5cb48ea-8c77-47d5-b94c-62549c0f59de/window HTTP/1.1
User-Agent: selenium/4.4.0 (java windows)
Cache-Control: no-cache
Content-Type: application/json; charset=utf-8
host: localhost:56827
accept: */*

Response DefaultHttpResponse(decodeResult: success, version: HTTP/1.1)
HTTP/1.1 200 OK
content-type: application/json; charset=utf-8
cache-control: no-cache
date: Sun, 06 Oct 2024 01:21:19 GMT
content-length: 48

20:21:19.869 [AsyncHttpClient-1-2] DEBUG org.asynchttpclient.netty.channel.ChannelManager - Adding key: http://localhost:56827 for channel [id: 0xcfc56771, L:/127.0.0.1:56154 - R:localhost/127.0.0.1:56827]
20:21:19.871 [Forwarding getAlertText on session e5cb48ea-8c77-47d5-b94c-62549c0f59de to remote] DEBUG org.asynchttpclient.netty.request.NettyRequestSender - Using pooled Channel '[id: 0xcfc56771, L:/127.0.0.1:56154 - R:localhost/127.0.0.1:56827]' for 'GET' to 'http://localhost:56827/session/e5cb48ea-8c77-47d5-b94c-62549c0f59de/alert/text'
20:21:19.871 [Forwarding getAlertText on session e5cb48ea-8c77-47d5-b94c-62549c0f59de to remote] DEBUG org.asynchttpclient.netty.request.NettyRequestSender - Using open Channel [id: 0xcfc56771, L:/127.0.0.1:56154 - R:localhost/127.0.0.1:56827] for GET '/session/e5cb48ea-8c77-47d5-b94c-62549c0f59de/alert/text'
20:21:19.873 [AsyncHttpClient-1-2] DEBUG org.asynchttpclient.netty.handler.HttpHandler - 

Request DefaultFullHttpRequest(decodeResult: success, version: HTTP/1.1, content: EmptyByteBufBE)
GET /session/e5cb48ea-8c77-47d5-b94c-62549c0f59de/alert/text HTTP/1.1
User-Agent: selenium/4.4.0 (java windows)
Cache-Control: no-cache
Content-Type: application/json; charset=utf-8
host: localhost:56827
accept: */*

Response DefaultHttpResponse(decodeResult: success, version: HTTP/1.1)
HTTP/1.1 404 Not Found
content-type: application/json; charset=utf-8
cache-control: no-cache
date: Sun, 06 Oct 2024 01:21:19 GMT
content-length: 842

20:21:19.873 [AsyncHttpClient-1-2] DEBUG org.asynchttpclient.netty.channel.ChannelManager - Adding key: http://localhost:56827 for channel [id: 0xcfc56771, L:/127.0.0.1:56154 - R:localhost/127.0.0.1:56827]
20:21:19.879 [Forwarding switchToWindow on session e5cb48ea-8c77-47d5-b94c-62549c0f59de to remote] DEBUG org.asynchttpclient.netty.request.NettyRequestSender - Using pooled Channel '[id: 0xcfc56771, L:/127.0.0.1:56154 - R:localhost/127.0.0.1:56827]' for 'POST' to 'http://localhost:56827/session/e5cb48ea-8c77-47d5-b94c-62549c0f59de/window'
20:21:19.879 [Forwarding switchToWindow on session e5cb48ea-8c77-47d5-b94c-62549c0f59de to remote] DEBUG org.asynchttpclient.netty.request.NettyRequestSender - Using open Channel [id: 0xcfc56771, L:/127.0.0.1:56154 - R:localhost/127.0.0.1:56827] for POST '/session/e5cb48ea-8c77-47d5-b94c-62549c0f59de/window'
20:21:19.881 [AsyncHttpClient-1-2] DEBUG org.asynchttpclient.netty.handler.HttpHandler - 

Request DefaultHttpRequest(decodeResult: success, version: HTTP/1.1)
POST /session/e5cb48ea-8c77-47d5-b94c-62549c0f59de/window HTTP/1.1
User-Agent: selenium/4.4.0 (java windows)
Content-Length: 54
Content-Type: application/json; charset=utf-8
host: localhost:56827
accept: */*

Response DefaultHttpResponse(decodeResult: success, version: HTTP/1.1)
HTTP/1.1 200 OK
content-type: application/json; charset=utf-8
cache-control: no-cache
date: Sun, 06 Oct 2024 01:21:19 GMT
content-length: 14

20:21:19.882 [AsyncHttpClient-1-2] DEBUG org.asynchttpclient.netty.channel.ChannelManager - Adding key: http://localhost:56827 for channel [id: 0xcfc56771, L:/127.0.0.1:56154 - R:localhost/127.0.0.1:56827]
20:21:19.884 [Forwarding getCurrentUrl on session e5cb48ea-8c77-47d5-b94c-62549c0f59de to remote] DEBUG org.asynchttpclient.netty.request.NettyRequestSender - Using pooled Channel '[id: 0xcfc56771, L:/127.0.0.1:56154 - R:localhost/127.0.0.1:56827]' for 'GET' to 'http://localhost:56827/session/e5cb48ea-8c77-47d5-b94c-62549c0f59de/url'
20:21:19.884 [Forwarding getCurrentUrl on session e5cb48ea-8c77-47d5-b94c-62549c0f59de to remote] DEBUG org.asynchttpclient.netty.request.NettyRequestSender - Using open Channel [id: 0xcfc56771, L:/127.0.0.1:56154 - R:localhost/127.0.0.1:56827] for GET '/session/e5cb48ea-8c77-47d5-b94c-62549c0f59de/url'
20:21:19.886 [AsyncHttpClient-1-2] DEBUG org.asynchttpclient.netty.handler.HttpHandler - 

Request DefaultFullHttpRequest(decodeResult: success, version: HTTP/1.1, content: EmptyByteBufBE)
GET /session/e5cb48ea-8c77-47d5-b94c-62549c0f59de/url HTTP/1.1
User-Agent: selenium/4.4.0 (java windows)
Cache-Control: no-cache
Content-Type: application/json; charset=utf-8
host: localhost:56827
accept: */*

Response DefaultHttpResponse(decodeResult: success, version: HTTP/1.1)
HTTP/1.1 200 OK
content-type: application/json; charset=utf-8
cache-control: no-cache
date: Sun, 06 Oct 2024 01:21:19 GMT
content-length: 38

20:21:19.886 [AsyncHttpClient-1-2] DEBUG org.asynchttpclient.netty.channel.ChannelManager - Adding key: http://localhost:56827 for channel [id: 0xcfc56771, L:/127.0.0.1:56154 - R:localhost/127.0.0.1:56827]
20:21:19.888 [Forwarding screenshot on session e5cb48ea-8c77-47d5-b94c-62549c0f59de to remote] DEBUG org.asynchttpclient.netty.request.NettyRequestSender - Using pooled Channel '[id: 0xcfc56771, L:/127.0.0.1:56154 - R:localhost/127.0.0.1:56827]' for 'GET' to 'http://localhost:56827/session/e5cb48ea-8c77-47d5-b94c-62549c0f59de/screenshot'
20:21:19.888 [Forwarding screenshot on session e5cb48ea-8c77-47d5-b94c-62549c0f59de to remote] DEBUG org.asynchttpclient.netty.request.NettyRequestSender - Using open Channel [id: 0xcfc56771, L:/127.0.0.1:56154 - R:localhost/127.0.0.1:56827] for GET '/session/e5cb48ea-8c77-47d5-b94c-62549c0f59de/screenshot'
20:21:19.935 [AsyncHttpClient-1-2] DEBUG org.asynchttpclient.netty.handler.HttpHandler - 

Request DefaultFullHttpRequest(decodeResult: success, version: HTTP/1.1, content: EmptyByteBufBE)
GET /session/e5cb48ea-8c77-47d5-b94c-62549c0f59de/screenshot HTTP/1.1
User-Agent: selenium/4.4.0 (java windows)
Cache-Control: no-cache
Content-Type: application/json; charset=utf-8
host: localhost:56827
accept: */*

Response DefaultHttpResponse(decodeResult: success, version: HTTP/1.1)
HTTP/1.1 200 OK
content-type: application/json; charset=utf-8
cache-control: no-cache
date: Sun, 06 Oct 2024 01:21:19 GMT
content-length: 72468

20:21:19.935 [AsyncHttpClient-1-2] DEBUG org.asynchttpclient.netty.channel.ChannelManager - Adding key: http://localhost:56827 for channel [id: 0xcfc56771, L:/127.0.0.1:56154 - R:localhost/127.0.0.1:56827]
20:21:19.995 [main] DEBUG net.serenitybdd.core.photography.Darkroom - Send negative for processing for target\site\serenity\00b66d491985f27398b97baea774980290b3ea9ac77a9ca47cd6e2540de89921.png
20:21:19.995 [Darkroom Processing Line] DEBUG net.serenitybdd.core.photography.DarkroomProcessingLine - Processing screenshot image in /var/screenshots/screenshot-10325898799342700906
20:21:19.996 [Darkroom Processing Line] DEBUG net.serenitybdd.core.photography.DarkroomProcessingLine - Saving screenshot to target\site\serenity\00b66d491985f27398b97baea774980290b3ea9ac77a9ca47cd6e2540de89921.png
20:21:19.997 [main] DEBUG net.thucydides.core.steps.StepInterceptor - STEP DONE: {0} opens the #targetPageName
20:21:20.006 [main] DEBUG net.thucydides.core.steps.StepInterceptor - STEP DONE: !#title
20:21:20.015 [Forwarding getPageSource on session e5cb48ea-8c77-47d5-b94c-62549c0f59de to remote] DEBUG org.asynchttpclient.netty.request.NettyRequestSender - Using pooled Channel '[id: 0xcfc56771, L:/127.0.0.1:56154 - R:localhost/127.0.0.1:56827]' for 'POST' to 'http://localhost:56827/session/e5cb48ea-8c77-47d5-b94c-62549c0f59de/execute/sync'
20:21:20.016 [Forwarding getPageSource on session e5cb48ea-8c77-47d5-b94c-62549c0f59de to remote] DEBUG org.asynchttpclient.netty.request.NettyRequestSender - Using open Channel [id: 0xcfc56771, L:/127.0.0.1:56154 - R:localhost/127.0.0.1:56827] for POST '/session/e5cb48ea-8c77-47d5-b94c-62549c0f59de/execute/sync'
20:21:20.021 [AsyncHttpClient-1-2] DEBUG org.asynchttpclient.netty.handler.HttpHandler - 

Request DefaultHttpRequest(decodeResult: success, version: HTTP/1.1)
POST /session/e5cb48ea-8c77-47d5-b94c-62549c0f59de/execute/sync HTTP/1.1
User-Agent: selenium/4.4.0 (java windows)
Content-Length: 176
Content-Type: application/json; charset=utf-8
host: localhost:56827
accept: */*

Response DefaultHttpResponse(decodeResult: success, version: HTTP/1.1)
HTTP/1.1 200 OK
content-type: application/json; charset=utf-8
cache-control: no-cache
date: Sun, 06 Oct 2024 01:21:19 GMT
content-length: 4130

20:21:20.022 [AsyncHttpClient-1-2] DEBUG org.asynchttpclient.netty.channel.ChannelManager - Adding key: http://localhost:56827 for channel [id: 0xcfc56771, L:/127.0.0.1:56154 - R:localhost/127.0.0.1:56827]
20:21:20.069 [Forwarding getCurrentUrl on session e5cb48ea-8c77-47d5-b94c-62549c0f59de to remote] DEBUG org.asynchttpclient.netty.request.NettyRequestSender - Using pooled Channel '[id: 0xcfc56771, L:/127.0.0.1:56154 - R:localhost/127.0.0.1:56827]' for 'GET' to 'http://localhost:56827/session/e5cb48ea-8c77-47d5-b94c-62549c0f59de/url'
20:21:20.069 [Forwarding getCurrentUrl on session e5cb48ea-8c77-47d5-b94c-62549c0f59de to remote] DEBUG org.asynchttpclient.netty.request.NettyRequestSender - Using open Channel [id: 0xcfc56771, L:/127.0.0.1:56154 - R:localhost/127.0.0.1:56827] for GET '/session/e5cb48ea-8c77-47d5-b94c-62549c0f59de/url'
20:21:20.071 [AsyncHttpClient-1-2] DEBUG org.asynchttpclient.netty.handler.HttpHandler - 

Request DefaultFullHttpRequest(decodeResult: success, version: HTTP/1.1, content: EmptyByteBufBE)
GET /session/e5cb48ea-8c77-47d5-b94c-62549c0f59de/url HTTP/1.1
User-Agent: selenium/4.4.0 (java windows)
Cache-Control: no-cache
Content-Type: application/json; charset=utf-8
host: localhost:56827
accept: */*

Response DefaultHttpResponse(decodeResult: success, version: HTTP/1.1)
HTTP/1.1 200 OK
content-type: application/json; charset=utf-8
cache-control: no-cache
date: Sun, 06 Oct 2024 01:21:20 GMT
content-length: 38

20:21:20.071 [AsyncHttpClient-1-2] DEBUG org.asynchttpclient.netty.channel.ChannelManager - Adding key: http://localhost:56827 for channel [id: 0xcfc56771, L:/127.0.0.1:56154 - R:localhost/127.0.0.1:56827]
20:21:20.073 [main] DEBUG net.thucydides.core.steps.StepInterceptor - STARTING STEP: LoginStepDefinitions.sendsTheirValidCredentials - performAs
20:21:20.107 [Forwarding getCurrentWindowHandle on session e5cb48ea-8c77-47d5-b94c-62549c0f59de to remote] DEBUG org.asynchttpclient.netty.request.NettyRequestSender - Using pooled Channel '[id: 0xcfc56771, L:/127.0.0.1:56154 - R:localhost/127.0.0.1:56827]' for 'GET' to 'http://localhost:56827/session/e5cb48ea-8c77-47d5-b94c-62549c0f59de/window'
20:21:20.108 [Forwarding getCurrentWindowHandle on session e5cb48ea-8c77-47d5-b94c-62549c0f59de to remote] DEBUG org.asynchttpclient.netty.request.NettyRequestSender - Using open Channel [id: 0xcfc56771, L:/127.0.0.1:56154 - R:localhost/127.0.0.1:56827] for GET '/session/e5cb48ea-8c77-47d5-b94c-62549c0f59de/window'
20:21:20.109 [AsyncHttpClient-1-2] DEBUG org.asynchttpclient.netty.handler.HttpHandler - 

Request DefaultFullHttpRequest(decodeResult: success, version: HTTP/1.1, content: EmptyByteBufBE)
GET /session/e5cb48ea-8c77-47d5-b94c-62549c0f59de/window HTTP/1.1
User-Agent: selenium/4.4.0 (java windows)
Cache-Control: no-cache
Content-Type: application/json; charset=utf-8
host: localhost:56827
accept: */*

Response DefaultHttpResponse(decodeResult: success, version: HTTP/1.1)
HTTP/1.1 200 OK
content-type: application/json; charset=utf-8
cache-control: no-cache
date: Sun, 06 Oct 2024 01:21:20 GMT
content-length: 48

20:21:20.109 [AsyncHttpClient-1-2] DEBUG org.asynchttpclient.netty.channel.ChannelManager - Adding key: http://localhost:56827 for channel [id: 0xcfc56771, L:/127.0.0.1:56154 - R:localhost/127.0.0.1:56827]
20:21:20.111 [Forwarding getAlertText on session e5cb48ea-8c77-47d5-b94c-62549c0f59de to remote] DEBUG org.asynchttpclient.netty.request.NettyRequestSender - Using pooled Channel '[id: 0xcfc56771, L:/127.0.0.1:56154 - R:localhost/127.0.0.1:56827]' for 'GET' to 'http://localhost:56827/session/e5cb48ea-8c77-47d5-b94c-62549c0f59de/alert/text'
20:21:20.111 [Forwarding getAlertText on session e5cb48ea-8c77-47d5-b94c-62549c0f59de to remote] DEBUG org.asynchttpclient.netty.request.NettyRequestSender - Using open Channel [id: 0xcfc56771, L:/127.0.0.1:56154 - R:localhost/127.0.0.1:56827] for GET '/session/e5cb48ea-8c77-47d5-b94c-62549c0f59de/alert/text'
20:21:20.112 [AsyncHttpClient-1-2] DEBUG org.asynchttpclient.netty.handler.HttpHandler - 

Request DefaultFullHttpRequest(decodeResult: success, version: HTTP/1.1, content: EmptyByteBufBE)
GET /session/e5cb48ea-8c77-47d5-b94c-62549c0f59de/alert/text HTTP/1.1
User-Agent: selenium/4.4.0 (java windows)
Cache-Control: no-cache
Content-Type: application/json; charset=utf-8
host: localhost:56827
accept: */*

Response DefaultHttpResponse(decodeResult: success, version: HTTP/1.1)
HTTP/1.1 404 Not Found
content-type: application/json; charset=utf-8
cache-control: no-cache
date: Sun, 06 Oct 2024 01:21:20 GMT
content-length: 842

20:21:20.112 [AsyncHttpClient-1-2] DEBUG org.asynchttpclient.netty.channel.ChannelManager - Adding key: http://localhost:56827 for channel [id: 0xcfc56771, L:/127.0.0.1:56154 - R:localhost/127.0.0.1:56827]
20:21:20.116 [Forwarding switchToWindow on session e5cb48ea-8c77-47d5-b94c-62549c0f59de to remote] DEBUG org.asynchttpclient.netty.request.NettyRequestSender - Using pooled Channel '[id: 0xcfc56771, L:/127.0.0.1:56154 - R:localhost/127.0.0.1:56827]' for 'POST' to 'http://localhost:56827/session/e5cb48ea-8c77-47d5-b94c-62549c0f59de/window'
20:21:20.116 [Forwarding switchToWindow on session e5cb48ea-8c77-47d5-b94c-62549c0f59de to remote] DEBUG org.asynchttpclient.netty.request.NettyRequestSender - Using open Channel [id: 0xcfc56771, L:/127.0.0.1:56154 - R:localhost/127.0.0.1:56827] for POST '/session/e5cb48ea-8c77-47d5-b94c-62549c0f59de/window'
20:21:20.118 [AsyncHttpClient-1-2] DEBUG org.asynchttpclient.netty.handler.HttpHandler - 

Request DefaultHttpRequest(decodeResult: success, version: HTTP/1.1)
POST /session/e5cb48ea-8c77-47d5-b94c-62549c0f59de/window HTTP/1.1
User-Agent: selenium/4.4.0 (java windows)
Content-Length: 54
Content-Type: application/json; charset=utf-8
host: localhost:56827
accept: */*

Response DefaultHttpResponse(decodeResult: success, version: HTTP/1.1)
HTTP/1.1 200 OK
content-type: application/json; charset=utf-8
cache-control: no-cache
date: Sun, 06 Oct 2024 01:21:20 GMT
content-length: 14

20:21:20.118 [AsyncHttpClient-1-2] DEBUG org.asynchttpclient.netty.channel.ChannelManager - Adding key: http://localhost:56827 for channel [id: 0xcfc56771, L:/127.0.0.1:56154 - R:localhost/127.0.0.1:56827]
20:21:20.118 [Forwarding getCurrentUrl on session e5cb48ea-8c77-47d5-b94c-62549c0f59de to remote] DEBUG org.asynchttpclient.netty.request.NettyRequestSender - Using pooled Channel '[id: 0xcfc56771, L:/127.0.0.1:56154 - R:localhost/127.0.0.1:56827]' for 'GET' to 'http://localhost:56827/session/e5cb48ea-8c77-47d5-b94c-62549c0f59de/url'
20:21:20.118 [Forwarding getCurrentUrl on session e5cb48ea-8c77-47d5-b94c-62549c0f59de to remote] DEBUG org.asynchttpclient.netty.request.NettyRequestSender - Using open Channel [id: 0xcfc56771, L:/127.0.0.1:56154 - R:localhost/127.0.0.1:56827] for GET '/session/e5cb48ea-8c77-47d5-b94c-62549c0f59de/url'
20:21:20.119 [AsyncHttpClient-1-2] DEBUG org.asynchttpclient.netty.handler.HttpHandler - 

Request DefaultFullHttpRequest(decodeResult: success, version: HTTP/1.1, content: EmptyByteBufBE)
GET /session/e5cb48ea-8c77-47d5-b94c-62549c0f59de/url HTTP/1.1
User-Agent: selenium/4.4.0 (java windows)
Cache-Control: no-cache
Content-Type: application/json; charset=utf-8
host: localhost:56827
accept: */*

Response DefaultHttpResponse(decodeResult: success, version: HTTP/1.1)
HTTP/1.1 200 OK
content-type: application/json; charset=utf-8
cache-control: no-cache
date: Sun, 06 Oct 2024 01:21:20 GMT
content-length: 38

20:21:20.120 [AsyncHttpClient-1-2] DEBUG org.asynchttpclient.netty.channel.ChannelManager - Adding key: http://localhost:56827 for channel [id: 0xcfc56771, L:/127.0.0.1:56154 - R:localhost/127.0.0.1:56827]
20:21:20.120 [Forwarding screenshot on session e5cb48ea-8c77-47d5-b94c-62549c0f59de to remote] DEBUG org.asynchttpclient.netty.request.NettyRequestSender - Using pooled Channel '[id: 0xcfc56771, L:/127.0.0.1:56154 - R:localhost/127.0.0.1:56827]' for 'GET' to 'http://localhost:56827/session/e5cb48ea-8c77-47d5-b94c-62549c0f59de/screenshot'
20:21:20.120 [Forwarding screenshot on session e5cb48ea-8c77-47d5-b94c-62549c0f59de to remote] DEBUG org.asynchttpclient.netty.request.NettyRequestSender - Using open Channel [id: 0xcfc56771, L:/127.0.0.1:56154 - R:localhost/127.0.0.1:56827] for GET '/session/e5cb48ea-8c77-47d5-b94c-62549c0f59de/screenshot'
20:21:20.154 [AsyncHttpClient-1-2] DEBUG org.asynchttpclient.netty.handler.HttpHandler - 

Request DefaultFullHttpRequest(decodeResult: success, version: HTTP/1.1, content: EmptyByteBufBE)
GET /session/e5cb48ea-8c77-47d5-b94c-62549c0f59de/screenshot HTTP/1.1
User-Agent: selenium/4.4.0 (java windows)
Cache-Control: no-cache
Content-Type: application/json; charset=utf-8
host: localhost:56827
accept: */*

Response DefaultHttpResponse(decodeResult: success, version: HTTP/1.1)
HTTP/1.1 200 OK
content-type: application/json; charset=utf-8
cache-control: no-cache
date: Sun, 06 Oct 2024 01:21:20 GMT
content-length: 72468

20:21:20.154 [AsyncHttpClient-1-2] DEBUG org.asynchttpclient.netty.channel.ChannelManager - Adding key: http://localhost:56827 for channel [id: 0xcfc56771, L:/127.0.0.1:56154 - R:localhost/127.0.0.1:56827]
20:21:20.156 [main] DEBUG net.serenitybdd.core.photography.Darkroom - Send negative for processing for target\site\serenity\00b66d491985f27398b97baea774980290b3ea9ac77a9ca47cd6e2540de89921.png
20:21:20.159 [Forwarding getPageSource on session e5cb48ea-8c77-47d5-b94c-62549c0f59de to remote] DEBUG org.asynchttpclient.netty.request.NettyRequestSender - Using pooled Channel '[id: 0xcfc56771, L:/127.0.0.1:56154 - R:localhost/127.0.0.1:56827]' for 'POST' to 'http://localhost:56827/session/e5cb48ea-8c77-47d5-b94c-62549c0f59de/execute/sync'
20:21:20.159 [Forwarding getPageSource on session e5cb48ea-8c77-47d5-b94c-62549c0f59de to remote] DEBUG org.asynchttpclient.netty.request.NettyRequestSender - Using open Channel [id: 0xcfc56771, L:/127.0.0.1:56154 - R:localhost/127.0.0.1:56827] for POST '/session/e5cb48ea-8c77-47d5-b94c-62549c0f59de/execute/sync'
20:21:20.163 [AsyncHttpClient-1-2] DEBUG org.asynchttpclient.netty.handler.HttpHandler - 

Request DefaultHttpRequest(decodeResult: success, version: HTTP/1.1)
POST /session/e5cb48ea-8c77-47d5-b94c-62549c0f59de/execute/sync HTTP/1.1
User-Agent: selenium/4.4.0 (java windows)
Content-Length: 176
Content-Type: application/json; charset=utf-8
host: localhost:56827
accept: */*

Response DefaultHttpResponse(decodeResult: success, version: HTTP/1.1)
HTTP/1.1 200 OK
content-type: application/json; charset=utf-8
cache-control: no-cache
date: Sun, 06 Oct 2024 01:21:20 GMT
content-length: 4130

20:21:20.163 [AsyncHttpClient-1-2] DEBUG org.asynchttpclient.netty.channel.ChannelManager - Adding key: http://localhost:56827 for channel [id: 0xcfc56771, L:/127.0.0.1:56154 - R:localhost/127.0.0.1:56827]
20:21:20.166 [Forwarding getCurrentUrl on session e5cb48ea-8c77-47d5-b94c-62549c0f59de to remote] DEBUG org.asynchttpclient.netty.request.NettyRequestSender - Using pooled Channel '[id: 0xcfc56771, L:/127.0.0.1:56154 - R:localhost/127.0.0.1:56827]' for 'GET' to 'http://localhost:56827/session/e5cb48ea-8c77-47d5-b94c-62549c0f59de/url'
20:21:20.167 [Forwarding getCurrentUrl on session e5cb48ea-8c77-47d5-b94c-62549c0f59de to remote] DEBUG org.asynchttpclient.netty.request.NettyRequestSender - Using open Channel [id: 0xcfc56771, L:/127.0.0.1:56154 - R:localhost/127.0.0.1:56827] for GET '/session/e5cb48ea-8c77-47d5-b94c-62549c0f59de/url'
20:21:20.170 [AsyncHttpClient-1-2] DEBUG org.asynchttpclient.netty.handler.HttpHandler - 

Request DefaultFullHttpRequest(decodeResult: success, version: HTTP/1.1, content: EmptyByteBufBE)
GET /session/e5cb48ea-8c77-47d5-b94c-62549c0f59de/url HTTP/1.1
User-Agent: selenium/4.4.0 (java windows)
Cache-Control: no-cache
Content-Type: application/json; charset=utf-8
host: localhost:56827
accept: */*

Response DefaultHttpResponse(decodeResult: success, version: HTTP/1.1)
HTTP/1.1 200 OK
content-type: application/json; charset=utf-8
cache-control: no-cache
date: Sun, 06 Oct 2024 01:21:20 GMT
content-length: 38

20:21:20.170 [AsyncHttpClient-1-2] DEBUG org.asynchttpclient.netty.channel.ChannelManager - Adding key: http://localhost:56827 for channel [id: 0xcfc56771, L:/127.0.0.1:56154 - R:localhost/127.0.0.1:56827]
20:21:20.172 [main] DEBUG net.thucydides.core.steps.StepInterceptor - STARTING STEP: DoLogin.performAs - {0} enters #theTextAsAString into #locatorNames
20:21:20.198 [Forwarding findElement on session e5cb48ea-8c77-47d5-b94c-62549c0f59de to remote] DEBUG org.asynchttpclient.netty.request.NettyRequestSender - Using pooled Channel '[id: 0xcfc56771, L:/127.0.0.1:56154 - R:localhost/127.0.0.1:56827]' for 'POST' to 'http://localhost:56827/session/e5cb48ea-8c77-47d5-b94c-62549c0f59de/element'
20:21:20.198 [Forwarding findElement on session e5cb48ea-8c77-47d5-b94c-62549c0f59de to remote] DEBUG org.asynchttpclient.netty.request.NettyRequestSender - Using open Channel [id: 0xcfc56771, L:/127.0.0.1:56154 - R:localhost/127.0.0.1:56827] for POST '/session/e5cb48ea-8c77-47d5-b94c-62549c0f59de/element'
20:21:20.205 [AsyncHttpClient-1-2] DEBUG org.asynchttpclient.netty.handler.HttpHandler - 

Request DefaultHttpRequest(decodeResult: success, version: HTTP/1.1)
POST /session/e5cb48ea-8c77-47d5-b94c-62549c0f59de/element HTTP/1.1
User-Agent: selenium/4.4.0 (java windows)
Content-Length: 56
Content-Type: application/json; charset=utf-8
host: localhost:56827
accept: */*

Response DefaultHttpResponse(decodeResult: success, version: HTTP/1.1)
HTTP/1.1 200 OK
content-type: application/json; charset=utf-8
cache-control: no-cache
date: Sun, 06 Oct 2024 01:21:20 GMT
content-length: 88

20:21:20.206 [AsyncHttpClient-1-2] DEBUG org.asynchttpclient.netty.channel.ChannelManager - Adding key: http://localhost:56827 for channel [id: 0xcfc56771, L:/127.0.0.1:56154 - R:localhost/127.0.0.1:56827]
20:21:20.207 [Forwarding clearElement on session e5cb48ea-8c77-47d5-b94c-62549c0f59de to remote] DEBUG org.asynchttpclient.netty.request.NettyRequestSender - Using pooled Channel '[id: 0xcfc56771, L:/127.0.0.1:56154 - R:localhost/127.0.0.1:56827]' for 'POST' to 'http://localhost:56827/session/e5cb48ea-8c77-47d5-b94c-62549c0f59de/element/d74e0a5e-9a72-4be5-8176-959143a8b8da/clear'
20:21:20.207 [Forwarding clearElement on session e5cb48ea-8c77-47d5-b94c-62549c0f59de to remote] DEBUG org.asynchttpclient.netty.request.NettyRequestSender - Using open Channel [id: 0xcfc56771, L:/127.0.0.1:56154 - R:localhost/127.0.0.1:56827] for POST '/session/e5cb48ea-8c77-47d5-b94c-62549c0f59de/element/d74e0a5e-9a72-4be5-8176-959143a8b8da/clear'
20:21:20.212 [AsyncHttpClient-1-2] DEBUG org.asynchttpclient.netty.handler.HttpHandler - 

Request DefaultHttpRequest(decodeResult: success, version: HTTP/1.1)
POST /session/e5cb48ea-8c77-47d5-b94c-62549c0f59de/element/d74e0a5e-9a72-4be5-8176-959143a8b8da/clear HTTP/1.1
User-Agent: selenium/4.4.0 (java windows)
Content-Length: 50
Content-Type: application/json; charset=utf-8
host: localhost:56827
accept: */*

Response DefaultHttpResponse(decodeResult: success, version: HTTP/1.1)
HTTP/1.1 200 OK
content-type: application/json; charset=utf-8
cache-control: no-cache
date: Sun, 06 Oct 2024 01:21:20 GMT
content-length: 14

20:21:20.212 [AsyncHttpClient-1-2] DEBUG org.asynchttpclient.netty.channel.ChannelManager - Adding key: http://localhost:56827 for channel [id: 0xcfc56771, L:/127.0.0.1:56154 - R:localhost/127.0.0.1:56827]
20:21:20.215 [Forwarding findElement on session e5cb48ea-8c77-47d5-b94c-62549c0f59de to remote] DEBUG org.asynchttpclient.netty.request.NettyRequestSender - Using pooled Channel '[id: 0xcfc56771, L:/127.0.0.1:56154 - R:localhost/127.0.0.1:56827]' for 'POST' to 'http://localhost:56827/session/e5cb48ea-8c77-47d5-b94c-62549c0f59de/element'
20:21:20.215 [Forwarding findElement on session e5cb48ea-8c77-47d5-b94c-62549c0f59de to remote] DEBUG org.asynchttpclient.netty.request.NettyRequestSender - Using open Channel [id: 0xcfc56771, L:/127.0.0.1:56154 - R:localhost/127.0.0.1:56827] for POST '/session/e5cb48ea-8c77-47d5-b94c-62549c0f59de/element'
20:21:20.218 [AsyncHttpClient-1-2] DEBUG org.asynchttpclient.netty.handler.HttpHandler - 

Request DefaultHttpRequest(decodeResult: success, version: HTTP/1.1)
POST /session/e5cb48ea-8c77-47d5-b94c-62549c0f59de/element HTTP/1.1
User-Agent: selenium/4.4.0 (java windows)
Content-Length: 56
Content-Type: application/json; charset=utf-8
host: localhost:56827
accept: */*

Response DefaultHttpResponse(decodeResult: success, version: HTTP/1.1)
HTTP/1.1 200 OK
content-type: application/json; charset=utf-8
cache-control: no-cache
date: Sun, 06 Oct 2024 01:21:20 GMT
content-length: 88

20:21:20.218 [AsyncHttpClient-1-2] DEBUG org.asynchttpclient.netty.channel.ChannelManager - Adding key: http://localhost:56827 for channel [id: 0xcfc56771, L:/127.0.0.1:56154 - R:localhost/127.0.0.1:56827]
20:21:20.220 [Forwarding sendKeysToElement on session e5cb48ea-8c77-47d5-b94c-62549c0f59de to remote] DEBUG org.asynchttpclient.netty.request.NettyRequestSender - Using pooled Channel '[id: 0xcfc56771, L:/127.0.0.1:56154 - R:localhost/127.0.0.1:56827]' for 'POST' to 'http://localhost:56827/session/e5cb48ea-8c77-47d5-b94c-62549c0f59de/element/d74e0a5e-9a72-4be5-8176-959143a8b8da/value'
20:21:20.221 [Forwarding sendKeysToElement on session e5cb48ea-8c77-47d5-b94c-62549c0f59de to remote] DEBUG org.asynchttpclient.netty.request.NettyRequestSender - Using open Channel [id: 0xcfc56771, L:/127.0.0.1:56154 - R:localhost/127.0.0.1:56827] for POST '/session/e5cb48ea-8c77-47d5-b94c-62549c0f59de/element/d74e0a5e-9a72-4be5-8176-959143a8b8da/value'
20:21:20.271 [AsyncHttpClient-1-2] DEBUG org.asynchttpclient.netty.handler.HttpHandler - 

Request DefaultHttpRequest(decodeResult: success, version: HTTP/1.1)
POST /session/e5cb48ea-8c77-47d5-b94c-62549c0f59de/element/d74e0a5e-9a72-4be5-8176-959143a8b8da/value HTTP/1.1
User-Agent: selenium/4.4.0 (java windows)
Content-Length: 211
Content-Type: application/json; charset=utf-8
host: localhost:56827
accept: */*

Response DefaultHttpResponse(decodeResult: success, version: HTTP/1.1)
HTTP/1.1 200 OK
content-type: application/json; charset=utf-8
cache-control: no-cache
date: Sun, 06 Oct 2024 01:21:20 GMT
content-length: 14

20:21:20.271 [AsyncHttpClient-1-2] DEBUG org.asynchttpclient.netty.channel.ChannelManager - Adding key: http://localhost:56827 for channel [id: 0xcfc56771, L:/127.0.0.1:56154 - R:localhost/127.0.0.1:56827]
20:21:20.280 [Forwarding getCurrentWindowHandle on session e5cb48ea-8c77-47d5-b94c-62549c0f59de to remote] DEBUG org.asynchttpclient.netty.request.NettyRequestSender - Using pooled Channel '[id: 0xcfc56771, L:/127.0.0.1:56154 - R:localhost/127.0.0.1:56827]' for 'GET' to 'http://localhost:56827/session/e5cb48ea-8c77-47d5-b94c-62549c0f59de/window'
20:21:20.280 [Forwarding getCurrentWindowHandle on session e5cb48ea-8c77-47d5-b94c-62549c0f59de to remote] DEBUG org.asynchttpclient.netty.request.NettyRequestSender - Using open Channel [id: 0xcfc56771, L:/127.0.0.1:56154 - R:localhost/127.0.0.1:56827] for GET '/session/e5cb48ea-8c77-47d5-b94c-62549c0f59de/window'
20:21:20.281 [AsyncHttpClient-1-2] DEBUG org.asynchttpclient.netty.handler.HttpHandler - 

Request DefaultFullHttpRequest(decodeResult: success, version: HTTP/1.1, content: EmptyByteBufBE)
GET /session/e5cb48ea-8c77-47d5-b94c-62549c0f59de/window HTTP/1.1
User-Agent: selenium/4.4.0 (java windows)
Cache-Control: no-cache
Content-Type: application/json; charset=utf-8
host: localhost:56827
accept: */*

Response DefaultHttpResponse(decodeResult: success, version: HTTP/1.1)
HTTP/1.1 200 OK
content-type: application/json; charset=utf-8
cache-control: no-cache
date: Sun, 06 Oct 2024 01:21:20 GMT
content-length: 48

20:21:20.282 [AsyncHttpClient-1-2] DEBUG org.asynchttpclient.netty.channel.ChannelManager - Adding key: http://localhost:56827 for channel [id: 0xcfc56771, L:/127.0.0.1:56154 - R:localhost/127.0.0.1:56827]
20:21:20.283 [Forwarding getAlertText on session e5cb48ea-8c77-47d5-b94c-62549c0f59de to remote] DEBUG org.asynchttpclient.netty.request.NettyRequestSender - Using pooled Channel '[id: 0xcfc56771, L:/127.0.0.1:56154 - R:localhost/127.0.0.1:56827]' for 'GET' to 'http://localhost:56827/session/e5cb48ea-8c77-47d5-b94c-62549c0f59de/alert/text'
20:21:20.283 [Forwarding getAlertText on session e5cb48ea-8c77-47d5-b94c-62549c0f59de to remote] DEBUG org.asynchttpclient.netty.request.NettyRequestSender - Using open Channel [id: 0xcfc56771, L:/127.0.0.1:56154 - R:localhost/127.0.0.1:56827] for GET '/session/e5cb48ea-8c77-47d5-b94c-62549c0f59de/alert/text'
20:21:20.285 [AsyncHttpClient-1-2] DEBUG org.asynchttpclient.netty.handler.HttpHandler - 

Request DefaultFullHttpRequest(decodeResult: success, version: HTTP/1.1, content: EmptyByteBufBE)
GET /session/e5cb48ea-8c77-47d5-b94c-62549c0f59de/alert/text HTTP/1.1
User-Agent: selenium/4.4.0 (java windows)
Cache-Control: no-cache
Content-Type: application/json; charset=utf-8
host: localhost:56827
accept: */*

Response DefaultHttpResponse(decodeResult: success, version: HTTP/1.1)
HTTP/1.1 404 Not Found
content-type: application/json; charset=utf-8
cache-control: no-cache
date: Sun, 06 Oct 2024 01:21:20 GMT
content-length: 842

20:21:20.285 [AsyncHttpClient-1-2] DEBUG org.asynchttpclient.netty.channel.ChannelManager - Adding key: http://localhost:56827 for channel [id: 0xcfc56771, L:/127.0.0.1:56154 - R:localhost/127.0.0.1:56827]
20:21:20.287 [Forwarding switchToWindow on session e5cb48ea-8c77-47d5-b94c-62549c0f59de to remote] DEBUG org.asynchttpclient.netty.request.NettyRequestSender - Using pooled Channel '[id: 0xcfc56771, L:/127.0.0.1:56154 - R:localhost/127.0.0.1:56827]' for 'POST' to 'http://localhost:56827/session/e5cb48ea-8c77-47d5-b94c-62549c0f59de/window'
20:21:20.287 [Forwarding switchToWindow on session e5cb48ea-8c77-47d5-b94c-62549c0f59de to remote] DEBUG org.asynchttpclient.netty.request.NettyRequestSender - Using open Channel [id: 0xcfc56771, L:/127.0.0.1:56154 - R:localhost/127.0.0.1:56827] for POST '/session/e5cb48ea-8c77-47d5-b94c-62549c0f59de/window'
20:21:20.288 [AsyncHttpClient-1-2] DEBUG org.asynchttpclient.netty.handler.HttpHandler - 

Request DefaultHttpRequest(decodeResult: success, version: HTTP/1.1)
POST /session/e5cb48ea-8c77-47d5-b94c-62549c0f59de/window HTTP/1.1
User-Agent: selenium/4.4.0 (java windows)
Content-Length: 54
Content-Type: application/json; charset=utf-8
host: localhost:56827
accept: */*

Response DefaultHttpResponse(decodeResult: success, version: HTTP/1.1)
HTTP/1.1 200 OK
content-type: application/json; charset=utf-8
cache-control: no-cache
date: Sun, 06 Oct 2024 01:21:20 GMT
content-length: 14

20:21:20.288 [AsyncHttpClient-1-2] DEBUG org.asynchttpclient.netty.channel.ChannelManager - Adding key: http://localhost:56827 for channel [id: 0xcfc56771, L:/127.0.0.1:56154 - R:localhost/127.0.0.1:56827]
20:21:20.289 [Forwarding getCurrentUrl on session e5cb48ea-8c77-47d5-b94c-62549c0f59de to remote] DEBUG org.asynchttpclient.netty.request.NettyRequestSender - Using pooled Channel '[id: 0xcfc56771, L:/127.0.0.1:56154 - R:localhost/127.0.0.1:56827]' for 'GET' to 'http://localhost:56827/session/e5cb48ea-8c77-47d5-b94c-62549c0f59de/url'
20:21:20.289 [Forwarding getCurrentUrl on session e5cb48ea-8c77-47d5-b94c-62549c0f59de to remote] DEBUG org.asynchttpclient.netty.request.NettyRequestSender - Using open Channel [id: 0xcfc56771, L:/127.0.0.1:56154 - R:localhost/127.0.0.1:56827] for GET '/session/e5cb48ea-8c77-47d5-b94c-62549c0f59de/url'
20:21:20.290 [AsyncHttpClient-1-2] DEBUG org.asynchttpclient.netty.handler.HttpHandler - 

Request DefaultFullHttpRequest(decodeResult: success, version: HTTP/1.1, content: EmptyByteBufBE)
GET /session/e5cb48ea-8c77-47d5-b94c-62549c0f59de/url HTTP/1.1
User-Agent: selenium/4.4.0 (java windows)
Cache-Control: no-cache
Content-Type: application/json; charset=utf-8
host: localhost:56827
accept: */*

Response DefaultHttpResponse(decodeResult: success, version: HTTP/1.1)
HTTP/1.1 200 OK
content-type: application/json; charset=utf-8
cache-control: no-cache
date: Sun, 06 Oct 2024 01:21:20 GMT
content-length: 38

20:21:20.291 [AsyncHttpClient-1-2] DEBUG org.asynchttpclient.netty.channel.ChannelManager - Adding key: http://localhost:56827 for channel [id: 0xcfc56771, L:/127.0.0.1:56154 - R:localhost/127.0.0.1:56827]
20:21:20.291 [Forwarding screenshot on session e5cb48ea-8c77-47d5-b94c-62549c0f59de to remote] DEBUG org.asynchttpclient.netty.request.NettyRequestSender - Using pooled Channel '[id: 0xcfc56771, L:/127.0.0.1:56154 - R:localhost/127.0.0.1:56827]' for 'GET' to 'http://localhost:56827/session/e5cb48ea-8c77-47d5-b94c-62549c0f59de/screenshot'
20:21:20.291 [Forwarding screenshot on session e5cb48ea-8c77-47d5-b94c-62549c0f59de to remote] DEBUG org.asynchttpclient.netty.request.NettyRequestSender - Using open Channel [id: 0xcfc56771, L:/127.0.0.1:56154 - R:localhost/127.0.0.1:56827] for GET '/session/e5cb48ea-8c77-47d5-b94c-62549c0f59de/screenshot'
20:21:20.319 [AsyncHttpClient-1-2] DEBUG org.asynchttpclient.netty.handler.HttpHandler - 

Request DefaultFullHttpRequest(decodeResult: success, version: HTTP/1.1, content: EmptyByteBufBE)
GET /session/e5cb48ea-8c77-47d5-b94c-62549c0f59de/screenshot HTTP/1.1
User-Agent: selenium/4.4.0 (java windows)
Cache-Control: no-cache
Content-Type: application/json; charset=utf-8
host: localhost:56827
accept: */*

Response DefaultHttpResponse(decodeResult: success, version: HTTP/1.1)
HTTP/1.1 200 OK
content-type: application/json; charset=utf-8
cache-control: no-cache
date: Sun, 06 Oct 2024 01:21:20 GMT
content-length: 73000

20:21:20.320 [AsyncHttpClient-1-2] DEBUG org.asynchttpclient.netty.channel.ChannelManager - Adding key: http://localhost:56827 for channel [id: 0xcfc56771, L:/127.0.0.1:56154 - R:localhost/127.0.0.1:56827]
20:21:20.322 [main] DEBUG net.serenitybdd.core.photography.Darkroom - Send negative for processing for target\site\serenity\0de1ef093eb953f513b0232aacf3bbcee7b1df55da9732f1b9a8ad6a2de0cbf8.png
20:21:20.323 [Darkroom Processing Line] DEBUG net.serenitybdd.core.photography.DarkroomProcessingLine - Processing screenshot image in /var/screenshots/screenshot-6418819643339598587
20:21:20.323 [Darkroom Processing Line] DEBUG net.serenitybdd.core.photography.DarkroomProcessingLine - Saving screenshot to target\site\serenity\0de1ef093eb953f513b0232aacf3bbcee7b1df55da9732f1b9a8ad6a2de0cbf8.png
20:21:20.323 [main] DEBUG net.thucydides.core.steps.StepInterceptor - STEP DONE: {0} enters #theTextAsAString into #locatorNames
20:21:20.333 [Forwarding getPageSource on session e5cb48ea-8c77-47d5-b94c-62549c0f59de to remote] DEBUG org.asynchttpclient.netty.request.NettyRequestSender - Using pooled Channel '[id: 0xcfc56771, L:/127.0.0.1:56154 - R:localhost/127.0.0.1:56827]' for 'POST' to 'http://localhost:56827/session/e5cb48ea-8c77-47d5-b94c-62549c0f59de/execute/sync'
20:21:20.333 [Forwarding getPageSource on session e5cb48ea-8c77-47d5-b94c-62549c0f59de to remote] DEBUG org.asynchttpclient.netty.request.NettyRequestSender - Using open Channel [id: 0xcfc56771, L:/127.0.0.1:56154 - R:localhost/127.0.0.1:56827] for POST '/session/e5cb48ea-8c77-47d5-b94c-62549c0f59de/execute/sync'
20:21:20.340 [AsyncHttpClient-1-2] DEBUG org.asynchttpclient.netty.handler.HttpHandler - 

Request DefaultHttpRequest(decodeResult: success, version: HTTP/1.1)
POST /session/e5cb48ea-8c77-47d5-b94c-62549c0f59de/execute/sync HTTP/1.1
User-Agent: selenium/4.4.0 (java windows)
Content-Length: 176
Content-Type: application/json; charset=utf-8
host: localhost:56827
accept: */*

Response DefaultHttpResponse(decodeResult: success, version: HTTP/1.1)
HTTP/1.1 200 OK
content-type: application/json; charset=utf-8
cache-control: no-cache
date: Sun, 06 Oct 2024 01:21:20 GMT
content-length: 4154

20:21:20.340 [AsyncHttpClient-1-2] DEBUG org.asynchttpclient.netty.channel.ChannelManager - Adding key: http://localhost:56827 for channel [id: 0xcfc56771, L:/127.0.0.1:56154 - R:localhost/127.0.0.1:56827]
20:21:20.342 [Forwarding getCurrentUrl on session e5cb48ea-8c77-47d5-b94c-62549c0f59de to remote] DEBUG org.asynchttpclient.netty.request.NettyRequestSender - Using pooled Channel '[id: 0xcfc56771, L:/127.0.0.1:56154 - R:localhost/127.0.0.1:56827]' for 'GET' to 'http://localhost:56827/session/e5cb48ea-8c77-47d5-b94c-62549c0f59de/url'
20:21:20.342 [Forwarding getCurrentUrl on session e5cb48ea-8c77-47d5-b94c-62549c0f59de to remote] DEBUG org.asynchttpclient.netty.request.NettyRequestSender - Using open Channel [id: 0xcfc56771, L:/127.0.0.1:56154 - R:localhost/127.0.0.1:56827] for GET '/session/e5cb48ea-8c77-47d5-b94c-62549c0f59de/url'
20:21:20.344 [AsyncHttpClient-1-2] DEBUG org.asynchttpclient.netty.handler.HttpHandler - 

Request DefaultFullHttpRequest(decodeResult: success, version: HTTP/1.1, content: EmptyByteBufBE)
GET /session/e5cb48ea-8c77-47d5-b94c-62549c0f59de/url HTTP/1.1
User-Agent: selenium/4.4.0 (java windows)
Cache-Control: no-cache
Content-Type: application/json; charset=utf-8
host: localhost:56827
accept: */*

Response DefaultHttpResponse(decodeResult: success, version: HTTP/1.1)
HTTP/1.1 200 OK
content-type: application/json; charset=utf-8
cache-control: no-cache
date: Sun, 06 Oct 2024 01:21:20 GMT
content-length: 38

20:21:20.344 [AsyncHttpClient-1-2] DEBUG org.asynchttpclient.netty.channel.ChannelManager - Adding key: http://localhost:56827 for channel [id: 0xcfc56771, L:/127.0.0.1:56154 - R:localhost/127.0.0.1:56827]
20:21:20.345 [main] DEBUG net.thucydides.core.steps.StepInterceptor - STARTING STEP: DoLogin.performAs - {0} enters #theTextAsAString into #locatorNames
20:21:20.348 [Forwarding findElement on session e5cb48ea-8c77-47d5-b94c-62549c0f59de to remote] DEBUG org.asynchttpclient.netty.request.NettyRequestSender - Using pooled Channel '[id: 0xcfc56771, L:/127.0.0.1:56154 - R:localhost/127.0.0.1:56827]' for 'POST' to 'http://localhost:56827/session/e5cb48ea-8c77-47d5-b94c-62549c0f59de/element'
20:21:20.348 [Forwarding findElement on session e5cb48ea-8c77-47d5-b94c-62549c0f59de to remote] DEBUG org.asynchttpclient.netty.request.NettyRequestSender - Using open Channel [id: 0xcfc56771, L:/127.0.0.1:56154 - R:localhost/127.0.0.1:56827] for POST '/session/e5cb48ea-8c77-47d5-b94c-62549c0f59de/element'
20:21:20.350 [AsyncHttpClient-1-2] DEBUG org.asynchttpclient.netty.handler.HttpHandler - 

Request DefaultHttpRequest(decodeResult: success, version: HTTP/1.1)
POST /session/e5cb48ea-8c77-47d5-b94c-62549c0f59de/element HTTP/1.1
User-Agent: selenium/4.4.0 (java windows)
Content-Length: 53
Content-Type: application/json; charset=utf-8
host: localhost:56827
accept: */*

Response DefaultHttpResponse(decodeResult: success, version: HTTP/1.1)
HTTP/1.1 200 OK
content-type: application/json; charset=utf-8
cache-control: no-cache
date: Sun, 06 Oct 2024 01:21:20 GMT
content-length: 88

20:21:20.350 [AsyncHttpClient-1-2] DEBUG org.asynchttpclient.netty.channel.ChannelManager - Adding key: http://localhost:56827 for channel [id: 0xcfc56771, L:/127.0.0.1:56154 - R:localhost/127.0.0.1:56827]
20:21:20.352 [Forwarding clearElement on session e5cb48ea-8c77-47d5-b94c-62549c0f59de to remote] DEBUG org.asynchttpclient.netty.request.NettyRequestSender - Using pooled Channel '[id: 0xcfc56771, L:/127.0.0.1:56154 - R:localhost/127.0.0.1:56827]' for 'POST' to 'http://localhost:56827/session/e5cb48ea-8c77-47d5-b94c-62549c0f59de/element/cfbcf734-38b0-40cc-857c-a6d6679e796e/clear'
20:21:20.352 [Forwarding clearElement on session e5cb48ea-8c77-47d5-b94c-62549c0f59de to remote] DEBUG org.asynchttpclient.netty.request.NettyRequestSender - Using open Channel [id: 0xcfc56771, L:/127.0.0.1:56154 - R:localhost/127.0.0.1:56827] for POST '/session/e5cb48ea-8c77-47d5-b94c-62549c0f59de/element/cfbcf734-38b0-40cc-857c-a6d6679e796e/clear'
20:21:20.355 [AsyncHttpClient-1-2] DEBUG org.asynchttpclient.netty.handler.HttpHandler - 

Request DefaultHttpRequest(decodeResult: success, version: HTTP/1.1)
POST /session/e5cb48ea-8c77-47d5-b94c-62549c0f59de/element/cfbcf734-38b0-40cc-857c-a6d6679e796e/clear HTTP/1.1
User-Agent: selenium/4.4.0 (java windows)
Content-Length: 50
Content-Type: application/json; charset=utf-8
host: localhost:56827
accept: */*

Response DefaultHttpResponse(decodeResult: success, version: HTTP/1.1)
HTTP/1.1 200 OK
content-type: application/json; charset=utf-8
cache-control: no-cache
date: Sun, 06 Oct 2024 01:21:20 GMT
content-length: 14

20:21:20.355 [AsyncHttpClient-1-2] DEBUG org.asynchttpclient.netty.channel.ChannelManager - Adding key: http://localhost:56827 for channel [id: 0xcfc56771, L:/127.0.0.1:56154 - R:localhost/127.0.0.1:56827]
20:21:20.359 [Forwarding findElement on session e5cb48ea-8c77-47d5-b94c-62549c0f59de to remote] DEBUG org.asynchttpclient.netty.request.NettyRequestSender - Using pooled Channel '[id: 0xcfc56771, L:/127.0.0.1:56154 - R:localhost/127.0.0.1:56827]' for 'POST' to 'http://localhost:56827/session/e5cb48ea-8c77-47d5-b94c-62549c0f59de/element'
20:21:20.359 [Forwarding findElement on session e5cb48ea-8c77-47d5-b94c-62549c0f59de to remote] DEBUG org.asynchttpclient.netty.request.NettyRequestSender - Using open Channel [id: 0xcfc56771, L:/127.0.0.1:56154 - R:localhost/127.0.0.1:56827] for POST '/session/e5cb48ea-8c77-47d5-b94c-62549c0f59de/element'
20:21:20.362 [AsyncHttpClient-1-2] DEBUG org.asynchttpclient.netty.handler.HttpHandler - 

Request DefaultHttpRequest(decodeResult: success, version: HTTP/1.1)
POST /session/e5cb48ea-8c77-47d5-b94c-62549c0f59de/element HTTP/1.1
User-Agent: selenium/4.4.0 (java windows)
Content-Length: 53
Content-Type: application/json; charset=utf-8
host: localhost:56827
accept: */*

Response DefaultHttpResponse(decodeResult: success, version: HTTP/1.1)
HTTP/1.1 200 OK
content-type: application/json; charset=utf-8
cache-control: no-cache
date: Sun, 06 Oct 2024 01:21:20 GMT
content-length: 88

20:21:20.362 [AsyncHttpClient-1-2] DEBUG org.asynchttpclient.netty.channel.ChannelManager - Adding key: http://localhost:56827 for channel [id: 0xcfc56771, L:/127.0.0.1:56154 - R:localhost/127.0.0.1:56827]
20:21:20.364 [Forwarding sendKeysToElement on session e5cb48ea-8c77-47d5-b94c-62549c0f59de to remote] DEBUG org.asynchttpclient.netty.request.NettyRequestSender - Using pooled Channel '[id: 0xcfc56771, L:/127.0.0.1:56154 - R:localhost/127.0.0.1:56827]' for 'POST' to 'http://localhost:56827/session/e5cb48ea-8c77-47d5-b94c-62549c0f59de/element/cfbcf734-38b0-40cc-857c-a6d6679e796e/value'
20:21:20.364 [Forwarding sendKeysToElement on session e5cb48ea-8c77-47d5-b94c-62549c0f59de to remote] DEBUG org.asynchttpclient.netty.request.NettyRequestSender - Using open Channel [id: 0xcfc56771, L:/127.0.0.1:56154 - R:localhost/127.0.0.1:56827] for POST '/session/e5cb48ea-8c77-47d5-b94c-62549c0f59de/element/cfbcf734-38b0-40cc-857c-a6d6679e796e/value'
20:21:20.380 [AsyncHttpClient-1-2] DEBUG org.asynchttpclient.netty.handler.HttpHandler - 

Request DefaultHttpRequest(decodeResult: success, version: HTTP/1.1)
POST /session/e5cb48ea-8c77-47d5-b94c-62549c0f59de/element/cfbcf734-38b0-40cc-857c-a6d6679e796e/value HTTP/1.1
User-Agent: selenium/4.4.0 (java windows)
Content-Length: 201
Content-Type: application/json; charset=utf-8
host: localhost:56827
accept: */*

Response DefaultHttpResponse(decodeResult: success, version: HTTP/1.1)
HTTP/1.1 200 OK
content-type: application/json; charset=utf-8
cache-control: no-cache
date: Sun, 06 Oct 2024 01:21:20 GMT
content-length: 14

20:21:20.381 [AsyncHttpClient-1-2] DEBUG org.asynchttpclient.netty.channel.ChannelManager - Adding key: http://localhost:56827 for channel [id: 0xcfc56771, L:/127.0.0.1:56154 - R:localhost/127.0.0.1:56827]
20:21:20.389 [Forwarding getCurrentWindowHandle on session e5cb48ea-8c77-47d5-b94c-62549c0f59de to remote] DEBUG org.asynchttpclient.netty.request.NettyRequestSender - Using pooled Channel '[id: 0xcfc56771, L:/127.0.0.1:56154 - R:localhost/127.0.0.1:56827]' for 'GET' to 'http://localhost:56827/session/e5cb48ea-8c77-47d5-b94c-62549c0f59de/window'
20:21:20.389 [Forwarding getCurrentWindowHandle on session e5cb48ea-8c77-47d5-b94c-62549c0f59de to remote] DEBUG org.asynchttpclient.netty.request.NettyRequestSender - Using open Channel [id: 0xcfc56771, L:/127.0.0.1:56154 - R:localhost/127.0.0.1:56827] for GET '/session/e5cb48ea-8c77-47d5-b94c-62549c0f59de/window'
20:21:20.391 [AsyncHttpClient-1-2] DEBUG org.asynchttpclient.netty.handler.HttpHandler - 

Request DefaultFullHttpRequest(decodeResult: success, version: HTTP/1.1, content: EmptyByteBufBE)
GET /session/e5cb48ea-8c77-47d5-b94c-62549c0f59de/window HTTP/1.1
User-Agent: selenium/4.4.0 (java windows)
Cache-Control: no-cache
Content-Type: application/json; charset=utf-8
host: localhost:56827
accept: */*

Response DefaultHttpResponse(decodeResult: success, version: HTTP/1.1)
HTTP/1.1 200 OK
content-type: application/json; charset=utf-8
cache-control: no-cache
date: Sun, 06 Oct 2024 01:21:20 GMT
content-length: 48

20:21:20.391 [AsyncHttpClient-1-2] DEBUG org.asynchttpclient.netty.channel.ChannelManager - Adding key: http://localhost:56827 for channel [id: 0xcfc56771, L:/127.0.0.1:56154 - R:localhost/127.0.0.1:56827]
20:21:20.393 [Forwarding getAlertText on session e5cb48ea-8c77-47d5-b94c-62549c0f59de to remote] DEBUG org.asynchttpclient.netty.request.NettyRequestSender - Using pooled Channel '[id: 0xcfc56771, L:/127.0.0.1:56154 - R:localhost/127.0.0.1:56827]' for 'GET' to 'http://localhost:56827/session/e5cb48ea-8c77-47d5-b94c-62549c0f59de/alert/text'
20:21:20.393 [Forwarding getAlertText on session e5cb48ea-8c77-47d5-b94c-62549c0f59de to remote] DEBUG org.asynchttpclient.netty.request.NettyRequestSender - Using open Channel [id: 0xcfc56771, L:/127.0.0.1:56154 - R:localhost/127.0.0.1:56827] for GET '/session/e5cb48ea-8c77-47d5-b94c-62549c0f59de/alert/text'
20:21:20.395 [AsyncHttpClient-1-2] DEBUG org.asynchttpclient.netty.handler.HttpHandler - 

Request DefaultFullHttpRequest(decodeResult: success, version: HTTP/1.1, content: EmptyByteBufBE)
GET /session/e5cb48ea-8c77-47d5-b94c-62549c0f59de/alert/text HTTP/1.1
User-Agent: selenium/4.4.0 (java windows)
Cache-Control: no-cache
Content-Type: application/json; charset=utf-8
host: localhost:56827
accept: */*

Response DefaultHttpResponse(decodeResult: success, version: HTTP/1.1)
HTTP/1.1 404 Not Found
content-type: application/json; charset=utf-8
cache-control: no-cache
date: Sun, 06 Oct 2024 01:21:20 GMT
content-length: 842

20:21:20.395 [AsyncHttpClient-1-2] DEBUG org.asynchttpclient.netty.channel.ChannelManager - Adding key: http://localhost:56827 for channel [id: 0xcfc56771, L:/127.0.0.1:56154 - R:localhost/127.0.0.1:56827]
20:21:20.398 [Forwarding switchToWindow on session e5cb48ea-8c77-47d5-b94c-62549c0f59de to remote] DEBUG org.asynchttpclient.netty.request.NettyRequestSender - Using pooled Channel '[id: 0xcfc56771, L:/127.0.0.1:56154 - R:localhost/127.0.0.1:56827]' for 'POST' to 'http://localhost:56827/session/e5cb48ea-8c77-47d5-b94c-62549c0f59de/window'
20:21:20.398 [Forwarding switchToWindow on session e5cb48ea-8c77-47d5-b94c-62549c0f59de to remote] DEBUG org.asynchttpclient.netty.request.NettyRequestSender - Using open Channel [id: 0xcfc56771, L:/127.0.0.1:56154 - R:localhost/127.0.0.1:56827] for POST '/session/e5cb48ea-8c77-47d5-b94c-62549c0f59de/window'
20:21:20.400 [AsyncHttpClient-1-2] DEBUG org.asynchttpclient.netty.handler.HttpHandler - 

Request DefaultHttpRequest(decodeResult: success, version: HTTP/1.1)
POST /session/e5cb48ea-8c77-47d5-b94c-62549c0f59de/window HTTP/1.1
User-Agent: selenium/4.4.0 (java windows)
Content-Length: 54
Content-Type: application/json; charset=utf-8
host: localhost:56827
accept: */*

Response DefaultHttpResponse(decodeResult: success, version: HTTP/1.1)
HTTP/1.1 200 OK
content-type: application/json; charset=utf-8
cache-control: no-cache
date: Sun, 06 Oct 2024 01:21:20 GMT
content-length: 14

20:21:20.401 [AsyncHttpClient-1-2] DEBUG org.asynchttpclient.netty.channel.ChannelManager - Adding key: http://localhost:56827 for channel [id: 0xcfc56771, L:/127.0.0.1:56154 - R:localhost/127.0.0.1:56827]
20:21:20.402 [Forwarding getCurrentUrl on session e5cb48ea-8c77-47d5-b94c-62549c0f59de to remote] DEBUG org.asynchttpclient.netty.request.NettyRequestSender - Using pooled Channel '[id: 0xcfc56771, L:/127.0.0.1:56154 - R:localhost/127.0.0.1:56827]' for 'GET' to 'http://localhost:56827/session/e5cb48ea-8c77-47d5-b94c-62549c0f59de/url'
20:21:20.402 [Forwarding getCurrentUrl on session e5cb48ea-8c77-47d5-b94c-62549c0f59de to remote] DEBUG org.asynchttpclient.netty.request.NettyRequestSender - Using open Channel [id: 0xcfc56771, L:/127.0.0.1:56154 - R:localhost/127.0.0.1:56827] for GET '/session/e5cb48ea-8c77-47d5-b94c-62549c0f59de/url'
20:21:20.403 [AsyncHttpClient-1-2] DEBUG org.asynchttpclient.netty.handler.HttpHandler - 

Request DefaultFullHttpRequest(decodeResult: success, version: HTTP/1.1, content: EmptyByteBufBE)
GET /session/e5cb48ea-8c77-47d5-b94c-62549c0f59de/url HTTP/1.1
User-Agent: selenium/4.4.0 (java windows)
Cache-Control: no-cache
Content-Type: application/json; charset=utf-8
host: localhost:56827
accept: */*

Response DefaultHttpResponse(decodeResult: success, version: HTTP/1.1)
HTTP/1.1 200 OK
content-type: application/json; charset=utf-8
cache-control: no-cache
date: Sun, 06 Oct 2024 01:21:20 GMT
content-length: 38

20:21:20.404 [AsyncHttpClient-1-2] DEBUG org.asynchttpclient.netty.channel.ChannelManager - Adding key: http://localhost:56827 for channel [id: 0xcfc56771, L:/127.0.0.1:56154 - R:localhost/127.0.0.1:56827]
20:21:20.404 [Forwarding screenshot on session e5cb48ea-8c77-47d5-b94c-62549c0f59de to remote] DEBUG org.asynchttpclient.netty.request.NettyRequestSender - Using pooled Channel '[id: 0xcfc56771, L:/127.0.0.1:56154 - R:localhost/127.0.0.1:56827]' for 'GET' to 'http://localhost:56827/session/e5cb48ea-8c77-47d5-b94c-62549c0f59de/screenshot'
20:21:20.405 [Forwarding screenshot on session e5cb48ea-8c77-47d5-b94c-62549c0f59de to remote] DEBUG org.asynchttpclient.netty.request.NettyRequestSender - Using open Channel [id: 0xcfc56771, L:/127.0.0.1:56154 - R:localhost/127.0.0.1:56827] for GET '/session/e5cb48ea-8c77-47d5-b94c-62549c0f59de/screenshot'
20:21:20.437 [AsyncHttpClient-1-2] DEBUG org.asynchttpclient.netty.handler.HttpHandler - 

Request DefaultFullHttpRequest(decodeResult: success, version: HTTP/1.1, content: EmptyByteBufBE)
GET /session/e5cb48ea-8c77-47d5-b94c-62549c0f59de/screenshot HTTP/1.1
User-Agent: selenium/4.4.0 (java windows)
Cache-Control: no-cache
Content-Type: application/json; charset=utf-8
host: localhost:56827
accept: */*

Response DefaultHttpResponse(decodeResult: success, version: HTTP/1.1)
HTTP/1.1 200 OK
content-type: application/json; charset=utf-8
cache-control: no-cache
date: Sun, 06 Oct 2024 01:21:20 GMT
content-length: 71868

20:21:20.438 [AsyncHttpClient-1-2] DEBUG org.asynchttpclient.netty.channel.ChannelManager - Adding key: http://localhost:56827 for channel [id: 0xcfc56771, L:/127.0.0.1:56154 - R:localhost/127.0.0.1:56827]
20:21:20.442 [main] DEBUG net.serenitybdd.core.photography.Darkroom - Send negative for processing for target\site\serenity\1a4d0b8fb80c12fd04ad361d683c768d5e562b82cbf595357100b12a32f9058d.png
20:21:20.442 [Darkroom Processing Line] DEBUG net.serenitybdd.core.photography.DarkroomProcessingLine - Processing screenshot image in /var/screenshots/screenshot-9483522696986769763
20:21:20.442 [Darkroom Processing Line] DEBUG net.serenitybdd.core.photography.DarkroomProcessingLine - Saving screenshot to target\site\serenity\1a4d0b8fb80c12fd04ad361d683c768d5e562b82cbf595357100b12a32f9058d.png
20:21:20.442 [main] DEBUG net.thucydides.core.steps.StepInterceptor - STEP DONE: {0} enters #theTextAsAString into #locatorNames
20:21:20.452 [Forwarding getPageSource on session e5cb48ea-8c77-47d5-b94c-62549c0f59de to remote] DEBUG org.asynchttpclient.netty.request.NettyRequestSender - Using pooled Channel '[id: 0xcfc56771, L:/127.0.0.1:56154 - R:localhost/127.0.0.1:56827]' for 'POST' to 'http://localhost:56827/session/e5cb48ea-8c77-47d5-b94c-62549c0f59de/execute/sync'
20:21:20.452 [Forwarding getPageSource on session e5cb48ea-8c77-47d5-b94c-62549c0f59de to remote] DEBUG org.asynchttpclient.netty.request.NettyRequestSender - Using open Channel [id: 0xcfc56771, L:/127.0.0.1:56154 - R:localhost/127.0.0.1:56827] for POST '/session/e5cb48ea-8c77-47d5-b94c-62549c0f59de/execute/sync'
20:21:20.455 [AsyncHttpClient-1-2] DEBUG org.asynchttpclient.netty.handler.HttpHandler - 

Request DefaultHttpRequest(decodeResult: success, version: HTTP/1.1)
POST /session/e5cb48ea-8c77-47d5-b94c-62549c0f59de/execute/sync HTTP/1.1
User-Agent: selenium/4.4.0 (java windows)
Content-Length: 176
Content-Type: application/json; charset=utf-8
host: localhost:56827
accept: */*

Response DefaultHttpResponse(decodeResult: success, version: HTTP/1.1)
HTTP/1.1 200 OK
content-type: application/json; charset=utf-8
cache-control: no-cache
date: Sun, 06 Oct 2024 01:21:20 GMT
content-length: 4177

20:21:20.456 [AsyncHttpClient-1-2] DEBUG org.asynchttpclient.netty.channel.ChannelManager - Adding key: http://localhost:56827 for channel [id: 0xcfc56771, L:/127.0.0.1:56154 - R:localhost/127.0.0.1:56827]
20:21:20.458 [Forwarding getCurrentUrl on session e5cb48ea-8c77-47d5-b94c-62549c0f59de to remote] DEBUG org.asynchttpclient.netty.request.NettyRequestSender - Using pooled Channel '[id: 0xcfc56771, L:/127.0.0.1:56154 - R:localhost/127.0.0.1:56827]' for 'GET' to 'http://localhost:56827/session/e5cb48ea-8c77-47d5-b94c-62549c0f59de/url'
20:21:20.458 [Forwarding getCurrentUrl on session e5cb48ea-8c77-47d5-b94c-62549c0f59de to remote] DEBUG org.asynchttpclient.netty.request.NettyRequestSender - Using open Channel [id: 0xcfc56771, L:/127.0.0.1:56154 - R:localhost/127.0.0.1:56827] for GET '/session/e5cb48ea-8c77-47d5-b94c-62549c0f59de/url'
20:21:20.459 [AsyncHttpClient-1-2] DEBUG org.asynchttpclient.netty.handler.HttpHandler - 

Request DefaultFullHttpRequest(decodeResult: success, version: HTTP/1.1, content: EmptyByteBufBE)
GET /session/e5cb48ea-8c77-47d5-b94c-62549c0f59de/url HTTP/1.1
User-Agent: selenium/4.4.0 (java windows)
Cache-Control: no-cache
Content-Type: application/json; charset=utf-8
host: localhost:56827
accept: */*

Response DefaultHttpResponse(decodeResult: success, version: HTTP/1.1)
HTTP/1.1 200 OK
content-type: application/json; charset=utf-8
cache-control: no-cache
date: Sun, 06 Oct 2024 01:21:20 GMT
content-length: 38

20:21:20.460 [AsyncHttpClient-1-2] DEBUG org.asynchttpclient.netty.channel.ChannelManager - Adding key: http://localhost:56827 for channel [id: 0xcfc56771, L:/127.0.0.1:56154 - R:localhost/127.0.0.1:56827]
20:21:20.461 [main] DEBUG net.thucydides.core.steps.StepInterceptor - STARTING STEP: DoLogin.performAs - {0} clicks on #locators
20:21:20.464 [Forwarding findElement on session e5cb48ea-8c77-47d5-b94c-62549c0f59de to remote] DEBUG org.asynchttpclient.netty.request.NettyRequestSender - Using pooled Channel '[id: 0xcfc56771, L:/127.0.0.1:56154 - R:localhost/127.0.0.1:56827]' for 'POST' to 'http://localhost:56827/session/e5cb48ea-8c77-47d5-b94c-62549c0f59de/element'
20:21:20.465 [Forwarding findElement on session e5cb48ea-8c77-47d5-b94c-62549c0f59de to remote] DEBUG org.asynchttpclient.netty.request.NettyRequestSender - Using open Channel [id: 0xcfc56771, L:/127.0.0.1:56154 - R:localhost/127.0.0.1:56827] for POST '/session/e5cb48ea-8c77-47d5-b94c-62549c0f59de/element'
20:21:20.468 [AsyncHttpClient-1-2] DEBUG org.asynchttpclient.netty.handler.HttpHandler - 

Request DefaultHttpRequest(decodeResult: success, version: HTTP/1.1)
POST /session/e5cb48ea-8c77-47d5-b94c-62549c0f59de/element HTTP/1.1
User-Agent: selenium/4.4.0 (java windows)
Content-Length: 59
Content-Type: application/json; charset=utf-8
host: localhost:56827
accept: */*

Response DefaultHttpResponse(decodeResult: success, version: HTTP/1.1)
HTTP/1.1 200 OK
content-type: application/json; charset=utf-8
cache-control: no-cache
date: Sun, 06 Oct 2024 01:21:20 GMT
content-length: 88

20:21:20.468 [AsyncHttpClient-1-2] DEBUG org.asynchttpclient.netty.channel.ChannelManager - Adding key: http://localhost:56827 for channel [id: 0xcfc56771, L:/127.0.0.1:56154 - R:localhost/127.0.0.1:56827]
20:21:20.475 [Forwarding isElementDisplayed on session e5cb48ea-8c77-47d5-b94c-62549c0f59de to remote] DEBUG org.asynchttpclient.netty.request.NettyRequestSender - Using pooled Channel '[id: 0xcfc56771, L:/127.0.0.1:56154 - R:localhost/127.0.0.1:56827]' for 'POST' to 'http://localhost:56827/session/e5cb48ea-8c77-47d5-b94c-62549c0f59de/execute/sync'
20:21:20.475 [Forwarding isElementDisplayed on session e5cb48ea-8c77-47d5-b94c-62549c0f59de to remote] DEBUG org.asynchttpclient.netty.request.NettyRequestSender - Using open Channel [id: 0xcfc56771, L:/127.0.0.1:56154 - R:localhost/127.0.0.1:56827] for POST '/session/e5cb48ea-8c77-47d5-b94c-62549c0f59de/execute/sync'
20:21:20.485 [AsyncHttpClient-1-2] DEBUG org.asynchttpclient.netty.handler.HttpHandler - 

Request DefaultHttpRequest(decodeResult: success, version: HTTP/1.1)
POST /session/e5cb48ea-8c77-47d5-b94c-62549c0f59de/execute/sync HTTP/1.1
User-Agent: selenium/4.4.0 (java windows)
Content-Length: 48780
Content-Type: application/json; charset=utf-8
host: localhost:56827
accept: */*

Response DefaultHttpResponse(decodeResult: success, version: HTTP/1.1)
HTTP/1.1 200 OK
content-type: application/json; charset=utf-8
cache-control: no-cache
date: Sun, 06 Oct 2024 01:21:20 GMT
content-length: 14

20:21:20.485 [AsyncHttpClient-1-2] DEBUG org.asynchttpclient.netty.channel.ChannelManager - Adding key: http://localhost:56827 for channel [id: 0xcfc56771, L:/127.0.0.1:56154 - R:localhost/127.0.0.1:56827]
20:21:20.492 [Forwarding isElementDisplayed on session e5cb48ea-8c77-47d5-b94c-62549c0f59de to remote] DEBUG org.asynchttpclient.netty.request.NettyRequestSender - Using pooled Channel '[id: 0xcfc56771, L:/127.0.0.1:56154 - R:localhost/127.0.0.1:56827]' for 'POST' to 'http://localhost:56827/session/e5cb48ea-8c77-47d5-b94c-62549c0f59de/execute/sync'
20:21:20.492 [Forwarding isElementDisplayed on session e5cb48ea-8c77-47d5-b94c-62549c0f59de to remote] DEBUG org.asynchttpclient.netty.request.NettyRequestSender - Using open Channel [id: 0xcfc56771, L:/127.0.0.1:56154 - R:localhost/127.0.0.1:56827] for POST '/session/e5cb48ea-8c77-47d5-b94c-62549c0f59de/execute/sync'
20:21:20.502 [AsyncHttpClient-1-2] DEBUG org.asynchttpclient.netty.handler.HttpHandler - 

Request DefaultHttpRequest(decodeResult: success, version: HTTP/1.1)
POST /session/e5cb48ea-8c77-47d5-b94c-62549c0f59de/execute/sync HTTP/1.1
User-Agent: selenium/4.4.0 (java windows)
Content-Length: 48780
Content-Type: application/json; charset=utf-8
host: localhost:56827
accept: */*

Response DefaultHttpResponse(decodeResult: success, version: HTTP/1.1)
HTTP/1.1 200 OK
content-type: application/json; charset=utf-8
cache-control: no-cache
date: Sun, 06 Oct 2024 01:21:20 GMT
content-length: 14

20:21:20.503 [AsyncHttpClient-1-2] DEBUG org.asynchttpclient.netty.channel.ChannelManager - Adding key: http://localhost:56827 for channel [id: 0xcfc56771, L:/127.0.0.1:56154 - R:localhost/127.0.0.1:56827]
20:21:20.505 [Forwarding clickElement on session e5cb48ea-8c77-47d5-b94c-62549c0f59de to remote] DEBUG org.asynchttpclient.netty.request.NettyRequestSender - Using pooled Channel '[id: 0xcfc56771, L:/127.0.0.1:56154 - R:localhost/127.0.0.1:56827]' for 'POST' to 'http://localhost:56827/session/e5cb48ea-8c77-47d5-b94c-62549c0f59de/element/a7cd32c5-9826-4b1a-8745-75d01c0b41a6/click'
20:21:20.505 [Forwarding clickElement on session e5cb48ea-8c77-47d5-b94c-62549c0f59de to remote] DEBUG org.asynchttpclient.netty.request.NettyRequestSender - Using open Channel [id: 0xcfc56771, L:/127.0.0.1:56154 - R:localhost/127.0.0.1:56827] for POST '/session/e5cb48ea-8c77-47d5-b94c-62549c0f59de/element/a7cd32c5-9826-4b1a-8745-75d01c0b41a6/click'
20:21:20.767 [AsyncHttpClient-1-2] DEBUG org.asynchttpclient.netty.handler.HttpHandler - 

Request DefaultHttpRequest(decodeResult: success, version: HTTP/1.1)
POST /session/e5cb48ea-8c77-47d5-b94c-62549c0f59de/element/a7cd32c5-9826-4b1a-8745-75d01c0b41a6/click HTTP/1.1
User-Agent: selenium/4.4.0 (java windows)
Content-Length: 50
Content-Type: application/json; charset=utf-8
host: localhost:56827
accept: */*

Response DefaultHttpResponse(decodeResult: success, version: HTTP/1.1)
HTTP/1.1 200 OK
content-type: application/json; charset=utf-8
cache-control: no-cache
date: Sun, 06 Oct 2024 01:21:20 GMT
content-length: 14

20:21:20.767 [AsyncHttpClient-1-2] DEBUG org.asynchttpclient.netty.channel.ChannelManager - Adding key: http://localhost:56827 for channel [id: 0xcfc56771, L:/127.0.0.1:56154 - R:localhost/127.0.0.1:56827]
20:21:20.776 [Forwarding getCurrentWindowHandle on session e5cb48ea-8c77-47d5-b94c-62549c0f59de to remote] DEBUG org.asynchttpclient.netty.request.NettyRequestSender - Using pooled Channel '[id: 0xcfc56771, L:/127.0.0.1:56154 - R:localhost/127.0.0.1:56827]' for 'GET' to 'http://localhost:56827/session/e5cb48ea-8c77-47d5-b94c-62549c0f59de/window'
20:21:20.776 [Forwarding getCurrentWindowHandle on session e5cb48ea-8c77-47d5-b94c-62549c0f59de to remote] DEBUG org.asynchttpclient.netty.request.NettyRequestSender - Using open Channel [id: 0xcfc56771, L:/127.0.0.1:56154 - R:localhost/127.0.0.1:56827] for GET '/session/e5cb48ea-8c77-47d5-b94c-62549c0f59de/window'
20:21:20.777 [AsyncHttpClient-1-2] DEBUG org.asynchttpclient.netty.handler.HttpHandler - 

Request DefaultFullHttpRequest(decodeResult: success, version: HTTP/1.1, content: EmptyByteBufBE)
GET /session/e5cb48ea-8c77-47d5-b94c-62549c0f59de/window HTTP/1.1
User-Agent: selenium/4.4.0 (java windows)
Cache-Control: no-cache
Content-Type: application/json; charset=utf-8
host: localhost:56827
accept: */*

Response DefaultHttpResponse(decodeResult: success, version: HTTP/1.1)
HTTP/1.1 200 OK
content-type: application/json; charset=utf-8
cache-control: no-cache
date: Sun, 06 Oct 2024 01:21:20 GMT
content-length: 48

20:21:20.777 [AsyncHttpClient-1-2] DEBUG org.asynchttpclient.netty.channel.ChannelManager - Adding key: http://localhost:56827 for channel [id: 0xcfc56771, L:/127.0.0.1:56154 - R:localhost/127.0.0.1:56827]
20:21:20.778 [Forwarding getAlertText on session e5cb48ea-8c77-47d5-b94c-62549c0f59de to remote] DEBUG org.asynchttpclient.netty.request.NettyRequestSender - Using pooled Channel '[id: 0xcfc56771, L:/127.0.0.1:56154 - R:localhost/127.0.0.1:56827]' for 'GET' to 'http://localhost:56827/session/e5cb48ea-8c77-47d5-b94c-62549c0f59de/alert/text'
20:21:20.778 [Forwarding getAlertText on session e5cb48ea-8c77-47d5-b94c-62549c0f59de to remote] DEBUG org.asynchttpclient.netty.request.NettyRequestSender - Using open Channel [id: 0xcfc56771, L:/127.0.0.1:56154 - R:localhost/127.0.0.1:56827] for GET '/session/e5cb48ea-8c77-47d5-b94c-62549c0f59de/alert/text'
20:21:20.779 [AsyncHttpClient-1-2] DEBUG org.asynchttpclient.netty.handler.HttpHandler - 

Request DefaultFullHttpRequest(decodeResult: success, version: HTTP/1.1, content: EmptyByteBufBE)
GET /session/e5cb48ea-8c77-47d5-b94c-62549c0f59de/alert/text HTTP/1.1
User-Agent: selenium/4.4.0 (java windows)
Cache-Control: no-cache
Content-Type: application/json; charset=utf-8
host: localhost:56827
accept: */*

Response DefaultHttpResponse(decodeResult: success, version: HTTP/1.1)
HTTP/1.1 404 Not Found
content-type: application/json; charset=utf-8
cache-control: no-cache
date: Sun, 06 Oct 2024 01:21:20 GMT
content-length: 842

20:21:20.780 [AsyncHttpClient-1-2] DEBUG org.asynchttpclient.netty.channel.ChannelManager - Adding key: http://localhost:56827 for channel [id: 0xcfc56771, L:/127.0.0.1:56154 - R:localhost/127.0.0.1:56827]
20:21:20.781 [Forwarding switchToWindow on session e5cb48ea-8c77-47d5-b94c-62549c0f59de to remote] DEBUG org.asynchttpclient.netty.request.NettyRequestSender - Using pooled Channel '[id: 0xcfc56771, L:/127.0.0.1:56154 - R:localhost/127.0.0.1:56827]' for 'POST' to 'http://localhost:56827/session/e5cb48ea-8c77-47d5-b94c-62549c0f59de/window'
20:21:20.781 [Forwarding switchToWindow on session e5cb48ea-8c77-47d5-b94c-62549c0f59de to remote] DEBUG org.asynchttpclient.netty.request.NettyRequestSender - Using open Channel [id: 0xcfc56771, L:/127.0.0.1:56154 - R:localhost/127.0.0.1:56827] for POST '/session/e5cb48ea-8c77-47d5-b94c-62549c0f59de/window'
20:21:20.783 [AsyncHttpClient-1-2] DEBUG org.asynchttpclient.netty.handler.HttpHandler - 

Request DefaultHttpRequest(decodeResult: success, version: HTTP/1.1)
POST /session/e5cb48ea-8c77-47d5-b94c-62549c0f59de/window HTTP/1.1
User-Agent: selenium/4.4.0 (java windows)
Content-Length: 54
Content-Type: application/json; charset=utf-8
host: localhost:56827
accept: */*

Response DefaultHttpResponse(decodeResult: success, version: HTTP/1.1)
HTTP/1.1 200 OK
content-type: application/json; charset=utf-8
cache-control: no-cache
date: Sun, 06 Oct 2024 01:21:20 GMT
content-length: 14

20:21:20.783 [AsyncHttpClient-1-2] DEBUG org.asynchttpclient.netty.channel.ChannelManager - Adding key: http://localhost:56827 for channel [id: 0xcfc56771, L:/127.0.0.1:56154 - R:localhost/127.0.0.1:56827]
20:21:20.783 [Forwarding getCurrentUrl on session e5cb48ea-8c77-47d5-b94c-62549c0f59de to remote] DEBUG org.asynchttpclient.netty.request.NettyRequestSender - Using pooled Channel '[id: 0xcfc56771, L:/127.0.0.1:56154 - R:localhost/127.0.0.1:56827]' for 'GET' to 'http://localhost:56827/session/e5cb48ea-8c77-47d5-b94c-62549c0f59de/url'
20:21:20.783 [Forwarding getCurrentUrl on session e5cb48ea-8c77-47d5-b94c-62549c0f59de to remote] DEBUG org.asynchttpclient.netty.request.NettyRequestSender - Using open Channel [id: 0xcfc56771, L:/127.0.0.1:56154 - R:localhost/127.0.0.1:56827] for GET '/session/e5cb48ea-8c77-47d5-b94c-62549c0f59de/url'
20:21:20.784 [AsyncHttpClient-1-2] DEBUG org.asynchttpclient.netty.handler.HttpHandler - 

Request DefaultFullHttpRequest(decodeResult: success, version: HTTP/1.1, content: EmptyByteBufBE)
GET /session/e5cb48ea-8c77-47d5-b94c-62549c0f59de/url HTTP/1.1
User-Agent: selenium/4.4.0 (java windows)
Cache-Control: no-cache
Content-Type: application/json; charset=utf-8
host: localhost:56827
accept: */*

Response DefaultHttpResponse(decodeResult: success, version: HTTP/1.1)
HTTP/1.1 200 OK
content-type: application/json; charset=utf-8
cache-control: no-cache
date: Sun, 06 Oct 2024 01:21:20 GMT
content-length: 52

20:21:20.784 [AsyncHttpClient-1-2] DEBUG org.asynchttpclient.netty.channel.ChannelManager - Adding key: http://localhost:56827 for channel [id: 0xcfc56771, L:/127.0.0.1:56154 - R:localhost/127.0.0.1:56827]
20:21:20.785 [Forwarding screenshot on session e5cb48ea-8c77-47d5-b94c-62549c0f59de to remote] DEBUG org.asynchttpclient.netty.request.NettyRequestSender - Using pooled Channel '[id: 0xcfc56771, L:/127.0.0.1:56154 - R:localhost/127.0.0.1:56827]' for 'GET' to 'http://localhost:56827/session/e5cb48ea-8c77-47d5-b94c-62549c0f59de/screenshot'
20:21:20.785 [Forwarding screenshot on session e5cb48ea-8c77-47d5-b94c-62549c0f59de to remote] DEBUG org.asynchttpclient.netty.request.NettyRequestSender - Using open Channel [id: 0xcfc56771, L:/127.0.0.1:56154 - R:localhost/127.0.0.1:56827] for GET '/session/e5cb48ea-8c77-47d5-b94c-62549c0f59de/screenshot'
20:21:20.834 [AsyncHttpClient-1-2] DEBUG org.asynchttpclient.netty.handler.HttpHandler - 

Request DefaultFullHttpRequest(decodeResult: success, version: HTTP/1.1, content: EmptyByteBufBE)
GET /session/e5cb48ea-8c77-47d5-b94c-62549c0f59de/screenshot HTTP/1.1
User-Agent: selenium/4.4.0 (java windows)
Cache-Control: no-cache
Content-Type: application/json; charset=utf-8
host: localhost:56827
accept: */*

Response DefaultHttpResponse(decodeResult: success, version: HTTP/1.1)
HTTP/1.1 200 OK
content-type: application/json; charset=utf-8
cache-control: no-cache
date: Sun, 06 Oct 2024 01:21:20 GMT
content-length: 511224

20:21:20.836 [AsyncHttpClient-1-2] DEBUG org.asynchttpclient.netty.channel.ChannelManager - Adding key: http://localhost:56827 for channel [id: 0xcfc56771, L:/127.0.0.1:56154 - R:localhost/127.0.0.1:56827]
20:21:20.848 [main] DEBUG net.serenitybdd.core.photography.Darkroom - Send negative for processing for target\site\serenity\ddf09b24440342d75ec103a6e8af2a1c8110b2d0457e13cab812ef18381cfe87.png
20:21:20.848 [Darkroom Processing Line] DEBUG net.serenitybdd.core.photography.DarkroomProcessingLine - Processing screenshot image in /var/screenshots/screenshot-11180709299678713823
20:21:20.848 [main] DEBUG net.thucydides.core.steps.StepInterceptor - STEP DONE: {0} clicks on #locators
20:21:20.848 [Darkroom Processing Line] DEBUG net.serenitybdd.core.photography.DarkroomProcessingLine - Saving screenshot to target\site\serenity\ddf09b24440342d75ec103a6e8af2a1c8110b2d0457e13cab812ef18381cfe87.png
20:21:20.852 [main] DEBUG net.thucydides.core.steps.StepInterceptor - STEP DONE: performAs
20:21:20.860 [Forwarding getPageSource on session e5cb48ea-8c77-47d5-b94c-62549c0f59de to remote] DEBUG org.asynchttpclient.netty.request.NettyRequestSender - Using pooled Channel '[id: 0xcfc56771, L:/127.0.0.1:56154 - R:localhost/127.0.0.1:56827]' for 'POST' to 'http://localhost:56827/session/e5cb48ea-8c77-47d5-b94c-62549c0f59de/execute/sync'
20:21:20.860 [Forwarding getPageSource on session e5cb48ea-8c77-47d5-b94c-62549c0f59de to remote] DEBUG org.asynchttpclient.netty.request.NettyRequestSender - Using open Channel [id: 0xcfc56771, L:/127.0.0.1:56154 - R:localhost/127.0.0.1:56827] for POST '/session/e5cb48ea-8c77-47d5-b94c-62549c0f59de/execute/sync'
20:21:20.863 [AsyncHttpClient-1-2] DEBUG org.asynchttpclient.netty.handler.HttpHandler - 

Request DefaultHttpRequest(decodeResult: success, version: HTTP/1.1)
POST /session/e5cb48ea-8c77-47d5-b94c-62549c0f59de/execute/sync HTTP/1.1
User-Agent: selenium/4.4.0 (java windows)
Content-Length: 176
Content-Type: application/json; charset=utf-8
host: localhost:56827
accept: */*

Response DefaultHttpResponse(decodeResult: success, version: HTTP/1.1)
HTTP/1.1 200 OK
content-type: application/json; charset=utf-8
cache-control: no-cache
date: Sun, 06 Oct 2024 01:21:20 GMT
content-length: 17390

20:21:20.863 [AsyncHttpClient-1-2] DEBUG org.asynchttpclient.netty.channel.ChannelManager - Adding key: http://localhost:56827 for channel [id: 0xcfc56771, L:/127.0.0.1:56154 - R:localhost/127.0.0.1:56827]
20:21:20.870 [Forwarding getCurrentUrl on session e5cb48ea-8c77-47d5-b94c-62549c0f59de to remote] DEBUG org.asynchttpclient.netty.request.NettyRequestSender - Using pooled Channel '[id: 0xcfc56771, L:/127.0.0.1:56154 - R:localhost/127.0.0.1:56827]' for 'GET' to 'http://localhost:56827/session/e5cb48ea-8c77-47d5-b94c-62549c0f59de/url'
20:21:20.870 [Forwarding getCurrentUrl on session e5cb48ea-8c77-47d5-b94c-62549c0f59de to remote] DEBUG org.asynchttpclient.netty.request.NettyRequestSender - Using open Channel [id: 0xcfc56771, L:/127.0.0.1:56154 - R:localhost/127.0.0.1:56827] for GET '/session/e5cb48ea-8c77-47d5-b94c-62549c0f59de/url'
20:21:20.872 [AsyncHttpClient-1-2] DEBUG org.asynchttpclient.netty.handler.HttpHandler - 

Request DefaultFullHttpRequest(decodeResult: success, version: HTTP/1.1, content: EmptyByteBufBE)
GET /session/e5cb48ea-8c77-47d5-b94c-62549c0f59de/url HTTP/1.1
User-Agent: selenium/4.4.0 (java windows)
Cache-Control: no-cache
Content-Type: application/json; charset=utf-8
host: localhost:56827
accept: */*

Response DefaultHttpResponse(decodeResult: success, version: HTTP/1.1)
HTTP/1.1 200 OK
content-type: application/json; charset=utf-8
cache-control: no-cache
date: Sun, 06 Oct 2024 01:21:20 GMT
content-length: 52

20:21:20.872 [AsyncHttpClient-1-2] DEBUG org.asynchttpclient.netty.channel.ChannelManager - Adding key: http://localhost:56827 for channel [id: 0xcfc56771, L:/127.0.0.1:56154 - R:localhost/127.0.0.1:56827]
20:21:20.887 [Forwarding getPageSource on session e5cb48ea-8c77-47d5-b94c-62549c0f59de to remote] DEBUG org.asynchttpclient.netty.request.NettyRequestSender - Using pooled Channel '[id: 0xcfc56771, L:/127.0.0.1:56154 - R:localhost/127.0.0.1:56827]' for 'POST' to 'http://localhost:56827/session/e5cb48ea-8c77-47d5-b94c-62549c0f59de/execute/sync'
20:21:20.887 [Forwarding getPageSource on session e5cb48ea-8c77-47d5-b94c-62549c0f59de to remote] DEBUG org.asynchttpclient.netty.request.NettyRequestSender - Using open Channel [id: 0xcfc56771, L:/127.0.0.1:56154 - R:localhost/127.0.0.1:56827] for POST '/session/e5cb48ea-8c77-47d5-b94c-62549c0f59de/execute/sync'
20:21:20.890 [AsyncHttpClient-1-2] DEBUG org.asynchttpclient.netty.handler.HttpHandler - 

Request DefaultHttpRequest(decodeResult: success, version: HTTP/1.1)
POST /session/e5cb48ea-8c77-47d5-b94c-62549c0f59de/execute/sync HTTP/1.1
User-Agent: selenium/4.4.0 (java windows)
Content-Length: 176
Content-Type: application/json; charset=utf-8
host: localhost:56827
accept: */*

Response DefaultHttpResponse(decodeResult: success, version: HTTP/1.1)
HTTP/1.1 200 OK
content-type: application/json; charset=utf-8
cache-control: no-cache
date: Sun, 06 Oct 2024 01:21:20 GMT
content-length: 17390

20:21:20.890 [AsyncHttpClient-1-2] DEBUG org.asynchttpclient.netty.channel.ChannelManager - Adding key: http://localhost:56827 for channel [id: 0xcfc56771, L:/127.0.0.1:56154 - R:localhost/127.0.0.1:56827]
20:21:20.896 [Forwarding getCurrentUrl on session e5cb48ea-8c77-47d5-b94c-62549c0f59de to remote] DEBUG org.asynchttpclient.netty.request.NettyRequestSender - Using pooled Channel '[id: 0xcfc56771, L:/127.0.0.1:56154 - R:localhost/127.0.0.1:56827]' for 'GET' to 'http://localhost:56827/session/e5cb48ea-8c77-47d5-b94c-62549c0f59de/url'
20:21:20.896 [Forwarding getCurrentUrl on session e5cb48ea-8c77-47d5-b94c-62549c0f59de to remote] DEBUG org.asynchttpclient.netty.request.NettyRequestSender - Using open Channel [id: 0xcfc56771, L:/127.0.0.1:56154 - R:localhost/127.0.0.1:56827] for GET '/session/e5cb48ea-8c77-47d5-b94c-62549c0f59de/url'
20:21:20.898 [AsyncHttpClient-1-2] DEBUG org.asynchttpclient.netty.handler.HttpHandler - 

Request DefaultFullHttpRequest(decodeResult: success, version: HTTP/1.1, content: EmptyByteBufBE)
GET /session/e5cb48ea-8c77-47d5-b94c-62549c0f59de/url HTTP/1.1
User-Agent: selenium/4.4.0 (java windows)
Cache-Control: no-cache
Content-Type: application/json; charset=utf-8
host: localhost:56827
accept: */*

Response DefaultHttpResponse(decodeResult: success, version: HTTP/1.1)
HTTP/1.1 200 OK
content-type: application/json; charset=utf-8
cache-control: no-cache
date: Sun, 06 Oct 2024 01:21:20 GMT
content-length: 52

20:21:20.898 [AsyncHttpClient-1-2] DEBUG org.asynchttpclient.netty.channel.ChannelManager - Adding key: http://localhost:56827 for channel [id: 0xcfc56771, L:/127.0.0.1:56154 - R:localhost/127.0.0.1:56827]
20:21:20.900 [main] DEBUG net.thucydides.core.steps.StepInterceptor - STARTING STEP: LoginStepDefinitions.adds_and_to_the_cart - performAs
20:21:20.920 [Forwarding getCurrentWindowHandle on session e5cb48ea-8c77-47d5-b94c-62549c0f59de to remote] DEBUG org.asynchttpclient.netty.request.NettyRequestSender - Using pooled Channel '[id: 0xcfc56771, L:/127.0.0.1:56154 - R:localhost/127.0.0.1:56827]' for 'GET' to 'http://localhost:56827/session/e5cb48ea-8c77-47d5-b94c-62549c0f59de/window'
20:21:20.920 [Forwarding getCurrentWindowHandle on session e5cb48ea-8c77-47d5-b94c-62549c0f59de to remote] DEBUG org.asynchttpclient.netty.request.NettyRequestSender - Using open Channel [id: 0xcfc56771, L:/127.0.0.1:56154 - R:localhost/127.0.0.1:56827] for GET '/session/e5cb48ea-8c77-47d5-b94c-62549c0f59de/window'
20:21:20.923 [AsyncHttpClient-1-2] DEBUG org.asynchttpclient.netty.handler.HttpHandler - 

Request DefaultFullHttpRequest(decodeResult: success, version: HTTP/1.1, content: EmptyByteBufBE)
GET /session/e5cb48ea-8c77-47d5-b94c-62549c0f59de/window HTTP/1.1
User-Agent: selenium/4.4.0 (java windows)
Cache-Control: no-cache
Content-Type: application/json; charset=utf-8
host: localhost:56827
accept: */*

Response DefaultHttpResponse(decodeResult: success, version: HTTP/1.1)
HTTP/1.1 200 OK
content-type: application/json; charset=utf-8
cache-control: no-cache
date: Sun, 06 Oct 2024 01:21:20 GMT
content-length: 48

20:21:20.923 [AsyncHttpClient-1-2] DEBUG org.asynchttpclient.netty.channel.ChannelManager - Adding key: http://localhost:56827 for channel [id: 0xcfc56771, L:/127.0.0.1:56154 - R:localhost/127.0.0.1:56827]
20:21:20.924 [Forwarding getAlertText on session e5cb48ea-8c77-47d5-b94c-62549c0f59de to remote] DEBUG org.asynchttpclient.netty.request.NettyRequestSender - Using pooled Channel '[id: 0xcfc56771, L:/127.0.0.1:56154 - R:localhost/127.0.0.1:56827]' for 'GET' to 'http://localhost:56827/session/e5cb48ea-8c77-47d5-b94c-62549c0f59de/alert/text'
20:21:20.924 [Forwarding getAlertText on session e5cb48ea-8c77-47d5-b94c-62549c0f59de to remote] DEBUG org.asynchttpclient.netty.request.NettyRequestSender - Using open Channel [id: 0xcfc56771, L:/127.0.0.1:56154 - R:localhost/127.0.0.1:56827] for GET '/session/e5cb48ea-8c77-47d5-b94c-62549c0f59de/alert/text'
20:21:20.926 [AsyncHttpClient-1-2] DEBUG org.asynchttpclient.netty.handler.HttpHandler - 

Request DefaultFullHttpRequest(decodeResult: success, version: HTTP/1.1, content: EmptyByteBufBE)
GET /session/e5cb48ea-8c77-47d5-b94c-62549c0f59de/alert/text HTTP/1.1
User-Agent: selenium/4.4.0 (java windows)
Cache-Control: no-cache
Content-Type: application/json; charset=utf-8
host: localhost:56827
accept: */*

Response DefaultHttpResponse(decodeResult: success, version: HTTP/1.1)
HTTP/1.1 404 Not Found
content-type: application/json; charset=utf-8
cache-control: no-cache
date: Sun, 06 Oct 2024 01:21:20 GMT
content-length: 842

20:21:20.926 [AsyncHttpClient-1-2] DEBUG org.asynchttpclient.netty.channel.ChannelManager - Adding key: http://localhost:56827 for channel [id: 0xcfc56771, L:/127.0.0.1:56154 - R:localhost/127.0.0.1:56827]
20:21:20.929 [Forwarding switchToWindow on session e5cb48ea-8c77-47d5-b94c-62549c0f59de to remote] DEBUG org.asynchttpclient.netty.request.NettyRequestSender - Using pooled Channel '[id: 0xcfc56771, L:/127.0.0.1:56154 - R:localhost/127.0.0.1:56827]' for 'POST' to 'http://localhost:56827/session/e5cb48ea-8c77-47d5-b94c-62549c0f59de/window'
20:21:20.929 [Forwarding switchToWindow on session e5cb48ea-8c77-47d5-b94c-62549c0f59de to remote] DEBUG org.asynchttpclient.netty.request.NettyRequestSender - Using open Channel [id: 0xcfc56771, L:/127.0.0.1:56154 - R:localhost/127.0.0.1:56827] for POST '/session/e5cb48ea-8c77-47d5-b94c-62549c0f59de/window'
20:21:20.930 [AsyncHttpClient-1-2] DEBUG org.asynchttpclient.netty.handler.HttpHandler - 

Request DefaultHttpRequest(decodeResult: success, version: HTTP/1.1)
POST /session/e5cb48ea-8c77-47d5-b94c-62549c0f59de/window HTTP/1.1
User-Agent: selenium/4.4.0 (java windows)
Content-Length: 54
Content-Type: application/json; charset=utf-8
host: localhost:56827
accept: */*

Response DefaultHttpResponse(decodeResult: success, version: HTTP/1.1)
HTTP/1.1 200 OK
content-type: application/json; charset=utf-8
cache-control: no-cache
date: Sun, 06 Oct 2024 01:21:20 GMT
content-length: 14

20:21:20.930 [AsyncHttpClient-1-2] DEBUG org.asynchttpclient.netty.channel.ChannelManager - Adding key: http://localhost:56827 for channel [id: 0xcfc56771, L:/127.0.0.1:56154 - R:localhost/127.0.0.1:56827]
20:21:20.931 [Forwarding getCurrentUrl on session e5cb48ea-8c77-47d5-b94c-62549c0f59de to remote] DEBUG org.asynchttpclient.netty.request.NettyRequestSender - Using pooled Channel '[id: 0xcfc56771, L:/127.0.0.1:56154 - R:localhost/127.0.0.1:56827]' for 'GET' to 'http://localhost:56827/session/e5cb48ea-8c77-47d5-b94c-62549c0f59de/url'
20:21:20.931 [Forwarding getCurrentUrl on session e5cb48ea-8c77-47d5-b94c-62549c0f59de to remote] DEBUG org.asynchttpclient.netty.request.NettyRequestSender - Using open Channel [id: 0xcfc56771, L:/127.0.0.1:56154 - R:localhost/127.0.0.1:56827] for GET '/session/e5cb48ea-8c77-47d5-b94c-62549c0f59de/url'
20:21:20.933 [AsyncHttpClient-1-2] DEBUG org.asynchttpclient.netty.handler.HttpHandler - 

Request DefaultFullHttpRequest(decodeResult: success, version: HTTP/1.1, content: EmptyByteBufBE)
GET /session/e5cb48ea-8c77-47d5-b94c-62549c0f59de/url HTTP/1.1
User-Agent: selenium/4.4.0 (java windows)
Cache-Control: no-cache
Content-Type: application/json; charset=utf-8
host: localhost:56827
accept: */*

Response DefaultHttpResponse(decodeResult: success, version: HTTP/1.1)
HTTP/1.1 200 OK
content-type: application/json; charset=utf-8
cache-control: no-cache
date: Sun, 06 Oct 2024 01:21:20 GMT
content-length: 52

20:21:20.933 [AsyncHttpClient-1-2] DEBUG org.asynchttpclient.netty.channel.ChannelManager - Adding key: http://localhost:56827 for channel [id: 0xcfc56771, L:/127.0.0.1:56154 - R:localhost/127.0.0.1:56827]
20:21:20.934 [Forwarding screenshot on session e5cb48ea-8c77-47d5-b94c-62549c0f59de to remote] DEBUG org.asynchttpclient.netty.request.NettyRequestSender - Using pooled Channel '[id: 0xcfc56771, L:/127.0.0.1:56154 - R:localhost/127.0.0.1:56827]' for 'GET' to 'http://localhost:56827/session/e5cb48ea-8c77-47d5-b94c-62549c0f59de/screenshot'
20:21:20.934 [Forwarding screenshot on session e5cb48ea-8c77-47d5-b94c-62549c0f59de to remote] DEBUG org.asynchttpclient.netty.request.NettyRequestSender - Using open Channel [id: 0xcfc56771, L:/127.0.0.1:56154 - R:localhost/127.0.0.1:56827] for GET '/session/e5cb48ea-8c77-47d5-b94c-62549c0f59de/screenshot'
20:21:20.985 [AsyncHttpClient-1-2] DEBUG org.asynchttpclient.netty.handler.HttpHandler - 

Request DefaultFullHttpRequest(decodeResult: success, version: HTTP/1.1, content: EmptyByteBufBE)
GET /session/e5cb48ea-8c77-47d5-b94c-62549c0f59de/screenshot HTTP/1.1
User-Agent: selenium/4.4.0 (java windows)
Cache-Control: no-cache
Content-Type: application/json; charset=utf-8
host: localhost:56827
accept: */*

Response DefaultHttpResponse(decodeResult: success, version: HTTP/1.1)
HTTP/1.1 200 OK
content-type: application/json; charset=utf-8
cache-control: no-cache
date: Sun, 06 Oct 2024 01:21:20 GMT
content-length: 511224

20:21:20.987 [AsyncHttpClient-1-2] DEBUG org.asynchttpclient.netty.channel.ChannelManager - Adding key: http://localhost:56827 for channel [id: 0xcfc56771, L:/127.0.0.1:56154 - R:localhost/127.0.0.1:56827]
20:21:20.996 [main] DEBUG net.serenitybdd.core.photography.Darkroom - Send negative for processing for target\site\serenity\ddf09b24440342d75ec103a6e8af2a1c8110b2d0457e13cab812ef18381cfe87.png
20:21:20.997 [Forwarding getPageSource on session e5cb48ea-8c77-47d5-b94c-62549c0f59de to remote] DEBUG org.asynchttpclient.netty.request.NettyRequestSender - Using pooled Channel '[id: 0xcfc56771, L:/127.0.0.1:56154 - R:localhost/127.0.0.1:56827]' for 'POST' to 'http://localhost:56827/session/e5cb48ea-8c77-47d5-b94c-62549c0f59de/execute/sync'
20:21:20.997 [Forwarding getPageSource on session e5cb48ea-8c77-47d5-b94c-62549c0f59de to remote] DEBUG org.asynchttpclient.netty.request.NettyRequestSender - Using open Channel [id: 0xcfc56771, L:/127.0.0.1:56154 - R:localhost/127.0.0.1:56827] for POST '/session/e5cb48ea-8c77-47d5-b94c-62549c0f59de/execute/sync'
20:21:21.001 [AsyncHttpClient-1-2] DEBUG org.asynchttpclient.netty.handler.HttpHandler - 

Request DefaultHttpRequest(decodeResult: success, version: HTTP/1.1)
POST /session/e5cb48ea-8c77-47d5-b94c-62549c0f59de/execute/sync HTTP/1.1
User-Agent: selenium/4.4.0 (java windows)
Content-Length: 176
Content-Type: application/json; charset=utf-8
host: localhost:56827
accept: */*

Response DefaultHttpResponse(decodeResult: success, version: HTTP/1.1)
HTTP/1.1 200 OK
content-type: application/json; charset=utf-8
cache-control: no-cache
date: Sun, 06 Oct 2024 01:21:20 GMT
content-length: 17390

20:21:21.001 [AsyncHttpClient-1-2] DEBUG org.asynchttpclient.netty.channel.ChannelManager - Adding key: http://localhost:56827 for channel [id: 0xcfc56771, L:/127.0.0.1:56154 - R:localhost/127.0.0.1:56827]
20:21:21.006 [Forwarding getCurrentUrl on session e5cb48ea-8c77-47d5-b94c-62549c0f59de to remote] DEBUG org.asynchttpclient.netty.request.NettyRequestSender - Using pooled Channel '[id: 0xcfc56771, L:/127.0.0.1:56154 - R:localhost/127.0.0.1:56827]' for 'GET' to 'http://localhost:56827/session/e5cb48ea-8c77-47d5-b94c-62549c0f59de/url'
20:21:21.006 [Forwarding getCurrentUrl on session e5cb48ea-8c77-47d5-b94c-62549c0f59de to remote] DEBUG org.asynchttpclient.netty.request.NettyRequestSender - Using open Channel [id: 0xcfc56771, L:/127.0.0.1:56154 - R:localhost/127.0.0.1:56827] for GET '/session/e5cb48ea-8c77-47d5-b94c-62549c0f59de/url'
20:21:21.007 [AsyncHttpClient-1-2] DEBUG org.asynchttpclient.netty.handler.HttpHandler - 

Request DefaultFullHttpRequest(decodeResult: success, version: HTTP/1.1, content: EmptyByteBufBE)
GET /session/e5cb48ea-8c77-47d5-b94c-62549c0f59de/url HTTP/1.1
User-Agent: selenium/4.4.0 (java windows)
Cache-Control: no-cache
Content-Type: application/json; charset=utf-8
host: localhost:56827
accept: */*

Response DefaultHttpResponse(decodeResult: success, version: HTTP/1.1)
HTTP/1.1 200 OK
content-type: application/json; charset=utf-8
cache-control: no-cache
date: Sun, 06 Oct 2024 01:21:20 GMT
content-length: 52

20:21:21.008 [AsyncHttpClient-1-2] DEBUG org.asynchttpclient.netty.channel.ChannelManager - Adding key: http://localhost:56827 for channel [id: 0xcfc56771, L:/127.0.0.1:56154 - R:localhost/127.0.0.1:56827]
20:21:21.010 [main] DEBUG net.thucydides.core.steps.StepInterceptor - STARTING STEP: AddToCart.performAs - {0} clicks on #target
20:21:21.012 [main] DEBUG net.serenitybdd.screenplay.targets.IFrameSwitcher - default content already selected for sauce-labs-backpack add to cart button
20:21:21.030 [Forwarding findElement on session e5cb48ea-8c77-47d5-b94c-62549c0f59de to remote] DEBUG org.asynchttpclient.netty.request.NettyRequestSender - Using pooled Channel '[id: 0xcfc56771, L:/127.0.0.1:56154 - R:localhost/127.0.0.1:56827]' for 'POST' to 'http://localhost:56827/session/e5cb48ea-8c77-47d5-b94c-62549c0f59de/element'
20:21:21.031 [Forwarding findElement on session e5cb48ea-8c77-47d5-b94c-62549c0f59de to remote] DEBUG org.asynchttpclient.netty.request.NettyRequestSender - Using open Channel [id: 0xcfc56771, L:/127.0.0.1:56154 - R:localhost/127.0.0.1:56827] for POST '/session/e5cb48ea-8c77-47d5-b94c-62549c0f59de/element'
20:21:21.033 [AsyncHttpClient-1-2] DEBUG org.asynchttpclient.netty.handler.HttpHandler - 

Request DefaultHttpRequest(decodeResult: success, version: HTTP/1.1)
POST /session/e5cb48ea-8c77-47d5-b94c-62549c0f59de/element HTTP/1.1
User-Agent: selenium/4.4.0 (java windows)
Content-Length: 101
Content-Type: application/json; charset=utf-8
host: localhost:56827
accept: */*

Response DefaultHttpResponse(decodeResult: success, version: HTTP/1.1)
HTTP/1.1 200 OK
content-type: application/json; charset=utf-8
cache-control: no-cache
date: Sun, 06 Oct 2024 01:21:20 GMT
content-length: 88

20:21:21.033 [AsyncHttpClient-1-2] DEBUG org.asynchttpclient.netty.channel.ChannelManager - Adding key: http://localhost:56827 for channel [id: 0xcfc56771, L:/127.0.0.1:56154 - R:localhost/127.0.0.1:56827]
20:21:21.036 [Forwarding isElementDisplayed on session e5cb48ea-8c77-47d5-b94c-62549c0f59de to remote] DEBUG org.asynchttpclient.netty.request.NettyRequestSender - Using pooled Channel '[id: 0xcfc56771, L:/127.0.0.1:56154 - R:localhost/127.0.0.1:56827]' for 'POST' to 'http://localhost:56827/session/e5cb48ea-8c77-47d5-b94c-62549c0f59de/execute/sync'
20:21:21.036 [Forwarding isElementDisplayed on session e5cb48ea-8c77-47d5-b94c-62549c0f59de to remote] DEBUG org.asynchttpclient.netty.request.NettyRequestSender - Using open Channel [id: 0xcfc56771, L:/127.0.0.1:56154 - R:localhost/127.0.0.1:56827] for POST '/session/e5cb48ea-8c77-47d5-b94c-62549c0f59de/execute/sync'
20:21:21.045 [AsyncHttpClient-1-2] DEBUG org.asynchttpclient.netty.handler.HttpHandler - 

Request DefaultHttpRequest(decodeResult: success, version: HTTP/1.1)
POST /session/e5cb48ea-8c77-47d5-b94c-62549c0f59de/execute/sync HTTP/1.1
User-Agent: selenium/4.4.0 (java windows)
Content-Length: 48780
Content-Type: application/json; charset=utf-8
host: localhost:56827
accept: */*

Response DefaultHttpResponse(decodeResult: success, version: HTTP/1.1)
HTTP/1.1 200 OK
content-type: application/json; charset=utf-8
cache-control: no-cache
date: Sun, 06 Oct 2024 01:21:20 GMT
content-length: 14

20:21:21.045 [AsyncHttpClient-1-2] DEBUG org.asynchttpclient.netty.channel.ChannelManager - Adding key: http://localhost:56827 for channel [id: 0xcfc56771, L:/127.0.0.1:56154 - R:localhost/127.0.0.1:56827]
20:21:21.047 [Forwarding findElement on session e5cb48ea-8c77-47d5-b94c-62549c0f59de to remote] DEBUG org.asynchttpclient.netty.request.NettyRequestSender - Using pooled Channel '[id: 0xcfc56771, L:/127.0.0.1:56154 - R:localhost/127.0.0.1:56827]' for 'POST' to 'http://localhost:56827/session/e5cb48ea-8c77-47d5-b94c-62549c0f59de/element'
20:21:21.047 [Forwarding findElement on session e5cb48ea-8c77-47d5-b94c-62549c0f59de to remote] DEBUG org.asynchttpclient.netty.request.NettyRequestSender - Using open Channel [id: 0xcfc56771, L:/127.0.0.1:56154 - R:localhost/127.0.0.1:56827] for POST '/session/e5cb48ea-8c77-47d5-b94c-62549c0f59de/element'
20:21:21.049 [AsyncHttpClient-1-2] DEBUG org.asynchttpclient.netty.handler.HttpHandler - 

Request DefaultHttpRequest(decodeResult: success, version: HTTP/1.1)
POST /session/e5cb48ea-8c77-47d5-b94c-62549c0f59de/element HTTP/1.1
User-Agent: selenium/4.4.0 (java windows)
Content-Length: 101
Content-Type: application/json; charset=utf-8
host: localhost:56827
accept: */*

Response DefaultHttpResponse(decodeResult: success, version: HTTP/1.1)
HTTP/1.1 200 OK
content-type: application/json; charset=utf-8
cache-control: no-cache
date: Sun, 06 Oct 2024 01:21:20 GMT
content-length: 88

20:21:21.050 [AsyncHttpClient-1-2] DEBUG org.asynchttpclient.netty.channel.ChannelManager - Adding key: http://localhost:56827 for channel [id: 0xcfc56771, L:/127.0.0.1:56154 - R:localhost/127.0.0.1:56827]
20:21:21.051 [Forwarding clickElement on session e5cb48ea-8c77-47d5-b94c-62549c0f59de to remote] DEBUG org.asynchttpclient.netty.request.NettyRequestSender - Using pooled Channel '[id: 0xcfc56771, L:/127.0.0.1:56154 - R:localhost/127.0.0.1:56827]' for 'POST' to 'http://localhost:56827/session/e5cb48ea-8c77-47d5-b94c-62549c0f59de/element/ce9b509a-e5d8-4472-ad70-709e2670158b/click'
20:21:21.051 [Forwarding clickElement on session e5cb48ea-8c77-47d5-b94c-62549c0f59de to remote] DEBUG org.asynchttpclient.netty.request.NettyRequestSender - Using open Channel [id: 0xcfc56771, L:/127.0.0.1:56154 - R:localhost/127.0.0.1:56827] for POST '/session/e5cb48ea-8c77-47d5-b94c-62549c0f59de/element/ce9b509a-e5d8-4472-ad70-709e2670158b/click'
20:21:21.260 [AsyncHttpClient-1-2] DEBUG org.asynchttpclient.netty.handler.HttpHandler - 

Request DefaultHttpRequest(decodeResult: success, version: HTTP/1.1)
POST /session/e5cb48ea-8c77-47d5-b94c-62549c0f59de/element/ce9b509a-e5d8-4472-ad70-709e2670158b/click HTTP/1.1
User-Agent: selenium/4.4.0 (java windows)
Content-Length: 50
Content-Type: application/json; charset=utf-8
host: localhost:56827
accept: */*

Response DefaultHttpResponse(decodeResult: success, version: HTTP/1.1)
HTTP/1.1 200 OK
content-type: application/json; charset=utf-8
cache-control: no-cache
date: Sun, 06 Oct 2024 01:21:20 GMT
content-length: 14

20:21:21.260 [AsyncHttpClient-1-2] DEBUG org.asynchttpclient.netty.channel.ChannelManager - Adding key: http://localhost:56827 for channel [id: 0xcfc56771, L:/127.0.0.1:56154 - R:localhost/127.0.0.1:56827]
20:21:21.272 [Forwarding getCurrentWindowHandle on session e5cb48ea-8c77-47d5-b94c-62549c0f59de to remote] DEBUG org.asynchttpclient.netty.request.NettyRequestSender - Using pooled Channel '[id: 0xcfc56771, L:/127.0.0.1:56154 - R:localhost/127.0.0.1:56827]' for 'GET' to 'http://localhost:56827/session/e5cb48ea-8c77-47d5-b94c-62549c0f59de/window'
20:21:21.272 [Forwarding getCurrentWindowHandle on session e5cb48ea-8c77-47d5-b94c-62549c0f59de to remote] DEBUG org.asynchttpclient.netty.request.NettyRequestSender - Using open Channel [id: 0xcfc56771, L:/127.0.0.1:56154 - R:localhost/127.0.0.1:56827] for GET '/session/e5cb48ea-8c77-47d5-b94c-62549c0f59de/window'
20:21:21.274 [AsyncHttpClient-1-2] DEBUG org.asynchttpclient.netty.handler.HttpHandler - 

Request DefaultFullHttpRequest(decodeResult: success, version: HTTP/1.1, content: EmptyByteBufBE)
GET /session/e5cb48ea-8c77-47d5-b94c-62549c0f59de/window HTTP/1.1
User-Agent: selenium/4.4.0 (java windows)
Cache-Control: no-cache
Content-Type: application/json; charset=utf-8
host: localhost:56827
accept: */*

Response DefaultHttpResponse(decodeResult: success, version: HTTP/1.1)
HTTP/1.1 200 OK
content-type: application/json; charset=utf-8
cache-control: no-cache
date: Sun, 06 Oct 2024 01:21:21 GMT
content-length: 48

20:21:21.274 [AsyncHttpClient-1-2] DEBUG org.asynchttpclient.netty.channel.ChannelManager - Adding key: http://localhost:56827 for channel [id: 0xcfc56771, L:/127.0.0.1:56154 - R:localhost/127.0.0.1:56827]
20:21:21.275 [Forwarding getAlertText on session e5cb48ea-8c77-47d5-b94c-62549c0f59de to remote] DEBUG org.asynchttpclient.netty.request.NettyRequestSender - Using pooled Channel '[id: 0xcfc56771, L:/127.0.0.1:56154 - R:localhost/127.0.0.1:56827]' for 'GET' to 'http://localhost:56827/session/e5cb48ea-8c77-47d5-b94c-62549c0f59de/alert/text'
20:21:21.275 [Forwarding getAlertText on session e5cb48ea-8c77-47d5-b94c-62549c0f59de to remote] DEBUG org.asynchttpclient.netty.request.NettyRequestSender - Using open Channel [id: 0xcfc56771, L:/127.0.0.1:56154 - R:localhost/127.0.0.1:56827] for GET '/session/e5cb48ea-8c77-47d5-b94c-62549c0f59de/alert/text'
20:21:21.276 [AsyncHttpClient-1-2] DEBUG org.asynchttpclient.netty.handler.HttpHandler - 

Request DefaultFullHttpRequest(decodeResult: success, version: HTTP/1.1, content: EmptyByteBufBE)
GET /session/e5cb48ea-8c77-47d5-b94c-62549c0f59de/alert/text HTTP/1.1
User-Agent: selenium/4.4.0 (java windows)
Cache-Control: no-cache
Content-Type: application/json; charset=utf-8
host: localhost:56827
accept: */*

Response DefaultHttpResponse(decodeResult: success, version: HTTP/1.1)
HTTP/1.1 404 Not Found
content-type: application/json; charset=utf-8
cache-control: no-cache
date: Sun, 06 Oct 2024 01:21:21 GMT
content-length: 842

20:21:21.276 [AsyncHttpClient-1-2] DEBUG org.asynchttpclient.netty.channel.ChannelManager - Adding key: http://localhost:56827 for channel [id: 0xcfc56771, L:/127.0.0.1:56154 - R:localhost/127.0.0.1:56827]
20:21:21.278 [Forwarding switchToWindow on session e5cb48ea-8c77-47d5-b94c-62549c0f59de to remote] DEBUG org.asynchttpclient.netty.request.NettyRequestSender - Using pooled Channel '[id: 0xcfc56771, L:/127.0.0.1:56154 - R:localhost/127.0.0.1:56827]' for 'POST' to 'http://localhost:56827/session/e5cb48ea-8c77-47d5-b94c-62549c0f59de/window'
20:21:21.278 [Forwarding switchToWindow on session e5cb48ea-8c77-47d5-b94c-62549c0f59de to remote] DEBUG org.asynchttpclient.netty.request.NettyRequestSender - Using open Channel [id: 0xcfc56771, L:/127.0.0.1:56154 - R:localhost/127.0.0.1:56827] for POST '/session/e5cb48ea-8c77-47d5-b94c-62549c0f59de/window'
20:21:21.279 [AsyncHttpClient-1-2] DEBUG org.asynchttpclient.netty.handler.HttpHandler - 

Request DefaultHttpRequest(decodeResult: success, version: HTTP/1.1)
POST /session/e5cb48ea-8c77-47d5-b94c-62549c0f59de/window HTTP/1.1
User-Agent: selenium/4.4.0 (java windows)
Content-Length: 54
Content-Type: application/json; charset=utf-8
host: localhost:56827
accept: */*

Response DefaultHttpResponse(decodeResult: success, version: HTTP/1.1)
HTTP/1.1 200 OK
content-type: application/json; charset=utf-8
cache-control: no-cache
date: Sun, 06 Oct 2024 01:21:21 GMT
content-length: 14

20:21:21.279 [AsyncHttpClient-1-2] DEBUG org.asynchttpclient.netty.channel.ChannelManager - Adding key: http://localhost:56827 for channel [id: 0xcfc56771, L:/127.0.0.1:56154 - R:localhost/127.0.0.1:56827]
20:21:21.280 [Forwarding getCurrentUrl on session e5cb48ea-8c77-47d5-b94c-62549c0f59de to remote] DEBUG org.asynchttpclient.netty.request.NettyRequestSender - Using pooled Channel '[id: 0xcfc56771, L:/127.0.0.1:56154 - R:localhost/127.0.0.1:56827]' for 'GET' to 'http://localhost:56827/session/e5cb48ea-8c77-47d5-b94c-62549c0f59de/url'
20:21:21.280 [Forwarding getCurrentUrl on session e5cb48ea-8c77-47d5-b94c-62549c0f59de to remote] DEBUG org.asynchttpclient.netty.request.NettyRequestSender - Using open Channel [id: 0xcfc56771, L:/127.0.0.1:56154 - R:localhost/127.0.0.1:56827] for GET '/session/e5cb48ea-8c77-47d5-b94c-62549c0f59de/url'
20:21:21.281 [AsyncHttpClient-1-2] DEBUG org.asynchttpclient.netty.handler.HttpHandler - 

Request DefaultFullHttpRequest(decodeResult: success, version: HTTP/1.1, content: EmptyByteBufBE)
GET /session/e5cb48ea-8c77-47d5-b94c-62549c0f59de/url HTTP/1.1
User-Agent: selenium/4.4.0 (java windows)
Cache-Control: no-cache
Content-Type: application/json; charset=utf-8
host: localhost:56827
accept: */*

Response DefaultHttpResponse(decodeResult: success, version: HTTP/1.1)
HTTP/1.1 200 OK
content-type: application/json; charset=utf-8
cache-control: no-cache
date: Sun, 06 Oct 2024 01:21:21 GMT
content-length: 52

20:21:21.281 [AsyncHttpClient-1-2] DEBUG org.asynchttpclient.netty.channel.ChannelManager - Adding key: http://localhost:56827 for channel [id: 0xcfc56771, L:/127.0.0.1:56154 - R:localhost/127.0.0.1:56827]
20:21:21.282 [Forwarding screenshot on session e5cb48ea-8c77-47d5-b94c-62549c0f59de to remote] DEBUG org.asynchttpclient.netty.request.NettyRequestSender - Using pooled Channel '[id: 0xcfc56771, L:/127.0.0.1:56154 - R:localhost/127.0.0.1:56827]' for 'GET' to 'http://localhost:56827/session/e5cb48ea-8c77-47d5-b94c-62549c0f59de/screenshot'
20:21:21.282 [Forwarding screenshot on session e5cb48ea-8c77-47d5-b94c-62549c0f59de to remote] DEBUG org.asynchttpclient.netty.request.NettyRequestSender - Using open Channel [id: 0xcfc56771, L:/127.0.0.1:56154 - R:localhost/127.0.0.1:56827] for GET '/session/e5cb48ea-8c77-47d5-b94c-62549c0f59de/screenshot'
20:21:21.331 [AsyncHttpClient-1-2] DEBUG org.asynchttpclient.netty.handler.HttpHandler - 

Request DefaultFullHttpRequest(decodeResult: success, version: HTTP/1.1, content: EmptyByteBufBE)
GET /session/e5cb48ea-8c77-47d5-b94c-62549c0f59de/screenshot HTTP/1.1
User-Agent: selenium/4.4.0 (java windows)
Cache-Control: no-cache
Content-Type: application/json; charset=utf-8
host: localhost:56827
accept: */*

Response DefaultHttpResponse(decodeResult: success, version: HTTP/1.1)
HTTP/1.1 200 OK
content-type: application/json; charset=utf-8
cache-control: no-cache
date: Sun, 06 Oct 2024 01:21:21 GMT
content-length: 512740

20:21:21.332 [AsyncHttpClient-1-2] DEBUG org.asynchttpclient.netty.channel.ChannelManager - Adding key: http://localhost:56827 for channel [id: 0xcfc56771, L:/127.0.0.1:56154 - R:localhost/127.0.0.1:56827]
20:21:21.340 [main] DEBUG net.serenitybdd.core.photography.Darkroom - Send negative for processing for target\site\serenity\7a9c2e99fa347582dc20a33c288f4082b2205ed171d67f184bf80ce3d8dd697a.png
20:21:21.340 [Darkroom Processing Line] DEBUG net.serenitybdd.core.photography.DarkroomProcessingLine - Processing screenshot image in /var/screenshots/screenshot-17956110828602427270
20:21:21.340 [Darkroom Processing Line] DEBUG net.serenitybdd.core.photography.DarkroomProcessingLine - Saving screenshot to target\site\serenity\7a9c2e99fa347582dc20a33c288f4082b2205ed171d67f184bf80ce3d8dd697a.png
20:21:21.340 [main] DEBUG net.thucydides.core.steps.StepInterceptor - STEP DONE: {0} clicks on #target
20:21:21.344 [main] DEBUG net.thucydides.core.steps.StepInterceptor - STEP DONE: performAs
20:21:21.349 [Forwarding getPageSource on session e5cb48ea-8c77-47d5-b94c-62549c0f59de to remote] DEBUG org.asynchttpclient.netty.request.NettyRequestSender - Using pooled Channel '[id: 0xcfc56771, L:/127.0.0.1:56154 - R:localhost/127.0.0.1:56827]' for 'POST' to 'http://localhost:56827/session/e5cb48ea-8c77-47d5-b94c-62549c0f59de/execute/sync'
20:21:21.349 [Forwarding getPageSource on session e5cb48ea-8c77-47d5-b94c-62549c0f59de to remote] DEBUG org.asynchttpclient.netty.request.NettyRequestSender - Using open Channel [id: 0xcfc56771, L:/127.0.0.1:56154 - R:localhost/127.0.0.1:56827] for POST '/session/e5cb48ea-8c77-47d5-b94c-62549c0f59de/execute/sync'
20:21:21.354 [AsyncHttpClient-1-2] DEBUG org.asynchttpclient.netty.handler.HttpHandler - 

Request DefaultHttpRequest(decodeResult: success, version: HTTP/1.1)
POST /session/e5cb48ea-8c77-47d5-b94c-62549c0f59de/execute/sync HTTP/1.1
User-Agent: selenium/4.4.0 (java windows)
Content-Length: 176
Content-Type: application/json; charset=utf-8
host: localhost:56827
accept: */*

Response DefaultHttpResponse(decodeResult: success, version: HTTP/1.1)
HTTP/1.1 200 OK
content-type: application/json; charset=utf-8
cache-control: no-cache
date: Sun, 06 Oct 2024 01:21:21 GMT
content-length: 17466

20:21:21.355 [AsyncHttpClient-1-2] DEBUG org.asynchttpclient.netty.channel.ChannelManager - Adding key: http://localhost:56827 for channel [id: 0xcfc56771, L:/127.0.0.1:56154 - R:localhost/127.0.0.1:56827]
20:21:21.359 [Forwarding getCurrentUrl on session e5cb48ea-8c77-47d5-b94c-62549c0f59de to remote] DEBUG org.asynchttpclient.netty.request.NettyRequestSender - Using pooled Channel '[id: 0xcfc56771, L:/127.0.0.1:56154 - R:localhost/127.0.0.1:56827]' for 'GET' to 'http://localhost:56827/session/e5cb48ea-8c77-47d5-b94c-62549c0f59de/url'
20:21:21.359 [Forwarding getCurrentUrl on session e5cb48ea-8c77-47d5-b94c-62549c0f59de to remote] DEBUG org.asynchttpclient.netty.request.NettyRequestSender - Using open Channel [id: 0xcfc56771, L:/127.0.0.1:56154 - R:localhost/127.0.0.1:56827] for GET '/session/e5cb48ea-8c77-47d5-b94c-62549c0f59de/url'
20:21:21.361 [AsyncHttpClient-1-2] DEBUG org.asynchttpclient.netty.handler.HttpHandler - 

Request DefaultFullHttpRequest(decodeResult: success, version: HTTP/1.1, content: EmptyByteBufBE)
GET /session/e5cb48ea-8c77-47d5-b94c-62549c0f59de/url HTTP/1.1
User-Agent: selenium/4.4.0 (java windows)
Cache-Control: no-cache
Content-Type: application/json; charset=utf-8
host: localhost:56827
accept: */*

Response DefaultHttpResponse(decodeResult: success, version: HTTP/1.1)
HTTP/1.1 200 OK
content-type: application/json; charset=utf-8
cache-control: no-cache
date: Sun, 06 Oct 2024 01:21:21 GMT
content-length: 52

20:21:21.361 [AsyncHttpClient-1-2] DEBUG org.asynchttpclient.netty.channel.ChannelManager - Adding key: http://localhost:56827 for channel [id: 0xcfc56771, L:/127.0.0.1:56154 - R:localhost/127.0.0.1:56827]
20:21:21.368 [main] DEBUG net.thucydides.core.steps.StepInterceptor - STARTING STEP: LoginStepDefinitions.adds_and_to_the_cart - performAs
20:21:21.383 [Forwarding getPageSource on session e5cb48ea-8c77-47d5-b94c-62549c0f59de to remote] DEBUG org.asynchttpclient.netty.request.NettyRequestSender - Using pooled Channel '[id: 0xcfc56771, L:/127.0.0.1:56154 - R:localhost/127.0.0.1:56827]' for 'POST' to 'http://localhost:56827/session/e5cb48ea-8c77-47d5-b94c-62549c0f59de/execute/sync'
20:21:21.383 [Forwarding getPageSource on session e5cb48ea-8c77-47d5-b94c-62549c0f59de to remote] DEBUG org.asynchttpclient.netty.request.NettyRequestSender - Using open Channel [id: 0xcfc56771, L:/127.0.0.1:56154 - R:localhost/127.0.0.1:56827] for POST '/session/e5cb48ea-8c77-47d5-b94c-62549c0f59de/execute/sync'
20:21:21.389 [AsyncHttpClient-1-2] DEBUG org.asynchttpclient.netty.handler.HttpHandler - 

Request DefaultHttpRequest(decodeResult: success, version: HTTP/1.1)
POST /session/e5cb48ea-8c77-47d5-b94c-62549c0f59de/execute/sync HTTP/1.1
User-Agent: selenium/4.4.0 (java windows)
Content-Length: 176
Content-Type: application/json; charset=utf-8
host: localhost:56827
accept: */*

Response DefaultHttpResponse(decodeResult: success, version: HTTP/1.1)
HTTP/1.1 200 OK
content-type: application/json; charset=utf-8
cache-control: no-cache
date: Sun, 06 Oct 2024 01:21:21 GMT
content-length: 17466

20:21:21.390 [AsyncHttpClient-1-2] DEBUG org.asynchttpclient.netty.channel.ChannelManager - Adding key: http://localhost:56827 for channel [id: 0xcfc56771, L:/127.0.0.1:56154 - R:localhost/127.0.0.1:56827]
20:21:21.394 [Forwarding getCurrentUrl on session e5cb48ea-8c77-47d5-b94c-62549c0f59de to remote] DEBUG org.asynchttpclient.netty.request.NettyRequestSender - Using pooled Channel '[id: 0xcfc56771, L:/127.0.0.1:56154 - R:localhost/127.0.0.1:56827]' for 'GET' to 'http://localhost:56827/session/e5cb48ea-8c77-47d5-b94c-62549c0f59de/url'
20:21:21.394 [Forwarding getCurrentUrl on session e5cb48ea-8c77-47d5-b94c-62549c0f59de to remote] DEBUG org.asynchttpclient.netty.request.NettyRequestSender - Using open Channel [id: 0xcfc56771, L:/127.0.0.1:56154 - R:localhost/127.0.0.1:56827] for GET '/session/e5cb48ea-8c77-47d5-b94c-62549c0f59de/url'
20:21:21.396 [AsyncHttpClient-1-2] DEBUG org.asynchttpclient.netty.handler.HttpHandler - 

Request DefaultFullHttpRequest(decodeResult: success, version: HTTP/1.1, content: EmptyByteBufBE)
GET /session/e5cb48ea-8c77-47d5-b94c-62549c0f59de/url HTTP/1.1
User-Agent: selenium/4.4.0 (java windows)
Cache-Control: no-cache
Content-Type: application/json; charset=utf-8
host: localhost:56827
accept: */*

Response DefaultHttpResponse(decodeResult: success, version: HTTP/1.1)
HTTP/1.1 200 OK
content-type: application/json; charset=utf-8
cache-control: no-cache
date: Sun, 06 Oct 2024 01:21:21 GMT
content-length: 52

20:21:21.397 [AsyncHttpClient-1-2] DEBUG org.asynchttpclient.netty.channel.ChannelManager - Adding key: http://localhost:56827 for channel [id: 0xcfc56771, L:/127.0.0.1:56154 - R:localhost/127.0.0.1:56827]
20:21:21.399 [main] DEBUG net.thucydides.core.steps.StepInterceptor - STARTING STEP: AddToCart.performAs - {0} clicks on #target
20:21:21.400 [main] DEBUG net.serenitybdd.screenplay.targets.IFrameSwitcher - default content already selected for sauce-labs-bike-light add to cart button
20:21:21.404 [Forwarding findElement on session e5cb48ea-8c77-47d5-b94c-62549c0f59de to remote] DEBUG org.asynchttpclient.netty.request.NettyRequestSender - Using pooled Channel '[id: 0xcfc56771, L:/127.0.0.1:56154 - R:localhost/127.0.0.1:56827]' for 'POST' to 'http://localhost:56827/session/e5cb48ea-8c77-47d5-b94c-62549c0f59de/element'
20:21:21.404 [Forwarding findElement on session e5cb48ea-8c77-47d5-b94c-62549c0f59de to remote] DEBUG org.asynchttpclient.netty.request.NettyRequestSender - Using open Channel [id: 0xcfc56771, L:/127.0.0.1:56154 - R:localhost/127.0.0.1:56827] for POST '/session/e5cb48ea-8c77-47d5-b94c-62549c0f59de/element'
20:21:21.408 [AsyncHttpClient-1-2] DEBUG org.asynchttpclient.netty.handler.HttpHandler - 

Request DefaultHttpRequest(decodeResult: success, version: HTTP/1.1)
POST /session/e5cb48ea-8c77-47d5-b94c-62549c0f59de/element HTTP/1.1
User-Agent: selenium/4.4.0 (java windows)
Content-Length: 103
Content-Type: application/json; charset=utf-8
host: localhost:56827
accept: */*

Response DefaultHttpResponse(decodeResult: success, version: HTTP/1.1)
HTTP/1.1 200 OK
content-type: application/json; charset=utf-8
cache-control: no-cache
date: Sun, 06 Oct 2024 01:21:21 GMT
content-length: 88

20:21:21.409 [AsyncHttpClient-1-2] DEBUG org.asynchttpclient.netty.channel.ChannelManager - Adding key: http://localhost:56827 for channel [id: 0xcfc56771, L:/127.0.0.1:56154 - R:localhost/127.0.0.1:56827]
20:21:21.414 [Forwarding isElementDisplayed on session e5cb48ea-8c77-47d5-b94c-62549c0f59de to remote] DEBUG org.asynchttpclient.netty.request.NettyRequestSender - Using pooled Channel '[id: 0xcfc56771, L:/127.0.0.1:56154 - R:localhost/127.0.0.1:56827]' for 'POST' to 'http://localhost:56827/session/e5cb48ea-8c77-47d5-b94c-62549c0f59de/execute/sync'
20:21:21.414 [Forwarding isElementDisplayed on session e5cb48ea-8c77-47d5-b94c-62549c0f59de to remote] DEBUG org.asynchttpclient.netty.request.NettyRequestSender - Using open Channel [id: 0xcfc56771, L:/127.0.0.1:56154 - R:localhost/127.0.0.1:56827] for POST '/session/e5cb48ea-8c77-47d5-b94c-62549c0f59de/execute/sync'
20:21:21.423 [AsyncHttpClient-1-2] DEBUG org.asynchttpclient.netty.handler.HttpHandler - 

Request DefaultHttpRequest(decodeResult: success, version: HTTP/1.1)
POST /session/e5cb48ea-8c77-47d5-b94c-62549c0f59de/execute/sync HTTP/1.1
User-Agent: selenium/4.4.0 (java windows)
Content-Length: 48780
Content-Type: application/json; charset=utf-8
host: localhost:56827
accept: */*

Response DefaultHttpResponse(decodeResult: success, version: HTTP/1.1)
HTTP/1.1 200 OK
content-type: application/json; charset=utf-8
cache-control: no-cache
date: Sun, 06 Oct 2024 01:21:21 GMT
content-length: 14

20:21:21.423 [AsyncHttpClient-1-2] DEBUG org.asynchttpclient.netty.channel.ChannelManager - Adding key: http://localhost:56827 for channel [id: 0xcfc56771, L:/127.0.0.1:56154 - R:localhost/127.0.0.1:56827]
20:21:21.425 [Forwarding findElement on session e5cb48ea-8c77-47d5-b94c-62549c0f59de to remote] DEBUG org.asynchttpclient.netty.request.NettyRequestSender - Using pooled Channel '[id: 0xcfc56771, L:/127.0.0.1:56154 - R:localhost/127.0.0.1:56827]' for 'POST' to 'http://localhost:56827/session/e5cb48ea-8c77-47d5-b94c-62549c0f59de/element'
20:21:21.425 [Forwarding findElement on session e5cb48ea-8c77-47d5-b94c-62549c0f59de to remote] DEBUG org.asynchttpclient.netty.request.NettyRequestSender - Using open Channel [id: 0xcfc56771, L:/127.0.0.1:56154 - R:localhost/127.0.0.1:56827] for POST '/session/e5cb48ea-8c77-47d5-b94c-62549c0f59de/element'
20:21:21.428 [AsyncHttpClient-1-2] DEBUG org.asynchttpclient.netty.handler.HttpHandler - 

Request DefaultHttpRequest(decodeResult: success, version: HTTP/1.1)
POST /session/e5cb48ea-8c77-47d5-b94c-62549c0f59de/element HTTP/1.1
User-Agent: selenium/4.4.0 (java windows)
Content-Length: 103
Content-Type: application/json; charset=utf-8
host: localhost:56827
accept: */*

Response DefaultHttpResponse(decodeResult: success, version: HTTP/1.1)
HTTP/1.1 200 OK
content-type: application/json; charset=utf-8
cache-control: no-cache
date: Sun, 06 Oct 2024 01:21:21 GMT
content-length: 88

20:21:21.429 [AsyncHttpClient-1-2] DEBUG org.asynchttpclient.netty.channel.ChannelManager - Adding key: http://localhost:56827 for channel [id: 0xcfc56771, L:/127.0.0.1:56154 - R:localhost/127.0.0.1:56827]
20:21:21.430 [Forwarding clickElement on session e5cb48ea-8c77-47d5-b94c-62549c0f59de to remote] DEBUG org.asynchttpclient.netty.request.NettyRequestSender - Using pooled Channel '[id: 0xcfc56771, L:/127.0.0.1:56154 - R:localhost/127.0.0.1:56827]' for 'POST' to 'http://localhost:56827/session/e5cb48ea-8c77-47d5-b94c-62549c0f59de/element/b91722c6-af93-4ee9-b231-7604964eba66/click'
20:21:21.430 [Forwarding clickElement on session e5cb48ea-8c77-47d5-b94c-62549c0f59de to remote] DEBUG org.asynchttpclient.netty.request.NettyRequestSender - Using open Channel [id: 0xcfc56771, L:/127.0.0.1:56154 - R:localhost/127.0.0.1:56827] for POST '/session/e5cb48ea-8c77-47d5-b94c-62549c0f59de/element/b91722c6-af93-4ee9-b231-7604964eba66/click'
20:21:21.638 [AsyncHttpClient-1-2] DEBUG org.asynchttpclient.netty.handler.HttpHandler - 

Request DefaultHttpRequest(decodeResult: success, version: HTTP/1.1)
POST /session/e5cb48ea-8c77-47d5-b94c-62549c0f59de/element/b91722c6-af93-4ee9-b231-7604964eba66/click HTTP/1.1
User-Agent: selenium/4.4.0 (java windows)
Content-Length: 50
Content-Type: application/json; charset=utf-8
host: localhost:56827
accept: */*

Response DefaultHttpResponse(decodeResult: success, version: HTTP/1.1)
HTTP/1.1 200 OK
content-type: application/json; charset=utf-8
cache-control: no-cache
date: Sun, 06 Oct 2024 01:21:21 GMT
content-length: 14

20:21:21.638 [AsyncHttpClient-1-2] DEBUG org.asynchttpclient.netty.channel.ChannelManager - Adding key: http://localhost:56827 for channel [id: 0xcfc56771, L:/127.0.0.1:56154 - R:localhost/127.0.0.1:56827]
20:21:21.657 [Forwarding getCurrentWindowHandle on session e5cb48ea-8c77-47d5-b94c-62549c0f59de to remote] DEBUG org.asynchttpclient.netty.request.NettyRequestSender - Using pooled Channel '[id: 0xcfc56771, L:/127.0.0.1:56154 - R:localhost/127.0.0.1:56827]' for 'GET' to 'http://localhost:56827/session/e5cb48ea-8c77-47d5-b94c-62549c0f59de/window'
20:21:21.657 [Forwarding getCurrentWindowHandle on session e5cb48ea-8c77-47d5-b94c-62549c0f59de to remote] DEBUG org.asynchttpclient.netty.request.NettyRequestSender - Using open Channel [id: 0xcfc56771, L:/127.0.0.1:56154 - R:localhost/127.0.0.1:56827] for GET '/session/e5cb48ea-8c77-47d5-b94c-62549c0f59de/window'
20:21:21.659 [AsyncHttpClient-1-2] DEBUG org.asynchttpclient.netty.handler.HttpHandler - 

Request DefaultFullHttpRequest(decodeResult: success, version: HTTP/1.1, content: EmptyByteBufBE)
GET /session/e5cb48ea-8c77-47d5-b94c-62549c0f59de/window HTTP/1.1
User-Agent: selenium/4.4.0 (java windows)
Cache-Control: no-cache
Content-Type: application/json; charset=utf-8
host: localhost:56827
accept: */*

Response DefaultHttpResponse(decodeResult: success, version: HTTP/1.1)
HTTP/1.1 200 OK
content-type: application/json; charset=utf-8
cache-control: no-cache
date: Sun, 06 Oct 2024 01:21:21 GMT
content-length: 48

20:21:21.659 [AsyncHttpClient-1-2] DEBUG org.asynchttpclient.netty.channel.ChannelManager - Adding key: http://localhost:56827 for channel [id: 0xcfc56771, L:/127.0.0.1:56154 - R:localhost/127.0.0.1:56827]
20:21:21.660 [Forwarding getAlertText on session e5cb48ea-8c77-47d5-b94c-62549c0f59de to remote] DEBUG org.asynchttpclient.netty.request.NettyRequestSender - Using pooled Channel '[id: 0xcfc56771, L:/127.0.0.1:56154 - R:localhost/127.0.0.1:56827]' for 'GET' to 'http://localhost:56827/session/e5cb48ea-8c77-47d5-b94c-62549c0f59de/alert/text'
20:21:21.660 [Forwarding getAlertText on session e5cb48ea-8c77-47d5-b94c-62549c0f59de to remote] DEBUG org.asynchttpclient.netty.request.NettyRequestSender - Using open Channel [id: 0xcfc56771, L:/127.0.0.1:56154 - R:localhost/127.0.0.1:56827] for GET '/session/e5cb48ea-8c77-47d5-b94c-62549c0f59de/alert/text'
20:21:21.661 [AsyncHttpClient-1-2] DEBUG org.asynchttpclient.netty.handler.HttpHandler - 

Request DefaultFullHttpRequest(decodeResult: success, version: HTTP/1.1, content: EmptyByteBufBE)
GET /session/e5cb48ea-8c77-47d5-b94c-62549c0f59de/alert/text HTTP/1.1
User-Agent: selenium/4.4.0 (java windows)
Cache-Control: no-cache
Content-Type: application/json; charset=utf-8
host: localhost:56827
accept: */*

Response DefaultHttpResponse(decodeResult: success, version: HTTP/1.1)
HTTP/1.1 404 Not Found
content-type: application/json; charset=utf-8
cache-control: no-cache
date: Sun, 06 Oct 2024 01:21:21 GMT
content-length: 842

20:21:21.661 [AsyncHttpClient-1-2] DEBUG org.asynchttpclient.netty.channel.ChannelManager - Adding key: http://localhost:56827 for channel [id: 0xcfc56771, L:/127.0.0.1:56154 - R:localhost/127.0.0.1:56827]
20:21:21.664 [Forwarding switchToWindow on session e5cb48ea-8c77-47d5-b94c-62549c0f59de to remote] DEBUG org.asynchttpclient.netty.request.NettyRequestSender - Using pooled Channel '[id: 0xcfc56771, L:/127.0.0.1:56154 - R:localhost/127.0.0.1:56827]' for 'POST' to 'http://localhost:56827/session/e5cb48ea-8c77-47d5-b94c-62549c0f59de/window'
20:21:21.664 [Forwarding switchToWindow on session e5cb48ea-8c77-47d5-b94c-62549c0f59de to remote] DEBUG org.asynchttpclient.netty.request.NettyRequestSender - Using open Channel [id: 0xcfc56771, L:/127.0.0.1:56154 - R:localhost/127.0.0.1:56827] for POST '/session/e5cb48ea-8c77-47d5-b94c-62549c0f59de/window'
20:21:21.666 [AsyncHttpClient-1-2] DEBUG org.asynchttpclient.netty.handler.HttpHandler - 

Request DefaultHttpRequest(decodeResult: success, version: HTTP/1.1)
POST /session/e5cb48ea-8c77-47d5-b94c-62549c0f59de/window HTTP/1.1
User-Agent: selenium/4.4.0 (java windows)
Content-Length: 54
Content-Type: application/json; charset=utf-8
host: localhost:56827
accept: */*

Response DefaultHttpResponse(decodeResult: success, version: HTTP/1.1)
HTTP/1.1 200 OK
content-type: application/json; charset=utf-8
cache-control: no-cache
date: Sun, 06 Oct 2024 01:21:21 GMT
content-length: 14

20:21:21.666 [AsyncHttpClient-1-2] DEBUG org.asynchttpclient.netty.channel.ChannelManager - Adding key: http://localhost:56827 for channel [id: 0xcfc56771, L:/127.0.0.1:56154 - R:localhost/127.0.0.1:56827]
20:21:21.666 [Forwarding getCurrentUrl on session e5cb48ea-8c77-47d5-b94c-62549c0f59de to remote] DEBUG org.asynchttpclient.netty.request.NettyRequestSender - Using pooled Channel '[id: 0xcfc56771, L:/127.0.0.1:56154 - R:localhost/127.0.0.1:56827]' for 'GET' to 'http://localhost:56827/session/e5cb48ea-8c77-47d5-b94c-62549c0f59de/url'
20:21:21.666 [Forwarding getCurrentUrl on session e5cb48ea-8c77-47d5-b94c-62549c0f59de to remote] DEBUG org.asynchttpclient.netty.request.NettyRequestSender - Using open Channel [id: 0xcfc56771, L:/127.0.0.1:56154 - R:localhost/127.0.0.1:56827] for GET '/session/e5cb48ea-8c77-47d5-b94c-62549c0f59de/url'
20:21:21.668 [AsyncHttpClient-1-2] DEBUG org.asynchttpclient.netty.handler.HttpHandler - 

Request DefaultFullHttpRequest(decodeResult: success, version: HTTP/1.1, content: EmptyByteBufBE)
GET /session/e5cb48ea-8c77-47d5-b94c-62549c0f59de/url HTTP/1.1
User-Agent: selenium/4.4.0 (java windows)
Cache-Control: no-cache
Content-Type: application/json; charset=utf-8
host: localhost:56827
accept: */*

Response DefaultHttpResponse(decodeResult: success, version: HTTP/1.1)
HTTP/1.1 200 OK
content-type: application/json; charset=utf-8
cache-control: no-cache
date: Sun, 06 Oct 2024 01:21:21 GMT
content-length: 52

20:21:21.668 [AsyncHttpClient-1-2] DEBUG org.asynchttpclient.netty.channel.ChannelManager - Adding key: http://localhost:56827 for channel [id: 0xcfc56771, L:/127.0.0.1:56154 - R:localhost/127.0.0.1:56827]
20:21:21.668 [Forwarding screenshot on session e5cb48ea-8c77-47d5-b94c-62549c0f59de to remote] DEBUG org.asynchttpclient.netty.request.NettyRequestSender - Using pooled Channel '[id: 0xcfc56771, L:/127.0.0.1:56154 - R:localhost/127.0.0.1:56827]' for 'GET' to 'http://localhost:56827/session/e5cb48ea-8c77-47d5-b94c-62549c0f59de/screenshot'
20:21:21.668 [Forwarding screenshot on session e5cb48ea-8c77-47d5-b94c-62549c0f59de to remote] DEBUG org.asynchttpclient.netty.request.NettyRequestSender - Using open Channel [id: 0xcfc56771, L:/127.0.0.1:56154 - R:localhost/127.0.0.1:56827] for GET '/session/e5cb48ea-8c77-47d5-b94c-62549c0f59de/screenshot'
20:21:21.717 [AsyncHttpClient-1-2] DEBUG org.asynchttpclient.netty.handler.HttpHandler - 

Request DefaultFullHttpRequest(decodeResult: success, version: HTTP/1.1, content: EmptyByteBufBE)
GET /session/e5cb48ea-8c77-47d5-b94c-62549c0f59de/screenshot HTTP/1.1
User-Agent: selenium/4.4.0 (java windows)
Cache-Control: no-cache
Content-Type: application/json; charset=utf-8
host: localhost:56827
accept: */*

Response DefaultHttpResponse(decodeResult: success, version: HTTP/1.1)
HTTP/1.1 200 OK
content-type: application/json; charset=utf-8
cache-control: no-cache
date: Sun, 06 Oct 2024 01:21:21 GMT
content-length: 512032

20:21:21.718 [AsyncHttpClient-1-2] DEBUG org.asynchttpclient.netty.channel.ChannelManager - Adding key: http://localhost:56827 for channel [id: 0xcfc56771, L:/127.0.0.1:56154 - R:localhost/127.0.0.1:56827]
20:21:21.727 [main] DEBUG net.serenitybdd.core.photography.Darkroom - Send negative for processing for target\site\serenity\213319abcb9f3eace805f9d1f8e52dad580e73949eb665e4c189fb4acdf94c68.png
20:21:21.727 [main] DEBUG net.thucydides.core.steps.StepInterceptor - STEP DONE: {0} clicks on #target
20:21:21.727 [Darkroom Processing Line] DEBUG net.serenitybdd.core.photography.DarkroomProcessingLine - Processing screenshot image in /var/screenshots/screenshot-5990180836610276424
20:21:21.727 [Darkroom Processing Line] DEBUG net.serenitybdd.core.photography.DarkroomProcessingLine - Saving screenshot to target\site\serenity\213319abcb9f3eace805f9d1f8e52dad580e73949eb665e4c189fb4acdf94c68.png
20:21:21.731 [main] DEBUG net.thucydides.core.steps.StepInterceptor - STEP DONE: performAs
20:21:21.744 [Forwarding getPageSource on session e5cb48ea-8c77-47d5-b94c-62549c0f59de to remote] DEBUG org.asynchttpclient.netty.request.NettyRequestSender - Using pooled Channel '[id: 0xcfc56771, L:/127.0.0.1:56154 - R:localhost/127.0.0.1:56827]' for 'POST' to 'http://localhost:56827/session/e5cb48ea-8c77-47d5-b94c-62549c0f59de/execute/sync'
20:21:21.744 [Forwarding getPageSource on session e5cb48ea-8c77-47d5-b94c-62549c0f59de to remote] DEBUG org.asynchttpclient.netty.request.NettyRequestSender - Using open Channel [id: 0xcfc56771, L:/127.0.0.1:56154 - R:localhost/127.0.0.1:56827] for POST '/session/e5cb48ea-8c77-47d5-b94c-62549c0f59de/execute/sync'
20:21:21.748 [AsyncHttpClient-1-2] DEBUG org.asynchttpclient.netty.handler.HttpHandler - 

Request DefaultHttpRequest(decodeResult: success, version: HTTP/1.1)
POST /session/e5cb48ea-8c77-47d5-b94c-62549c0f59de/execute/sync HTTP/1.1
User-Agent: selenium/4.4.0 (java windows)
Content-Length: 176
Content-Type: application/json; charset=utf-8
host: localhost:56827
accept: */*

Response DefaultHttpResponse(decodeResult: success, version: HTTP/1.1)
HTTP/1.1 200 OK
content-type: application/json; charset=utf-8
cache-control: no-cache
date: Sun, 06 Oct 2024 01:21:21 GMT
content-length: 17448

20:21:21.748 [AsyncHttpClient-1-2] DEBUG org.asynchttpclient.netty.channel.ChannelManager - Adding key: http://localhost:56827 for channel [id: 0xcfc56771, L:/127.0.0.1:56154 - R:localhost/127.0.0.1:56827]
20:21:21.751 [Forwarding getCurrentUrl on session e5cb48ea-8c77-47d5-b94c-62549c0f59de to remote] DEBUG org.asynchttpclient.netty.request.NettyRequestSender - Using pooled Channel '[id: 0xcfc56771, L:/127.0.0.1:56154 - R:localhost/127.0.0.1:56827]' for 'GET' to 'http://localhost:56827/session/e5cb48ea-8c77-47d5-b94c-62549c0f59de/url'
20:21:21.751 [Forwarding getCurrentUrl on session e5cb48ea-8c77-47d5-b94c-62549c0f59de to remote] DEBUG org.asynchttpclient.netty.request.NettyRequestSender - Using open Channel [id: 0xcfc56771, L:/127.0.0.1:56154 - R:localhost/127.0.0.1:56827] for GET '/session/e5cb48ea-8c77-47d5-b94c-62549c0f59de/url'
20:21:21.753 [AsyncHttpClient-1-2] DEBUG org.asynchttpclient.netty.handler.HttpHandler - 

Request DefaultFullHttpRequest(decodeResult: success, version: HTTP/1.1, content: EmptyByteBufBE)
GET /session/e5cb48ea-8c77-47d5-b94c-62549c0f59de/url HTTP/1.1
User-Agent: selenium/4.4.0 (java windows)
Cache-Control: no-cache
Content-Type: application/json; charset=utf-8
host: localhost:56827
accept: */*

Response DefaultHttpResponse(decodeResult: success, version: HTTP/1.1)
HTTP/1.1 200 OK
content-type: application/json; charset=utf-8
cache-control: no-cache
date: Sun, 06 Oct 2024 01:21:21 GMT
content-length: 52

20:21:21.754 [AsyncHttpClient-1-2] DEBUG org.asynchttpclient.netty.channel.ChannelManager - Adding key: http://localhost:56827 for channel [id: 0xcfc56771, L:/127.0.0.1:56154 - R:localhost/127.0.0.1:56827]
20:21:21.774 [Forwarding getPageSource on session e5cb48ea-8c77-47d5-b94c-62549c0f59de to remote] DEBUG org.asynchttpclient.netty.request.NettyRequestSender - Using pooled Channel '[id: 0xcfc56771, L:/127.0.0.1:56154 - R:localhost/127.0.0.1:56827]' for 'POST' to 'http://localhost:56827/session/e5cb48ea-8c77-47d5-b94c-62549c0f59de/execute/sync'
20:21:21.774 [Forwarding getPageSource on session e5cb48ea-8c77-47d5-b94c-62549c0f59de to remote] DEBUG org.asynchttpclient.netty.request.NettyRequestSender - Using open Channel [id: 0xcfc56771, L:/127.0.0.1:56154 - R:localhost/127.0.0.1:56827] for POST '/session/e5cb48ea-8c77-47d5-b94c-62549c0f59de/execute/sync'
20:21:21.779 [AsyncHttpClient-1-2] DEBUG org.asynchttpclient.netty.handler.HttpHandler - 

Request DefaultHttpRequest(decodeResult: success, version: HTTP/1.1)
POST /session/e5cb48ea-8c77-47d5-b94c-62549c0f59de/execute/sync HTTP/1.1
User-Agent: selenium/4.4.0 (java windows)
Content-Length: 176
Content-Type: application/json; charset=utf-8
host: localhost:56827
accept: */*

Response DefaultHttpResponse(decodeResult: success, version: HTTP/1.1)
HTTP/1.1 200 OK
content-type: application/json; charset=utf-8
cache-control: no-cache
date: Sun, 06 Oct 2024 01:21:21 GMT
content-length: 17448

20:21:21.779 [AsyncHttpClient-1-2] DEBUG org.asynchttpclient.netty.channel.ChannelManager - Adding key: http://localhost:56827 for channel [id: 0xcfc56771, L:/127.0.0.1:56154 - R:localhost/127.0.0.1:56827]
20:21:21.782 [Forwarding getCurrentUrl on session e5cb48ea-8c77-47d5-b94c-62549c0f59de to remote] DEBUG org.asynchttpclient.netty.request.NettyRequestSender - Using pooled Channel '[id: 0xcfc56771, L:/127.0.0.1:56154 - R:localhost/127.0.0.1:56827]' for 'GET' to 'http://localhost:56827/session/e5cb48ea-8c77-47d5-b94c-62549c0f59de/url'
20:21:21.782 [Forwarding getCurrentUrl on session e5cb48ea-8c77-47d5-b94c-62549c0f59de to remote] DEBUG org.asynchttpclient.netty.request.NettyRequestSender - Using open Channel [id: 0xcfc56771, L:/127.0.0.1:56154 - R:localhost/127.0.0.1:56827] for GET '/session/e5cb48ea-8c77-47d5-b94c-62549c0f59de/url'
20:21:21.785 [AsyncHttpClient-1-2] DEBUG org.asynchttpclient.netty.handler.HttpHandler - 

Request DefaultFullHttpRequest(decodeResult: success, version: HTTP/1.1, content: EmptyByteBufBE)
GET /session/e5cb48ea-8c77-47d5-b94c-62549c0f59de/url HTTP/1.1
User-Agent: selenium/4.4.0 (java windows)
Cache-Control: no-cache
Content-Type: application/json; charset=utf-8
host: localhost:56827
accept: */*

Response DefaultHttpResponse(decodeResult: success, version: HTTP/1.1)
HTTP/1.1 200 OK
content-type: application/json; charset=utf-8
cache-control: no-cache
date: Sun, 06 Oct 2024 01:21:21 GMT
content-length: 52

20:21:21.785 [AsyncHttpClient-1-2] DEBUG org.asynchttpclient.netty.channel.ChannelManager - Adding key: http://localhost:56827 for channel [id: 0xcfc56771, L:/127.0.0.1:56154 - R:localhost/127.0.0.1:56827]
20:21:21.788 [main] DEBUG net.thucydides.core.steps.StepInterceptor - STARTING STEP: LoginStepDefinitions.viewsTheCartAndClicksOnCheckout - {0} abre el carrito de compras
20:21:21.799 [Forwarding getCurrentWindowHandle on session e5cb48ea-8c77-47d5-b94c-62549c0f59de to remote] DEBUG org.asynchttpclient.netty.request.NettyRequestSender - Using pooled Channel '[id: 0xcfc56771, L:/127.0.0.1:56154 - R:localhost/127.0.0.1:56827]' for 'GET' to 'http://localhost:56827/session/e5cb48ea-8c77-47d5-b94c-62549c0f59de/window'
20:21:21.799 [Forwarding getCurrentWindowHandle on session e5cb48ea-8c77-47d5-b94c-62549c0f59de to remote] DEBUG org.asynchttpclient.netty.request.NettyRequestSender - Using open Channel [id: 0xcfc56771, L:/127.0.0.1:56154 - R:localhost/127.0.0.1:56827] for GET '/session/e5cb48ea-8c77-47d5-b94c-62549c0f59de/window'
20:21:21.802 [AsyncHttpClient-1-2] DEBUG org.asynchttpclient.netty.handler.HttpHandler - 

Request DefaultFullHttpRequest(decodeResult: success, version: HTTP/1.1, content: EmptyByteBufBE)
GET /session/e5cb48ea-8c77-47d5-b94c-62549c0f59de/window HTTP/1.1
User-Agent: selenium/4.4.0 (java windows)
Cache-Control: no-cache
Content-Type: application/json; charset=utf-8
host: localhost:56827
accept: */*

Response DefaultHttpResponse(decodeResult: success, version: HTTP/1.1)
HTTP/1.1 200 OK
content-type: application/json; charset=utf-8
cache-control: no-cache
date: Sun, 06 Oct 2024 01:21:21 GMT
content-length: 48

20:21:21.803 [AsyncHttpClient-1-2] DEBUG org.asynchttpclient.netty.channel.ChannelManager - Adding key: http://localhost:56827 for channel [id: 0xcfc56771, L:/127.0.0.1:56154 - R:localhost/127.0.0.1:56827]
20:21:21.804 [Forwarding getAlertText on session e5cb48ea-8c77-47d5-b94c-62549c0f59de to remote] DEBUG org.asynchttpclient.netty.request.NettyRequestSender - Using pooled Channel '[id: 0xcfc56771, L:/127.0.0.1:56154 - R:localhost/127.0.0.1:56827]' for 'GET' to 'http://localhost:56827/session/e5cb48ea-8c77-47d5-b94c-62549c0f59de/alert/text'
20:21:21.804 [Forwarding getAlertText on session e5cb48ea-8c77-47d5-b94c-62549c0f59de to remote] DEBUG org.asynchttpclient.netty.request.NettyRequestSender - Using open Channel [id: 0xcfc56771, L:/127.0.0.1:56154 - R:localhost/127.0.0.1:56827] for GET '/session/e5cb48ea-8c77-47d5-b94c-62549c0f59de/alert/text'
20:21:21.806 [AsyncHttpClient-1-2] DEBUG org.asynchttpclient.netty.handler.HttpHandler - 

Request DefaultFullHttpRequest(decodeResult: success, version: HTTP/1.1, content: EmptyByteBufBE)
GET /session/e5cb48ea-8c77-47d5-b94c-62549c0f59de/alert/text HTTP/1.1
User-Agent: selenium/4.4.0 (java windows)
Cache-Control: no-cache
Content-Type: application/json; charset=utf-8
host: localhost:56827
accept: */*

Response DefaultHttpResponse(decodeResult: success, version: HTTP/1.1)
HTTP/1.1 404 Not Found
content-type: application/json; charset=utf-8
cache-control: no-cache
date: Sun, 06 Oct 2024 01:21:21 GMT
content-length: 842

20:21:21.807 [AsyncHttpClient-1-2] DEBUG org.asynchttpclient.netty.channel.ChannelManager - Adding key: http://localhost:56827 for channel [id: 0xcfc56771, L:/127.0.0.1:56154 - R:localhost/127.0.0.1:56827]
20:21:21.809 [Forwarding switchToWindow on session e5cb48ea-8c77-47d5-b94c-62549c0f59de to remote] DEBUG org.asynchttpclient.netty.request.NettyRequestSender - Using pooled Channel '[id: 0xcfc56771, L:/127.0.0.1:56154 - R:localhost/127.0.0.1:56827]' for 'POST' to 'http://localhost:56827/session/e5cb48ea-8c77-47d5-b94c-62549c0f59de/window'
20:21:21.809 [Forwarding switchToWindow on session e5cb48ea-8c77-47d5-b94c-62549c0f59de to remote] DEBUG org.asynchttpclient.netty.request.NettyRequestSender - Using open Channel [id: 0xcfc56771, L:/127.0.0.1:56154 - R:localhost/127.0.0.1:56827] for POST '/session/e5cb48ea-8c77-47d5-b94c-62549c0f59de/window'
20:21:21.811 [AsyncHttpClient-1-2] DEBUG org.asynchttpclient.netty.handler.HttpHandler - 

Request DefaultHttpRequest(decodeResult: success, version: HTTP/1.1)
POST /session/e5cb48ea-8c77-47d5-b94c-62549c0f59de/window HTTP/1.1
User-Agent: selenium/4.4.0 (java windows)
Content-Length: 54
Content-Type: application/json; charset=utf-8
host: localhost:56827
accept: */*

Response DefaultHttpResponse(decodeResult: success, version: HTTP/1.1)
HTTP/1.1 200 OK
content-type: application/json; charset=utf-8
cache-control: no-cache
date: Sun, 06 Oct 2024 01:21:21 GMT
content-length: 14

20:21:21.811 [AsyncHttpClient-1-2] DEBUG org.asynchttpclient.netty.channel.ChannelManager - Adding key: http://localhost:56827 for channel [id: 0xcfc56771, L:/127.0.0.1:56154 - R:localhost/127.0.0.1:56827]
20:21:21.812 [Forwarding getCurrentUrl on session e5cb48ea-8c77-47d5-b94c-62549c0f59de to remote] DEBUG org.asynchttpclient.netty.request.NettyRequestSender - Using pooled Channel '[id: 0xcfc56771, L:/127.0.0.1:56154 - R:localhost/127.0.0.1:56827]' for 'GET' to 'http://localhost:56827/session/e5cb48ea-8c77-47d5-b94c-62549c0f59de/url'
20:21:21.812 [Forwarding getCurrentUrl on session e5cb48ea-8c77-47d5-b94c-62549c0f59de to remote] DEBUG org.asynchttpclient.netty.request.NettyRequestSender - Using open Channel [id: 0xcfc56771, L:/127.0.0.1:56154 - R:localhost/127.0.0.1:56827] for GET '/session/e5cb48ea-8c77-47d5-b94c-62549c0f59de/url'
20:21:21.813 [AsyncHttpClient-1-2] DEBUG org.asynchttpclient.netty.handler.HttpHandler - 

Request DefaultFullHttpRequest(decodeResult: success, version: HTTP/1.1, content: EmptyByteBufBE)
GET /session/e5cb48ea-8c77-47d5-b94c-62549c0f59de/url HTTP/1.1
User-Agent: selenium/4.4.0 (java windows)
Cache-Control: no-cache
Content-Type: application/json; charset=utf-8
host: localhost:56827
accept: */*

Response DefaultHttpResponse(decodeResult: success, version: HTTP/1.1)
HTTP/1.1 200 OK
content-type: application/json; charset=utf-8
cache-control: no-cache
date: Sun, 06 Oct 2024 01:21:21 GMT
content-length: 52

20:21:21.813 [AsyncHttpClient-1-2] DEBUG org.asynchttpclient.netty.channel.ChannelManager - Adding key: http://localhost:56827 for channel [id: 0xcfc56771, L:/127.0.0.1:56154 - R:localhost/127.0.0.1:56827]
20:21:21.814 [Forwarding screenshot on session e5cb48ea-8c77-47d5-b94c-62549c0f59de to remote] DEBUG org.asynchttpclient.netty.request.NettyRequestSender - Using pooled Channel '[id: 0xcfc56771, L:/127.0.0.1:56154 - R:localhost/127.0.0.1:56827]' for 'GET' to 'http://localhost:56827/session/e5cb48ea-8c77-47d5-b94c-62549c0f59de/screenshot'
20:21:21.814 [Forwarding screenshot on session e5cb48ea-8c77-47d5-b94c-62549c0f59de to remote] DEBUG org.asynchttpclient.netty.request.NettyRequestSender - Using open Channel [id: 0xcfc56771, L:/127.0.0.1:56154 - R:localhost/127.0.0.1:56827] for GET '/session/e5cb48ea-8c77-47d5-b94c-62549c0f59de/screenshot'
20:21:21.868 [AsyncHttpClient-1-2] DEBUG org.asynchttpclient.netty.handler.HttpHandler - 

Request DefaultFullHttpRequest(decodeResult: success, version: HTTP/1.1, content: EmptyByteBufBE)
GET /session/e5cb48ea-8c77-47d5-b94c-62549c0f59de/screenshot HTTP/1.1
User-Agent: selenium/4.4.0 (java windows)
Cache-Control: no-cache
Content-Type: application/json; charset=utf-8
host: localhost:56827
accept: */*

Response DefaultHttpResponse(decodeResult: success, version: HTTP/1.1)
HTTP/1.1 200 OK
content-type: application/json; charset=utf-8
cache-control: no-cache
date: Sun, 06 Oct 2024 01:21:21 GMT
content-length: 512032

20:21:21.869 [AsyncHttpClient-1-2] DEBUG org.asynchttpclient.netty.channel.ChannelManager - Adding key: http://localhost:56827 for channel [id: 0xcfc56771, L:/127.0.0.1:56154 - R:localhost/127.0.0.1:56827]
20:21:21.878 [main] DEBUG net.serenitybdd.core.photography.Darkroom - Send negative for processing for target\site\serenity\213319abcb9f3eace805f9d1f8e52dad580e73949eb665e4c189fb4acdf94c68.png
20:21:21.879 [Forwarding getPageSource on session e5cb48ea-8c77-47d5-b94c-62549c0f59de to remote] DEBUG org.asynchttpclient.netty.request.NettyRequestSender - Using pooled Channel '[id: 0xcfc56771, L:/127.0.0.1:56154 - R:localhost/127.0.0.1:56827]' for 'POST' to 'http://localhost:56827/session/e5cb48ea-8c77-47d5-b94c-62549c0f59de/execute/sync'
20:21:21.879 [Forwarding getPageSource on session e5cb48ea-8c77-47d5-b94c-62549c0f59de to remote] DEBUG org.asynchttpclient.netty.request.NettyRequestSender - Using open Channel [id: 0xcfc56771, L:/127.0.0.1:56154 - R:localhost/127.0.0.1:56827] for POST '/session/e5cb48ea-8c77-47d5-b94c-62549c0f59de/execute/sync'
20:21:21.882 [AsyncHttpClient-1-2] DEBUG org.asynchttpclient.netty.handler.HttpHandler - 

Request DefaultHttpRequest(decodeResult: success, version: HTTP/1.1)
POST /session/e5cb48ea-8c77-47d5-b94c-62549c0f59de/execute/sync HTTP/1.1
User-Agent: selenium/4.4.0 (java windows)
Content-Length: 176
Content-Type: application/json; charset=utf-8
host: localhost:56827
accept: */*

Response DefaultHttpResponse(decodeResult: success, version: HTTP/1.1)
HTTP/1.1 200 OK
content-type: application/json; charset=utf-8
cache-control: no-cache
date: Sun, 06 Oct 2024 01:21:21 GMT
content-length: 17448

20:21:21.882 [AsyncHttpClient-1-2] DEBUG org.asynchttpclient.netty.channel.ChannelManager - Adding key: http://localhost:56827 for channel [id: 0xcfc56771, L:/127.0.0.1:56154 - R:localhost/127.0.0.1:56827]
20:21:21.884 [Forwarding getCurrentUrl on session e5cb48ea-8c77-47d5-b94c-62549c0f59de to remote] DEBUG org.asynchttpclient.netty.request.NettyRequestSender - Using pooled Channel '[id: 0xcfc56771, L:/127.0.0.1:56154 - R:localhost/127.0.0.1:56827]' for 'GET' to 'http://localhost:56827/session/e5cb48ea-8c77-47d5-b94c-62549c0f59de/url'
20:21:21.884 [Forwarding getCurrentUrl on session e5cb48ea-8c77-47d5-b94c-62549c0f59de to remote] DEBUG org.asynchttpclient.netty.request.NettyRequestSender - Using open Channel [id: 0xcfc56771, L:/127.0.0.1:56154 - R:localhost/127.0.0.1:56827] for GET '/session/e5cb48ea-8c77-47d5-b94c-62549c0f59de/url'
20:21:21.886 [AsyncHttpClient-1-2] DEBUG org.asynchttpclient.netty.handler.HttpHandler - 

Request DefaultFullHttpRequest(decodeResult: success, version: HTTP/1.1, content: EmptyByteBufBE)
GET /session/e5cb48ea-8c77-47d5-b94c-62549c0f59de/url HTTP/1.1
User-Agent: selenium/4.4.0 (java windows)
Cache-Control: no-cache
Content-Type: application/json; charset=utf-8
host: localhost:56827
accept: */*

Response DefaultHttpResponse(decodeResult: success, version: HTTP/1.1)
HTTP/1.1 200 OK
content-type: application/json; charset=utf-8
cache-control: no-cache
date: Sun, 06 Oct 2024 01:21:21 GMT
content-length: 52

20:21:21.886 [AsyncHttpClient-1-2] DEBUG org.asynchttpclient.netty.channel.ChannelManager - Adding key: http://localhost:56827 for channel [id: 0xcfc56771, L:/127.0.0.1:56154 - R:localhost/127.0.0.1:56827]
20:21:21.887 [main] DEBUG net.thucydides.core.steps.StepInterceptor - STARTING STEP: ViewCart.performAs - {0} clicks on #locators
20:21:21.890 [Forwarding findElement on session e5cb48ea-8c77-47d5-b94c-62549c0f59de to remote] DEBUG org.asynchttpclient.netty.request.NettyRequestSender - Using pooled Channel '[id: 0xcfc56771, L:/127.0.0.1:56154 - R:localhost/127.0.0.1:56827]' for 'POST' to 'http://localhost:56827/session/e5cb48ea-8c77-47d5-b94c-62549c0f59de/element'
20:21:21.890 [Forwarding findElement on session e5cb48ea-8c77-47d5-b94c-62549c0f59de to remote] DEBUG org.asynchttpclient.netty.request.NettyRequestSender - Using open Channel [id: 0xcfc56771, L:/127.0.0.1:56154 - R:localhost/127.0.0.1:56827] for POST '/session/e5cb48ea-8c77-47d5-b94c-62549c0f59de/element'
20:21:21.892 [AsyncHttpClient-1-2] DEBUG org.asynchttpclient.netty.handler.HttpHandler - 

Request DefaultHttpRequest(decodeResult: success, version: HTTP/1.1)
POST /session/e5cb48ea-8c77-47d5-b94c-62549c0f59de/element HTTP/1.1
User-Agent: selenium/4.4.0 (java windows)
Content-Length: 63
Content-Type: application/json; charset=utf-8
host: localhost:56827
accept: */*

Response DefaultHttpResponse(decodeResult: success, version: HTTP/1.1)
HTTP/1.1 200 OK
content-type: application/json; charset=utf-8
cache-control: no-cache
date: Sun, 06 Oct 2024 01:21:21 GMT
content-length: 88

20:21:21.892 [AsyncHttpClient-1-2] DEBUG org.asynchttpclient.netty.channel.ChannelManager - Adding key: http://localhost:56827 for channel [id: 0xcfc56771, L:/127.0.0.1:56154 - R:localhost/127.0.0.1:56827]
20:21:21.895 [Forwarding isElementDisplayed on session e5cb48ea-8c77-47d5-b94c-62549c0f59de to remote] DEBUG org.asynchttpclient.netty.request.NettyRequestSender - Using pooled Channel '[id: 0xcfc56771, L:/127.0.0.1:56154 - R:localhost/127.0.0.1:56827]' for 'POST' to 'http://localhost:56827/session/e5cb48ea-8c77-47d5-b94c-62549c0f59de/execute/sync'
20:21:21.895 [Forwarding isElementDisplayed on session e5cb48ea-8c77-47d5-b94c-62549c0f59de to remote] DEBUG org.asynchttpclient.netty.request.NettyRequestSender - Using open Channel [id: 0xcfc56771, L:/127.0.0.1:56154 - R:localhost/127.0.0.1:56827] for POST '/session/e5cb48ea-8c77-47d5-b94c-62549c0f59de/execute/sync'
20:21:21.902 [AsyncHttpClient-1-2] DEBUG org.asynchttpclient.netty.handler.HttpHandler - 

Request DefaultHttpRequest(decodeResult: success, version: HTTP/1.1)
POST /session/e5cb48ea-8c77-47d5-b94c-62549c0f59de/execute/sync HTTP/1.1
User-Agent: selenium/4.4.0 (java windows)
Content-Length: 48780
Content-Type: application/json; charset=utf-8
host: localhost:56827
accept: */*

Response DefaultHttpResponse(decodeResult: success, version: HTTP/1.1)
HTTP/1.1 200 OK
content-type: application/json; charset=utf-8
cache-control: no-cache
date: Sun, 06 Oct 2024 01:21:21 GMT
content-length: 14

20:21:21.902 [AsyncHttpClient-1-2] DEBUG org.asynchttpclient.netty.channel.ChannelManager - Adding key: http://localhost:56827 for channel [id: 0xcfc56771, L:/127.0.0.1:56154 - R:localhost/127.0.0.1:56827]
20:21:21.906 [Forwarding isElementDisplayed on session e5cb48ea-8c77-47d5-b94c-62549c0f59de to remote] DEBUG org.asynchttpclient.netty.request.NettyRequestSender - Using pooled Channel '[id: 0xcfc56771, L:/127.0.0.1:56154 - R:localhost/127.0.0.1:56827]' for 'POST' to 'http://localhost:56827/session/e5cb48ea-8c77-47d5-b94c-62549c0f59de/execute/sync'
20:21:21.906 [Forwarding isElementDisplayed on session e5cb48ea-8c77-47d5-b94c-62549c0f59de to remote] DEBUG org.asynchttpclient.netty.request.NettyRequestSender - Using open Channel [id: 0xcfc56771, L:/127.0.0.1:56154 - R:localhost/127.0.0.1:56827] for POST '/session/e5cb48ea-8c77-47d5-b94c-62549c0f59de/execute/sync'
20:21:21.913 [AsyncHttpClient-1-2] DEBUG org.asynchttpclient.netty.handler.HttpHandler - 

Request DefaultHttpRequest(decodeResult: success, version: HTTP/1.1)
POST /session/e5cb48ea-8c77-47d5-b94c-62549c0f59de/execute/sync HTTP/1.1
User-Agent: selenium/4.4.0 (java windows)
Content-Length: 48780
Content-Type: application/json; charset=utf-8
host: localhost:56827
accept: */*

Response DefaultHttpResponse(decodeResult: success, version: HTTP/1.1)
HTTP/1.1 200 OK
content-type: application/json; charset=utf-8
cache-control: no-cache
date: Sun, 06 Oct 2024 01:21:21 GMT
content-length: 14

20:21:21.913 [AsyncHttpClient-1-2] DEBUG org.asynchttpclient.netty.channel.ChannelManager - Adding key: http://localhost:56827 for channel [id: 0xcfc56771, L:/127.0.0.1:56154 - R:localhost/127.0.0.1:56827]
20:21:21.914 [Forwarding clickElement on session e5cb48ea-8c77-47d5-b94c-62549c0f59de to remote] DEBUG org.asynchttpclient.netty.request.NettyRequestSender - Using pooled Channel '[id: 0xcfc56771, L:/127.0.0.1:56154 - R:localhost/127.0.0.1:56827]' for 'POST' to 'http://localhost:56827/session/e5cb48ea-8c77-47d5-b94c-62549c0f59de/element/230ca8c2-3111-4c22-881b-20725f39a123/click'
20:21:21.915 [Forwarding clickElement on session e5cb48ea-8c77-47d5-b94c-62549c0f59de to remote] DEBUG org.asynchttpclient.netty.request.NettyRequestSender - Using open Channel [id: 0xcfc56771, L:/127.0.0.1:56154 - R:localhost/127.0.0.1:56827] for POST '/session/e5cb48ea-8c77-47d5-b94c-62549c0f59de/element/230ca8c2-3111-4c22-881b-20725f39a123/click'
20:21:22.125 [AsyncHttpClient-1-2] DEBUG org.asynchttpclient.netty.handler.HttpHandler - 

Request DefaultHttpRequest(decodeResult: success, version: HTTP/1.1)
POST /session/e5cb48ea-8c77-47d5-b94c-62549c0f59de/element/230ca8c2-3111-4c22-881b-20725f39a123/click HTTP/1.1
User-Agent: selenium/4.4.0 (java windows)
Content-Length: 50
Content-Type: application/json; charset=utf-8
host: localhost:56827
accept: */*

Response DefaultHttpResponse(decodeResult: success, version: HTTP/1.1)
HTTP/1.1 200 OK
content-type: application/json; charset=utf-8
cache-control: no-cache
date: Sun, 06 Oct 2024 01:21:21 GMT
content-length: 14

20:21:22.125 [AsyncHttpClient-1-2] DEBUG org.asynchttpclient.netty.channel.ChannelManager - Adding key: http://localhost:56827 for channel [id: 0xcfc56771, L:/127.0.0.1:56154 - R:localhost/127.0.0.1:56827]
20:21:22.132 [Forwarding getCurrentWindowHandle on session e5cb48ea-8c77-47d5-b94c-62549c0f59de to remote] DEBUG org.asynchttpclient.netty.request.NettyRequestSender - Using pooled Channel '[id: 0xcfc56771, L:/127.0.0.1:56154 - R:localhost/127.0.0.1:56827]' for 'GET' to 'http://localhost:56827/session/e5cb48ea-8c77-47d5-b94c-62549c0f59de/window'
20:21:22.132 [Forwarding getCurrentWindowHandle on session e5cb48ea-8c77-47d5-b94c-62549c0f59de to remote] DEBUG org.asynchttpclient.netty.request.NettyRequestSender - Using open Channel [id: 0xcfc56771, L:/127.0.0.1:56154 - R:localhost/127.0.0.1:56827] for GET '/session/e5cb48ea-8c77-47d5-b94c-62549c0f59de/window'
20:21:22.134 [AsyncHttpClient-1-2] DEBUG org.asynchttpclient.netty.handler.HttpHandler - 

Request DefaultFullHttpRequest(decodeResult: success, version: HTTP/1.1, content: EmptyByteBufBE)
GET /session/e5cb48ea-8c77-47d5-b94c-62549c0f59de/window HTTP/1.1
User-Agent: selenium/4.4.0 (java windows)
Cache-Control: no-cache
Content-Type: application/json; charset=utf-8
host: localhost:56827
accept: */*

Response DefaultHttpResponse(decodeResult: success, version: HTTP/1.1)
HTTP/1.1 200 OK
content-type: application/json; charset=utf-8
cache-control: no-cache
date: Sun, 06 Oct 2024 01:21:21 GMT
content-length: 48

20:21:22.134 [AsyncHttpClient-1-2] DEBUG org.asynchttpclient.netty.channel.ChannelManager - Adding key: http://localhost:56827 for channel [id: 0xcfc56771, L:/127.0.0.1:56154 - R:localhost/127.0.0.1:56827]
20:21:22.135 [Forwarding getAlertText on session e5cb48ea-8c77-47d5-b94c-62549c0f59de to remote] DEBUG org.asynchttpclient.netty.request.NettyRequestSender - Using pooled Channel '[id: 0xcfc56771, L:/127.0.0.1:56154 - R:localhost/127.0.0.1:56827]' for 'GET' to 'http://localhost:56827/session/e5cb48ea-8c77-47d5-b94c-62549c0f59de/alert/text'
20:21:22.135 [Forwarding getAlertText on session e5cb48ea-8c77-47d5-b94c-62549c0f59de to remote] DEBUG org.asynchttpclient.netty.request.NettyRequestSender - Using open Channel [id: 0xcfc56771, L:/127.0.0.1:56154 - R:localhost/127.0.0.1:56827] for GET '/session/e5cb48ea-8c77-47d5-b94c-62549c0f59de/alert/text'
20:21:22.136 [AsyncHttpClient-1-2] DEBUG org.asynchttpclient.netty.handler.HttpHandler - 

Request DefaultFullHttpRequest(decodeResult: success, version: HTTP/1.1, content: EmptyByteBufBE)
GET /session/e5cb48ea-8c77-47d5-b94c-62549c0f59de/alert/text HTTP/1.1
User-Agent: selenium/4.4.0 (java windows)
Cache-Control: no-cache
Content-Type: application/json; charset=utf-8
host: localhost:56827
accept: */*

Response DefaultHttpResponse(decodeResult: success, version: HTTP/1.1)
HTTP/1.1 404 Not Found
content-type: application/json; charset=utf-8
cache-control: no-cache
date: Sun, 06 Oct 2024 01:21:21 GMT
content-length: 842

20:21:22.136 [AsyncHttpClient-1-2] DEBUG org.asynchttpclient.netty.channel.ChannelManager - Adding key: http://localhost:56827 for channel [id: 0xcfc56771, L:/127.0.0.1:56154 - R:localhost/127.0.0.1:56827]
20:21:22.137 [Forwarding switchToWindow on session e5cb48ea-8c77-47d5-b94c-62549c0f59de to remote] DEBUG org.asynchttpclient.netty.request.NettyRequestSender - Using pooled Channel '[id: 0xcfc56771, L:/127.0.0.1:56154 - R:localhost/127.0.0.1:56827]' for 'POST' to 'http://localhost:56827/session/e5cb48ea-8c77-47d5-b94c-62549c0f59de/window'
20:21:22.138 [Forwarding switchToWindow on session e5cb48ea-8c77-47d5-b94c-62549c0f59de to remote] DEBUG org.asynchttpclient.netty.request.NettyRequestSender - Using open Channel [id: 0xcfc56771, L:/127.0.0.1:56154 - R:localhost/127.0.0.1:56827] for POST '/session/e5cb48ea-8c77-47d5-b94c-62549c0f59de/window'
20:21:22.139 [AsyncHttpClient-1-2] DEBUG org.asynchttpclient.netty.handler.HttpHandler - 

Request DefaultHttpRequest(decodeResult: success, version: HTTP/1.1)
POST /session/e5cb48ea-8c77-47d5-b94c-62549c0f59de/window HTTP/1.1
User-Agent: selenium/4.4.0 (java windows)
Content-Length: 54
Content-Type: application/json; charset=utf-8
host: localhost:56827
accept: */*

Response DefaultHttpResponse(decodeResult: success, version: HTTP/1.1)
HTTP/1.1 200 OK
content-type: application/json; charset=utf-8
cache-control: no-cache
date: Sun, 06 Oct 2024 01:21:21 GMT
content-length: 14

20:21:22.139 [AsyncHttpClient-1-2] DEBUG org.asynchttpclient.netty.channel.ChannelManager - Adding key: http://localhost:56827 for channel [id: 0xcfc56771, L:/127.0.0.1:56154 - R:localhost/127.0.0.1:56827]
20:21:22.140 [Forwarding getCurrentUrl on session e5cb48ea-8c77-47d5-b94c-62549c0f59de to remote] DEBUG org.asynchttpclient.netty.request.NettyRequestSender - Using pooled Channel '[id: 0xcfc56771, L:/127.0.0.1:56154 - R:localhost/127.0.0.1:56827]' for 'GET' to 'http://localhost:56827/session/e5cb48ea-8c77-47d5-b94c-62549c0f59de/url'
20:21:22.140 [Forwarding getCurrentUrl on session e5cb48ea-8c77-47d5-b94c-62549c0f59de to remote] DEBUG org.asynchttpclient.netty.request.NettyRequestSender - Using open Channel [id: 0xcfc56771, L:/127.0.0.1:56154 - R:localhost/127.0.0.1:56827] for GET '/session/e5cb48ea-8c77-47d5-b94c-62549c0f59de/url'
20:21:22.141 [AsyncHttpClient-1-2] DEBUG org.asynchttpclient.netty.handler.HttpHandler - 

Request DefaultFullHttpRequest(decodeResult: success, version: HTTP/1.1, content: EmptyByteBufBE)
GET /session/e5cb48ea-8c77-47d5-b94c-62549c0f59de/url HTTP/1.1
User-Agent: selenium/4.4.0 (java windows)
Cache-Control: no-cache
Content-Type: application/json; charset=utf-8
host: localhost:56827
accept: */*

Response DefaultHttpResponse(decodeResult: success, version: HTTP/1.1)
HTTP/1.1 200 OK
content-type: application/json; charset=utf-8
cache-control: no-cache
date: Sun, 06 Oct 2024 01:21:21 GMT
content-length: 47

20:21:22.141 [AsyncHttpClient-1-2] DEBUG org.asynchttpclient.netty.channel.ChannelManager - Adding key: http://localhost:56827 for channel [id: 0xcfc56771, L:/127.0.0.1:56154 - R:localhost/127.0.0.1:56827]
20:21:22.142 [Forwarding screenshot on session e5cb48ea-8c77-47d5-b94c-62549c0f59de to remote] DEBUG org.asynchttpclient.netty.request.NettyRequestSender - Using pooled Channel '[id: 0xcfc56771, L:/127.0.0.1:56154 - R:localhost/127.0.0.1:56827]' for 'GET' to 'http://localhost:56827/session/e5cb48ea-8c77-47d5-b94c-62549c0f59de/screenshot'
20:21:22.142 [Forwarding screenshot on session e5cb48ea-8c77-47d5-b94c-62549c0f59de to remote] DEBUG org.asynchttpclient.netty.request.NettyRequestSender - Using open Channel [id: 0xcfc56771, L:/127.0.0.1:56154 - R:localhost/127.0.0.1:56827] for GET '/session/e5cb48ea-8c77-47d5-b94c-62549c0f59de/screenshot'
20:21:22.172 [AsyncHttpClient-1-2] DEBUG org.asynchttpclient.netty.handler.HttpHandler - 

Request DefaultFullHttpRequest(decodeResult: success, version: HTTP/1.1, content: EmptyByteBufBE)
GET /session/e5cb48ea-8c77-47d5-b94c-62549c0f59de/screenshot HTTP/1.1
User-Agent: selenium/4.4.0 (java windows)
Cache-Control: no-cache
Content-Type: application/json; charset=utf-8
host: localhost:56827
accept: */*

Response DefaultHttpResponse(decodeResult: success, version: HTTP/1.1)
HTTP/1.1 200 OK
content-type: application/json; charset=utf-8
cache-control: no-cache
date: Sun, 06 Oct 2024 01:21:21 GMT
content-length: 96260

20:21:22.172 [AsyncHttpClient-1-2] DEBUG org.asynchttpclient.netty.channel.ChannelManager - Adding key: http://localhost:56827 for channel [id: 0xcfc56771, L:/127.0.0.1:56154 - R:localhost/127.0.0.1:56827]
20:21:22.175 [main] DEBUG net.serenitybdd.core.photography.Darkroom - Send negative for processing for target\site\serenity\9c2c055b0331b20d1bd43b9ef9615deabc1d10c85de1290ceb224d8772ca4289.png
20:21:22.175 [main] DEBUG net.thucydides.core.steps.StepInterceptor - STEP DONE: {0} clicks on #locators
20:21:22.175 [Darkroom Processing Line] DEBUG net.serenitybdd.core.photography.DarkroomProcessingLine - Processing screenshot image in /var/screenshots/screenshot-11159381904337285524
20:21:22.175 [Darkroom Processing Line] DEBUG net.serenitybdd.core.photography.DarkroomProcessingLine - Saving screenshot to target\site\serenity\9c2c055b0331b20d1bd43b9ef9615deabc1d10c85de1290ceb224d8772ca4289.png
20:21:22.179 [main] DEBUG net.thucydides.core.steps.StepInterceptor - STEP DONE: {0} abre el carrito de compras
20:21:22.183 [Forwarding getPageSource on session e5cb48ea-8c77-47d5-b94c-62549c0f59de to remote] DEBUG org.asynchttpclient.netty.request.NettyRequestSender - Using pooled Channel '[id: 0xcfc56771, L:/127.0.0.1:56154 - R:localhost/127.0.0.1:56827]' for 'POST' to 'http://localhost:56827/session/e5cb48ea-8c77-47d5-b94c-62549c0f59de/execute/sync'
20:21:22.184 [Forwarding getPageSource on session e5cb48ea-8c77-47d5-b94c-62549c0f59de to remote] DEBUG org.asynchttpclient.netty.request.NettyRequestSender - Using open Channel [id: 0xcfc56771, L:/127.0.0.1:56154 - R:localhost/127.0.0.1:56827] for POST '/session/e5cb48ea-8c77-47d5-b94c-62549c0f59de/execute/sync'
20:21:22.191 [AsyncHttpClient-1-2] DEBUG org.asynchttpclient.netty.handler.HttpHandler - 

Request DefaultHttpRequest(decodeResult: success, version: HTTP/1.1)
POST /session/e5cb48ea-8c77-47d5-b94c-62549c0f59de/execute/sync HTTP/1.1
User-Agent: selenium/4.4.0 (java windows)
Content-Length: 176
Content-Type: application/json; charset=utf-8
host: localhost:56827
accept: */*

Response DefaultHttpResponse(decodeResult: success, version: HTTP/1.1)
HTTP/1.1 200 OK
content-type: application/json; charset=utf-8
cache-control: no-cache
date: Sun, 06 Oct 2024 01:21:21 GMT
content-length: 13646

20:21:22.191 [AsyncHttpClient-1-2] DEBUG org.asynchttpclient.netty.channel.ChannelManager - Adding key: http://localhost:56827 for channel [id: 0xcfc56771, L:/127.0.0.1:56154 - R:localhost/127.0.0.1:56827]
20:21:22.193 [Forwarding getCurrentUrl on session e5cb48ea-8c77-47d5-b94c-62549c0f59de to remote] DEBUG org.asynchttpclient.netty.request.NettyRequestSender - Using pooled Channel '[id: 0xcfc56771, L:/127.0.0.1:56154 - R:localhost/127.0.0.1:56827]' for 'GET' to 'http://localhost:56827/session/e5cb48ea-8c77-47d5-b94c-62549c0f59de/url'
20:21:22.193 [Forwarding getCurrentUrl on session e5cb48ea-8c77-47d5-b94c-62549c0f59de to remote] DEBUG org.asynchttpclient.netty.request.NettyRequestSender - Using open Channel [id: 0xcfc56771, L:/127.0.0.1:56154 - R:localhost/127.0.0.1:56827] for GET '/session/e5cb48ea-8c77-47d5-b94c-62549c0f59de/url'
20:21:22.195 [AsyncHttpClient-1-2] DEBUG org.asynchttpclient.netty.handler.HttpHandler - 

Request DefaultFullHttpRequest(decodeResult: success, version: HTTP/1.1, content: EmptyByteBufBE)
GET /session/e5cb48ea-8c77-47d5-b94c-62549c0f59de/url HTTP/1.1
User-Agent: selenium/4.4.0 (java windows)
Cache-Control: no-cache
Content-Type: application/json; charset=utf-8
host: localhost:56827
accept: */*

Response DefaultHttpResponse(decodeResult: success, version: HTTP/1.1)
HTTP/1.1 200 OK
content-type: application/json; charset=utf-8
cache-control: no-cache
date: Sun, 06 Oct 2024 01:21:21 GMT
content-length: 47

20:21:22.195 [AsyncHttpClient-1-2] DEBUG org.asynchttpclient.netty.channel.ChannelManager - Adding key: http://localhost:56827 for channel [id: 0xcfc56771, L:/127.0.0.1:56154 - R:localhost/127.0.0.1:56827]
20:21:22.196 [main] DEBUG net.thucydides.core.steps.StepInterceptor - STARTING STEP: LoginStepDefinitions.viewsTheCartAndClicksOnCheckout - !#title
20:21:22.203 [Forwarding getPageSource on session e5cb48ea-8c77-47d5-b94c-62549c0f59de to remote] DEBUG org.asynchttpclient.netty.request.NettyRequestSender - Using pooled Channel '[id: 0xcfc56771, L:/127.0.0.1:56154 - R:localhost/127.0.0.1:56827]' for 'POST' to 'http://localhost:56827/session/e5cb48ea-8c77-47d5-b94c-62549c0f59de/execute/sync'
20:21:22.204 [Forwarding getPageSource on session e5cb48ea-8c77-47d5-b94c-62549c0f59de to remote] DEBUG org.asynchttpclient.netty.request.NettyRequestSender - Using open Channel [id: 0xcfc56771, L:/127.0.0.1:56154 - R:localhost/127.0.0.1:56827] for POST '/session/e5cb48ea-8c77-47d5-b94c-62549c0f59de/execute/sync'
20:21:22.207 [AsyncHttpClient-1-2] DEBUG org.asynchttpclient.netty.handler.HttpHandler - 

Request DefaultHttpRequest(decodeResult: success, version: HTTP/1.1)
POST /session/e5cb48ea-8c77-47d5-b94c-62549c0f59de/execute/sync HTTP/1.1
User-Agent: selenium/4.4.0 (java windows)
Content-Length: 176
Content-Type: application/json; charset=utf-8
host: localhost:56827
accept: */*

Response DefaultHttpResponse(decodeResult: success, version: HTTP/1.1)
HTTP/1.1 200 OK
content-type: application/json; charset=utf-8
cache-control: no-cache
date: Sun, 06 Oct 2024 01:21:21 GMT
content-length: 13646

20:21:22.207 [AsyncHttpClient-1-2] DEBUG org.asynchttpclient.netty.channel.ChannelManager - Adding key: http://localhost:56827 for channel [id: 0xcfc56771, L:/127.0.0.1:56154 - R:localhost/127.0.0.1:56827]
20:21:22.208 [Forwarding getCurrentUrl on session e5cb48ea-8c77-47d5-b94c-62549c0f59de to remote] DEBUG org.asynchttpclient.netty.request.NettyRequestSender - Using pooled Channel '[id: 0xcfc56771, L:/127.0.0.1:56154 - R:localhost/127.0.0.1:56827]' for 'GET' to 'http://localhost:56827/session/e5cb48ea-8c77-47d5-b94c-62549c0f59de/url'
20:21:22.208 [Forwarding getCurrentUrl on session e5cb48ea-8c77-47d5-b94c-62549c0f59de to remote] DEBUG org.asynchttpclient.netty.request.NettyRequestSender - Using open Channel [id: 0xcfc56771, L:/127.0.0.1:56154 - R:localhost/127.0.0.1:56827] for GET '/session/e5cb48ea-8c77-47d5-b94c-62549c0f59de/url'
20:21:22.210 [AsyncHttpClient-1-2] DEBUG org.asynchttpclient.netty.handler.HttpHandler - 

Request DefaultFullHttpRequest(decodeResult: success, version: HTTP/1.1, content: EmptyByteBufBE)
GET /session/e5cb48ea-8c77-47d5-b94c-62549c0f59de/url HTTP/1.1
User-Agent: selenium/4.4.0 (java windows)
Cache-Control: no-cache
Content-Type: application/json; charset=utf-8
host: localhost:56827
accept: */*

Response DefaultHttpResponse(decodeResult: success, version: HTTP/1.1)
HTTP/1.1 200 OK
content-type: application/json; charset=utf-8
cache-control: no-cache
date: Sun, 06 Oct 2024 01:21:21 GMT
content-length: 47

20:21:22.211 [AsyncHttpClient-1-2] DEBUG org.asynchttpclient.netty.channel.ChannelManager - Adding key: http://localhost:56827 for channel [id: 0xcfc56771, L:/127.0.0.1:56154 - R:localhost/127.0.0.1:56827]
20:21:22.212 [main] DEBUG net.thucydides.core.steps.StepInterceptor - STARTING STEP: LoginStepDefinitions.viewsTheCartAndClicksOnCheckout - {0} clicks on #target
20:21:22.212 [main] DEBUG net.serenitybdd.screenplay.targets.IFrameSwitcher - default content already selected for checkout button
20:21:22.214 [Forwarding findElement on session e5cb48ea-8c77-47d5-b94c-62549c0f59de to remote] DEBUG org.asynchttpclient.netty.request.NettyRequestSender - Using pooled Channel '[id: 0xcfc56771, L:/127.0.0.1:56154 - R:localhost/127.0.0.1:56827]' for 'POST' to 'http://localhost:56827/session/e5cb48ea-8c77-47d5-b94c-62549c0f59de/element'
20:21:22.214 [Forwarding findElement on session e5cb48ea-8c77-47d5-b94c-62549c0f59de to remote] DEBUG org.asynchttpclient.netty.request.NettyRequestSender - Using open Channel [id: 0xcfc56771, L:/127.0.0.1:56154 - R:localhost/127.0.0.1:56827] for POST '/session/e5cb48ea-8c77-47d5-b94c-62549c0f59de/element'
20:21:22.217 [AsyncHttpClient-1-2] DEBUG org.asynchttpclient.netty.handler.HttpHandler - 

Request DefaultHttpRequest(decodeResult: success, version: HTTP/1.1)
POST /session/e5cb48ea-8c77-47d5-b94c-62549c0f59de/element HTTP/1.1
User-Agent: selenium/4.4.0 (java windows)
Content-Length: 53
Content-Type: application/json; charset=utf-8
host: localhost:56827
accept: */*

Response DefaultHttpResponse(decodeResult: success, version: HTTP/1.1)
HTTP/1.1 200 OK
content-type: application/json; charset=utf-8
cache-control: no-cache
date: Sun, 06 Oct 2024 01:21:21 GMT
content-length: 88

20:21:22.217 [AsyncHttpClient-1-2] DEBUG org.asynchttpclient.netty.channel.ChannelManager - Adding key: http://localhost:56827 for channel [id: 0xcfc56771, L:/127.0.0.1:56154 - R:localhost/127.0.0.1:56827]
20:21:22.219 [Forwarding isElementDisplayed on session e5cb48ea-8c77-47d5-b94c-62549c0f59de to remote] DEBUG org.asynchttpclient.netty.request.NettyRequestSender - Using pooled Channel '[id: 0xcfc56771, L:/127.0.0.1:56154 - R:localhost/127.0.0.1:56827]' for 'POST' to 'http://localhost:56827/session/e5cb48ea-8c77-47d5-b94c-62549c0f59de/execute/sync'
20:21:22.219 [Forwarding isElementDisplayed on session e5cb48ea-8c77-47d5-b94c-62549c0f59de to remote] DEBUG org.asynchttpclient.netty.request.NettyRequestSender - Using open Channel [id: 0xcfc56771, L:/127.0.0.1:56154 - R:localhost/127.0.0.1:56827] for POST '/session/e5cb48ea-8c77-47d5-b94c-62549c0f59de/execute/sync'
20:21:22.227 [AsyncHttpClient-1-2] DEBUG org.asynchttpclient.netty.handler.HttpHandler - 

Request DefaultHttpRequest(decodeResult: success, version: HTTP/1.1)
POST /session/e5cb48ea-8c77-47d5-b94c-62549c0f59de/execute/sync HTTP/1.1
User-Agent: selenium/4.4.0 (java windows)
Content-Length: 48780
Content-Type: application/json; charset=utf-8
host: localhost:56827
accept: */*

Response DefaultHttpResponse(decodeResult: success, version: HTTP/1.1)
HTTP/1.1 200 OK
content-type: application/json; charset=utf-8
cache-control: no-cache
date: Sun, 06 Oct 2024 01:21:21 GMT
content-length: 14

20:21:22.227 [AsyncHttpClient-1-2] DEBUG org.asynchttpclient.netty.channel.ChannelManager - Adding key: http://localhost:56827 for channel [id: 0xcfc56771, L:/127.0.0.1:56154 - R:localhost/127.0.0.1:56827]
20:21:22.228 [Forwarding findElement on session e5cb48ea-8c77-47d5-b94c-62549c0f59de to remote] DEBUG org.asynchttpclient.netty.request.NettyRequestSender - Using pooled Channel '[id: 0xcfc56771, L:/127.0.0.1:56154 - R:localhost/127.0.0.1:56827]' for 'POST' to 'http://localhost:56827/session/e5cb48ea-8c77-47d5-b94c-62549c0f59de/element'
20:21:22.228 [Forwarding findElement on session e5cb48ea-8c77-47d5-b94c-62549c0f59de to remote] DEBUG org.asynchttpclient.netty.request.NettyRequestSender - Using open Channel [id: 0xcfc56771, L:/127.0.0.1:56154 - R:localhost/127.0.0.1:56827] for POST '/session/e5cb48ea-8c77-47d5-b94c-62549c0f59de/element'
20:21:22.231 [AsyncHttpClient-1-2] DEBUG org.asynchttpclient.netty.handler.HttpHandler - 

Request DefaultHttpRequest(decodeResult: success, version: HTTP/1.1)
POST /session/e5cb48ea-8c77-47d5-b94c-62549c0f59de/element HTTP/1.1
User-Agent: selenium/4.4.0 (java windows)
Content-Length: 53
Content-Type: application/json; charset=utf-8
host: localhost:56827
accept: */*

Response DefaultHttpResponse(decodeResult: success, version: HTTP/1.1)
HTTP/1.1 200 OK
content-type: application/json; charset=utf-8
cache-control: no-cache
date: Sun, 06 Oct 2024 01:21:21 GMT
content-length: 88

20:21:22.231 [AsyncHttpClient-1-2] DEBUG org.asynchttpclient.netty.channel.ChannelManager - Adding key: http://localhost:56827 for channel [id: 0xcfc56771, L:/127.0.0.1:56154 - R:localhost/127.0.0.1:56827]
20:21:22.231 [Forwarding clickElement on session e5cb48ea-8c77-47d5-b94c-62549c0f59de to remote] DEBUG org.asynchttpclient.netty.request.NettyRequestSender - Using pooled Channel '[id: 0xcfc56771, L:/127.0.0.1:56154 - R:localhost/127.0.0.1:56827]' for 'POST' to 'http://localhost:56827/session/e5cb48ea-8c77-47d5-b94c-62549c0f59de/element/680aeb56-ef86-4eb5-98b9-b1c6647e1de2/click'
20:21:22.231 [Forwarding clickElement on session e5cb48ea-8c77-47d5-b94c-62549c0f59de to remote] DEBUG org.asynchttpclient.netty.request.NettyRequestSender - Using open Channel [id: 0xcfc56771, L:/127.0.0.1:56154 - R:localhost/127.0.0.1:56827] for POST '/session/e5cb48ea-8c77-47d5-b94c-62549c0f59de/element/680aeb56-ef86-4eb5-98b9-b1c6647e1de2/click'
20:21:22.444 [AsyncHttpClient-1-2] DEBUG org.asynchttpclient.netty.handler.HttpHandler - 

Request DefaultHttpRequest(decodeResult: success, version: HTTP/1.1)
POST /session/e5cb48ea-8c77-47d5-b94c-62549c0f59de/element/680aeb56-ef86-4eb5-98b9-b1c6647e1de2/click HTTP/1.1
User-Agent: selenium/4.4.0 (java windows)
Content-Length: 50
Content-Type: application/json; charset=utf-8
host: localhost:56827
accept: */*

Response DefaultHttpResponse(decodeResult: success, version: HTTP/1.1)
HTTP/1.1 200 OK
content-type: application/json; charset=utf-8
cache-control: no-cache
date: Sun, 06 Oct 2024 01:21:21 GMT
content-length: 14

20:21:22.445 [AsyncHttpClient-1-2] DEBUG org.asynchttpclient.netty.channel.ChannelManager - Adding key: http://localhost:56827 for channel [id: 0xcfc56771, L:/127.0.0.1:56154 - R:localhost/127.0.0.1:56827]
20:21:22.450 [Forwarding getCurrentWindowHandle on session e5cb48ea-8c77-47d5-b94c-62549c0f59de to remote] DEBUG org.asynchttpclient.netty.request.NettyRequestSender - Using pooled Channel '[id: 0xcfc56771, L:/127.0.0.1:56154 - R:localhost/127.0.0.1:56827]' for 'GET' to 'http://localhost:56827/session/e5cb48ea-8c77-47d5-b94c-62549c0f59de/window'
20:21:22.451 [Forwarding getCurrentWindowHandle on session e5cb48ea-8c77-47d5-b94c-62549c0f59de to remote] DEBUG org.asynchttpclient.netty.request.NettyRequestSender - Using open Channel [id: 0xcfc56771, L:/127.0.0.1:56154 - R:localhost/127.0.0.1:56827] for GET '/session/e5cb48ea-8c77-47d5-b94c-62549c0f59de/window'
20:21:22.452 [AsyncHttpClient-1-2] DEBUG org.asynchttpclient.netty.handler.HttpHandler - 

Request DefaultFullHttpRequest(decodeResult: success, version: HTTP/1.1, content: EmptyByteBufBE)
GET /session/e5cb48ea-8c77-47d5-b94c-62549c0f59de/window HTTP/1.1
User-Agent: selenium/4.4.0 (java windows)
Cache-Control: no-cache
Content-Type: application/json; charset=utf-8
host: localhost:56827
accept: */*

Response DefaultHttpResponse(decodeResult: success, version: HTTP/1.1)
HTTP/1.1 200 OK
content-type: application/json; charset=utf-8
cache-control: no-cache
date: Sun, 06 Oct 2024 01:21:22 GMT
content-length: 48

20:21:22.452 [AsyncHttpClient-1-2] DEBUG org.asynchttpclient.netty.channel.ChannelManager - Adding key: http://localhost:56827 for channel [id: 0xcfc56771, L:/127.0.0.1:56154 - R:localhost/127.0.0.1:56827]
20:21:22.453 [Forwarding getAlertText on session e5cb48ea-8c77-47d5-b94c-62549c0f59de to remote] DEBUG org.asynchttpclient.netty.request.NettyRequestSender - Using pooled Channel '[id: 0xcfc56771, L:/127.0.0.1:56154 - R:localhost/127.0.0.1:56827]' for 'GET' to 'http://localhost:56827/session/e5cb48ea-8c77-47d5-b94c-62549c0f59de/alert/text'
20:21:22.453 [Forwarding getAlertText on session e5cb48ea-8c77-47d5-b94c-62549c0f59de to remote] DEBUG org.asynchttpclient.netty.request.NettyRequestSender - Using open Channel [id: 0xcfc56771, L:/127.0.0.1:56154 - R:localhost/127.0.0.1:56827] for GET '/session/e5cb48ea-8c77-47d5-b94c-62549c0f59de/alert/text'
20:21:22.454 [AsyncHttpClient-1-2] DEBUG org.asynchttpclient.netty.handler.HttpHandler - 

Request DefaultFullHttpRequest(decodeResult: success, version: HTTP/1.1, content: EmptyByteBufBE)
GET /session/e5cb48ea-8c77-47d5-b94c-62549c0f59de/alert/text HTTP/1.1
User-Agent: selenium/4.4.0 (java windows)
Cache-Control: no-cache
Content-Type: application/json; charset=utf-8
host: localhost:56827
accept: */*

Response DefaultHttpResponse(decodeResult: success, version: HTTP/1.1)
HTTP/1.1 404 Not Found
content-type: application/json; charset=utf-8
cache-control: no-cache
date: Sun, 06 Oct 2024 01:21:22 GMT
content-length: 842

20:21:22.454 [AsyncHttpClient-1-2] DEBUG org.asynchttpclient.netty.channel.ChannelManager - Adding key: http://localhost:56827 for channel [id: 0xcfc56771, L:/127.0.0.1:56154 - R:localhost/127.0.0.1:56827]
20:21:22.457 [Forwarding switchToWindow on session e5cb48ea-8c77-47d5-b94c-62549c0f59de to remote] DEBUG org.asynchttpclient.netty.request.NettyRequestSender - Using pooled Channel '[id: 0xcfc56771, L:/127.0.0.1:56154 - R:localhost/127.0.0.1:56827]' for 'POST' to 'http://localhost:56827/session/e5cb48ea-8c77-47d5-b94c-62549c0f59de/window'
20:21:22.457 [Forwarding switchToWindow on session e5cb48ea-8c77-47d5-b94c-62549c0f59de to remote] DEBUG org.asynchttpclient.netty.request.NettyRequestSender - Using open Channel [id: 0xcfc56771, L:/127.0.0.1:56154 - R:localhost/127.0.0.1:56827] for POST '/session/e5cb48ea-8c77-47d5-b94c-62549c0f59de/window'
20:21:22.460 [AsyncHttpClient-1-2] DEBUG org.asynchttpclient.netty.handler.HttpHandler - 

Request DefaultHttpRequest(decodeResult: success, version: HTTP/1.1)
POST /session/e5cb48ea-8c77-47d5-b94c-62549c0f59de/window HTTP/1.1
User-Agent: selenium/4.4.0 (java windows)
Content-Length: 54
Content-Type: application/json; charset=utf-8
host: localhost:56827
accept: */*

Response DefaultHttpResponse(decodeResult: success, version: HTTP/1.1)
HTTP/1.1 200 OK
content-type: application/json; charset=utf-8
cache-control: no-cache
date: Sun, 06 Oct 2024 01:21:22 GMT
content-length: 14

20:21:22.460 [AsyncHttpClient-1-2] DEBUG org.asynchttpclient.netty.channel.ChannelManager - Adding key: http://localhost:56827 for channel [id: 0xcfc56771, L:/127.0.0.1:56154 - R:localhost/127.0.0.1:56827]
20:21:22.461 [Forwarding getCurrentUrl on session e5cb48ea-8c77-47d5-b94c-62549c0f59de to remote] DEBUG org.asynchttpclient.netty.request.NettyRequestSender - Using pooled Channel '[id: 0xcfc56771, L:/127.0.0.1:56154 - R:localhost/127.0.0.1:56827]' for 'GET' to 'http://localhost:56827/session/e5cb48ea-8c77-47d5-b94c-62549c0f59de/url'
20:21:22.461 [Forwarding getCurrentUrl on session e5cb48ea-8c77-47d5-b94c-62549c0f59de to remote] DEBUG org.asynchttpclient.netty.request.NettyRequestSender - Using open Channel [id: 0xcfc56771, L:/127.0.0.1:56154 - R:localhost/127.0.0.1:56827] for GET '/session/e5cb48ea-8c77-47d5-b94c-62549c0f59de/url'
20:21:22.462 [AsyncHttpClient-1-2] DEBUG org.asynchttpclient.netty.handler.HttpHandler - 

Request DefaultFullHttpRequest(decodeResult: success, version: HTTP/1.1, content: EmptyByteBufBE)
GET /session/e5cb48ea-8c77-47d5-b94c-62549c0f59de/url HTTP/1.1
User-Agent: selenium/4.4.0 (java windows)
Cache-Control: no-cache
Content-Type: application/json; charset=utf-8
host: localhost:56827
accept: */*

Response DefaultHttpResponse(decodeResult: success, version: HTTP/1.1)
HTTP/1.1 200 OK
content-type: application/json; charset=utf-8
cache-control: no-cache
date: Sun, 06 Oct 2024 01:21:22 GMT
content-length: 60

20:21:22.463 [AsyncHttpClient-1-2] DEBUG org.asynchttpclient.netty.channel.ChannelManager - Adding key: http://localhost:56827 for channel [id: 0xcfc56771, L:/127.0.0.1:56154 - R:localhost/127.0.0.1:56827]
20:21:22.463 [Forwarding screenshot on session e5cb48ea-8c77-47d5-b94c-62549c0f59de to remote] DEBUG org.asynchttpclient.netty.request.NettyRequestSender - Using pooled Channel '[id: 0xcfc56771, L:/127.0.0.1:56154 - R:localhost/127.0.0.1:56827]' for 'GET' to 'http://localhost:56827/session/e5cb48ea-8c77-47d5-b94c-62549c0f59de/screenshot'
20:21:22.463 [Forwarding screenshot on session e5cb48ea-8c77-47d5-b94c-62549c0f59de to remote] DEBUG org.asynchttpclient.netty.request.NettyRequestSender - Using open Channel [id: 0xcfc56771, L:/127.0.0.1:56154 - R:localhost/127.0.0.1:56827] for GET '/session/e5cb48ea-8c77-47d5-b94c-62549c0f59de/screenshot'
20:21:22.499 [AsyncHttpClient-1-2] DEBUG org.asynchttpclient.netty.handler.HttpHandler - 

Request DefaultFullHttpRequest(decodeResult: success, version: HTTP/1.1, content: EmptyByteBufBE)
GET /session/e5cb48ea-8c77-47d5-b94c-62549c0f59de/screenshot HTTP/1.1
User-Agent: selenium/4.4.0 (java windows)
Cache-Control: no-cache
Content-Type: application/json; charset=utf-8
host: localhost:56827
accept: */*

Response DefaultHttpResponse(decodeResult: success, version: HTTP/1.1)
HTTP/1.1 200 OK
content-type: application/json; charset=utf-8
cache-control: no-cache
date: Sun, 06 Oct 2024 01:21:22 GMT
content-length: 60608

20:21:22.499 [AsyncHttpClient-1-2] DEBUG org.asynchttpclient.netty.channel.ChannelManager - Adding key: http://localhost:56827 for channel [id: 0xcfc56771, L:/127.0.0.1:56154 - R:localhost/127.0.0.1:56827]
20:21:22.502 [main] DEBUG net.serenitybdd.core.photography.Darkroom - Send negative for processing for target\site\serenity\6beb4d0466caf97335be96d7ff74dd9b6d8d25ae9d16c8991a0df762048f755e.png
20:21:22.502 [main] DEBUG net.thucydides.core.steps.StepInterceptor - STEP DONE: {0} clicks on #target
20:21:22.502 [Darkroom Processing Line] DEBUG net.serenitybdd.core.photography.DarkroomProcessingLine - Processing screenshot image in /var/screenshots/screenshot-16006038700632976988
20:21:22.502 [Darkroom Processing Line] DEBUG net.serenitybdd.core.photography.DarkroomProcessingLine - Saving screenshot to target\site\serenity\6beb4d0466caf97335be96d7ff74dd9b6d8d25ae9d16c8991a0df762048f755e.png
20:21:22.506 [main] DEBUG net.thucydides.core.steps.StepInterceptor - STEP DONE: !#title
20:21:22.513 [Forwarding getPageSource on session e5cb48ea-8c77-47d5-b94c-62549c0f59de to remote] DEBUG org.asynchttpclient.netty.request.NettyRequestSender - Using pooled Channel '[id: 0xcfc56771, L:/127.0.0.1:56154 - R:localhost/127.0.0.1:56827]' for 'POST' to 'http://localhost:56827/session/e5cb48ea-8c77-47d5-b94c-62549c0f59de/execute/sync'
20:21:22.513 [Forwarding getPageSource on session e5cb48ea-8c77-47d5-b94c-62549c0f59de to remote] DEBUG org.asynchttpclient.netty.request.NettyRequestSender - Using open Channel [id: 0xcfc56771, L:/127.0.0.1:56154 - R:localhost/127.0.0.1:56827] for POST '/session/e5cb48ea-8c77-47d5-b94c-62549c0f59de/execute/sync'
20:21:22.516 [AsyncHttpClient-1-2] DEBUG org.asynchttpclient.netty.handler.HttpHandler - 

Request DefaultHttpRequest(decodeResult: success, version: HTTP/1.1)
POST /session/e5cb48ea-8c77-47d5-b94c-62549c0f59de/execute/sync HTTP/1.1
User-Agent: selenium/4.4.0 (java windows)
Content-Length: 176
Content-Type: application/json; charset=utf-8
host: localhost:56827
accept: */*

Response DefaultHttpResponse(decodeResult: success, version: HTTP/1.1)
HTTP/1.1 200 OK
content-type: application/json; charset=utf-8
cache-control: no-cache
date: Sun, 06 Oct 2024 01:21:22 GMT
content-length: 12559

20:21:22.516 [AsyncHttpClient-1-2] DEBUG org.asynchttpclient.netty.channel.ChannelManager - Adding key: http://localhost:56827 for channel [id: 0xcfc56771, L:/127.0.0.1:56154 - R:localhost/127.0.0.1:56827]
20:21:22.518 [Forwarding getCurrentUrl on session e5cb48ea-8c77-47d5-b94c-62549c0f59de to remote] DEBUG org.asynchttpclient.netty.request.NettyRequestSender - Using pooled Channel '[id: 0xcfc56771, L:/127.0.0.1:56154 - R:localhost/127.0.0.1:56827]' for 'GET' to 'http://localhost:56827/session/e5cb48ea-8c77-47d5-b94c-62549c0f59de/url'
20:21:22.518 [Forwarding getCurrentUrl on session e5cb48ea-8c77-47d5-b94c-62549c0f59de to remote] DEBUG org.asynchttpclient.netty.request.NettyRequestSender - Using open Channel [id: 0xcfc56771, L:/127.0.0.1:56154 - R:localhost/127.0.0.1:56827] for GET '/session/e5cb48ea-8c77-47d5-b94c-62549c0f59de/url'
20:21:22.519 [AsyncHttpClient-1-2] DEBUG org.asynchttpclient.netty.handler.HttpHandler - 

Request DefaultFullHttpRequest(decodeResult: success, version: HTTP/1.1, content: EmptyByteBufBE)
GET /session/e5cb48ea-8c77-47d5-b94c-62549c0f59de/url HTTP/1.1
User-Agent: selenium/4.4.0 (java windows)
Cache-Control: no-cache
Content-Type: application/json; charset=utf-8
host: localhost:56827
accept: */*

Response DefaultHttpResponse(decodeResult: success, version: HTTP/1.1)
HTTP/1.1 200 OK
content-type: application/json; charset=utf-8
cache-control: no-cache
date: Sun, 06 Oct 2024 01:21:22 GMT
content-length: 60

20:21:22.520 [AsyncHttpClient-1-2] DEBUG org.asynchttpclient.netty.channel.ChannelManager - Adding key: http://localhost:56827 for channel [id: 0xcfc56771, L:/127.0.0.1:56154 - R:localhost/127.0.0.1:56827]
20:21:22.535 [Forwarding getPageSource on session e5cb48ea-8c77-47d5-b94c-62549c0f59de to remote] DEBUG org.asynchttpclient.netty.request.NettyRequestSender - Using pooled Channel '[id: 0xcfc56771, L:/127.0.0.1:56154 - R:localhost/127.0.0.1:56827]' for 'POST' to 'http://localhost:56827/session/e5cb48ea-8c77-47d5-b94c-62549c0f59de/execute/sync'
20:21:22.535 [Forwarding getPageSource on session e5cb48ea-8c77-47d5-b94c-62549c0f59de to remote] DEBUG org.asynchttpclient.netty.request.NettyRequestSender - Using open Channel [id: 0xcfc56771, L:/127.0.0.1:56154 - R:localhost/127.0.0.1:56827] for POST '/session/e5cb48ea-8c77-47d5-b94c-62549c0f59de/execute/sync'
20:21:22.538 [AsyncHttpClient-1-2] DEBUG org.asynchttpclient.netty.handler.HttpHandler - 

Request DefaultHttpRequest(decodeResult: success, version: HTTP/1.1)
POST /session/e5cb48ea-8c77-47d5-b94c-62549c0f59de/execute/sync HTTP/1.1
User-Agent: selenium/4.4.0 (java windows)
Content-Length: 176
Content-Type: application/json; charset=utf-8
host: localhost:56827
accept: */*

Response DefaultHttpResponse(decodeResult: success, version: HTTP/1.1)
HTTP/1.1 200 OK
content-type: application/json; charset=utf-8
cache-control: no-cache
date: Sun, 06 Oct 2024 01:21:22 GMT
content-length: 12559

20:21:22.538 [AsyncHttpClient-1-2] DEBUG org.asynchttpclient.netty.channel.ChannelManager - Adding key: http://localhost:56827 for channel [id: 0xcfc56771, L:/127.0.0.1:56154 - R:localhost/127.0.0.1:56827]
20:21:22.540 [Forwarding getCurrentUrl on session e5cb48ea-8c77-47d5-b94c-62549c0f59de to remote] DEBUG org.asynchttpclient.netty.request.NettyRequestSender - Using pooled Channel '[id: 0xcfc56771, L:/127.0.0.1:56154 - R:localhost/127.0.0.1:56827]' for 'GET' to 'http://localhost:56827/session/e5cb48ea-8c77-47d5-b94c-62549c0f59de/url'
20:21:22.540 [Forwarding getCurrentUrl on session e5cb48ea-8c77-47d5-b94c-62549c0f59de to remote] DEBUG org.asynchttpclient.netty.request.NettyRequestSender - Using open Channel [id: 0xcfc56771, L:/127.0.0.1:56154 - R:localhost/127.0.0.1:56827] for GET '/session/e5cb48ea-8c77-47d5-b94c-62549c0f59de/url'
20:21:22.542 [AsyncHttpClient-1-2] DEBUG org.asynchttpclient.netty.handler.HttpHandler - 

Request DefaultFullHttpRequest(decodeResult: success, version: HTTP/1.1, content: EmptyByteBufBE)
GET /session/e5cb48ea-8c77-47d5-b94c-62549c0f59de/url HTTP/1.1
User-Agent: selenium/4.4.0 (java windows)
Cache-Control: no-cache
Content-Type: application/json; charset=utf-8
host: localhost:56827
accept: */*

Response DefaultHttpResponse(decodeResult: success, version: HTTP/1.1)
HTTP/1.1 200 OK
content-type: application/json; charset=utf-8
cache-control: no-cache
date: Sun, 06 Oct 2024 01:21:22 GMT
content-length: 60

20:21:22.542 [AsyncHttpClient-1-2] DEBUG org.asynchttpclient.netty.channel.ChannelManager - Adding key: http://localhost:56827 for channel [id: 0xcfc56771, L:/127.0.0.1:56154 - R:localhost/127.0.0.1:56827]
20:21:22.543 [main] DEBUG net.thucydides.core.steps.StepInterceptor - STARTING STEP: LoginStepDefinitions.completesThePurchaseWithDetails - !#title
20:21:22.548 [Forwarding getPageSource on session e5cb48ea-8c77-47d5-b94c-62549c0f59de to remote] DEBUG org.asynchttpclient.netty.request.NettyRequestSender - Using pooled Channel '[id: 0xcfc56771, L:/127.0.0.1:56154 - R:localhost/127.0.0.1:56827]' for 'POST' to 'http://localhost:56827/session/e5cb48ea-8c77-47d5-b94c-62549c0f59de/execute/sync'
20:21:22.549 [Forwarding getPageSource on session e5cb48ea-8c77-47d5-b94c-62549c0f59de to remote] DEBUG org.asynchttpclient.netty.request.NettyRequestSender - Using open Channel [id: 0xcfc56771, L:/127.0.0.1:56154 - R:localhost/127.0.0.1:56827] for POST '/session/e5cb48ea-8c77-47d5-b94c-62549c0f59de/execute/sync'
20:21:22.551 [AsyncHttpClient-1-2] DEBUG org.asynchttpclient.netty.handler.HttpHandler - 

Request DefaultHttpRequest(decodeResult: success, version: HTTP/1.1)
POST /session/e5cb48ea-8c77-47d5-b94c-62549c0f59de/execute/sync HTTP/1.1
User-Agent: selenium/4.4.0 (java windows)
Content-Length: 176
Content-Type: application/json; charset=utf-8
host: localhost:56827
accept: */*

Response DefaultHttpResponse(decodeResult: success, version: HTTP/1.1)
HTTP/1.1 200 OK
content-type: application/json; charset=utf-8
cache-control: no-cache
date: Sun, 06 Oct 2024 01:21:22 GMT
content-length: 12559

20:21:22.551 [AsyncHttpClient-1-2] DEBUG org.asynchttpclient.netty.channel.ChannelManager - Adding key: http://localhost:56827 for channel [id: 0xcfc56771, L:/127.0.0.1:56154 - R:localhost/127.0.0.1:56827]
20:21:22.553 [Forwarding getCurrentUrl on session e5cb48ea-8c77-47d5-b94c-62549c0f59de to remote] DEBUG org.asynchttpclient.netty.request.NettyRequestSender - Using pooled Channel '[id: 0xcfc56771, L:/127.0.0.1:56154 - R:localhost/127.0.0.1:56827]' for 'GET' to 'http://localhost:56827/session/e5cb48ea-8c77-47d5-b94c-62549c0f59de/url'
20:21:22.553 [Forwarding getCurrentUrl on session e5cb48ea-8c77-47d5-b94c-62549c0f59de to remote] DEBUG org.asynchttpclient.netty.request.NettyRequestSender - Using open Channel [id: 0xcfc56771, L:/127.0.0.1:56154 - R:localhost/127.0.0.1:56827] for GET '/session/e5cb48ea-8c77-47d5-b94c-62549c0f59de/url'
20:21:22.555 [AsyncHttpClient-1-2] DEBUG org.asynchttpclient.netty.handler.HttpHandler - 

Request DefaultFullHttpRequest(decodeResult: success, version: HTTP/1.1, content: EmptyByteBufBE)
GET /session/e5cb48ea-8c77-47d5-b94c-62549c0f59de/url HTTP/1.1
User-Agent: selenium/4.4.0 (java windows)
Cache-Control: no-cache
Content-Type: application/json; charset=utf-8
host: localhost:56827
accept: */*

Response DefaultHttpResponse(decodeResult: success, version: HTTP/1.1)
HTTP/1.1 200 OK
content-type: application/json; charset=utf-8
cache-control: no-cache
date: Sun, 06 Oct 2024 01:21:22 GMT
content-length: 60

20:21:22.556 [AsyncHttpClient-1-2] DEBUG org.asynchttpclient.netty.channel.ChannelManager - Adding key: http://localhost:56827 for channel [id: 0xcfc56771, L:/127.0.0.1:56154 - R:localhost/127.0.0.1:56827]
20:21:22.558 [main] DEBUG net.thucydides.core.steps.StepInterceptor - STARTING STEP: LoginStepDefinitions.completesThePurchaseWithDetails - {0} enters #theTextAsAString into #target
20:21:22.560 [main] DEBUG net.serenitybdd.screenplay.targets.IFrameSwitcher - default content already selected for first name field
20:21:22.562 [Forwarding findElement on session e5cb48ea-8c77-47d5-b94c-62549c0f59de to remote] DEBUG org.asynchttpclient.netty.request.NettyRequestSender - Using pooled Channel '[id: 0xcfc56771, L:/127.0.0.1:56154 - R:localhost/127.0.0.1:56827]' for 'POST' to 'http://localhost:56827/session/e5cb48ea-8c77-47d5-b94c-62549c0f59de/element'
20:21:22.562 [Forwarding findElement on session e5cb48ea-8c77-47d5-b94c-62549c0f59de to remote] DEBUG org.asynchttpclient.netty.request.NettyRequestSender - Using open Channel [id: 0xcfc56771, L:/127.0.0.1:56154 - R:localhost/127.0.0.1:56827] for POST '/session/e5cb48ea-8c77-47d5-b94c-62549c0f59de/element'
20:21:22.565 [AsyncHttpClient-1-2] DEBUG org.asynchttpclient.netty.handler.HttpHandler - 

Request DefaultHttpRequest(decodeResult: success, version: HTTP/1.1)
POST /session/e5cb48ea-8c77-47d5-b94c-62549c0f59de/element HTTP/1.1
User-Agent: selenium/4.4.0 (java windows)
Content-Length: 57
Content-Type: application/json; charset=utf-8
host: localhost:56827
accept: */*

Response DefaultHttpResponse(decodeResult: success, version: HTTP/1.1)
HTTP/1.1 200 OK
content-type: application/json; charset=utf-8
cache-control: no-cache
date: Sun, 06 Oct 2024 01:21:22 GMT
content-length: 88

20:21:22.565 [AsyncHttpClient-1-2] DEBUG org.asynchttpclient.netty.channel.ChannelManager - Adding key: http://localhost:56827 for channel [id: 0xcfc56771, L:/127.0.0.1:56154 - R:localhost/127.0.0.1:56827]
20:21:22.567 [Forwarding clearElement on session e5cb48ea-8c77-47d5-b94c-62549c0f59de to remote] DEBUG org.asynchttpclient.netty.request.NettyRequestSender - Using pooled Channel '[id: 0xcfc56771, L:/127.0.0.1:56154 - R:localhost/127.0.0.1:56827]' for 'POST' to 'http://localhost:56827/session/e5cb48ea-8c77-47d5-b94c-62549c0f59de/element/25f4bfd7-ee9f-46ec-b406-9421ad5a2d20/clear'
20:21:22.568 [Forwarding clearElement on session e5cb48ea-8c77-47d5-b94c-62549c0f59de to remote] DEBUG org.asynchttpclient.netty.request.NettyRequestSender - Using open Channel [id: 0xcfc56771, L:/127.0.0.1:56154 - R:localhost/127.0.0.1:56827] for POST '/session/e5cb48ea-8c77-47d5-b94c-62549c0f59de/element/25f4bfd7-ee9f-46ec-b406-9421ad5a2d20/clear'
20:21:22.572 [AsyncHttpClient-1-2] DEBUG org.asynchttpclient.netty.handler.HttpHandler - 

Request DefaultHttpRequest(decodeResult: success, version: HTTP/1.1)
POST /session/e5cb48ea-8c77-47d5-b94c-62549c0f59de/element/25f4bfd7-ee9f-46ec-b406-9421ad5a2d20/clear HTTP/1.1
User-Agent: selenium/4.4.0 (java windows)
Content-Length: 50
Content-Type: application/json; charset=utf-8
host: localhost:56827
accept: */*

Response DefaultHttpResponse(decodeResult: success, version: HTTP/1.1)
HTTP/1.1 200 OK
content-type: application/json; charset=utf-8
cache-control: no-cache
date: Sun, 06 Oct 2024 01:21:22 GMT
content-length: 14

20:21:22.572 [AsyncHttpClient-1-2] DEBUG org.asynchttpclient.netty.channel.ChannelManager - Adding key: http://localhost:56827 for channel [id: 0xcfc56771, L:/127.0.0.1:56154 - R:localhost/127.0.0.1:56827]
20:21:22.574 [Forwarding sendKeysToElement on session e5cb48ea-8c77-47d5-b94c-62549c0f59de to remote] DEBUG org.asynchttpclient.netty.request.NettyRequestSender - Using pooled Channel '[id: 0xcfc56771, L:/127.0.0.1:56154 - R:localhost/127.0.0.1:56827]' for 'POST' to 'http://localhost:56827/session/e5cb48ea-8c77-47d5-b94c-62549c0f59de/element/25f4bfd7-ee9f-46ec-b406-9421ad5a2d20/value'
20:21:22.574 [Forwarding sendKeysToElement on session e5cb48ea-8c77-47d5-b94c-62549c0f59de to remote] DEBUG org.asynchttpclient.netty.request.NettyRequestSender - Using open Channel [id: 0xcfc56771, L:/127.0.0.1:56154 - R:localhost/127.0.0.1:56827] for POST '/session/e5cb48ea-8c77-47d5-b94c-62549c0f59de/element/25f4bfd7-ee9f-46ec-b406-9421ad5a2d20/value'
20:21:22.605 [AsyncHttpClient-1-2] DEBUG org.asynchttpclient.netty.handler.HttpHandler - 

Request DefaultHttpRequest(decodeResult: success, version: HTTP/1.1)
POST /session/e5cb48ea-8c77-47d5-b94c-62549c0f59de/element/25f4bfd7-ee9f-46ec-b406-9421ad5a2d20/value HTTP/1.1
User-Agent: selenium/4.4.0 (java windows)
Content-Length: 121
Content-Type: application/json; charset=utf-8
host: localhost:56827
accept: */*

Response DefaultHttpResponse(decodeResult: success, version: HTTP/1.1)
HTTP/1.1 200 OK
content-type: application/json; charset=utf-8
cache-control: no-cache
date: Sun, 06 Oct 2024 01:21:22 GMT
content-length: 14

20:21:22.605 [AsyncHttpClient-1-2] DEBUG org.asynchttpclient.netty.channel.ChannelManager - Adding key: http://localhost:56827 for channel [id: 0xcfc56771, L:/127.0.0.1:56154 - R:localhost/127.0.0.1:56827]
20:21:22.614 [Forwarding getCurrentWindowHandle on session e5cb48ea-8c77-47d5-b94c-62549c0f59de to remote] DEBUG org.asynchttpclient.netty.request.NettyRequestSender - Using pooled Channel '[id: 0xcfc56771, L:/127.0.0.1:56154 - R:localhost/127.0.0.1:56827]' for 'GET' to 'http://localhost:56827/session/e5cb48ea-8c77-47d5-b94c-62549c0f59de/window'
20:21:22.615 [Forwarding getCurrentWindowHandle on session e5cb48ea-8c77-47d5-b94c-62549c0f59de to remote] DEBUG org.asynchttpclient.netty.request.NettyRequestSender - Using open Channel [id: 0xcfc56771, L:/127.0.0.1:56154 - R:localhost/127.0.0.1:56827] for GET '/session/e5cb48ea-8c77-47d5-b94c-62549c0f59de/window'
20:21:22.616 [AsyncHttpClient-1-2] DEBUG org.asynchttpclient.netty.handler.HttpHandler - 

Request DefaultFullHttpRequest(decodeResult: success, version: HTTP/1.1, content: EmptyByteBufBE)
GET /session/e5cb48ea-8c77-47d5-b94c-62549c0f59de/window HTTP/1.1
User-Agent: selenium/4.4.0 (java windows)
Cache-Control: no-cache
Content-Type: application/json; charset=utf-8
host: localhost:56827
accept: */*

Response DefaultHttpResponse(decodeResult: success, version: HTTP/1.1)
HTTP/1.1 200 OK
content-type: application/json; charset=utf-8
cache-control: no-cache
date: Sun, 06 Oct 2024 01:21:22 GMT
content-length: 48

20:21:22.617 [AsyncHttpClient-1-2] DEBUG org.asynchttpclient.netty.channel.ChannelManager - Adding key: http://localhost:56827 for channel [id: 0xcfc56771, L:/127.0.0.1:56154 - R:localhost/127.0.0.1:56827]
20:21:22.618 [Forwarding getAlertText on session e5cb48ea-8c77-47d5-b94c-62549c0f59de to remote] DEBUG org.asynchttpclient.netty.request.NettyRequestSender - Using pooled Channel '[id: 0xcfc56771, L:/127.0.0.1:56154 - R:localhost/127.0.0.1:56827]' for 'GET' to 'http://localhost:56827/session/e5cb48ea-8c77-47d5-b94c-62549c0f59de/alert/text'
20:21:22.618 [Forwarding getAlertText on session e5cb48ea-8c77-47d5-b94c-62549c0f59de to remote] DEBUG org.asynchttpclient.netty.request.NettyRequestSender - Using open Channel [id: 0xcfc56771, L:/127.0.0.1:56154 - R:localhost/127.0.0.1:56827] for GET '/session/e5cb48ea-8c77-47d5-b94c-62549c0f59de/alert/text'
20:21:22.620 [AsyncHttpClient-1-2] DEBUG org.asynchttpclient.netty.handler.HttpHandler - 

Request DefaultFullHttpRequest(decodeResult: success, version: HTTP/1.1, content: EmptyByteBufBE)
GET /session/e5cb48ea-8c77-47d5-b94c-62549c0f59de/alert/text HTTP/1.1
User-Agent: selenium/4.4.0 (java windows)
Cache-Control: no-cache
Content-Type: application/json; charset=utf-8
host: localhost:56827
accept: */*

Response DefaultHttpResponse(decodeResult: success, version: HTTP/1.1)
HTTP/1.1 404 Not Found
content-type: application/json; charset=utf-8
cache-control: no-cache
date: Sun, 06 Oct 2024 01:21:22 GMT
content-length: 842

20:21:22.620 [AsyncHttpClient-1-2] DEBUG org.asynchttpclient.netty.channel.ChannelManager - Adding key: http://localhost:56827 for channel [id: 0xcfc56771, L:/127.0.0.1:56154 - R:localhost/127.0.0.1:56827]
20:21:22.622 [Forwarding switchToWindow on session e5cb48ea-8c77-47d5-b94c-62549c0f59de to remote] DEBUG org.asynchttpclient.netty.request.NettyRequestSender - Using pooled Channel '[id: 0xcfc56771, L:/127.0.0.1:56154 - R:localhost/127.0.0.1:56827]' for 'POST' to 'http://localhost:56827/session/e5cb48ea-8c77-47d5-b94c-62549c0f59de/window'
20:21:22.622 [Forwarding switchToWindow on session e5cb48ea-8c77-47d5-b94c-62549c0f59de to remote] DEBUG org.asynchttpclient.netty.request.NettyRequestSender - Using open Channel [id: 0xcfc56771, L:/127.0.0.1:56154 - R:localhost/127.0.0.1:56827] for POST '/session/e5cb48ea-8c77-47d5-b94c-62549c0f59de/window'
20:21:22.624 [AsyncHttpClient-1-2] DEBUG org.asynchttpclient.netty.handler.HttpHandler - 

Request DefaultHttpRequest(decodeResult: success, version: HTTP/1.1)
POST /session/e5cb48ea-8c77-47d5-b94c-62549c0f59de/window HTTP/1.1
User-Agent: selenium/4.4.0 (java windows)
Content-Length: 54
Content-Type: application/json; charset=utf-8
host: localhost:56827
accept: */*

Response DefaultHttpResponse(decodeResult: success, version: HTTP/1.1)
HTTP/1.1 200 OK
content-type: application/json; charset=utf-8
cache-control: no-cache
date: Sun, 06 Oct 2024 01:21:22 GMT
content-length: 14

20:21:22.624 [AsyncHttpClient-1-2] DEBUG org.asynchttpclient.netty.channel.ChannelManager - Adding key: http://localhost:56827 for channel [id: 0xcfc56771, L:/127.0.0.1:56154 - R:localhost/127.0.0.1:56827]
20:21:22.625 [AsyncHttpClient-1-1] DEBUG org.asynchttpclient.netty.channel.DefaultChannelPool - Entry count for : http://localhost:56827 : 1
20:21:22.625 [Forwarding getCurrentUrl on session e5cb48ea-8c77-47d5-b94c-62549c0f59de to remote] DEBUG org.asynchttpclient.netty.request.NettyRequestSender - Using pooled Channel '[id: 0xcfc56771, L:/127.0.0.1:56154 - R:localhost/127.0.0.1:56827]' for 'GET' to 'http://localhost:56827/session/e5cb48ea-8c77-47d5-b94c-62549c0f59de/url'
20:21:22.625 [Forwarding getCurrentUrl on session e5cb48ea-8c77-47d5-b94c-62549c0f59de to remote] DEBUG org.asynchttpclient.netty.request.NettyRequestSender - Using open Channel [id: 0xcfc56771, L:/127.0.0.1:56154 - R:localhost/127.0.0.1:56827] for GET '/session/e5cb48ea-8c77-47d5-b94c-62549c0f59de/url'
20:21:22.626 [AsyncHttpClient-1-2] DEBUG org.asynchttpclient.netty.handler.HttpHandler - 

Request DefaultFullHttpRequest(decodeResult: success, version: HTTP/1.1, content: EmptyByteBufBE)
GET /session/e5cb48ea-8c77-47d5-b94c-62549c0f59de/url HTTP/1.1
User-Agent: selenium/4.4.0 (java windows)
Cache-Control: no-cache
Content-Type: application/json; charset=utf-8
host: localhost:56827
accept: */*

Response DefaultHttpResponse(decodeResult: success, version: HTTP/1.1)
HTTP/1.1 200 OK
content-type: application/json; charset=utf-8
cache-control: no-cache
date: Sun, 06 Oct 2024 01:21:22 GMT
content-length: 60

20:21:22.626 [AsyncHttpClient-1-2] DEBUG org.asynchttpclient.netty.channel.ChannelManager - Adding key: http://localhost:56827 for channel [id: 0xcfc56771, L:/127.0.0.1:56154 - R:localhost/127.0.0.1:56827]
20:21:22.627 [Forwarding screenshot on session e5cb48ea-8c77-47d5-b94c-62549c0f59de to remote] DEBUG org.asynchttpclient.netty.request.NettyRequestSender - Using pooled Channel '[id: 0xcfc56771, L:/127.0.0.1:56154 - R:localhost/127.0.0.1:56827]' for 'GET' to 'http://localhost:56827/session/e5cb48ea-8c77-47d5-b94c-62549c0f59de/screenshot'
20:21:22.627 [Forwarding screenshot on session e5cb48ea-8c77-47d5-b94c-62549c0f59de to remote] DEBUG org.asynchttpclient.netty.request.NettyRequestSender - Using open Channel [id: 0xcfc56771, L:/127.0.0.1:56154 - R:localhost/127.0.0.1:56827] for GET '/session/e5cb48ea-8c77-47d5-b94c-62549c0f59de/screenshot'
20:21:22.654 [AsyncHttpClient-1-2] DEBUG org.asynchttpclient.netty.handler.HttpHandler - 

Request DefaultFullHttpRequest(decodeResult: success, version: HTTP/1.1, content: EmptyByteBufBE)
GET /session/e5cb48ea-8c77-47d5-b94c-62549c0f59de/screenshot HTTP/1.1
User-Agent: selenium/4.4.0 (java windows)
Cache-Control: no-cache
Content-Type: application/json; charset=utf-8
host: localhost:56827
accept: */*

Response DefaultHttpResponse(decodeResult: success, version: HTTP/1.1)
HTTP/1.1 200 OK
content-type: application/json; charset=utf-8
cache-control: no-cache
date: Sun, 06 Oct 2024 01:21:22 GMT
content-length: 59840

20:21:22.654 [AsyncHttpClient-1-2] DEBUG org.asynchttpclient.netty.channel.ChannelManager - Adding key: http://localhost:56827 for channel [id: 0xcfc56771, L:/127.0.0.1:56154 - R:localhost/127.0.0.1:56827]
20:21:22.656 [main] DEBUG net.serenitybdd.core.photography.Darkroom - Send negative for processing for target\site\serenity\3b7f8792c80d9e24ecbca90e7979bb3082c2712b42b7e985cc4ed19525988563.png
20:21:22.656 [main] DEBUG net.thucydides.core.steps.StepInterceptor - STEP DONE: {0} enters #theTextAsAString into #target
20:21:22.656 [Darkroom Processing Line] DEBUG net.serenitybdd.core.photography.DarkroomProcessingLine - Processing screenshot image in /var/screenshots/screenshot-11502441204429967655
20:21:22.656 [Darkroom Processing Line] DEBUG net.serenitybdd.core.photography.DarkroomProcessingLine - Saving screenshot to target\site\serenity\3b7f8792c80d9e24ecbca90e7979bb3082c2712b42b7e985cc4ed19525988563.png
20:21:22.661 [Forwarding getPageSource on session e5cb48ea-8c77-47d5-b94c-62549c0f59de to remote] DEBUG org.asynchttpclient.netty.request.NettyRequestSender - Using pooled Channel '[id: 0xcfc56771, L:/127.0.0.1:56154 - R:localhost/127.0.0.1:56827]' for 'POST' to 'http://localhost:56827/session/e5cb48ea-8c77-47d5-b94c-62549c0f59de/execute/sync'
20:21:22.661 [Forwarding getPageSource on session e5cb48ea-8c77-47d5-b94c-62549c0f59de to remote] DEBUG org.asynchttpclient.netty.request.NettyRequestSender - Using open Channel [id: 0xcfc56771, L:/127.0.0.1:56154 - R:localhost/127.0.0.1:56827] for POST '/session/e5cb48ea-8c77-47d5-b94c-62549c0f59de/execute/sync'
20:21:22.664 [AsyncHttpClient-1-2] DEBUG org.asynchttpclient.netty.handler.HttpHandler - 

Request DefaultHttpRequest(decodeResult: success, version: HTTP/1.1)
POST /session/e5cb48ea-8c77-47d5-b94c-62549c0f59de/execute/sync HTTP/1.1
User-Agent: selenium/4.4.0 (java windows)
Content-Length: 176
Content-Type: application/json; charset=utf-8
host: localhost:56827
accept: */*

Response DefaultHttpResponse(decodeResult: success, version: HTTP/1.1)
HTTP/1.1 200 OK
content-type: application/json; charset=utf-8
cache-control: no-cache
date: Sun, 06 Oct 2024 01:21:22 GMT
content-length: 12574

20:21:22.664 [AsyncHttpClient-1-2] DEBUG org.asynchttpclient.netty.channel.ChannelManager - Adding key: http://localhost:56827 for channel [id: 0xcfc56771, L:/127.0.0.1:56154 - R:localhost/127.0.0.1:56827]
20:21:22.666 [Forwarding getCurrentUrl on session e5cb48ea-8c77-47d5-b94c-62549c0f59de to remote] DEBUG org.asynchttpclient.netty.request.NettyRequestSender - Using pooled Channel '[id: 0xcfc56771, L:/127.0.0.1:56154 - R:localhost/127.0.0.1:56827]' for 'GET' to 'http://localhost:56827/session/e5cb48ea-8c77-47d5-b94c-62549c0f59de/url'
20:21:22.666 [Forwarding getCurrentUrl on session e5cb48ea-8c77-47d5-b94c-62549c0f59de to remote] DEBUG org.asynchttpclient.netty.request.NettyRequestSender - Using open Channel [id: 0xcfc56771, L:/127.0.0.1:56154 - R:localhost/127.0.0.1:56827] for GET '/session/e5cb48ea-8c77-47d5-b94c-62549c0f59de/url'
20:21:22.667 [AsyncHttpClient-1-2] DEBUG org.asynchttpclient.netty.handler.HttpHandler - 

Request DefaultFullHttpRequest(decodeResult: success, version: HTTP/1.1, content: EmptyByteBufBE)
GET /session/e5cb48ea-8c77-47d5-b94c-62549c0f59de/url HTTP/1.1
User-Agent: selenium/4.4.0 (java windows)
Cache-Control: no-cache
Content-Type: application/json; charset=utf-8
host: localhost:56827
accept: */*

Response DefaultHttpResponse(decodeResult: success, version: HTTP/1.1)
HTTP/1.1 200 OK
content-type: application/json; charset=utf-8
cache-control: no-cache
date: Sun, 06 Oct 2024 01:21:22 GMT
content-length: 60

20:21:22.667 [AsyncHttpClient-1-2] DEBUG org.asynchttpclient.netty.channel.ChannelManager - Adding key: http://localhost:56827 for channel [id: 0xcfc56771, L:/127.0.0.1:56154 - R:localhost/127.0.0.1:56827]
20:21:22.668 [main] DEBUG net.thucydides.core.steps.StepInterceptor - STARTING STEP: LoginStepDefinitions.completesThePurchaseWithDetails - {0} enters #theTextAsAString into #target
20:21:22.669 [main] DEBUG net.serenitybdd.screenplay.targets.IFrameSwitcher - default content already selected for last name field
20:21:22.670 [Forwarding findElement on session e5cb48ea-8c77-47d5-b94c-62549c0f59de to remote] DEBUG org.asynchttpclient.netty.request.NettyRequestSender - Using pooled Channel '[id: 0xcfc56771, L:/127.0.0.1:56154 - R:localhost/127.0.0.1:56827]' for 'POST' to 'http://localhost:56827/session/e5cb48ea-8c77-47d5-b94c-62549c0f59de/element'
20:21:22.670 [Forwarding findElement on session e5cb48ea-8c77-47d5-b94c-62549c0f59de to remote] DEBUG org.asynchttpclient.netty.request.NettyRequestSender - Using open Channel [id: 0xcfc56771, L:/127.0.0.1:56154 - R:localhost/127.0.0.1:56827] for POST '/session/e5cb48ea-8c77-47d5-b94c-62549c0f59de/element'
20:21:22.672 [AsyncHttpClient-1-2] DEBUG org.asynchttpclient.netty.handler.HttpHandler - 

Request DefaultHttpRequest(decodeResult: success, version: HTTP/1.1)
POST /session/e5cb48ea-8c77-47d5-b94c-62549c0f59de/element HTTP/1.1
User-Agent: selenium/4.4.0 (java windows)
Content-Length: 56
Content-Type: application/json; charset=utf-8
host: localhost:56827
accept: */*

Response DefaultHttpResponse(decodeResult: success, version: HTTP/1.1)
HTTP/1.1 200 OK
content-type: application/json; charset=utf-8
cache-control: no-cache
date: Sun, 06 Oct 2024 01:21:22 GMT
content-length: 88

20:21:22.672 [AsyncHttpClient-1-2] DEBUG org.asynchttpclient.netty.channel.ChannelManager - Adding key: http://localhost:56827 for channel [id: 0xcfc56771, L:/127.0.0.1:56154 - R:localhost/127.0.0.1:56827]
20:21:22.673 [Forwarding clearElement on session e5cb48ea-8c77-47d5-b94c-62549c0f59de to remote] DEBUG org.asynchttpclient.netty.request.NettyRequestSender - Using pooled Channel '[id: 0xcfc56771, L:/127.0.0.1:56154 - R:localhost/127.0.0.1:56827]' for 'POST' to 'http://localhost:56827/session/e5cb48ea-8c77-47d5-b94c-62549c0f59de/element/eea4acad-2b5c-4ea4-bfd7-7675e24addff/clear'
20:21:22.673 [Forwarding clearElement on session e5cb48ea-8c77-47d5-b94c-62549c0f59de to remote] DEBUG org.asynchttpclient.netty.request.NettyRequestSender - Using open Channel [id: 0xcfc56771, L:/127.0.0.1:56154 - R:localhost/127.0.0.1:56827] for POST '/session/e5cb48ea-8c77-47d5-b94c-62549c0f59de/element/eea4acad-2b5c-4ea4-bfd7-7675e24addff/clear'
20:21:22.675 [AsyncHttpClient-1-2] DEBUG org.asynchttpclient.netty.handler.HttpHandler - 

Request DefaultHttpRequest(decodeResult: success, version: HTTP/1.1)
POST /session/e5cb48ea-8c77-47d5-b94c-62549c0f59de/element/eea4acad-2b5c-4ea4-bfd7-7675e24addff/clear HTTP/1.1
User-Agent: selenium/4.4.0 (java windows)
Content-Length: 50
Content-Type: application/json; charset=utf-8
host: localhost:56827
accept: */*

Response DefaultHttpResponse(decodeResult: success, version: HTTP/1.1)
HTTP/1.1 200 OK
content-type: application/json; charset=utf-8
cache-control: no-cache
date: Sun, 06 Oct 2024 01:21:22 GMT
content-length: 14

20:21:22.675 [AsyncHttpClient-1-2] DEBUG org.asynchttpclient.netty.channel.ChannelManager - Adding key: http://localhost:56827 for channel [id: 0xcfc56771, L:/127.0.0.1:56154 - R:localhost/127.0.0.1:56827]
20:21:22.676 [Forwarding sendKeysToElement on session e5cb48ea-8c77-47d5-b94c-62549c0f59de to remote] DEBUG org.asynchttpclient.netty.request.NettyRequestSender - Using pooled Channel '[id: 0xcfc56771, L:/127.0.0.1:56154 - R:localhost/127.0.0.1:56827]' for 'POST' to 'http://localhost:56827/session/e5cb48ea-8c77-47d5-b94c-62549c0f59de/element/eea4acad-2b5c-4ea4-bfd7-7675e24addff/value'
20:21:22.676 [Forwarding sendKeysToElement on session e5cb48ea-8c77-47d5-b94c-62549c0f59de to remote] DEBUG org.asynchttpclient.netty.request.NettyRequestSender - Using open Channel [id: 0xcfc56771, L:/127.0.0.1:56154 - R:localhost/127.0.0.1:56827] for POST '/session/e5cb48ea-8c77-47d5-b94c-62549c0f59de/element/eea4acad-2b5c-4ea4-bfd7-7675e24addff/value'
20:21:22.688 [AsyncHttpClient-1-2] DEBUG org.asynchttpclient.netty.handler.HttpHandler - 

Request DefaultHttpRequest(decodeResult: success, version: HTTP/1.1)
POST /session/e5cb48ea-8c77-47d5-b94c-62549c0f59de/element/eea4acad-2b5c-4ea4-bfd7-7675e24addff/value HTTP/1.1
User-Agent: selenium/4.4.0 (java windows)
Content-Length: 111
Content-Type: application/json; charset=utf-8
host: localhost:56827
accept: */*

Response DefaultHttpResponse(decodeResult: success, version: HTTP/1.1)
HTTP/1.1 200 OK
content-type: application/json; charset=utf-8
cache-control: no-cache
date: Sun, 06 Oct 2024 01:21:22 GMT
content-length: 14

20:21:22.689 [AsyncHttpClient-1-2] DEBUG org.asynchttpclient.netty.channel.ChannelManager - Adding key: http://localhost:56827 for channel [id: 0xcfc56771, L:/127.0.0.1:56154 - R:localhost/127.0.0.1:56827]
20:21:22.694 [main] DEBUG net.thucydides.core.steps.StepInterceptor - STEP DONE: {0} enters #theTextAsAString into #target
20:21:22.700 [Forwarding getPageSource on session e5cb48ea-8c77-47d5-b94c-62549c0f59de to remote] DEBUG org.asynchttpclient.netty.request.NettyRequestSender - Using pooled Channel '[id: 0xcfc56771, L:/127.0.0.1:56154 - R:localhost/127.0.0.1:56827]' for 'POST' to 'http://localhost:56827/session/e5cb48ea-8c77-47d5-b94c-62549c0f59de/execute/sync'
20:21:22.700 [Forwarding getPageSource on session e5cb48ea-8c77-47d5-b94c-62549c0f59de to remote] DEBUG org.asynchttpclient.netty.request.NettyRequestSender - Using open Channel [id: 0xcfc56771, L:/127.0.0.1:56154 - R:localhost/127.0.0.1:56827] for POST '/session/e5cb48ea-8c77-47d5-b94c-62549c0f59de/execute/sync'
20:21:22.703 [AsyncHttpClient-1-2] DEBUG org.asynchttpclient.netty.handler.HttpHandler - 

Request DefaultHttpRequest(decodeResult: success, version: HTTP/1.1)
POST /session/e5cb48ea-8c77-47d5-b94c-62549c0f59de/execute/sync HTTP/1.1
User-Agent: selenium/4.4.0 (java windows)
Content-Length: 176
Content-Type: application/json; charset=utf-8
host: localhost:56827
accept: */*

Response DefaultHttpResponse(decodeResult: success, version: HTTP/1.1)
HTTP/1.1 200 OK
content-type: application/json; charset=utf-8
cache-control: no-cache
date: Sun, 06 Oct 2024 01:21:22 GMT
content-length: 12588

20:21:22.703 [AsyncHttpClient-1-2] DEBUG org.asynchttpclient.netty.channel.ChannelManager - Adding key: http://localhost:56827 for channel [id: 0xcfc56771, L:/127.0.0.1:56154 - R:localhost/127.0.0.1:56827]
20:21:22.704 [Forwarding getCurrentUrl on session e5cb48ea-8c77-47d5-b94c-62549c0f59de to remote] DEBUG org.asynchttpclient.netty.request.NettyRequestSender - Using pooled Channel '[id: 0xcfc56771, L:/127.0.0.1:56154 - R:localhost/127.0.0.1:56827]' for 'GET' to 'http://localhost:56827/session/e5cb48ea-8c77-47d5-b94c-62549c0f59de/url'
20:21:22.704 [Forwarding getCurrentUrl on session e5cb48ea-8c77-47d5-b94c-62549c0f59de to remote] DEBUG org.asynchttpclient.netty.request.NettyRequestSender - Using open Channel [id: 0xcfc56771, L:/127.0.0.1:56154 - R:localhost/127.0.0.1:56827] for GET '/session/e5cb48ea-8c77-47d5-b94c-62549c0f59de/url'
20:21:22.706 [AsyncHttpClient-1-2] DEBUG org.asynchttpclient.netty.handler.HttpHandler - 

Request DefaultFullHttpRequest(decodeResult: success, version: HTTP/1.1, content: EmptyByteBufBE)
GET /session/e5cb48ea-8c77-47d5-b94c-62549c0f59de/url HTTP/1.1
User-Agent: selenium/4.4.0 (java windows)
Cache-Control: no-cache
Content-Type: application/json; charset=utf-8
host: localhost:56827
accept: */*

Response DefaultHttpResponse(decodeResult: success, version: HTTP/1.1)
HTTP/1.1 200 OK
content-type: application/json; charset=utf-8
cache-control: no-cache
date: Sun, 06 Oct 2024 01:21:22 GMT
content-length: 60

20:21:22.706 [AsyncHttpClient-1-2] DEBUG org.asynchttpclient.netty.channel.ChannelManager - Adding key: http://localhost:56827 for channel [id: 0xcfc56771, L:/127.0.0.1:56154 - R:localhost/127.0.0.1:56827]
20:21:22.707 [main] DEBUG net.thucydides.core.steps.StepInterceptor - STARTING STEP: LoginStepDefinitions.completesThePurchaseWithDetails - {0} enters #theTextAsAString into #target
20:21:22.707 [main] DEBUG net.serenitybdd.screenplay.targets.IFrameSwitcher - default content already selected for postal code field
20:21:22.709 [Forwarding findElement on session e5cb48ea-8c77-47d5-b94c-62549c0f59de to remote] DEBUG org.asynchttpclient.netty.request.NettyRequestSender - Using pooled Channel '[id: 0xcfc56771, L:/127.0.0.1:56154 - R:localhost/127.0.0.1:56827]' for 'POST' to 'http://localhost:56827/session/e5cb48ea-8c77-47d5-b94c-62549c0f59de/element'
20:21:22.709 [Forwarding findElement on session e5cb48ea-8c77-47d5-b94c-62549c0f59de to remote] DEBUG org.asynchttpclient.netty.request.NettyRequestSender - Using open Channel [id: 0xcfc56771, L:/127.0.0.1:56154 - R:localhost/127.0.0.1:56827] for POST '/session/e5cb48ea-8c77-47d5-b94c-62549c0f59de/element'
20:21:22.711 [AsyncHttpClient-1-2] DEBUG org.asynchttpclient.netty.handler.HttpHandler - 

Request DefaultHttpRequest(decodeResult: success, version: HTTP/1.1)
POST /session/e5cb48ea-8c77-47d5-b94c-62549c0f59de/element HTTP/1.1
User-Agent: selenium/4.4.0 (java windows)
Content-Length: 58
Content-Type: application/json; charset=utf-8
host: localhost:56827
accept: */*

Response DefaultHttpResponse(decodeResult: success, version: HTTP/1.1)
HTTP/1.1 200 OK
content-type: application/json; charset=utf-8
cache-control: no-cache
date: Sun, 06 Oct 2024 01:21:22 GMT
content-length: 88

20:21:22.711 [AsyncHttpClient-1-2] DEBUG org.asynchttpclient.netty.channel.ChannelManager - Adding key: http://localhost:56827 for channel [id: 0xcfc56771, L:/127.0.0.1:56154 - R:localhost/127.0.0.1:56827]
20:21:22.712 [Forwarding clearElement on session e5cb48ea-8c77-47d5-b94c-62549c0f59de to remote] DEBUG org.asynchttpclient.netty.request.NettyRequestSender - Using pooled Channel '[id: 0xcfc56771, L:/127.0.0.1:56154 - R:localhost/127.0.0.1:56827]' for 'POST' to 'http://localhost:56827/session/e5cb48ea-8c77-47d5-b94c-62549c0f59de/element/c08629f5-a87d-49b1-9d99-d0ee1ca56c6f/clear'
20:21:22.712 [Forwarding clearElement on session e5cb48ea-8c77-47d5-b94c-62549c0f59de to remote] DEBUG org.asynchttpclient.netty.request.NettyRequestSender - Using open Channel [id: 0xcfc56771, L:/127.0.0.1:56154 - R:localhost/127.0.0.1:56827] for POST '/session/e5cb48ea-8c77-47d5-b94c-62549c0f59de/element/c08629f5-a87d-49b1-9d99-d0ee1ca56c6f/clear'
20:21:22.715 [AsyncHttpClient-1-2] DEBUG org.asynchttpclient.netty.handler.HttpHandler - 

Request DefaultHttpRequest(decodeResult: success, version: HTTP/1.1)
POST /session/e5cb48ea-8c77-47d5-b94c-62549c0f59de/element/c08629f5-a87d-49b1-9d99-d0ee1ca56c6f/clear HTTP/1.1
User-Agent: selenium/4.4.0 (java windows)
Content-Length: 50
Content-Type: application/json; charset=utf-8
host: localhost:56827
accept: */*

Response DefaultHttpResponse(decodeResult: success, version: HTTP/1.1)
HTTP/1.1 200 OK
content-type: application/json; charset=utf-8
cache-control: no-cache
date: Sun, 06 Oct 2024 01:21:22 GMT
content-length: 14

20:21:22.715 [AsyncHttpClient-1-2] DEBUG org.asynchttpclient.netty.channel.ChannelManager - Adding key: http://localhost:56827 for channel [id: 0xcfc56771, L:/127.0.0.1:56154 - R:localhost/127.0.0.1:56827]
20:21:22.716 [Forwarding sendKeysToElement on session e5cb48ea-8c77-47d5-b94c-62549c0f59de to remote] DEBUG org.asynchttpclient.netty.request.NettyRequestSender - Using pooled Channel '[id: 0xcfc56771, L:/127.0.0.1:56154 - R:localhost/127.0.0.1:56827]' for 'POST' to 'http://localhost:56827/session/e5cb48ea-8c77-47d5-b94c-62549c0f59de/element/c08629f5-a87d-49b1-9d99-d0ee1ca56c6f/value'
20:21:22.716 [Forwarding sendKeysToElement on session e5cb48ea-8c77-47d5-b94c-62549c0f59de to remote] DEBUG org.asynchttpclient.netty.request.NettyRequestSender - Using open Channel [id: 0xcfc56771, L:/127.0.0.1:56154 - R:localhost/127.0.0.1:56827] for POST '/session/e5cb48ea-8c77-47d5-b94c-62549c0f59de/element/c08629f5-a87d-49b1-9d99-d0ee1ca56c6f/value'
20:21:22.731 [AsyncHttpClient-1-2] DEBUG org.asynchttpclient.netty.handler.HttpHandler - 

Request DefaultHttpRequest(decodeResult: success, version: HTTP/1.1)
POST /session/e5cb48ea-8c77-47d5-b94c-62549c0f59de/element/c08629f5-a87d-49b1-9d99-d0ee1ca56c6f/value HTTP/1.1
User-Agent: selenium/4.4.0 (java windows)
Content-Length: 131
Content-Type: application/json; charset=utf-8
host: localhost:56827
accept: */*

Response DefaultHttpResponse(decodeResult: success, version: HTTP/1.1)
HTTP/1.1 200 OK
content-type: application/json; charset=utf-8
cache-control: no-cache
date: Sun, 06 Oct 2024 01:21:22 GMT
content-length: 14

20:21:22.731 [AsyncHttpClient-1-2] DEBUG org.asynchttpclient.netty.channel.ChannelManager - Adding key: http://localhost:56827 for channel [id: 0xcfc56771, L:/127.0.0.1:56154 - R:localhost/127.0.0.1:56827]
20:21:22.739 [Forwarding getCurrentWindowHandle on session e5cb48ea-8c77-47d5-b94c-62549c0f59de to remote] DEBUG org.asynchttpclient.netty.request.NettyRequestSender - Using pooled Channel '[id: 0xcfc56771, L:/127.0.0.1:56154 - R:localhost/127.0.0.1:56827]' for 'GET' to 'http://localhost:56827/session/e5cb48ea-8c77-47d5-b94c-62549c0f59de/window'
20:21:22.739 [Forwarding getCurrentWindowHandle on session e5cb48ea-8c77-47d5-b94c-62549c0f59de to remote] DEBUG org.asynchttpclient.netty.request.NettyRequestSender - Using open Channel [id: 0xcfc56771, L:/127.0.0.1:56154 - R:localhost/127.0.0.1:56827] for GET '/session/e5cb48ea-8c77-47d5-b94c-62549c0f59de/window'
20:21:22.740 [AsyncHttpClient-1-2] DEBUG org.asynchttpclient.netty.handler.HttpHandler - 

Request DefaultFullHttpRequest(decodeResult: success, version: HTTP/1.1, content: EmptyByteBufBE)
GET /session/e5cb48ea-8c77-47d5-b94c-62549c0f59de/window HTTP/1.1
User-Agent: selenium/4.4.0 (java windows)
Cache-Control: no-cache
Content-Type: application/json; charset=utf-8
host: localhost:56827
accept: */*

Response DefaultHttpResponse(decodeResult: success, version: HTTP/1.1)
HTTP/1.1 200 OK
content-type: application/json; charset=utf-8
cache-control: no-cache
date: Sun, 06 Oct 2024 01:21:22 GMT
content-length: 48

20:21:22.740 [AsyncHttpClient-1-2] DEBUG org.asynchttpclient.netty.channel.ChannelManager - Adding key: http://localhost:56827 for channel [id: 0xcfc56771, L:/127.0.0.1:56154 - R:localhost/127.0.0.1:56827]
20:21:22.741 [Forwarding getAlertText on session e5cb48ea-8c77-47d5-b94c-62549c0f59de to remote] DEBUG org.asynchttpclient.netty.request.NettyRequestSender - Using pooled Channel '[id: 0xcfc56771, L:/127.0.0.1:56154 - R:localhost/127.0.0.1:56827]' for 'GET' to 'http://localhost:56827/session/e5cb48ea-8c77-47d5-b94c-62549c0f59de/alert/text'
20:21:22.741 [Forwarding getAlertText on session e5cb48ea-8c77-47d5-b94c-62549c0f59de to remote] DEBUG org.asynchttpclient.netty.request.NettyRequestSender - Using open Channel [id: 0xcfc56771, L:/127.0.0.1:56154 - R:localhost/127.0.0.1:56827] for GET '/session/e5cb48ea-8c77-47d5-b94c-62549c0f59de/alert/text'
20:21:22.743 [AsyncHttpClient-1-2] DEBUG org.asynchttpclient.netty.handler.HttpHandler - 

Request DefaultFullHttpRequest(decodeResult: success, version: HTTP/1.1, content: EmptyByteBufBE)
GET /session/e5cb48ea-8c77-47d5-b94c-62549c0f59de/alert/text HTTP/1.1
User-Agent: selenium/4.4.0 (java windows)
Cache-Control: no-cache
Content-Type: application/json; charset=utf-8
host: localhost:56827
accept: */*

Response DefaultHttpResponse(decodeResult: success, version: HTTP/1.1)
HTTP/1.1 404 Not Found
content-type: application/json; charset=utf-8
cache-control: no-cache
date: Sun, 06 Oct 2024 01:21:22 GMT
content-length: 842

20:21:22.743 [AsyncHttpClient-1-2] DEBUG org.asynchttpclient.netty.channel.ChannelManager - Adding key: http://localhost:56827 for channel [id: 0xcfc56771, L:/127.0.0.1:56154 - R:localhost/127.0.0.1:56827]
20:21:22.744 [Forwarding switchToWindow on session e5cb48ea-8c77-47d5-b94c-62549c0f59de to remote] DEBUG org.asynchttpclient.netty.request.NettyRequestSender - Using pooled Channel '[id: 0xcfc56771, L:/127.0.0.1:56154 - R:localhost/127.0.0.1:56827]' for 'POST' to 'http://localhost:56827/session/e5cb48ea-8c77-47d5-b94c-62549c0f59de/window'
20:21:22.744 [Forwarding switchToWindow on session e5cb48ea-8c77-47d5-b94c-62549c0f59de to remote] DEBUG org.asynchttpclient.netty.request.NettyRequestSender - Using open Channel [id: 0xcfc56771, L:/127.0.0.1:56154 - R:localhost/127.0.0.1:56827] for POST '/session/e5cb48ea-8c77-47d5-b94c-62549c0f59de/window'
20:21:22.746 [AsyncHttpClient-1-2] DEBUG org.asynchttpclient.netty.handler.HttpHandler - 

Request DefaultHttpRequest(decodeResult: success, version: HTTP/1.1)
POST /session/e5cb48ea-8c77-47d5-b94c-62549c0f59de/window HTTP/1.1
User-Agent: selenium/4.4.0 (java windows)
Content-Length: 54
Content-Type: application/json; charset=utf-8
host: localhost:56827
accept: */*

Response DefaultHttpResponse(decodeResult: success, version: HTTP/1.1)
HTTP/1.1 200 OK
content-type: application/json; charset=utf-8
cache-control: no-cache
date: Sun, 06 Oct 2024 01:21:22 GMT
content-length: 14

20:21:22.746 [AsyncHttpClient-1-2] DEBUG org.asynchttpclient.netty.channel.ChannelManager - Adding key: http://localhost:56827 for channel [id: 0xcfc56771, L:/127.0.0.1:56154 - R:localhost/127.0.0.1:56827]
20:21:22.746 [Forwarding getCurrentUrl on session e5cb48ea-8c77-47d5-b94c-62549c0f59de to remote] DEBUG org.asynchttpclient.netty.request.NettyRequestSender - Using pooled Channel '[id: 0xcfc56771, L:/127.0.0.1:56154 - R:localhost/127.0.0.1:56827]' for 'GET' to 'http://localhost:56827/session/e5cb48ea-8c77-47d5-b94c-62549c0f59de/url'
20:21:22.746 [Forwarding getCurrentUrl on session e5cb48ea-8c77-47d5-b94c-62549c0f59de to remote] DEBUG org.asynchttpclient.netty.request.NettyRequestSender - Using open Channel [id: 0xcfc56771, L:/127.0.0.1:56154 - R:localhost/127.0.0.1:56827] for GET '/session/e5cb48ea-8c77-47d5-b94c-62549c0f59de/url'
20:21:22.748 [AsyncHttpClient-1-2] DEBUG org.asynchttpclient.netty.handler.HttpHandler - 

Request DefaultFullHttpRequest(decodeResult: success, version: HTTP/1.1, content: EmptyByteBufBE)
GET /session/e5cb48ea-8c77-47d5-b94c-62549c0f59de/url HTTP/1.1
User-Agent: selenium/4.4.0 (java windows)
Cache-Control: no-cache
Content-Type: application/json; charset=utf-8
host: localhost:56827
accept: */*

Response DefaultHttpResponse(decodeResult: success, version: HTTP/1.1)
HTTP/1.1 200 OK
content-type: application/json; charset=utf-8
cache-control: no-cache
date: Sun, 06 Oct 2024 01:21:22 GMT
content-length: 60

20:21:22.748 [AsyncHttpClient-1-2] DEBUG org.asynchttpclient.netty.channel.ChannelManager - Adding key: http://localhost:56827 for channel [id: 0xcfc56771, L:/127.0.0.1:56154 - R:localhost/127.0.0.1:56827]
20:21:22.749 [Forwarding screenshot on session e5cb48ea-8c77-47d5-b94c-62549c0f59de to remote] DEBUG org.asynchttpclient.netty.request.NettyRequestSender - Using pooled Channel '[id: 0xcfc56771, L:/127.0.0.1:56154 - R:localhost/127.0.0.1:56827]' for 'GET' to 'http://localhost:56827/session/e5cb48ea-8c77-47d5-b94c-62549c0f59de/screenshot'
20:21:22.749 [Forwarding screenshot on session e5cb48ea-8c77-47d5-b94c-62549c0f59de to remote] DEBUG org.asynchttpclient.netty.request.NettyRequestSender - Using open Channel [id: 0xcfc56771, L:/127.0.0.1:56154 - R:localhost/127.0.0.1:56827] for GET '/session/e5cb48ea-8c77-47d5-b94c-62549c0f59de/screenshot'
20:21:22.773 [AsyncHttpClient-1-2] DEBUG org.asynchttpclient.netty.handler.HttpHandler - 

Request DefaultFullHttpRequest(decodeResult: success, version: HTTP/1.1, content: EmptyByteBufBE)
GET /session/e5cb48ea-8c77-47d5-b94c-62549c0f59de/screenshot HTTP/1.1
User-Agent: selenium/4.4.0 (java windows)
Cache-Control: no-cache
Content-Type: application/json; charset=utf-8
host: localhost:56827
accept: */*

Response DefaultHttpResponse(decodeResult: success, version: HTTP/1.1)
HTTP/1.1 200 OK
content-type: application/json; charset=utf-8
cache-control: no-cache
date: Sun, 06 Oct 2024 01:21:22 GMT
content-length: 57720

20:21:22.773 [AsyncHttpClient-1-2] DEBUG org.asynchttpclient.netty.channel.ChannelManager - Adding key: http://localhost:56827 for channel [id: 0xcfc56771, L:/127.0.0.1:56154 - R:localhost/127.0.0.1:56827]
20:21:22.775 [main] DEBUG net.serenitybdd.core.photography.Darkroom - Send negative for processing for target\site\serenity\0836350e58dd4ad76a955aa95458e7ab3b246b316318ac55117dcca865d042c0.png
20:21:22.775 [main] DEBUG net.thucydides.core.steps.StepInterceptor - STEP DONE: {0} enters #theTextAsAString into #target
20:21:22.775 [Darkroom Processing Line] DEBUG net.serenitybdd.core.photography.DarkroomProcessingLine - Processing screenshot image in /var/screenshots/screenshot-10823313720296110898
20:21:22.775 [Darkroom Processing Line] DEBUG net.serenitybdd.core.photography.DarkroomProcessingLine - Saving screenshot to target\site\serenity\0836350e58dd4ad76a955aa95458e7ab3b246b316318ac55117dcca865d042c0.png
20:21:22.778 [main] DEBUG net.thucydides.core.steps.StepInterceptor - STEP DONE: !#title
20:21:22.784 [Forwarding getPageSource on session e5cb48ea-8c77-47d5-b94c-62549c0f59de to remote] DEBUG org.asynchttpclient.netty.request.NettyRequestSender - Using pooled Channel '[id: 0xcfc56771, L:/127.0.0.1:56154 - R:localhost/127.0.0.1:56827]' for 'POST' to 'http://localhost:56827/session/e5cb48ea-8c77-47d5-b94c-62549c0f59de/execute/sync'
20:21:22.784 [Forwarding getPageSource on session e5cb48ea-8c77-47d5-b94c-62549c0f59de to remote] DEBUG org.asynchttpclient.netty.request.NettyRequestSender - Using open Channel [id: 0xcfc56771, L:/127.0.0.1:56154 - R:localhost/127.0.0.1:56827] for POST '/session/e5cb48ea-8c77-47d5-b94c-62549c0f59de/execute/sync'
20:21:22.787 [AsyncHttpClient-1-2] DEBUG org.asynchttpclient.netty.handler.HttpHandler - 

Request DefaultHttpRequest(decodeResult: success, version: HTTP/1.1)
POST /session/e5cb48ea-8c77-47d5-b94c-62549c0f59de/execute/sync HTTP/1.1
User-Agent: selenium/4.4.0 (java windows)
Content-Length: 176
Content-Type: application/json; charset=utf-8
host: localhost:56827
accept: */*

Response DefaultHttpResponse(decodeResult: success, version: HTTP/1.1)
HTTP/1.1 200 OK
content-type: application/json; charset=utf-8
cache-control: no-cache
date: Sun, 06 Oct 2024 01:21:22 GMT
content-length: 12604

20:21:22.787 [AsyncHttpClient-1-2] DEBUG org.asynchttpclient.netty.channel.ChannelManager - Adding key: http://localhost:56827 for channel [id: 0xcfc56771, L:/127.0.0.1:56154 - R:localhost/127.0.0.1:56827]
20:21:22.789 [Forwarding getCurrentUrl on session e5cb48ea-8c77-47d5-b94c-62549c0f59de to remote] DEBUG org.asynchttpclient.netty.request.NettyRequestSender - Using pooled Channel '[id: 0xcfc56771, L:/127.0.0.1:56154 - R:localhost/127.0.0.1:56827]' for 'GET' to 'http://localhost:56827/session/e5cb48ea-8c77-47d5-b94c-62549c0f59de/url'
20:21:22.789 [Forwarding getCurrentUrl on session e5cb48ea-8c77-47d5-b94c-62549c0f59de to remote] DEBUG org.asynchttpclient.netty.request.NettyRequestSender - Using open Channel [id: 0xcfc56771, L:/127.0.0.1:56154 - R:localhost/127.0.0.1:56827] for GET '/session/e5cb48ea-8c77-47d5-b94c-62549c0f59de/url'
20:21:22.790 [AsyncHttpClient-1-2] DEBUG org.asynchttpclient.netty.handler.HttpHandler - 

Request DefaultFullHttpRequest(decodeResult: success, version: HTTP/1.1, content: EmptyByteBufBE)
GET /session/e5cb48ea-8c77-47d5-b94c-62549c0f59de/url HTTP/1.1
User-Agent: selenium/4.4.0 (java windows)
Cache-Control: no-cache
Content-Type: application/json; charset=utf-8
host: localhost:56827
accept: */*

Response DefaultHttpResponse(decodeResult: success, version: HTTP/1.1)
HTTP/1.1 200 OK
content-type: application/json; charset=utf-8
cache-control: no-cache
date: Sun, 06 Oct 2024 01:21:22 GMT
content-length: 60

20:21:22.790 [AsyncHttpClient-1-2] DEBUG org.asynchttpclient.netty.channel.ChannelManager - Adding key: http://localhost:56827 for channel [id: 0xcfc56771, L:/127.0.0.1:56154 - R:localhost/127.0.0.1:56827]
20:21:22.801 [Forwarding getPageSource on session e5cb48ea-8c77-47d5-b94c-62549c0f59de to remote] DEBUG org.asynchttpclient.netty.request.NettyRequestSender - Using pooled Channel '[id: 0xcfc56771, L:/127.0.0.1:56154 - R:localhost/127.0.0.1:56827]' for 'POST' to 'http://localhost:56827/session/e5cb48ea-8c77-47d5-b94c-62549c0f59de/execute/sync'
20:21:22.801 [Forwarding getPageSource on session e5cb48ea-8c77-47d5-b94c-62549c0f59de to remote] DEBUG org.asynchttpclient.netty.request.NettyRequestSender - Using open Channel [id: 0xcfc56771, L:/127.0.0.1:56154 - R:localhost/127.0.0.1:56827] for POST '/session/e5cb48ea-8c77-47d5-b94c-62549c0f59de/execute/sync'
20:21:22.805 [AsyncHttpClient-1-2] DEBUG org.asynchttpclient.netty.handler.HttpHandler - 

Request DefaultHttpRequest(decodeResult: success, version: HTTP/1.1)
POST /session/e5cb48ea-8c77-47d5-b94c-62549c0f59de/execute/sync HTTP/1.1
User-Agent: selenium/4.4.0 (java windows)
Content-Length: 176
Content-Type: application/json; charset=utf-8
host: localhost:56827
accept: */*

Response DefaultHttpResponse(decodeResult: success, version: HTTP/1.1)
HTTP/1.1 200 OK
content-type: application/json; charset=utf-8
cache-control: no-cache
date: Sun, 06 Oct 2024 01:21:22 GMT
content-length: 12604

20:21:22.805 [AsyncHttpClient-1-2] DEBUG org.asynchttpclient.netty.channel.ChannelManager - Adding key: http://localhost:56827 for channel [id: 0xcfc56771, L:/127.0.0.1:56154 - R:localhost/127.0.0.1:56827]
20:21:22.806 [Forwarding getCurrentUrl on session e5cb48ea-8c77-47d5-b94c-62549c0f59de to remote] DEBUG org.asynchttpclient.netty.request.NettyRequestSender - Using pooled Channel '[id: 0xcfc56771, L:/127.0.0.1:56154 - R:localhost/127.0.0.1:56827]' for 'GET' to 'http://localhost:56827/session/e5cb48ea-8c77-47d5-b94c-62549c0f59de/url'
20:21:22.806 [Forwarding getCurrentUrl on session e5cb48ea-8c77-47d5-b94c-62549c0f59de to remote] DEBUG org.asynchttpclient.netty.request.NettyRequestSender - Using open Channel [id: 0xcfc56771, L:/127.0.0.1:56154 - R:localhost/127.0.0.1:56827] for GET '/session/e5cb48ea-8c77-47d5-b94c-62549c0f59de/url'
20:21:22.808 [AsyncHttpClient-1-2] DEBUG org.asynchttpclient.netty.handler.HttpHandler - 

Request DefaultFullHttpRequest(decodeResult: success, version: HTTP/1.1, content: EmptyByteBufBE)
GET /session/e5cb48ea-8c77-47d5-b94c-62549c0f59de/url HTTP/1.1
User-Agent: selenium/4.4.0 (java windows)
Cache-Control: no-cache
Content-Type: application/json; charset=utf-8
host: localhost:56827
accept: */*

Response DefaultHttpResponse(decodeResult: success, version: HTTP/1.1)
HTTP/1.1 200 OK
content-type: application/json; charset=utf-8
cache-control: no-cache
date: Sun, 06 Oct 2024 01:21:22 GMT
content-length: 60

20:21:22.808 [AsyncHttpClient-1-2] DEBUG org.asynchttpclient.netty.channel.ChannelManager - Adding key: http://localhost:56827 for channel [id: 0xcfc56771, L:/127.0.0.1:56154 - R:localhost/127.0.0.1:56827]
20:21:22.809 [main] DEBUG net.thucydides.core.steps.StepInterceptor - STARTING STEP: LoginStepDefinitions.completesThePurchaseFlowByClickingOn - !#title
20:21:22.814 [Forwarding getPageSource on session e5cb48ea-8c77-47d5-b94c-62549c0f59de to remote] DEBUG org.asynchttpclient.netty.request.NettyRequestSender - Using pooled Channel '[id: 0xcfc56771, L:/127.0.0.1:56154 - R:localhost/127.0.0.1:56827]' for 'POST' to 'http://localhost:56827/session/e5cb48ea-8c77-47d5-b94c-62549c0f59de/execute/sync'
20:21:22.815 [Forwarding getPageSource on session e5cb48ea-8c77-47d5-b94c-62549c0f59de to remote] DEBUG org.asynchttpclient.netty.request.NettyRequestSender - Using open Channel [id: 0xcfc56771, L:/127.0.0.1:56154 - R:localhost/127.0.0.1:56827] for POST '/session/e5cb48ea-8c77-47d5-b94c-62549c0f59de/execute/sync'
20:21:22.817 [AsyncHttpClient-1-2] DEBUG org.asynchttpclient.netty.handler.HttpHandler - 

Request DefaultHttpRequest(decodeResult: success, version: HTTP/1.1)
POST /session/e5cb48ea-8c77-47d5-b94c-62549c0f59de/execute/sync HTTP/1.1
User-Agent: selenium/4.4.0 (java windows)
Content-Length: 176
Content-Type: application/json; charset=utf-8
host: localhost:56827
accept: */*

Response DefaultHttpResponse(decodeResult: success, version: HTTP/1.1)
HTTP/1.1 200 OK
content-type: application/json; charset=utf-8
cache-control: no-cache
date: Sun, 06 Oct 2024 01:21:22 GMT
content-length: 12604

20:21:22.817 [AsyncHttpClient-1-2] DEBUG org.asynchttpclient.netty.channel.ChannelManager - Adding key: http://localhost:56827 for channel [id: 0xcfc56771, L:/127.0.0.1:56154 - R:localhost/127.0.0.1:56827]
20:21:22.819 [Forwarding getCurrentUrl on session e5cb48ea-8c77-47d5-b94c-62549c0f59de to remote] DEBUG org.asynchttpclient.netty.request.NettyRequestSender - Using pooled Channel '[id: 0xcfc56771, L:/127.0.0.1:56154 - R:localhost/127.0.0.1:56827]' for 'GET' to 'http://localhost:56827/session/e5cb48ea-8c77-47d5-b94c-62549c0f59de/url'
20:21:22.819 [Forwarding getCurrentUrl on session e5cb48ea-8c77-47d5-b94c-62549c0f59de to remote] DEBUG org.asynchttpclient.netty.request.NettyRequestSender - Using open Channel [id: 0xcfc56771, L:/127.0.0.1:56154 - R:localhost/127.0.0.1:56827] for GET '/session/e5cb48ea-8c77-47d5-b94c-62549c0f59de/url'
20:21:22.820 [AsyncHttpClient-1-2] DEBUG org.asynchttpclient.netty.handler.HttpHandler - 

Request DefaultFullHttpRequest(decodeResult: success, version: HTTP/1.1, content: EmptyByteBufBE)
GET /session/e5cb48ea-8c77-47d5-b94c-62549c0f59de/url HTTP/1.1
User-Agent: selenium/4.4.0 (java windows)
Cache-Control: no-cache
Content-Type: application/json; charset=utf-8
host: localhost:56827
accept: */*

Response DefaultHttpResponse(decodeResult: success, version: HTTP/1.1)
HTTP/1.1 200 OK
content-type: application/json; charset=utf-8
cache-control: no-cache
date: Sun, 06 Oct 2024 01:21:22 GMT
content-length: 60

20:21:22.820 [AsyncHttpClient-1-2] DEBUG org.asynchttpclient.netty.channel.ChannelManager - Adding key: http://localhost:56827 for channel [id: 0xcfc56771, L:/127.0.0.1:56154 - R:localhost/127.0.0.1:56827]
20:21:22.822 [main] DEBUG net.thucydides.core.steps.StepInterceptor - STARTING STEP: LoginStepDefinitions.completesThePurchaseFlowByClickingOn - {0} clicks on #target
20:21:22.822 [main] DEBUG net.serenitybdd.screenplay.targets.IFrameSwitcher - default content already selected for continue button
20:21:22.824 [Forwarding findElement on session e5cb48ea-8c77-47d5-b94c-62549c0f59de to remote] DEBUG org.asynchttpclient.netty.request.NettyRequestSender - Using pooled Channel '[id: 0xcfc56771, L:/127.0.0.1:56154 - R:localhost/127.0.0.1:56827]' for 'POST' to 'http://localhost:56827/session/e5cb48ea-8c77-47d5-b94c-62549c0f59de/element'
20:21:22.824 [Forwarding findElement on session e5cb48ea-8c77-47d5-b94c-62549c0f59de to remote] DEBUG org.asynchttpclient.netty.request.NettyRequestSender - Using open Channel [id: 0xcfc56771, L:/127.0.0.1:56154 - R:localhost/127.0.0.1:56827] for POST '/session/e5cb48ea-8c77-47d5-b94c-62549c0f59de/element'
20:21:22.826 [AsyncHttpClient-1-2] DEBUG org.asynchttpclient.netty.handler.HttpHandler - 

Request DefaultHttpRequest(decodeResult: success, version: HTTP/1.1)
POST /session/e5cb48ea-8c77-47d5-b94c-62549c0f59de/element HTTP/1.1
User-Agent: selenium/4.4.0 (java windows)
Content-Length: 53
Content-Type: application/json; charset=utf-8
host: localhost:56827
accept: */*

Response DefaultHttpResponse(decodeResult: success, version: HTTP/1.1)
HTTP/1.1 200 OK
content-type: application/json; charset=utf-8
cache-control: no-cache
date: Sun, 06 Oct 2024 01:21:22 GMT
content-length: 88

20:21:22.826 [AsyncHttpClient-1-2] DEBUG org.asynchttpclient.netty.channel.ChannelManager - Adding key: http://localhost:56827 for channel [id: 0xcfc56771, L:/127.0.0.1:56154 - R:localhost/127.0.0.1:56827]
20:21:22.828 [Forwarding isElementDisplayed on session e5cb48ea-8c77-47d5-b94c-62549c0f59de to remote] DEBUG org.asynchttpclient.netty.request.NettyRequestSender - Using pooled Channel '[id: 0xcfc56771, L:/127.0.0.1:56154 - R:localhost/127.0.0.1:56827]' for 'POST' to 'http://localhost:56827/session/e5cb48ea-8c77-47d5-b94c-62549c0f59de/execute/sync'
20:21:22.828 [Forwarding isElementDisplayed on session e5cb48ea-8c77-47d5-b94c-62549c0f59de to remote] DEBUG org.asynchttpclient.netty.request.NettyRequestSender - Using open Channel [id: 0xcfc56771, L:/127.0.0.1:56154 - R:localhost/127.0.0.1:56827] for POST '/session/e5cb48ea-8c77-47d5-b94c-62549c0f59de/execute/sync'
20:21:22.836 [AsyncHttpClient-1-2] DEBUG org.asynchttpclient.netty.handler.HttpHandler - 

Request DefaultHttpRequest(decodeResult: success, version: HTTP/1.1)
POST /session/e5cb48ea-8c77-47d5-b94c-62549c0f59de/execute/sync HTTP/1.1
User-Agent: selenium/4.4.0 (java windows)
Content-Length: 48780
Content-Type: application/json; charset=utf-8
host: localhost:56827
accept: */*

Response DefaultHttpResponse(decodeResult: success, version: HTTP/1.1)
HTTP/1.1 200 OK
content-type: application/json; charset=utf-8
cache-control: no-cache
date: Sun, 06 Oct 2024 01:21:22 GMT
content-length: 14

20:21:22.836 [AsyncHttpClient-1-2] DEBUG org.asynchttpclient.netty.channel.ChannelManager - Adding key: http://localhost:56827 for channel [id: 0xcfc56771, L:/127.0.0.1:56154 - R:localhost/127.0.0.1:56827]
20:21:22.837 [Forwarding findElement on session e5cb48ea-8c77-47d5-b94c-62549c0f59de to remote] DEBUG org.asynchttpclient.netty.request.NettyRequestSender - Using pooled Channel '[id: 0xcfc56771, L:/127.0.0.1:56154 - R:localhost/127.0.0.1:56827]' for 'POST' to 'http://localhost:56827/session/e5cb48ea-8c77-47d5-b94c-62549c0f59de/element'
20:21:22.837 [Forwarding findElement on session e5cb48ea-8c77-47d5-b94c-62549c0f59de to remote] DEBUG org.asynchttpclient.netty.request.NettyRequestSender - Using open Channel [id: 0xcfc56771, L:/127.0.0.1:56154 - R:localhost/127.0.0.1:56827] for POST '/session/e5cb48ea-8c77-47d5-b94c-62549c0f59de/element'
20:21:22.839 [AsyncHttpClient-1-2] DEBUG org.asynchttpclient.netty.handler.HttpHandler - 

Request DefaultHttpRequest(decodeResult: success, version: HTTP/1.1)
POST /session/e5cb48ea-8c77-47d5-b94c-62549c0f59de/element HTTP/1.1
User-Agent: selenium/4.4.0 (java windows)
Content-Length: 53
Content-Type: application/json; charset=utf-8
host: localhost:56827
accept: */*

Response DefaultHttpResponse(decodeResult: success, version: HTTP/1.1)
HTTP/1.1 200 OK
content-type: application/json; charset=utf-8
cache-control: no-cache
date: Sun, 06 Oct 2024 01:21:22 GMT
content-length: 88

20:21:22.839 [AsyncHttpClient-1-2] DEBUG org.asynchttpclient.netty.channel.ChannelManager - Adding key: http://localhost:56827 for channel [id: 0xcfc56771, L:/127.0.0.1:56154 - R:localhost/127.0.0.1:56827]
20:21:22.840 [Forwarding clickElement on session e5cb48ea-8c77-47d5-b94c-62549c0f59de to remote] DEBUG org.asynchttpclient.netty.request.NettyRequestSender - Using pooled Channel '[id: 0xcfc56771, L:/127.0.0.1:56154 - R:localhost/127.0.0.1:56827]' for 'POST' to 'http://localhost:56827/session/e5cb48ea-8c77-47d5-b94c-62549c0f59de/element/69a32446-385e-4114-9c94-1b76818a468e/click'
20:21:22.840 [Forwarding clickElement on session e5cb48ea-8c77-47d5-b94c-62549c0f59de to remote] DEBUG org.asynchttpclient.netty.request.NettyRequestSender - Using open Channel [id: 0xcfc56771, L:/127.0.0.1:56154 - R:localhost/127.0.0.1:56827] for POST '/session/e5cb48ea-8c77-47d5-b94c-62549c0f59de/element/69a32446-385e-4114-9c94-1b76818a468e/click'
20:21:23.055 [AsyncHttpClient-1-2] DEBUG org.asynchttpclient.netty.handler.HttpHandler - 

Request DefaultHttpRequest(decodeResult: success, version: HTTP/1.1)
POST /session/e5cb48ea-8c77-47d5-b94c-62549c0f59de/element/69a32446-385e-4114-9c94-1b76818a468e/click HTTP/1.1
User-Agent: selenium/4.4.0 (java windows)
Content-Length: 50
Content-Type: application/json; charset=utf-8
host: localhost:56827
accept: */*

Response DefaultHttpResponse(decodeResult: success, version: HTTP/1.1)
HTTP/1.1 200 OK
content-type: application/json; charset=utf-8
cache-control: no-cache
date: Sun, 06 Oct 2024 01:21:22 GMT
content-length: 14

20:21:23.055 [AsyncHttpClient-1-2] DEBUG org.asynchttpclient.netty.channel.ChannelManager - Adding key: http://localhost:56827 for channel [id: 0xcfc56771, L:/127.0.0.1:56154 - R:localhost/127.0.0.1:56827]
20:21:23.075 [Forwarding getCurrentWindowHandle on session e5cb48ea-8c77-47d5-b94c-62549c0f59de to remote] DEBUG org.asynchttpclient.netty.request.NettyRequestSender - Using pooled Channel '[id: 0xcfc56771, L:/127.0.0.1:56154 - R:localhost/127.0.0.1:56827]' for 'GET' to 'http://localhost:56827/session/e5cb48ea-8c77-47d5-b94c-62549c0f59de/window'
20:21:23.075 [Forwarding getCurrentWindowHandle on session e5cb48ea-8c77-47d5-b94c-62549c0f59de to remote] DEBUG org.asynchttpclient.netty.request.NettyRequestSender - Using open Channel [id: 0xcfc56771, L:/127.0.0.1:56154 - R:localhost/127.0.0.1:56827] for GET '/session/e5cb48ea-8c77-47d5-b94c-62549c0f59de/window'
20:21:23.077 [AsyncHttpClient-1-2] DEBUG org.asynchttpclient.netty.handler.HttpHandler - 

Request DefaultFullHttpRequest(decodeResult: success, version: HTTP/1.1, content: EmptyByteBufBE)
GET /session/e5cb48ea-8c77-47d5-b94c-62549c0f59de/window HTTP/1.1
User-Agent: selenium/4.4.0 (java windows)
Cache-Control: no-cache
Content-Type: application/json; charset=utf-8
host: localhost:56827
accept: */*

Response DefaultHttpResponse(decodeResult: success, version: HTTP/1.1)
HTTP/1.1 200 OK
content-type: application/json; charset=utf-8
cache-control: no-cache
date: Sun, 06 Oct 2024 01:21:22 GMT
content-length: 48

20:21:23.077 [AsyncHttpClient-1-2] DEBUG org.asynchttpclient.netty.channel.ChannelManager - Adding key: http://localhost:56827 for channel [id: 0xcfc56771, L:/127.0.0.1:56154 - R:localhost/127.0.0.1:56827]
20:21:23.079 [Forwarding getAlertText on session e5cb48ea-8c77-47d5-b94c-62549c0f59de to remote] DEBUG org.asynchttpclient.netty.request.NettyRequestSender - Using pooled Channel '[id: 0xcfc56771, L:/127.0.0.1:56154 - R:localhost/127.0.0.1:56827]' for 'GET' to 'http://localhost:56827/session/e5cb48ea-8c77-47d5-b94c-62549c0f59de/alert/text'
20:21:23.079 [Forwarding getAlertText on session e5cb48ea-8c77-47d5-b94c-62549c0f59de to remote] DEBUG org.asynchttpclient.netty.request.NettyRequestSender - Using open Channel [id: 0xcfc56771, L:/127.0.0.1:56154 - R:localhost/127.0.0.1:56827] for GET '/session/e5cb48ea-8c77-47d5-b94c-62549c0f59de/alert/text'
20:21:23.081 [AsyncHttpClient-1-2] DEBUG org.asynchttpclient.netty.handler.HttpHandler - 

Request DefaultFullHttpRequest(decodeResult: success, version: HTTP/1.1, content: EmptyByteBufBE)
GET /session/e5cb48ea-8c77-47d5-b94c-62549c0f59de/alert/text HTTP/1.1
User-Agent: selenium/4.4.0 (java windows)
Cache-Control: no-cache
Content-Type: application/json; charset=utf-8
host: localhost:56827
accept: */*

Response DefaultHttpResponse(decodeResult: success, version: HTTP/1.1)
HTTP/1.1 404 Not Found
content-type: application/json; charset=utf-8
cache-control: no-cache
date: Sun, 06 Oct 2024 01:21:22 GMT
content-length: 842

20:21:23.081 [AsyncHttpClient-1-2] DEBUG org.asynchttpclient.netty.channel.ChannelManager - Adding key: http://localhost:56827 for channel [id: 0xcfc56771, L:/127.0.0.1:56154 - R:localhost/127.0.0.1:56827]
20:21:23.084 [Forwarding switchToWindow on session e5cb48ea-8c77-47d5-b94c-62549c0f59de to remote] DEBUG org.asynchttpclient.netty.request.NettyRequestSender - Using pooled Channel '[id: 0xcfc56771, L:/127.0.0.1:56154 - R:localhost/127.0.0.1:56827]' for 'POST' to 'http://localhost:56827/session/e5cb48ea-8c77-47d5-b94c-62549c0f59de/window'
20:21:23.084 [Forwarding switchToWindow on session e5cb48ea-8c77-47d5-b94c-62549c0f59de to remote] DEBUG org.asynchttpclient.netty.request.NettyRequestSender - Using open Channel [id: 0xcfc56771, L:/127.0.0.1:56154 - R:localhost/127.0.0.1:56827] for POST '/session/e5cb48ea-8c77-47d5-b94c-62549c0f59de/window'
20:21:23.086 [AsyncHttpClient-1-2] DEBUG org.asynchttpclient.netty.handler.HttpHandler - 

Request DefaultHttpRequest(decodeResult: success, version: HTTP/1.1)
POST /session/e5cb48ea-8c77-47d5-b94c-62549c0f59de/window HTTP/1.1
User-Agent: selenium/4.4.0 (java windows)
Content-Length: 54
Content-Type: application/json; charset=utf-8
host: localhost:56827
accept: */*

Response DefaultHttpResponse(decodeResult: success, version: HTTP/1.1)
HTTP/1.1 200 OK
content-type: application/json; charset=utf-8
cache-control: no-cache
date: Sun, 06 Oct 2024 01:21:22 GMT
content-length: 14

20:21:23.086 [AsyncHttpClient-1-2] DEBUG org.asynchttpclient.netty.channel.ChannelManager - Adding key: http://localhost:56827 for channel [id: 0xcfc56771, L:/127.0.0.1:56154 - R:localhost/127.0.0.1:56827]
20:21:23.086 [Forwarding getCurrentUrl on session e5cb48ea-8c77-47d5-b94c-62549c0f59de to remote] DEBUG org.asynchttpclient.netty.request.NettyRequestSender - Using pooled Channel '[id: 0xcfc56771, L:/127.0.0.1:56154 - R:localhost/127.0.0.1:56827]' for 'GET' to 'http://localhost:56827/session/e5cb48ea-8c77-47d5-b94c-62549c0f59de/url'
20:21:23.086 [Forwarding getCurrentUrl on session e5cb48ea-8c77-47d5-b94c-62549c0f59de to remote] DEBUG org.asynchttpclient.netty.request.NettyRequestSender - Using open Channel [id: 0xcfc56771, L:/127.0.0.1:56154 - R:localhost/127.0.0.1:56827] for GET '/session/e5cb48ea-8c77-47d5-b94c-62549c0f59de/url'
20:21:23.088 [AsyncHttpClient-1-2] DEBUG org.asynchttpclient.netty.handler.HttpHandler - 

Request DefaultFullHttpRequest(decodeResult: success, version: HTTP/1.1, content: EmptyByteBufBE)
GET /session/e5cb48ea-8c77-47d5-b94c-62549c0f59de/url HTTP/1.1
User-Agent: selenium/4.4.0 (java windows)
Cache-Control: no-cache
Content-Type: application/json; charset=utf-8
host: localhost:56827
accept: */*

Response DefaultHttpResponse(decodeResult: success, version: HTTP/1.1)
HTTP/1.1 200 OK
content-type: application/json; charset=utf-8
cache-control: no-cache
date: Sun, 06 Oct 2024 01:21:22 GMT
content-length: 60

20:21:23.088 [AsyncHttpClient-1-2] DEBUG org.asynchttpclient.netty.channel.ChannelManager - Adding key: http://localhost:56827 for channel [id: 0xcfc56771, L:/127.0.0.1:56154 - R:localhost/127.0.0.1:56827]
20:21:23.088 [Forwarding screenshot on session e5cb48ea-8c77-47d5-b94c-62549c0f59de to remote] DEBUG org.asynchttpclient.netty.request.NettyRequestSender - Using pooled Channel '[id: 0xcfc56771, L:/127.0.0.1:56154 - R:localhost/127.0.0.1:56827]' for 'GET' to 'http://localhost:56827/session/e5cb48ea-8c77-47d5-b94c-62549c0f59de/screenshot'
20:21:23.088 [Forwarding screenshot on session e5cb48ea-8c77-47d5-b94c-62549c0f59de to remote] DEBUG org.asynchttpclient.netty.request.NettyRequestSender - Using open Channel [id: 0xcfc56771, L:/127.0.0.1:56154 - R:localhost/127.0.0.1:56827] for GET '/session/e5cb48ea-8c77-47d5-b94c-62549c0f59de/screenshot'
20:21:23.117 [AsyncHttpClient-1-2] DEBUG org.asynchttpclient.netty.handler.HttpHandler - 

Request DefaultFullHttpRequest(decodeResult: success, version: HTTP/1.1, content: EmptyByteBufBE)
GET /session/e5cb48ea-8c77-47d5-b94c-62549c0f59de/screenshot HTTP/1.1
User-Agent: selenium/4.4.0 (java windows)
Cache-Control: no-cache
Content-Type: application/json; charset=utf-8
host: localhost:56827
accept: */*

Response DefaultHttpResponse(decodeResult: success, version: HTTP/1.1)
HTTP/1.1 200 OK
content-type: application/json; charset=utf-8
cache-control: no-cache
date: Sun, 06 Oct 2024 01:21:22 GMT
content-length: 92344

20:21:23.117 [AsyncHttpClient-1-2] DEBUG org.asynchttpclient.netty.channel.ChannelManager - Adding key: http://localhost:56827 for channel [id: 0xcfc56771, L:/127.0.0.1:56154 - R:localhost/127.0.0.1:56827]
20:21:23.119 [main] DEBUG net.serenitybdd.core.photography.Darkroom - Send negative for processing for target\site\serenity\80f5ce461101cdd0a4be0c25064365bde3701f6b0be3873fdbdb7a13dfe1617a.png
20:21:23.119 [main] DEBUG net.thucydides.core.steps.StepInterceptor - STEP DONE: {0} clicks on #target
20:21:23.120 [Darkroom Processing Line] DEBUG net.serenitybdd.core.photography.DarkroomProcessingLine - Processing screenshot image in /var/screenshots/screenshot-16912850371597999140
20:21:23.120 [Darkroom Processing Line] DEBUG net.serenitybdd.core.photography.DarkroomProcessingLine - Saving screenshot to target\site\serenity\80f5ce461101cdd0a4be0c25064365bde3701f6b0be3873fdbdb7a13dfe1617a.png
20:21:23.123 [main] DEBUG net.thucydides.core.steps.StepInterceptor - STEP DONE: !#title
20:21:23.127 [Forwarding getPageSource on session e5cb48ea-8c77-47d5-b94c-62549c0f59de to remote] DEBUG org.asynchttpclient.netty.request.NettyRequestSender - Using pooled Channel '[id: 0xcfc56771, L:/127.0.0.1:56154 - R:localhost/127.0.0.1:56827]' for 'POST' to 'http://localhost:56827/session/e5cb48ea-8c77-47d5-b94c-62549c0f59de/execute/sync'
20:21:23.127 [Forwarding getPageSource on session e5cb48ea-8c77-47d5-b94c-62549c0f59de to remote] DEBUG org.asynchttpclient.netty.request.NettyRequestSender - Using open Channel [id: 0xcfc56771, L:/127.0.0.1:56154 - R:localhost/127.0.0.1:56827] for POST '/session/e5cb48ea-8c77-47d5-b94c-62549c0f59de/execute/sync'
20:21:23.131 [AsyncHttpClient-1-2] DEBUG org.asynchttpclient.netty.handler.HttpHandler - 

Request DefaultHttpRequest(decodeResult: success, version: HTTP/1.1)
POST /session/e5cb48ea-8c77-47d5-b94c-62549c0f59de/execute/sync HTTP/1.1
User-Agent: selenium/4.4.0 (java windows)
Content-Length: 176
Content-Type: application/json; charset=utf-8
host: localhost:56827
accept: */*

Response DefaultHttpResponse(decodeResult: success, version: HTTP/1.1)
HTTP/1.1 200 OK
content-type: application/json; charset=utf-8
cache-control: no-cache
date: Sun, 06 Oct 2024 01:21:22 GMT
content-length: 13990

20:21:23.131 [AsyncHttpClient-1-2] DEBUG org.asynchttpclient.netty.channel.ChannelManager - Adding key: http://localhost:56827 for channel [id: 0xcfc56771, L:/127.0.0.1:56154 - R:localhost/127.0.0.1:56827]
20:21:23.132 [Forwarding getCurrentUrl on session e5cb48ea-8c77-47d5-b94c-62549c0f59de to remote] DEBUG org.asynchttpclient.netty.request.NettyRequestSender - Using pooled Channel '[id: 0xcfc56771, L:/127.0.0.1:56154 - R:localhost/127.0.0.1:56827]' for 'GET' to 'http://localhost:56827/session/e5cb48ea-8c77-47d5-b94c-62549c0f59de/url'
20:21:23.133 [Forwarding getCurrentUrl on session e5cb48ea-8c77-47d5-b94c-62549c0f59de to remote] DEBUG org.asynchttpclient.netty.request.NettyRequestSender - Using open Channel [id: 0xcfc56771, L:/127.0.0.1:56154 - R:localhost/127.0.0.1:56827] for GET '/session/e5cb48ea-8c77-47d5-b94c-62549c0f59de/url'
20:21:23.134 [AsyncHttpClient-1-2] DEBUG org.asynchttpclient.netty.handler.HttpHandler - 

Request DefaultFullHttpRequest(decodeResult: success, version: HTTP/1.1, content: EmptyByteBufBE)
GET /session/e5cb48ea-8c77-47d5-b94c-62549c0f59de/url HTTP/1.1
User-Agent: selenium/4.4.0 (java windows)
Cache-Control: no-cache
Content-Type: application/json; charset=utf-8
host: localhost:56827
accept: */*

Response DefaultHttpResponse(decodeResult: success, version: HTTP/1.1)
HTTP/1.1 200 OK
content-type: application/json; charset=utf-8
cache-control: no-cache
date: Sun, 06 Oct 2024 01:21:22 GMT
content-length: 60

20:21:23.134 [AsyncHttpClient-1-2] DEBUG org.asynchttpclient.netty.channel.ChannelManager - Adding key: http://localhost:56827 for channel [id: 0xcfc56771, L:/127.0.0.1:56154 - R:localhost/127.0.0.1:56827]
20:21:23.136 [main] DEBUG net.thucydides.core.steps.StepInterceptor - STARTING STEP: LoginStepDefinitions.completesThePurchaseFlowByClickingOn - !#title
20:21:23.152 [Forwarding getPageSource on session e5cb48ea-8c77-47d5-b94c-62549c0f59de to remote] DEBUG org.asynchttpclient.netty.request.NettyRequestSender - Using pooled Channel '[id: 0xcfc56771, L:/127.0.0.1:56154 - R:localhost/127.0.0.1:56827]' for 'POST' to 'http://localhost:56827/session/e5cb48ea-8c77-47d5-b94c-62549c0f59de/execute/sync'
20:21:23.152 [Forwarding getPageSource on session e5cb48ea-8c77-47d5-b94c-62549c0f59de to remote] DEBUG org.asynchttpclient.netty.request.NettyRequestSender - Using open Channel [id: 0xcfc56771, L:/127.0.0.1:56154 - R:localhost/127.0.0.1:56827] for POST '/session/e5cb48ea-8c77-47d5-b94c-62549c0f59de/execute/sync'
20:21:23.155 [AsyncHttpClient-1-2] DEBUG org.asynchttpclient.netty.handler.HttpHandler - 

Request DefaultHttpRequest(decodeResult: success, version: HTTP/1.1)
POST /session/e5cb48ea-8c77-47d5-b94c-62549c0f59de/execute/sync HTTP/1.1
User-Agent: selenium/4.4.0 (java windows)
Content-Length: 176
Content-Type: application/json; charset=utf-8
host: localhost:56827
accept: */*

Response DefaultHttpResponse(decodeResult: success, version: HTTP/1.1)
HTTP/1.1 200 OK
content-type: application/json; charset=utf-8
cache-control: no-cache
date: Sun, 06 Oct 2024 01:21:22 GMT
content-length: 13990

20:21:23.155 [AsyncHttpClient-1-2] DEBUG org.asynchttpclient.netty.channel.ChannelManager - Adding key: http://localhost:56827 for channel [id: 0xcfc56771, L:/127.0.0.1:56154 - R:localhost/127.0.0.1:56827]
20:21:23.157 [Forwarding getCurrentUrl on session e5cb48ea-8c77-47d5-b94c-62549c0f59de to remote] DEBUG org.asynchttpclient.netty.request.NettyRequestSender - Using pooled Channel '[id: 0xcfc56771, L:/127.0.0.1:56154 - R:localhost/127.0.0.1:56827]' for 'GET' to 'http://localhost:56827/session/e5cb48ea-8c77-47d5-b94c-62549c0f59de/url'
20:21:23.157 [Forwarding getCurrentUrl on session e5cb48ea-8c77-47d5-b94c-62549c0f59de to remote] DEBUG org.asynchttpclient.netty.request.NettyRequestSender - Using open Channel [id: 0xcfc56771, L:/127.0.0.1:56154 - R:localhost/127.0.0.1:56827] for GET '/session/e5cb48ea-8c77-47d5-b94c-62549c0f59de/url'
20:21:23.158 [AsyncHttpClient-1-2] DEBUG org.asynchttpclient.netty.handler.HttpHandler - 

Request DefaultFullHttpRequest(decodeResult: success, version: HTTP/1.1, content: EmptyByteBufBE)
GET /session/e5cb48ea-8c77-47d5-b94c-62549c0f59de/url HTTP/1.1
User-Agent: selenium/4.4.0 (java windows)
Cache-Control: no-cache
Content-Type: application/json; charset=utf-8
host: localhost:56827
accept: */*

Response DefaultHttpResponse(decodeResult: success, version: HTTP/1.1)
HTTP/1.1 200 OK
content-type: application/json; charset=utf-8
cache-control: no-cache
date: Sun, 06 Oct 2024 01:21:22 GMT
content-length: 60

20:21:23.158 [AsyncHttpClient-1-2] DEBUG org.asynchttpclient.netty.channel.ChannelManager - Adding key: http://localhost:56827 for channel [id: 0xcfc56771, L:/127.0.0.1:56154 - R:localhost/127.0.0.1:56827]
20:21:23.160 [main] DEBUG net.thucydides.core.steps.StepInterceptor - STARTING STEP: LoginStepDefinitions.completesThePurchaseFlowByClickingOn - {0} clicks on #target
20:21:23.160 [main] DEBUG net.serenitybdd.screenplay.targets.IFrameSwitcher - default content already selected for finish button
20:21:23.163 [Forwarding findElement on session e5cb48ea-8c77-47d5-b94c-62549c0f59de to remote] DEBUG org.asynchttpclient.netty.request.NettyRequestSender - Using pooled Channel '[id: 0xcfc56771, L:/127.0.0.1:56154 - R:localhost/127.0.0.1:56827]' for 'POST' to 'http://localhost:56827/session/e5cb48ea-8c77-47d5-b94c-62549c0f59de/element'
20:21:23.163 [Forwarding findElement on session e5cb48ea-8c77-47d5-b94c-62549c0f59de to remote] DEBUG org.asynchttpclient.netty.request.NettyRequestSender - Using open Channel [id: 0xcfc56771, L:/127.0.0.1:56154 - R:localhost/127.0.0.1:56827] for POST '/session/e5cb48ea-8c77-47d5-b94c-62549c0f59de/element'
20:21:23.166 [AsyncHttpClient-1-2] DEBUG org.asynchttpclient.netty.handler.HttpHandler - 

Request DefaultHttpRequest(decodeResult: success, version: HTTP/1.1)
POST /session/e5cb48ea-8c77-47d5-b94c-62549c0f59de/element HTTP/1.1
User-Agent: selenium/4.4.0 (java windows)
Content-Length: 51
Content-Type: application/json; charset=utf-8
host: localhost:56827
accept: */*

Response DefaultHttpResponse(decodeResult: success, version: HTTP/1.1)
HTTP/1.1 200 OK
content-type: application/json; charset=utf-8
cache-control: no-cache
date: Sun, 06 Oct 2024 01:21:22 GMT
content-length: 88

20:21:23.166 [AsyncHttpClient-1-2] DEBUG org.asynchttpclient.netty.channel.ChannelManager - Adding key: http://localhost:56827 for channel [id: 0xcfc56771, L:/127.0.0.1:56154 - R:localhost/127.0.0.1:56827]
20:21:23.168 [Forwarding isElementDisplayed on session e5cb48ea-8c77-47d5-b94c-62549c0f59de to remote] DEBUG org.asynchttpclient.netty.request.NettyRequestSender - Using pooled Channel '[id: 0xcfc56771, L:/127.0.0.1:56154 - R:localhost/127.0.0.1:56827]' for 'POST' to 'http://localhost:56827/session/e5cb48ea-8c77-47d5-b94c-62549c0f59de/execute/sync'
20:21:23.168 [Forwarding isElementDisplayed on session e5cb48ea-8c77-47d5-b94c-62549c0f59de to remote] DEBUG org.asynchttpclient.netty.request.NettyRequestSender - Using open Channel [id: 0xcfc56771, L:/127.0.0.1:56154 - R:localhost/127.0.0.1:56827] for POST '/session/e5cb48ea-8c77-47d5-b94c-62549c0f59de/execute/sync'
20:21:23.174 [AsyncHttpClient-1-2] DEBUG org.asynchttpclient.netty.handler.HttpHandler - 

Request DefaultHttpRequest(decodeResult: success, version: HTTP/1.1)
POST /session/e5cb48ea-8c77-47d5-b94c-62549c0f59de/execute/sync HTTP/1.1
User-Agent: selenium/4.4.0 (java windows)
Content-Length: 48780
Content-Type: application/json; charset=utf-8
host: localhost:56827
accept: */*

Response DefaultHttpResponse(decodeResult: success, version: HTTP/1.1)
HTTP/1.1 200 OK
content-type: application/json; charset=utf-8
cache-control: no-cache
date: Sun, 06 Oct 2024 01:21:22 GMT
content-length: 14

20:21:23.174 [AsyncHttpClient-1-2] DEBUG org.asynchttpclient.netty.channel.ChannelManager - Adding key: http://localhost:56827 for channel [id: 0xcfc56771, L:/127.0.0.1:56154 - R:localhost/127.0.0.1:56827]
20:21:23.175 [Forwarding findElement on session e5cb48ea-8c77-47d5-b94c-62549c0f59de to remote] DEBUG org.asynchttpclient.netty.request.NettyRequestSender - Using pooled Channel '[id: 0xcfc56771, L:/127.0.0.1:56154 - R:localhost/127.0.0.1:56827]' for 'POST' to 'http://localhost:56827/session/e5cb48ea-8c77-47d5-b94c-62549c0f59de/element'
20:21:23.175 [Forwarding findElement on session e5cb48ea-8c77-47d5-b94c-62549c0f59de to remote] DEBUG org.asynchttpclient.netty.request.NettyRequestSender - Using open Channel [id: 0xcfc56771, L:/127.0.0.1:56154 - R:localhost/127.0.0.1:56827] for POST '/session/e5cb48ea-8c77-47d5-b94c-62549c0f59de/element'
20:21:23.178 [AsyncHttpClient-1-2] DEBUG org.asynchttpclient.netty.handler.HttpHandler - 

Request DefaultHttpRequest(decodeResult: success, version: HTTP/1.1)
POST /session/e5cb48ea-8c77-47d5-b94c-62549c0f59de/element HTTP/1.1
User-Agent: selenium/4.4.0 (java windows)
Content-Length: 51
Content-Type: application/json; charset=utf-8
host: localhost:56827
accept: */*

Response DefaultHttpResponse(decodeResult: success, version: HTTP/1.1)
HTTP/1.1 200 OK
content-type: application/json; charset=utf-8
cache-control: no-cache
date: Sun, 06 Oct 2024 01:21:22 GMT
content-length: 88

20:21:23.178 [AsyncHttpClient-1-2] DEBUG org.asynchttpclient.netty.channel.ChannelManager - Adding key: http://localhost:56827 for channel [id: 0xcfc56771, L:/127.0.0.1:56154 - R:localhost/127.0.0.1:56827]
20:21:23.179 [Forwarding clickElement on session e5cb48ea-8c77-47d5-b94c-62549c0f59de to remote] DEBUG org.asynchttpclient.netty.request.NettyRequestSender - Using pooled Channel '[id: 0xcfc56771, L:/127.0.0.1:56154 - R:localhost/127.0.0.1:56827]' for 'POST' to 'http://localhost:56827/session/e5cb48ea-8c77-47d5-b94c-62549c0f59de/element/28f523be-5f25-475c-9700-b7770186f90d/click'
20:21:23.179 [Forwarding clickElement on session e5cb48ea-8c77-47d5-b94c-62549c0f59de to remote] DEBUG org.asynchttpclient.netty.request.NettyRequestSender - Using open Channel [id: 0xcfc56771, L:/127.0.0.1:56154 - R:localhost/127.0.0.1:56827] for POST '/session/e5cb48ea-8c77-47d5-b94c-62549c0f59de/element/28f523be-5f25-475c-9700-b7770186f90d/click'
20:21:23.418 [AsyncHttpClient-1-2] DEBUG org.asynchttpclient.netty.handler.HttpHandler - 

Request DefaultHttpRequest(decodeResult: success, version: HTTP/1.1)
POST /session/e5cb48ea-8c77-47d5-b94c-62549c0f59de/element/28f523be-5f25-475c-9700-b7770186f90d/click HTTP/1.1
User-Agent: selenium/4.4.0 (java windows)
Content-Length: 50
Content-Type: application/json; charset=utf-8
host: localhost:56827
accept: */*

Response DefaultHttpResponse(decodeResult: success, version: HTTP/1.1)
HTTP/1.1 200 OK
content-type: application/json; charset=utf-8
cache-control: no-cache
date: Sun, 06 Oct 2024 01:21:22 GMT
content-length: 14

20:21:23.419 [AsyncHttpClient-1-2] DEBUG org.asynchttpclient.netty.channel.ChannelManager - Adding key: http://localhost:56827 for channel [id: 0xcfc56771, L:/127.0.0.1:56154 - R:localhost/127.0.0.1:56827]
20:21:23.425 [Forwarding getCurrentWindowHandle on session e5cb48ea-8c77-47d5-b94c-62549c0f59de to remote] DEBUG org.asynchttpclient.netty.request.NettyRequestSender - Using pooled Channel '[id: 0xcfc56771, L:/127.0.0.1:56154 - R:localhost/127.0.0.1:56827]' for 'GET' to 'http://localhost:56827/session/e5cb48ea-8c77-47d5-b94c-62549c0f59de/window'
20:21:23.425 [Forwarding getCurrentWindowHandle on session e5cb48ea-8c77-47d5-b94c-62549c0f59de to remote] DEBUG org.asynchttpclient.netty.request.NettyRequestSender - Using open Channel [id: 0xcfc56771, L:/127.0.0.1:56154 - R:localhost/127.0.0.1:56827] for GET '/session/e5cb48ea-8c77-47d5-b94c-62549c0f59de/window'
20:21:23.426 [AsyncHttpClient-1-2] DEBUG org.asynchttpclient.netty.handler.HttpHandler - 

Request DefaultFullHttpRequest(decodeResult: success, version: HTTP/1.1, content: EmptyByteBufBE)
GET /session/e5cb48ea-8c77-47d5-b94c-62549c0f59de/window HTTP/1.1
User-Agent: selenium/4.4.0 (java windows)
Cache-Control: no-cache
Content-Type: application/json; charset=utf-8
host: localhost:56827
accept: */*

Response DefaultHttpResponse(decodeResult: success, version: HTTP/1.1)
HTTP/1.1 200 OK
content-type: application/json; charset=utf-8
cache-control: no-cache
date: Sun, 06 Oct 2024 01:21:22 GMT
content-length: 48

20:21:23.426 [AsyncHttpClient-1-2] DEBUG org.asynchttpclient.netty.channel.ChannelManager - Adding key: http://localhost:56827 for channel [id: 0xcfc56771, L:/127.0.0.1:56154 - R:localhost/127.0.0.1:56827]
20:21:23.427 [Forwarding getAlertText on session e5cb48ea-8c77-47d5-b94c-62549c0f59de to remote] DEBUG org.asynchttpclient.netty.request.NettyRequestSender - Using pooled Channel '[id: 0xcfc56771, L:/127.0.0.1:56154 - R:localhost/127.0.0.1:56827]' for 'GET' to 'http://localhost:56827/session/e5cb48ea-8c77-47d5-b94c-62549c0f59de/alert/text'
20:21:23.427 [Forwarding getAlertText on session e5cb48ea-8c77-47d5-b94c-62549c0f59de to remote] DEBUG org.asynchttpclient.netty.request.NettyRequestSender - Using open Channel [id: 0xcfc56771, L:/127.0.0.1:56154 - R:localhost/127.0.0.1:56827] for GET '/session/e5cb48ea-8c77-47d5-b94c-62549c0f59de/alert/text'
20:21:23.428 [AsyncHttpClient-1-2] DEBUG org.asynchttpclient.netty.handler.HttpHandler - 

Request DefaultFullHttpRequest(decodeResult: success, version: HTTP/1.1, content: EmptyByteBufBE)
GET /session/e5cb48ea-8c77-47d5-b94c-62549c0f59de/alert/text HTTP/1.1
User-Agent: selenium/4.4.0 (java windows)
Cache-Control: no-cache
Content-Type: application/json; charset=utf-8
host: localhost:56827
accept: */*

Response DefaultHttpResponse(decodeResult: success, version: HTTP/1.1)
HTTP/1.1 404 Not Found
content-type: application/json; charset=utf-8
cache-control: no-cache
date: Sun, 06 Oct 2024 01:21:22 GMT
content-length: 842

20:21:23.428 [AsyncHttpClient-1-2] DEBUG org.asynchttpclient.netty.channel.ChannelManager - Adding key: http://localhost:56827 for channel [id: 0xcfc56771, L:/127.0.0.1:56154 - R:localhost/127.0.0.1:56827]
20:21:23.430 [Forwarding switchToWindow on session e5cb48ea-8c77-47d5-b94c-62549c0f59de to remote] DEBUG org.asynchttpclient.netty.request.NettyRequestSender - Using pooled Channel '[id: 0xcfc56771, L:/127.0.0.1:56154 - R:localhost/127.0.0.1:56827]' for 'POST' to 'http://localhost:56827/session/e5cb48ea-8c77-47d5-b94c-62549c0f59de/window'
20:21:23.430 [Forwarding switchToWindow on session e5cb48ea-8c77-47d5-b94c-62549c0f59de to remote] DEBUG org.asynchttpclient.netty.request.NettyRequestSender - Using open Channel [id: 0xcfc56771, L:/127.0.0.1:56154 - R:localhost/127.0.0.1:56827] for POST '/session/e5cb48ea-8c77-47d5-b94c-62549c0f59de/window'
20:21:23.431 [AsyncHttpClient-1-2] DEBUG org.asynchttpclient.netty.handler.HttpHandler - 

Request DefaultHttpRequest(decodeResult: success, version: HTTP/1.1)
POST /session/e5cb48ea-8c77-47d5-b94c-62549c0f59de/window HTTP/1.1
User-Agent: selenium/4.4.0 (java windows)
Content-Length: 54
Content-Type: application/json; charset=utf-8
host: localhost:56827
accept: */*

Response DefaultHttpResponse(decodeResult: success, version: HTTP/1.1)
HTTP/1.1 200 OK
content-type: application/json; charset=utf-8
cache-control: no-cache
date: Sun, 06 Oct 2024 01:21:22 GMT
content-length: 14

20:21:23.432 [AsyncHttpClient-1-2] DEBUG org.asynchttpclient.netty.channel.ChannelManager - Adding key: http://localhost:56827 for channel [id: 0xcfc56771, L:/127.0.0.1:56154 - R:localhost/127.0.0.1:56827]
20:21:23.432 [Forwarding getCurrentUrl on session e5cb48ea-8c77-47d5-b94c-62549c0f59de to remote] DEBUG org.asynchttpclient.netty.request.NettyRequestSender - Using pooled Channel '[id: 0xcfc56771, L:/127.0.0.1:56154 - R:localhost/127.0.0.1:56827]' for 'GET' to 'http://localhost:56827/session/e5cb48ea-8c77-47d5-b94c-62549c0f59de/url'
20:21:23.432 [Forwarding getCurrentUrl on session e5cb48ea-8c77-47d5-b94c-62549c0f59de to remote] DEBUG org.asynchttpclient.netty.request.NettyRequestSender - Using open Channel [id: 0xcfc56771, L:/127.0.0.1:56154 - R:localhost/127.0.0.1:56827] for GET '/session/e5cb48ea-8c77-47d5-b94c-62549c0f59de/url'
20:21:23.433 [AsyncHttpClient-1-2] DEBUG org.asynchttpclient.netty.handler.HttpHandler - 

Request DefaultFullHttpRequest(decodeResult: success, version: HTTP/1.1, content: EmptyByteBufBE)
GET /session/e5cb48ea-8c77-47d5-b94c-62549c0f59de/url HTTP/1.1
User-Agent: selenium/4.4.0 (java windows)
Cache-Control: no-cache
Content-Type: application/json; charset=utf-8
host: localhost:56827
accept: */*

Response DefaultHttpResponse(decodeResult: success, version: HTTP/1.1)
HTTP/1.1 200 OK
content-type: application/json; charset=utf-8
cache-control: no-cache
date: Sun, 06 Oct 2024 01:21:22 GMT
content-length: 60

20:21:23.433 [AsyncHttpClient-1-2] DEBUG org.asynchttpclient.netty.channel.ChannelManager - Adding key: http://localhost:56827 for channel [id: 0xcfc56771, L:/127.0.0.1:56154 - R:localhost/127.0.0.1:56827]
20:21:23.434 [Forwarding screenshot on session e5cb48ea-8c77-47d5-b94c-62549c0f59de to remote] DEBUG org.asynchttpclient.netty.request.NettyRequestSender - Using pooled Channel '[id: 0xcfc56771, L:/127.0.0.1:56154 - R:localhost/127.0.0.1:56827]' for 'GET' to 'http://localhost:56827/session/e5cb48ea-8c77-47d5-b94c-62549c0f59de/screenshot'
20:21:23.434 [Forwarding screenshot on session e5cb48ea-8c77-47d5-b94c-62549c0f59de to remote] DEBUG org.asynchttpclient.netty.request.NettyRequestSender - Using open Channel [id: 0xcfc56771, L:/127.0.0.1:56154 - R:localhost/127.0.0.1:56827] for GET '/session/e5cb48ea-8c77-47d5-b94c-62549c0f59de/screenshot'
20:21:23.460 [AsyncHttpClient-1-2] DEBUG org.asynchttpclient.netty.handler.HttpHandler - 

Request DefaultFullHttpRequest(decodeResult: success, version: HTTP/1.1, content: EmptyByteBufBE)
GET /session/e5cb48ea-8c77-47d5-b94c-62549c0f59de/screenshot HTTP/1.1
User-Agent: selenium/4.4.0 (java windows)
Cache-Control: no-cache
Content-Type: application/json; charset=utf-8
host: localhost:56827
accept: */*

Response DefaultHttpResponse(decodeResult: success, version: HTTP/1.1)
HTTP/1.1 200 OK
content-type: application/json; charset=utf-8
cache-control: no-cache
date: Sun, 06 Oct 2024 01:21:22 GMT
content-length: 83816

20:21:23.461 [AsyncHttpClient-1-2] DEBUG org.asynchttpclient.netty.channel.ChannelManager - Adding key: http://localhost:56827 for channel [id: 0xcfc56771, L:/127.0.0.1:56154 - R:localhost/127.0.0.1:56827]
20:21:23.463 [main] DEBUG net.serenitybdd.core.photography.Darkroom - Send negative for processing for target\site\serenity\72b9c9d3c9970ca3a363737636202f37eec1b087ba994a3cc6fa5dbe76c3f3c2.png
20:21:23.463 [main] DEBUG net.thucydides.core.steps.StepInterceptor - STEP DONE: {0} clicks on #target
20:21:23.463 [Darkroom Processing Line] DEBUG net.serenitybdd.core.photography.DarkroomProcessingLine - Processing screenshot image in /var/screenshots/screenshot-10311152697347650952
20:21:23.463 [Darkroom Processing Line] DEBUG net.serenitybdd.core.photography.DarkroomProcessingLine - Saving screenshot to target\site\serenity\72b9c9d3c9970ca3a363737636202f37eec1b087ba994a3cc6fa5dbe76c3f3c2.png
20:21:23.467 [main] DEBUG net.thucydides.core.steps.StepInterceptor - STEP DONE: !#title
20:21:23.472 [Forwarding getPageSource on session e5cb48ea-8c77-47d5-b94c-62549c0f59de to remote] DEBUG org.asynchttpclient.netty.request.NettyRequestSender - Using pooled Channel '[id: 0xcfc56771, L:/127.0.0.1:56154 - R:localhost/127.0.0.1:56827]' for 'POST' to 'http://localhost:56827/session/e5cb48ea-8c77-47d5-b94c-62549c0f59de/execute/sync'
20:21:23.472 [Forwarding getPageSource on session e5cb48ea-8c77-47d5-b94c-62549c0f59de to remote] DEBUG org.asynchttpclient.netty.request.NettyRequestSender - Using open Channel [id: 0xcfc56771, L:/127.0.0.1:56154 - R:localhost/127.0.0.1:56827] for POST '/session/e5cb48ea-8c77-47d5-b94c-62549c0f59de/execute/sync'
20:21:23.476 [AsyncHttpClient-1-2] DEBUG org.asynchttpclient.netty.handler.HttpHandler - 

Request DefaultHttpRequest(decodeResult: success, version: HTTP/1.1)
POST /session/e5cb48ea-8c77-47d5-b94c-62549c0f59de/execute/sync HTTP/1.1
User-Agent: selenium/4.4.0 (java windows)
Content-Length: 176
Content-Type: application/json; charset=utf-8
host: localhost:56827
accept: */*

Response DefaultHttpResponse(decodeResult: success, version: HTTP/1.1)
HTTP/1.1 200 OK
content-type: application/json; charset=utf-8
cache-control: no-cache
date: Sun, 06 Oct 2024 01:21:23 GMT
content-length: 17241

20:21:23.476 [AsyncHttpClient-1-2] DEBUG org.asynchttpclient.netty.channel.ChannelManager - Adding key: http://localhost:56827 for channel [id: 0xcfc56771, L:/127.0.0.1:56154 - R:localhost/127.0.0.1:56827]
20:21:23.478 [Forwarding getCurrentUrl on session e5cb48ea-8c77-47d5-b94c-62549c0f59de to remote] DEBUG org.asynchttpclient.netty.request.NettyRequestSender - Using pooled Channel '[id: 0xcfc56771, L:/127.0.0.1:56154 - R:localhost/127.0.0.1:56827]' for 'GET' to 'http://localhost:56827/session/e5cb48ea-8c77-47d5-b94c-62549c0f59de/url'
20:21:23.478 [Forwarding getCurrentUrl on session e5cb48ea-8c77-47d5-b94c-62549c0f59de to remote] DEBUG org.asynchttpclient.netty.request.NettyRequestSender - Using open Channel [id: 0xcfc56771, L:/127.0.0.1:56154 - R:localhost/127.0.0.1:56827] for GET '/session/e5cb48ea-8c77-47d5-b94c-62549c0f59de/url'
20:21:23.479 [AsyncHttpClient-1-2] DEBUG org.asynchttpclient.netty.handler.HttpHandler - 

Request DefaultFullHttpRequest(decodeResult: success, version: HTTP/1.1, content: EmptyByteBufBE)
GET /session/e5cb48ea-8c77-47d5-b94c-62549c0f59de/url HTTP/1.1
User-Agent: selenium/4.4.0 (java windows)
Cache-Control: no-cache
Content-Type: application/json; charset=utf-8
host: localhost:56827
accept: */*

Response DefaultHttpResponse(decodeResult: success, version: HTTP/1.1)
HTTP/1.1 200 OK
content-type: application/json; charset=utf-8
cache-control: no-cache
date: Sun, 06 Oct 2024 01:21:23 GMT
content-length: 60

20:21:23.479 [AsyncHttpClient-1-2] DEBUG org.asynchttpclient.netty.channel.ChannelManager - Adding key: http://localhost:56827 for channel [id: 0xcfc56771, L:/127.0.0.1:56154 - R:localhost/127.0.0.1:56827]
20:21:23.545 [Forwarding getCurrentWindowHandle on session e5cb48ea-8c77-47d5-b94c-62549c0f59de to remote] DEBUG org.asynchttpclient.netty.request.NettyRequestSender - Using pooled Channel '[id: 0xcfc56771, L:/127.0.0.1:56154 - R:localhost/127.0.0.1:56827]' for 'GET' to 'http://localhost:56827/session/e5cb48ea-8c77-47d5-b94c-62549c0f59de/window'
20:21:23.546 [Forwarding getCurrentWindowHandle on session e5cb48ea-8c77-47d5-b94c-62549c0f59de to remote] DEBUG org.asynchttpclient.netty.request.NettyRequestSender - Using open Channel [id: 0xcfc56771, L:/127.0.0.1:56154 - R:localhost/127.0.0.1:56827] for GET '/session/e5cb48ea-8c77-47d5-b94c-62549c0f59de/window'
20:21:23.547 [AsyncHttpClient-1-2] DEBUG org.asynchttpclient.netty.handler.HttpHandler - 

Request DefaultFullHttpRequest(decodeResult: success, version: HTTP/1.1, content: EmptyByteBufBE)
GET /session/e5cb48ea-8c77-47d5-b94c-62549c0f59de/window HTTP/1.1
User-Agent: selenium/4.4.0 (java windows)
Cache-Control: no-cache
Content-Type: application/json; charset=utf-8
host: localhost:56827
accept: */*

Response DefaultHttpResponse(decodeResult: success, version: HTTP/1.1)
HTTP/1.1 200 OK
content-type: application/json; charset=utf-8
cache-control: no-cache
date: Sun, 06 Oct 2024 01:21:23 GMT
content-length: 48

20:21:23.547 [AsyncHttpClient-1-2] DEBUG org.asynchttpclient.netty.channel.ChannelManager - Adding key: http://localhost:56827 for channel [id: 0xcfc56771, L:/127.0.0.1:56154 - R:localhost/127.0.0.1:56827]
20:21:23.547 [Forwarding getAlertText on session e5cb48ea-8c77-47d5-b94c-62549c0f59de to remote] DEBUG org.asynchttpclient.netty.request.NettyRequestSender - Using pooled Channel '[id: 0xcfc56771, L:/127.0.0.1:56154 - R:localhost/127.0.0.1:56827]' for 'GET' to 'http://localhost:56827/session/e5cb48ea-8c77-47d5-b94c-62549c0f59de/alert/text'
20:21:23.547 [Forwarding getAlertText on session e5cb48ea-8c77-47d5-b94c-62549c0f59de to remote] DEBUG org.asynchttpclient.netty.request.NettyRequestSender - Using open Channel [id: 0xcfc56771, L:/127.0.0.1:56154 - R:localhost/127.0.0.1:56827] for GET '/session/e5cb48ea-8c77-47d5-b94c-62549c0f59de/alert/text'
20:21:23.548 [AsyncHttpClient-1-2] DEBUG org.asynchttpclient.netty.handler.HttpHandler - 

Request DefaultFullHttpRequest(decodeResult: success, version: HTTP/1.1, content: EmptyByteBufBE)
GET /session/e5cb48ea-8c77-47d5-b94c-62549c0f59de/alert/text HTTP/1.1
User-Agent: selenium/4.4.0 (java windows)
Cache-Control: no-cache
Content-Type: application/json; charset=utf-8
host: localhost:56827
accept: */*

Response DefaultHttpResponse(decodeResult: success, version: HTTP/1.1)
HTTP/1.1 404 Not Found
content-type: application/json; charset=utf-8
cache-control: no-cache
date: Sun, 06 Oct 2024 01:21:23 GMT
content-length: 842

20:21:23.549 [AsyncHttpClient-1-2] DEBUG org.asynchttpclient.netty.channel.ChannelManager - Adding key: http://localhost:56827 for channel [id: 0xcfc56771, L:/127.0.0.1:56154 - R:localhost/127.0.0.1:56827]
20:21:23.550 [Forwarding switchToWindow on session e5cb48ea-8c77-47d5-b94c-62549c0f59de to remote] DEBUG org.asynchttpclient.netty.request.NettyRequestSender - Using pooled Channel '[id: 0xcfc56771, L:/127.0.0.1:56154 - R:localhost/127.0.0.1:56827]' for 'POST' to 'http://localhost:56827/session/e5cb48ea-8c77-47d5-b94c-62549c0f59de/window'
20:21:23.550 [Forwarding switchToWindow on session e5cb48ea-8c77-47d5-b94c-62549c0f59de to remote] DEBUG org.asynchttpclient.netty.request.NettyRequestSender - Using open Channel [id: 0xcfc56771, L:/127.0.0.1:56154 - R:localhost/127.0.0.1:56827] for POST '/session/e5cb48ea-8c77-47d5-b94c-62549c0f59de/window'
20:21:23.551 [AsyncHttpClient-1-2] DEBUG org.asynchttpclient.netty.handler.HttpHandler - 

Request DefaultHttpRequest(decodeResult: success, version: HTTP/1.1)
POST /session/e5cb48ea-8c77-47d5-b94c-62549c0f59de/window HTTP/1.1
User-Agent: selenium/4.4.0 (java windows)
Content-Length: 54
Content-Type: application/json; charset=utf-8
host: localhost:56827
accept: */*

Response DefaultHttpResponse(decodeResult: success, version: HTTP/1.1)
HTTP/1.1 200 OK
content-type: application/json; charset=utf-8
cache-control: no-cache
date: Sun, 06 Oct 2024 01:21:23 GMT
content-length: 14

20:21:23.551 [AsyncHttpClient-1-2] DEBUG org.asynchttpclient.netty.channel.ChannelManager - Adding key: http://localhost:56827 for channel [id: 0xcfc56771, L:/127.0.0.1:56154 - R:localhost/127.0.0.1:56827]
20:21:23.552 [Forwarding getCurrentUrl on session e5cb48ea-8c77-47d5-b94c-62549c0f59de to remote] DEBUG org.asynchttpclient.netty.request.NettyRequestSender - Using pooled Channel '[id: 0xcfc56771, L:/127.0.0.1:56154 - R:localhost/127.0.0.1:56827]' for 'GET' to 'http://localhost:56827/session/e5cb48ea-8c77-47d5-b94c-62549c0f59de/url'
20:21:23.552 [Forwarding getCurrentUrl on session e5cb48ea-8c77-47d5-b94c-62549c0f59de to remote] DEBUG org.asynchttpclient.netty.request.NettyRequestSender - Using open Channel [id: 0xcfc56771, L:/127.0.0.1:56154 - R:localhost/127.0.0.1:56827] for GET '/session/e5cb48ea-8c77-47d5-b94c-62549c0f59de/url'
20:21:23.553 [AsyncHttpClient-1-2] DEBUG org.asynchttpclient.netty.handler.HttpHandler - 

Request DefaultFullHttpRequest(decodeResult: success, version: HTTP/1.1, content: EmptyByteBufBE)
GET /session/e5cb48ea-8c77-47d5-b94c-62549c0f59de/url HTTP/1.1
User-Agent: selenium/4.4.0 (java windows)
Cache-Control: no-cache
Content-Type: application/json; charset=utf-8
host: localhost:56827
accept: */*

Response DefaultHttpResponse(decodeResult: success, version: HTTP/1.1)
HTTP/1.1 200 OK
content-type: application/json; charset=utf-8
cache-control: no-cache
date: Sun, 06 Oct 2024 01:21:23 GMT
content-length: 60

20:21:23.553 [AsyncHttpClient-1-2] DEBUG org.asynchttpclient.netty.channel.ChannelManager - Adding key: http://localhost:56827 for channel [id: 0xcfc56771, L:/127.0.0.1:56154 - R:localhost/127.0.0.1:56827]
20:21:23.554 [Forwarding screenshot on session e5cb48ea-8c77-47d5-b94c-62549c0f59de to remote] DEBUG org.asynchttpclient.netty.request.NettyRequestSender - Using pooled Channel '[id: 0xcfc56771, L:/127.0.0.1:56154 - R:localhost/127.0.0.1:56827]' for 'GET' to 'http://localhost:56827/session/e5cb48ea-8c77-47d5-b94c-62549c0f59de/screenshot'
20:21:23.554 [Forwarding screenshot on session e5cb48ea-8c77-47d5-b94c-62549c0f59de to remote] DEBUG org.asynchttpclient.netty.request.NettyRequestSender - Using open Channel [id: 0xcfc56771, L:/127.0.0.1:56154 - R:localhost/127.0.0.1:56827] for GET '/session/e5cb48ea-8c77-47d5-b94c-62549c0f59de/screenshot'
20:21:23.580 [AsyncHttpClient-1-2] DEBUG org.asynchttpclient.netty.handler.HttpHandler - 

Request DefaultFullHttpRequest(decodeResult: success, version: HTTP/1.1, content: EmptyByteBufBE)
GET /session/e5cb48ea-8c77-47d5-b94c-62549c0f59de/screenshot HTTP/1.1
User-Agent: selenium/4.4.0 (java windows)
Cache-Control: no-cache
Content-Type: application/json; charset=utf-8
host: localhost:56827
accept: */*

Response DefaultHttpResponse(decodeResult: success, version: HTTP/1.1)
HTTP/1.1 200 OK
content-type: application/json; charset=utf-8
cache-control: no-cache
date: Sun, 06 Oct 2024 01:21:23 GMT
content-length: 83816

20:21:23.580 [AsyncHttpClient-1-2] DEBUG org.asynchttpclient.netty.channel.ChannelManager - Adding key: http://localhost:56827 for channel [id: 0xcfc56771, L:/127.0.0.1:56154 - R:localhost/127.0.0.1:56827]
20:21:23.582 [main] DEBUG net.serenitybdd.core.photography.Darkroom - Send negative for processing for target\site\serenity\72b9c9d3c9970ca3a363737636202f37eec1b087ba994a3cc6fa5dbe76c3f3c2.png
20:21:23.583 [Forwarding getPageSource on session e5cb48ea-8c77-47d5-b94c-62549c0f59de to remote] DEBUG org.asynchttpclient.netty.request.NettyRequestSender - Using pooled Channel '[id: 0xcfc56771, L:/127.0.0.1:56154 - R:localhost/127.0.0.1:56827]' for 'POST' to 'http://localhost:56827/session/e5cb48ea-8c77-47d5-b94c-62549c0f59de/execute/sync'
20:21:23.583 [Forwarding getPageSource on session e5cb48ea-8c77-47d5-b94c-62549c0f59de to remote] DEBUG org.asynchttpclient.netty.request.NettyRequestSender - Using open Channel [id: 0xcfc56771, L:/127.0.0.1:56154 - R:localhost/127.0.0.1:56827] for POST '/session/e5cb48ea-8c77-47d5-b94c-62549c0f59de/execute/sync'
20:21:23.586 [AsyncHttpClient-1-2] DEBUG org.asynchttpclient.netty.handler.HttpHandler - 

Request DefaultHttpRequest(decodeResult: success, version: HTTP/1.1)
POST /session/e5cb48ea-8c77-47d5-b94c-62549c0f59de/execute/sync HTTP/1.1
User-Agent: selenium/4.4.0 (java windows)
Content-Length: 176
Content-Type: application/json; charset=utf-8
host: localhost:56827
accept: */*

Response DefaultHttpResponse(decodeResult: success, version: HTTP/1.1)
HTTP/1.1 200 OK
content-type: application/json; charset=utf-8
cache-control: no-cache
date: Sun, 06 Oct 2024 01:21:23 GMT
content-length: 17241

20:21:23.586 [AsyncHttpClient-1-2] DEBUG org.asynchttpclient.netty.channel.ChannelManager - Adding key: http://localhost:56827 for channel [id: 0xcfc56771, L:/127.0.0.1:56154 - R:localhost/127.0.0.1:56827]
20:21:23.588 [Forwarding getCurrentUrl on session e5cb48ea-8c77-47d5-b94c-62549c0f59de to remote] DEBUG org.asynchttpclient.netty.request.NettyRequestSender - Using pooled Channel '[id: 0xcfc56771, L:/127.0.0.1:56154 - R:localhost/127.0.0.1:56827]' for 'GET' to 'http://localhost:56827/session/e5cb48ea-8c77-47d5-b94c-62549c0f59de/url'
20:21:23.588 [Forwarding getCurrentUrl on session e5cb48ea-8c77-47d5-b94c-62549c0f59de to remote] DEBUG org.asynchttpclient.netty.request.NettyRequestSender - Using open Channel [id: 0xcfc56771, L:/127.0.0.1:56154 - R:localhost/127.0.0.1:56827] for GET '/session/e5cb48ea-8c77-47d5-b94c-62549c0f59de/url'
20:21:23.589 [AsyncHttpClient-1-2] DEBUG org.asynchttpclient.netty.handler.HttpHandler - 

Request DefaultFullHttpRequest(decodeResult: success, version: HTTP/1.1, content: EmptyByteBufBE)
GET /session/e5cb48ea-8c77-47d5-b94c-62549c0f59de/url HTTP/1.1
User-Agent: selenium/4.4.0 (java windows)
Cache-Control: no-cache
Content-Type: application/json; charset=utf-8
host: localhost:56827
accept: */*

Response DefaultHttpResponse(decodeResult: success, version: HTTP/1.1)
HTTP/1.1 200 OK
content-type: application/json; charset=utf-8
cache-control: no-cache
date: Sun, 06 Oct 2024 01:21:23 GMT
content-length: 60

20:21:23.590 [AsyncHttpClient-1-2] DEBUG org.asynchttpclient.netty.channel.ChannelManager - Adding key: http://localhost:56827 for channel [id: 0xcfc56771, L:/127.0.0.1:56154 - R:localhost/127.0.0.1:56827]
20:21:23.594 [main] DEBUG net.serenitybdd.screenplay.targets.IFrameSwitcher - default content already selected for confirmation message
20:21:23.596 [Forwarding findElements on session e5cb48ea-8c77-47d5-b94c-62549c0f59de to remote] DEBUG org.asynchttpclient.netty.request.NettyRequestSender - Using pooled Channel '[id: 0xcfc56771, L:/127.0.0.1:56154 - R:localhost/127.0.0.1:56827]' for 'POST' to 'http://localhost:56827/session/e5cb48ea-8c77-47d5-b94c-62549c0f59de/elements'
20:21:23.596 [Forwarding findElements on session e5cb48ea-8c77-47d5-b94c-62549c0f59de to remote] DEBUG org.asynchttpclient.netty.request.NettyRequestSender - Using open Channel [id: 0xcfc56771, L:/127.0.0.1:56154 - R:localhost/127.0.0.1:56827] for POST '/session/e5cb48ea-8c77-47d5-b94c-62549c0f59de/elements'
20:21:23.599 [AsyncHttpClient-1-2] DEBUG org.asynchttpclient.netty.handler.HttpHandler - 

Request DefaultHttpRequest(decodeResult: success, version: HTTP/1.1)
POST /session/e5cb48ea-8c77-47d5-b94c-62549c0f59de/elements HTTP/1.1
User-Agent: selenium/4.4.0 (java windows)
Content-Length: 87
Content-Type: application/json; charset=utf-8
host: localhost:56827
accept: */*

Response DefaultHttpResponse(decodeResult: success, version: HTTP/1.1)
HTTP/1.1 200 OK
content-type: application/json; charset=utf-8
cache-control: no-cache
date: Sun, 06 Oct 2024 01:21:23 GMT
content-length: 90

20:21:23.599 [AsyncHttpClient-1-2] DEBUG org.asynchttpclient.netty.channel.ChannelManager - Adding key: http://localhost:56827 for channel [id: 0xcfc56771, L:/127.0.0.1:56154 - R:localhost/127.0.0.1:56827]
20:21:23.604 [Forwarding isElementDisplayed on session e5cb48ea-8c77-47d5-b94c-62549c0f59de to remote] DEBUG org.asynchttpclient.netty.request.NettyRequestSender - Using pooled Channel '[id: 0xcfc56771, L:/127.0.0.1:56154 - R:localhost/127.0.0.1:56827]' for 'POST' to 'http://localhost:56827/session/e5cb48ea-8c77-47d5-b94c-62549c0f59de/execute/sync'
20:21:23.604 [Forwarding isElementDisplayed on session e5cb48ea-8c77-47d5-b94c-62549c0f59de to remote] DEBUG org.asynchttpclient.netty.request.NettyRequestSender - Using open Channel [id: 0xcfc56771, L:/127.0.0.1:56154 - R:localhost/127.0.0.1:56827] for POST '/session/e5cb48ea-8c77-47d5-b94c-62549c0f59de/execute/sync'
20:21:23.611 [AsyncHttpClient-1-2] DEBUG org.asynchttpclient.netty.handler.HttpHandler - 

Request DefaultHttpRequest(decodeResult: success, version: HTTP/1.1)
POST /session/e5cb48ea-8c77-47d5-b94c-62549c0f59de/execute/sync HTTP/1.1
User-Agent: selenium/4.4.0 (java windows)
Content-Length: 48780
Content-Type: application/json; charset=utf-8
host: localhost:56827
accept: */*

Response DefaultHttpResponse(decodeResult: success, version: HTTP/1.1)
HTTP/1.1 200 OK
content-type: application/json; charset=utf-8
cache-control: no-cache
date: Sun, 06 Oct 2024 01:21:23 GMT
content-length: 14

20:21:23.611 [AsyncHttpClient-1-2] DEBUG org.asynchttpclient.netty.channel.ChannelManager - Adding key: http://localhost:56827 for channel [id: 0xcfc56771, L:/127.0.0.1:56154 - R:localhost/127.0.0.1:56827]
20:21:23.613 [Forwarding isElementDisplayed on session e5cb48ea-8c77-47d5-b94c-62549c0f59de to remote] DEBUG org.asynchttpclient.netty.request.NettyRequestSender - Using pooled Channel '[id: 0xcfc56771, L:/127.0.0.1:56154 - R:localhost/127.0.0.1:56827]' for 'POST' to 'http://localhost:56827/session/e5cb48ea-8c77-47d5-b94c-62549c0f59de/execute/sync'
20:21:23.613 [Forwarding isElementDisplayed on session e5cb48ea-8c77-47d5-b94c-62549c0f59de to remote] DEBUG org.asynchttpclient.netty.request.NettyRequestSender - Using open Channel [id: 0xcfc56771, L:/127.0.0.1:56154 - R:localhost/127.0.0.1:56827] for POST '/session/e5cb48ea-8c77-47d5-b94c-62549c0f59de/execute/sync'
20:21:23.621 [AsyncHttpClient-1-2] DEBUG org.asynchttpclient.netty.handler.HttpHandler - 

Request DefaultHttpRequest(decodeResult: success, version: HTTP/1.1)
POST /session/e5cb48ea-8c77-47d5-b94c-62549c0f59de/execute/sync HTTP/1.1
User-Agent: selenium/4.4.0 (java windows)
Content-Length: 48780
Content-Type: application/json; charset=utf-8
host: localhost:56827
accept: */*

Response DefaultHttpResponse(decodeResult: success, version: HTTP/1.1)
HTTP/1.1 200 OK
content-type: application/json; charset=utf-8
cache-control: no-cache
date: Sun, 06 Oct 2024 01:21:23 GMT
content-length: 14

20:21:23.621 [AsyncHttpClient-1-2] DEBUG org.asynchttpclient.netty.channel.ChannelManager - Adding key: http://localhost:56827 for channel [id: 0xcfc56771, L:/127.0.0.1:56154 - R:localhost/127.0.0.1:56827]
20:21:23.632 [Forwarding getCurrentWindowHandle on session e5cb48ea-8c77-47d5-b94c-62549c0f59de to remote] DEBUG org.asynchttpclient.netty.request.NettyRequestSender - Using pooled Channel '[id: 0xcfc56771, L:/127.0.0.1:56154 - R:localhost/127.0.0.1:56827]' for 'GET' to 'http://localhost:56827/session/e5cb48ea-8c77-47d5-b94c-62549c0f59de/window'
20:21:23.632 [Forwarding getCurrentWindowHandle on session e5cb48ea-8c77-47d5-b94c-62549c0f59de to remote] DEBUG org.asynchttpclient.netty.request.NettyRequestSender - Using open Channel [id: 0xcfc56771, L:/127.0.0.1:56154 - R:localhost/127.0.0.1:56827] for GET '/session/e5cb48ea-8c77-47d5-b94c-62549c0f59de/window'
20:21:23.634 [AsyncHttpClient-1-2] DEBUG org.asynchttpclient.netty.handler.HttpHandler - 

Request DefaultFullHttpRequest(decodeResult: success, version: HTTP/1.1, content: EmptyByteBufBE)
GET /session/e5cb48ea-8c77-47d5-b94c-62549c0f59de/window HTTP/1.1
User-Agent: selenium/4.4.0 (java windows)
Cache-Control: no-cache
Content-Type: application/json; charset=utf-8
host: localhost:56827
accept: */*

Response DefaultHttpResponse(decodeResult: success, version: HTTP/1.1)
HTTP/1.1 200 OK
content-type: application/json; charset=utf-8
cache-control: no-cache
date: Sun, 06 Oct 2024 01:21:23 GMT
content-length: 48

20:21:23.634 [AsyncHttpClient-1-2] DEBUG org.asynchttpclient.netty.channel.ChannelManager - Adding key: http://localhost:56827 for channel [id: 0xcfc56771, L:/127.0.0.1:56154 - R:localhost/127.0.0.1:56827]
20:21:23.634 [Forwarding getAlertText on session e5cb48ea-8c77-47d5-b94c-62549c0f59de to remote] DEBUG org.asynchttpclient.netty.request.NettyRequestSender - Using pooled Channel '[id: 0xcfc56771, L:/127.0.0.1:56154 - R:localhost/127.0.0.1:56827]' for 'GET' to 'http://localhost:56827/session/e5cb48ea-8c77-47d5-b94c-62549c0f59de/alert/text'
20:21:23.634 [Forwarding getAlertText on session e5cb48ea-8c77-47d5-b94c-62549c0f59de to remote] DEBUG org.asynchttpclient.netty.request.NettyRequestSender - Using open Channel [id: 0xcfc56771, L:/127.0.0.1:56154 - R:localhost/127.0.0.1:56827] for GET '/session/e5cb48ea-8c77-47d5-b94c-62549c0f59de/alert/text'
20:21:23.636 [AsyncHttpClient-1-2] DEBUG org.asynchttpclient.netty.handler.HttpHandler - 

Request DefaultFullHttpRequest(decodeResult: success, version: HTTP/1.1, content: EmptyByteBufBE)
GET /session/e5cb48ea-8c77-47d5-b94c-62549c0f59de/alert/text HTTP/1.1
User-Agent: selenium/4.4.0 (java windows)
Cache-Control: no-cache
Content-Type: application/json; charset=utf-8
host: localhost:56827
accept: */*

Response DefaultHttpResponse(decodeResult: success, version: HTTP/1.1)
HTTP/1.1 404 Not Found
content-type: application/json; charset=utf-8
cache-control: no-cache
date: Sun, 06 Oct 2024 01:21:23 GMT
content-length: 842

20:21:23.636 [AsyncHttpClient-1-2] DEBUG org.asynchttpclient.netty.channel.ChannelManager - Adding key: http://localhost:56827 for channel [id: 0xcfc56771, L:/127.0.0.1:56154 - R:localhost/127.0.0.1:56827]
20:21:23.637 [Forwarding switchToWindow on session e5cb48ea-8c77-47d5-b94c-62549c0f59de to remote] DEBUG org.asynchttpclient.netty.request.NettyRequestSender - Using pooled Channel '[id: 0xcfc56771, L:/127.0.0.1:56154 - R:localhost/127.0.0.1:56827]' for 'POST' to 'http://localhost:56827/session/e5cb48ea-8c77-47d5-b94c-62549c0f59de/window'
20:21:23.637 [Forwarding switchToWindow on session e5cb48ea-8c77-47d5-b94c-62549c0f59de to remote] DEBUG org.asynchttpclient.netty.request.NettyRequestSender - Using open Channel [id: 0xcfc56771, L:/127.0.0.1:56154 - R:localhost/127.0.0.1:56827] for POST '/session/e5cb48ea-8c77-47d5-b94c-62549c0f59de/window'
20:21:23.638 [AsyncHttpClient-1-2] DEBUG org.asynchttpclient.netty.handler.HttpHandler - 

Request DefaultHttpRequest(decodeResult: success, version: HTTP/1.1)
POST /session/e5cb48ea-8c77-47d5-b94c-62549c0f59de/window HTTP/1.1
User-Agent: selenium/4.4.0 (java windows)
Content-Length: 54
Content-Type: application/json; charset=utf-8
host: localhost:56827
accept: */*

Response DefaultHttpResponse(decodeResult: success, version: HTTP/1.1)
HTTP/1.1 200 OK
content-type: application/json; charset=utf-8
cache-control: no-cache
date: Sun, 06 Oct 2024 01:21:23 GMT
content-length: 14

20:21:23.638 [AsyncHttpClient-1-2] DEBUG org.asynchttpclient.netty.channel.ChannelManager - Adding key: http://localhost:56827 for channel [id: 0xcfc56771, L:/127.0.0.1:56154 - R:localhost/127.0.0.1:56827]
20:21:23.638 [Forwarding getCurrentUrl on session e5cb48ea-8c77-47d5-b94c-62549c0f59de to remote] DEBUG org.asynchttpclient.netty.request.NettyRequestSender - Using pooled Channel '[id: 0xcfc56771, L:/127.0.0.1:56154 - R:localhost/127.0.0.1:56827]' for 'GET' to 'http://localhost:56827/session/e5cb48ea-8c77-47d5-b94c-62549c0f59de/url'
20:21:23.639 [Forwarding getCurrentUrl on session e5cb48ea-8c77-47d5-b94c-62549c0f59de to remote] DEBUG org.asynchttpclient.netty.request.NettyRequestSender - Using open Channel [id: 0xcfc56771, L:/127.0.0.1:56154 - R:localhost/127.0.0.1:56827] for GET '/session/e5cb48ea-8c77-47d5-b94c-62549c0f59de/url'
20:21:23.639 [AsyncHttpClient-1-2] DEBUG org.asynchttpclient.netty.handler.HttpHandler - 

Request DefaultFullHttpRequest(decodeResult: success, version: HTTP/1.1, content: EmptyByteBufBE)
GET /session/e5cb48ea-8c77-47d5-b94c-62549c0f59de/url HTTP/1.1
User-Agent: selenium/4.4.0 (java windows)
Cache-Control: no-cache
Content-Type: application/json; charset=utf-8
host: localhost:56827
accept: */*

Response DefaultHttpResponse(decodeResult: success, version: HTTP/1.1)
HTTP/1.1 200 OK
content-type: application/json; charset=utf-8
cache-control: no-cache
date: Sun, 06 Oct 2024 01:21:23 GMT
content-length: 60

20:21:23.640 [AsyncHttpClient-1-2] DEBUG org.asynchttpclient.netty.channel.ChannelManager - Adding key: http://localhost:56827 for channel [id: 0xcfc56771, L:/127.0.0.1:56154 - R:localhost/127.0.0.1:56827]
20:21:23.640 [Forwarding screenshot on session e5cb48ea-8c77-47d5-b94c-62549c0f59de to remote] DEBUG org.asynchttpclient.netty.request.NettyRequestSender - Using pooled Channel '[id: 0xcfc56771, L:/127.0.0.1:56154 - R:localhost/127.0.0.1:56827]' for 'GET' to 'http://localhost:56827/session/e5cb48ea-8c77-47d5-b94c-62549c0f59de/screenshot'
20:21:23.640 [Forwarding screenshot on session e5cb48ea-8c77-47d5-b94c-62549c0f59de to remote] DEBUG org.asynchttpclient.netty.request.NettyRequestSender - Using open Channel [id: 0xcfc56771, L:/127.0.0.1:56154 - R:localhost/127.0.0.1:56827] for GET '/session/e5cb48ea-8c77-47d5-b94c-62549c0f59de/screenshot'
20:21:23.665 [AsyncHttpClient-1-2] DEBUG org.asynchttpclient.netty.handler.HttpHandler - 

Request DefaultFullHttpRequest(decodeResult: success, version: HTTP/1.1, content: EmptyByteBufBE)
GET /session/e5cb48ea-8c77-47d5-b94c-62549c0f59de/screenshot HTTP/1.1
User-Agent: selenium/4.4.0 (java windows)
Cache-Control: no-cache
Content-Type: application/json; charset=utf-8
host: localhost:56827
accept: */*

Response DefaultHttpResponse(decodeResult: success, version: HTTP/1.1)
HTTP/1.1 200 OK
content-type: application/json; charset=utf-8
cache-control: no-cache
date: Sun, 06 Oct 2024 01:21:23 GMT
content-length: 83816

20:21:23.666 [AsyncHttpClient-1-2] DEBUG org.asynchttpclient.netty.channel.ChannelManager - Adding key: http://localhost:56827 for channel [id: 0xcfc56771, L:/127.0.0.1:56154 - R:localhost/127.0.0.1:56827]
20:21:23.668 [main] DEBUG net.serenitybdd.core.photography.Darkroom - Send negative for processing for target\site\serenity\72b9c9d3c9970ca3a363737636202f37eec1b087ba994a3cc6fa5dbe76c3f3c2.png
20:21:23.669 [Forwarding getPageSource on session e5cb48ea-8c77-47d5-b94c-62549c0f59de to remote] DEBUG org.asynchttpclient.netty.request.NettyRequestSender - Using pooled Channel '[id: 0xcfc56771, L:/127.0.0.1:56154 - R:localhost/127.0.0.1:56827]' for 'POST' to 'http://localhost:56827/session/e5cb48ea-8c77-47d5-b94c-62549c0f59de/execute/sync'
20:21:23.669 [Forwarding getPageSource on session e5cb48ea-8c77-47d5-b94c-62549c0f59de to remote] DEBUG org.asynchttpclient.netty.request.NettyRequestSender - Using open Channel [id: 0xcfc56771, L:/127.0.0.1:56154 - R:localhost/127.0.0.1:56827] for POST '/session/e5cb48ea-8c77-47d5-b94c-62549c0f59de/execute/sync'
20:21:23.673 [AsyncHttpClient-1-2] DEBUG org.asynchttpclient.netty.handler.HttpHandler - 

Request DefaultHttpRequest(decodeResult: success, version: HTTP/1.1)
POST /session/e5cb48ea-8c77-47d5-b94c-62549c0f59de/execute/sync HTTP/1.1
User-Agent: selenium/4.4.0 (java windows)
Content-Length: 176
Content-Type: application/json; charset=utf-8
host: localhost:56827
accept: */*

Response DefaultHttpResponse(decodeResult: success, version: HTTP/1.1)
HTTP/1.1 200 OK
content-type: application/json; charset=utf-8
cache-control: no-cache
date: Sun, 06 Oct 2024 01:21:23 GMT
content-length: 17241

20:21:23.673 [AsyncHttpClient-1-2] DEBUG org.asynchttpclient.netty.channel.ChannelManager - Adding key: http://localhost:56827 for channel [id: 0xcfc56771, L:/127.0.0.1:56154 - R:localhost/127.0.0.1:56827]
20:21:23.675 [Forwarding getCurrentUrl on session e5cb48ea-8c77-47d5-b94c-62549c0f59de to remote] DEBUG org.asynchttpclient.netty.request.NettyRequestSender - Using pooled Channel '[id: 0xcfc56771, L:/127.0.0.1:56154 - R:localhost/127.0.0.1:56827]' for 'GET' to 'http://localhost:56827/session/e5cb48ea-8c77-47d5-b94c-62549c0f59de/url'
20:21:23.675 [Forwarding getCurrentUrl on session e5cb48ea-8c77-47d5-b94c-62549c0f59de to remote] DEBUG org.asynchttpclient.netty.request.NettyRequestSender - Using open Channel [id: 0xcfc56771, L:/127.0.0.1:56154 - R:localhost/127.0.0.1:56827] for GET '/session/e5cb48ea-8c77-47d5-b94c-62549c0f59de/url'
20:21:23.676 [AsyncHttpClient-1-2] DEBUG org.asynchttpclient.netty.handler.HttpHandler - 

Request DefaultFullHttpRequest(decodeResult: success, version: HTTP/1.1, content: EmptyByteBufBE)
GET /session/e5cb48ea-8c77-47d5-b94c-62549c0f59de/url HTTP/1.1
User-Agent: selenium/4.4.0 (java windows)
Cache-Control: no-cache
Content-Type: application/json; charset=utf-8
host: localhost:56827
accept: */*

Response DefaultHttpResponse(decodeResult: success, version: HTTP/1.1)
HTTP/1.1 200 OK
content-type: application/json; charset=utf-8
cache-control: no-cache
date: Sun, 06 Oct 2024 01:21:23 GMT
content-length: 60

20:21:23.676 [AsyncHttpClient-1-2] DEBUG org.asynchttpclient.netty.channel.ChannelManager - Adding key: http://localhost:56827 for channel [id: 0xcfc56771, L:/127.0.0.1:56154 - R:localhost/127.0.0.1:56827]
20:21:23.679 [main] DEBUG net.serenitybdd.screenplay.targets.IFrameSwitcher - default content already selected for confirmation message
20:21:23.680 [Forwarding findElements on session e5cb48ea-8c77-47d5-b94c-62549c0f59de to remote] DEBUG org.asynchttpclient.netty.request.NettyRequestSender - Using pooled Channel '[id: 0xcfc56771, L:/127.0.0.1:56154 - R:localhost/127.0.0.1:56827]' for 'POST' to 'http://localhost:56827/session/e5cb48ea-8c77-47d5-b94c-62549c0f59de/elements'
20:21:23.680 [Forwarding findElements on session e5cb48ea-8c77-47d5-b94c-62549c0f59de to remote] DEBUG org.asynchttpclient.netty.request.NettyRequestSender - Using open Channel [id: 0xcfc56771, L:/127.0.0.1:56154 - R:localhost/127.0.0.1:56827] for POST '/session/e5cb48ea-8c77-47d5-b94c-62549c0f59de/elements'
20:21:23.683 [AsyncHttpClient-1-2] DEBUG org.asynchttpclient.netty.handler.HttpHandler - 

Request DefaultHttpRequest(decodeResult: success, version: HTTP/1.1)
POST /session/e5cb48ea-8c77-47d5-b94c-62549c0f59de/elements HTTP/1.1
User-Agent: selenium/4.4.0 (java windows)
Content-Length: 87
Content-Type: application/json; charset=utf-8
host: localhost:56827
accept: */*

Response DefaultHttpResponse(decodeResult: success, version: HTTP/1.1)
HTTP/1.1 200 OK
content-type: application/json; charset=utf-8
cache-control: no-cache
date: Sun, 06 Oct 2024 01:21:23 GMT
content-length: 90

20:21:23.683 [AsyncHttpClient-1-2] DEBUG org.asynchttpclient.netty.channel.ChannelManager - Adding key: http://localhost:56827 for channel [id: 0xcfc56771, L:/127.0.0.1:56154 - R:localhost/127.0.0.1:56827]
20:21:23.684 [Forwarding getElementText on session e5cb48ea-8c77-47d5-b94c-62549c0f59de to remote] DEBUG org.asynchttpclient.netty.request.NettyRequestSender - Using pooled Channel '[id: 0xcfc56771, L:/127.0.0.1:56154 - R:localhost/127.0.0.1:56827]' for 'GET' to 'http://localhost:56827/session/e5cb48ea-8c77-47d5-b94c-62549c0f59de/element/605a78c5-998d-44ff-98c9-707ed1aec21d/text'
20:21:23.684 [Forwarding getElementText on session e5cb48ea-8c77-47d5-b94c-62549c0f59de to remote] DEBUG org.asynchttpclient.netty.request.NettyRequestSender - Using open Channel [id: 0xcfc56771, L:/127.0.0.1:56154 - R:localhost/127.0.0.1:56827] for GET '/session/e5cb48ea-8c77-47d5-b94c-62549c0f59de/element/605a78c5-998d-44ff-98c9-707ed1aec21d/text'
20:21:23.695 [AsyncHttpClient-1-2] DEBUG org.asynchttpclient.netty.handler.HttpHandler - 

Request DefaultFullHttpRequest(decodeResult: success, version: HTTP/1.1, content: EmptyByteBufBE)
GET /session/e5cb48ea-8c77-47d5-b94c-62549c0f59de/element/605a78c5-998d-44ff-98c9-707ed1aec21d/text HTTP/1.1
User-Agent: selenium/4.4.0 (java windows)
Cache-Control: no-cache
Content-Type: application/json; charset=utf-8
host: localhost:56827
accept: */*

Response DefaultHttpResponse(decodeResult: success, version: HTTP/1.1)
HTTP/1.1 200 OK
content-type: application/json; charset=utf-8
cache-control: no-cache
date: Sun, 06 Oct 2024 01:21:23 GMT
content-length: 37

20:21:23.695 [AsyncHttpClient-1-2] DEBUG org.asynchttpclient.netty.channel.ChannelManager - Adding key: http://localhost:56827 for channel [id: 0xcfc56771, L:/127.0.0.1:56154 - R:localhost/127.0.0.1:56827]
20:21:23.729 [AsyncHttpClient-1-1] DEBUG org.asynchttpclient.netty.channel.DefaultChannelPool - Entry count for : http://localhost:56827 : 1
20:21:23.745 [Driver Command Executor] DEBUG org.asynchttpclient.netty.request.NettyRequestSender - Using pooled Channel '[id: 0xcfc56771, L:/127.0.0.1:56154 - R:localhost/127.0.0.1:56827]' for 'DELETE' to 'http://localhost:56827/session/e5cb48ea-8c77-47d5-b94c-62549c0f59de'
20:21:23.745 [Driver Command Executor] DEBUG org.asynchttpclient.netty.request.NettyRequestSender - Using open Channel [id: 0xcfc56771, L:/127.0.0.1:56154 - R:localhost/127.0.0.1:56827] for DELETE '/session/e5cb48ea-8c77-47d5-b94c-62549c0f59de'
20:21:24.621 [AsyncHttpClient-1-2] DEBUG org.asynchttpclient.netty.handler.HttpHandler - 

Request DefaultFullHttpRequest(decodeResult: success, version: HTTP/1.1, content: EmptyByteBufBE)
DELETE /session/e5cb48ea-8c77-47d5-b94c-62549c0f59de HTTP/1.1
User-Agent: selenium/4.4.0 (java windows)
Content-Type: application/json; charset=utf-8
host: localhost:56827
accept: */*

Response DefaultHttpResponse(decodeResult: success, version: HTTP/1.1)
HTTP/1.1 200 OK
content-type: application/json; charset=utf-8
cache-control: no-cache
date: Sun, 06 Oct 2024 01:21:23 GMT
content-length: 14

20:21:24.622 [AsyncHttpClient-1-2] DEBUG org.asynchttpclient.netty.channel.ChannelManager - Adding key: http://localhost:56827 for channel [id: 0xcfc56771, L:/127.0.0.1:56154 - R:localhost/127.0.0.1:56827]
20:21:24.626 [AsyncHttpClient-1-2] DEBUG org.asynchttpclient.netty.handler.HttpHandler - Unexpected I/O exception on channel [id: 0xcfc56771, L:/127.0.0.1:56154 - R:localhost/127.0.0.1:56827]
java.net.SocketException: Connection reset
	at java.base/sun.nio.ch.SocketChannelImpl.throwConnectionReset(SocketChannelImpl.java:394)
	at java.base/sun.nio.ch.SocketChannelImpl.read(SocketChannelImpl.java:426)
	at io.netty.buffer.PooledByteBuf.setBytes(PooledByteBuf.java:258)
	at io.netty.buffer.AbstractByteBuf.writeBytes(AbstractByteBuf.java:1132)
	at io.netty.channel.socket.nio.NioSocketChannel.doReadBytes(NioSocketChannel.java:357)
	at io.netty.channel.nio.AbstractNioByteChannel$NioByteUnsafe.read(AbstractNioByteChannel.java:151)
	at io.netty.channel.nio.NioEventLoop.processSelectedKey(NioEventLoop.java:722)
	at io.netty.channel.nio.NioEventLoop.processSelectedKeysOptimized(NioEventLoop.java:658)
	at io.netty.channel.nio.NioEventLoop.processSelectedKeys(NioEventLoop.java:584)
	at io.netty.channel.nio.NioEventLoop.run(NioEventLoop.java:496)
	at io.netty.util.concurrent.SingleThreadEventExecutor$4.run(SingleThreadEventExecutor.java:997)
	at io.netty.util.internal.ThreadExecutorMap$2.run(ThreadExecutorMap.java:74)
	at io.netty.util.concurrent.FastThreadLocalRunnable.run(FastThreadLocalRunnable.java:30)
	at java.base/java.lang.Thread.run(Thread.java:842)
20:21:24.626 [AsyncHttpClient-1-2] DEBUG org.asynchttpclient.netty.channel.ChannelManager - Closing Channel [id: 0xcfc56771, L:/127.0.0.1:56154 - R:localhost/127.0.0.1:56827] 
20:21:24.627 [AsyncHttpClient-1-2] DEBUG org.asynchttpclient.netty.handler.HttpHandler - Channel Closed: [id: 0xcfc56771, L:/127.0.0.1:56154 ! R:localhost/127.0.0.1:56827] with attribute DISCARD
20:21:24.674 [main] INFO  - 
  _____   ___   ___   _____     ___     _     ___   ___   ___   ___  
 |_   _| | __| / __| |_   _|   | _ \   /_\   / __| / __| | __| |   \ 
   | |   | _|  \__ \   | |     |  _/  / _ \  \__ \ \__ \ | _|  | |) |
   |_|   |___| |___/   |_|     |_|   /_/ \_\ |___/ |___/ |___| |___/ 

Successful purchase
----------------------------------------------------------------------
]]></system-out>
    <system-err><![CDATA[1728177672870	geckodriver	INFO	Listening on 127.0.0.1:56827
1728177673095	mozrunner::runner	INFO	Running command: "C:\\Program Files\\Mozilla Firefox\\firefox.exe" "--marionette" "--remote-debugging-port" "62782" "--remote ... origins" "http://localhost:62782/" "-no-remote" "-profile" "C:\\Users\\Santiago\\AppData\\Local\\Temp\\rust_mozprofile4NcKpS"
console.warn: services.settings: Ignoring preference override of remote settings server
console.warn: services.settings: Allow by setting MOZ_REMOTE_SETTINGS_DEVTOOLS=1 in the environment
Dynamically enable window occlusion 0
1728177673360	Marionette	INFO	Marionette enabled
1728177673634	Marionette	INFO	Listening on port 56157
WebDriver BiDi listening on ws://127.0.0.1:62782
Read port: 56157
1728177673774	RemoteAgent	WARN	TLS certificate errors will be ignored for this session
oct. 05, 2024 8:21:15 P. M. org.openqa.selenium.remote.ProtocolHandshake createSession
INFO: Detected upstream dialect: W3C
console.warn: LoginRecipes: "Falling back to a synchronous message for: https://www.saucedemo.com."
console.warn: LoginRecipes: "Falling back to a synchronous message for: https://www.saucedemo.com."
1728177683747	Marionette	INFO	Stopped listening on port 56157
Dynamically enable window occlusion 1
]]></system-err>
  </testcase>
</testsuite>